#
# A fatal error has been detected by the Java Runtime Environment:
#
#  SIGSEGV (0xb) at pc=0x00007fae20f10f1a, pid=12666, tid=12691
#
# JRE version: OpenJDK Runtime Environment (11.0.17+8) (build 11.0.17+8-post-Ubuntu-1ubuntu222.04)
# Java VM: OpenJDK 64-Bit Server VM (11.0.17+8-post-Ubuntu-1ubuntu222.04, mixed mode, sharing, tiered, compressed oops, g1 gc, linux-amd64)
# Problematic frame:
# C  [libnvwgf2umx.so+0x286bf1a]
#
# No core dump will be written. Core dumps have been disabled. To enable core dumping, try "ulimit -c unlimited" before starting Java again
#
# If you would like to submit a bug report, please visit:
#   https://bugs.launchpad.net/ubuntu/+source/openjdk-lts
#

---------------  S U M M A R Y ------------

Command Line: -Dfile.encoding=UTF-8 -Duser.country -Duser.language=en -Duser.variant duke.Launcher

Host: Intel(R) Core(TM) i7-10750H CPU @ 2.60GHz, 12 cores, 7G, Ubuntu 22.04.1 LTS
Time: Fri Feb 17 12:10:55 2023 +08 elapsed time: 1.563864 seconds (0d 0h 0m 1s)

---------------  T H R E A D  ---------------

Current thread is native thread

Stack: [0x00007fae1dea6000,0x00007fae1e6a5000],  sp=0x00007fae1e6a3d90,  free space=8183k
Native frames: (J=compiled Java code, A=aot compiled Java code, j=interpreted, Vv=VM code, C=native code)
C  [libnvwgf2umx.so+0x286bf1a]

[error occurred during error reporting (printing native stack), id 0xb, SIGSEGV (0xb) at pc=0x00007fae9f2d2a17]


siginfo: si_signo: 11 (SIGSEGV), si_code: 1 (SEGV_MAPERR), si_addr: 0x00007fae2c204000

Register to memory mapping:

RAX=
[error occurred during error reporting (printing register info), id 0xb, SIGSEGV (0xb) at pc=0x00007fae9f52c4fc]

Registers:
RAX=0x0000000000000010, RBX=0x0000000000000000, RCX=0x00007fae1e6a3d98, RDX=0x0000000000000000
RSP=0x00007fae1e6a3d90, RBP=0x0000000000000000, RSI=0x00007fae3424f5e0, RDI=0x00007fae341d2900
R8 =0x00007fae18000b70, R9 =0x00007ffffb500080, R10=0x00000000001c97dc, R11=0xabdc8d3dbf94c685
R12=0x00007fae3424f501, R13=0x00007fae2c204000, R14=0x00007fae341d2a08, R15=0x00007fae1e6a3e06
RIP=0x00007fae20f10f1a, EFLAGS=0x0000000000010246, CSGSFS=0x002b000000000033, ERR=0x0000000000000004
  TRAPNO=0x000000000000000e

Top of Stack: (sp=0x00007fae1e6a3d90)
0x00007fae1e6a3d90:   0000000063eefe4f 0000000000015a20
0x00007fae1e6a3da0:   00007fae341d2900 00007fae341d2a08
0x00007fae1e6a3db0:   00007fae3424f5e0 00007fae1e6a3d98
0x00007fae1e6a3dc0:   00007fae1e6a3e07 00007fae341d2900 

Instructions: (pc=0x00007fae20f10f1a)
0x00007fae20f10e1a:   60 48 83 ec 08 4c 8d 64 24 10 4c 89 e7 4c 89 fe
0x00007fae20f10e2a:   48 89 da 48 8b 4c 24 28 44 8b 44 24 20 44 8b 4c
0x00007fae20f10e3a:   24 24 41 55 41 56 50 e8 ba fa ff ff 48 83 c4 20
0x00007fae20f10e4a:   48 89 ef 4c 89 e6 e8 bb ad a5 fe 4c 89 e7 e8 13
0x00007fae20f10e5a:   a2 a5 fe 48 89 e8 48 83 c4 28 5b 41 5c 41 5d 41
0x00007fae20f10e6a:   5e 41 5f 5d c3 eb 0a eb 19 eb 06 eb 15 eb 02 eb
0x00007fae20f10e7a:   11 48 89 c3 48 8d 7c 24 08 e8 e8 a1 a5 fe eb 05
0x00007fae20f10e8a:   eb 00 48 89 c3 48 8b 7c 24 10 e8 d7 a1 a5 fe 48
0x00007fae20f10e9a:   89 df e8 cf 0a 90 fe cc cc cc cc cc cc cc cc cc
0x00007fae20f10eaa:   cc cc cc cc cc cc 55 41 57 41 56 41 55 41 54 53
0x00007fae20f10eba:   48 83 ec 38 48 89 54 24 30 48 89 7c 24 10 f6 47
0x00007fae20f10eca:   28 10 0f 84 41 01 00 00 8b 46 10 85 c0 0f 84 36
0x00007fae20f10eda:   01 00 00 4c 8b 6e 28 41 b4 01 31 db 48 8d 4c 24
0x00007fae20f10eea:   08 48 89 4c 24 28 31 d2 48 89 74 24 20 eb 21 90
0x00007fae20f10efa:   90 90 90 90 90 90 8b 46 10 48 8b 54 24 18 48 83
0x00007fae20f10f0a:   c2 01 89 c1 83 c3 01 48 39 ca 0f 83 f9 00 00 00
0x00007fae20f10f1a:   41 8b 4c 95 00 0f b7 c9 3b 8c 96 4c 04 00 00 74
0x00007fae20f10f2a:   dd 89 8c 96 4c 04 00 00 8b 4e 0c 85 c9 74 cf 48
0x00007fae20f10f3a:   89 54 24 18 31 ed eb 18 90 90 90 90 90 90 90 90
0x00007fae20f10f4a:   90 90 90 90 90 90 83 c5 01 8b 4e 0c 39 cd 73 a6
0x00007fae20f10f5a:   0f af cb 01 e9 41 0f b6 84 0d 80 90 00 00 24 7f
0x00007fae20f10f6a:   8d 50 e0 80 fa 14 77 de 48 8b 96 50 08 00 00 3a
0x00007fae20f10f7a:   04 0a 74 d2 88 04 0a 48 8b 44 24 30 c6 00 01 41
0x00007fae20f10f8a:   f6 c4 01 75 0d 48 8b 44 24 10 f6 40 28 20 75 b6
0x00007fae20f10f9a:   eb 33 4c 8d 7c 24 08 4c 89 ff 31 d2 31 c9 45 31
0x00007fae20f10faa:   c0 e8 a0 06 00 00 48 8b 7c 24 10 4c 89 fe e8 b3
0x00007fae20f10fba:   e1 ff ff 48 8d 7c 24 08 e8 a9 a0 a5 fe 45 31 e4
0x00007fae20f10fca:   48 8b 74 24 20 8b 56 04 4c 8b 7c 24 10 45 0f b6
0x00007fae20f10fda:   4f 2c 4c 8d 74 24 08 4c 89 f7 4c 89 fe 48 8b 4c
0x00007fae20f10fea:   24 18 41 89 e8 e8 0c fe 02 00 4c 89 ff 4c 89 f6
0x00007fae20f10ffa:   e8 71 e1 ff ff 48 8d 7c 24 08 e8 67 a0 a5 fe 48
0x00007fae20f1100a:   8b 74 24 20 e9 3d ff ff ff 48 83 c4 38 5b 41 5c 


Stack slot to memory mapping:
stack at sp + 0 slots: 
[error occurred during error reporting (inspecting top of stack), id 0xb, SIGSEGV (0xb) at pc=0x00007fae9f52c4fc]


---------------  P R O C E S S  ---------------

VM state:at safepoint (shutting down)

VM Mutex/Monitor currently owned by a thread:  ([mutex/lock_event])
[0x00007fae98013f40] Threads_lock - owner thread: 0x00007fae98128000

Heap address: 0x0000000085c00000, size: 1956 MB, Compressed Oops mode: 32-bit
Narrow klass base: 0x0000000800000000, Narrow klass shift: 3
Compressed class space size: 1073741824 Address: 0x0000000840000000

Heap:
 garbage-first heap   total 129024K, used 10956K [0x0000000085c00000, 0x0000000100000000)
  region size 1024K, 12 young (12288K), 0 survivors (0K)
 Metaspace       used 2966K, capacity 6145K, committed 6400K, reserved 1056768K
  class space    used 339K, capacity 694K, committed 768K, reserved 1048576K
Heap Regions: E=young(eden), S=young(survivor), O=old, HS=humongous(starts), HC=humongous(continues), CS=collection set, F=free, A=archive, TAMS=top-at-mark-start (previous, next)
|   0|0x0000000085c00000, 0x0000000085c00000, 0x0000000085d00000|  0%| F|  |TAMS 0x0000000085c00000, 0x0000000085c00000| Untracked 
|   1|0x0000000085d00000, 0x0000000085d00000, 0x0000000085e00000|  0%| F|  |TAMS 0x0000000085d00000, 0x0000000085d00000| Untracked 
|   2|0x0000000085e00000, 0x0000000085e00000, 0x0000000085f00000|  0%| F|  |TAMS 0x0000000085e00000, 0x0000000085e00000| Untracked 
|   3|0x0000000085f00000, 0x0000000085f00000, 0x0000000086000000|  0%| F|  |TAMS 0x0000000085f00000, 0x0000000085f00000| Untracked 
|   4|0x0000000086000000, 0x0000000086000000, 0x0000000086100000|  0%| F|  |TAMS 0x0000000086000000, 0x0000000086000000| Untracked 
|   5|0x0000000086100000, 0x0000000086100000, 0x0000000086200000|  0%| F|  |TAMS 0x0000000086100000, 0x0000000086100000| Untracked 
|   6|0x0000000086200000, 0x0000000086200000, 0x0000000086300000|  0%| F|  |TAMS 0x0000000086200000, 0x0000000086200000| Untracked 
|   7|0x0000000086300000, 0x0000000086300000, 0x0000000086400000|  0%| F|  |TAMS 0x0000000086300000, 0x0000000086300000| Untracked 
|   8|0x0000000086400000, 0x0000000086400000, 0x0000000086500000|  0%| F|  |TAMS 0x0000000086400000, 0x0000000086400000| Untracked 
|   9|0x0000000086500000, 0x0000000086500000, 0x0000000086600000|  0%| F|  |TAMS 0x0000000086500000, 0x0000000086500000| Untracked 
|  10|0x0000000086600000, 0x0000000086600000, 0x0000000086700000|  0%| F|  |TAMS 0x0000000086600000, 0x0000000086600000| Untracked 
|  11|0x0000000086700000, 0x0000000086700000, 0x0000000086800000|  0%| F|  |TAMS 0x0000000086700000, 0x0000000086700000| Untracked 
|  12|0x0000000086800000, 0x0000000086800000, 0x0000000086900000|  0%| F|  |TAMS 0x0000000086800000, 0x0000000086800000| Untracked 
|  13|0x0000000086900000, 0x0000000086900000, 0x0000000086a00000|  0%| F|  |TAMS 0x0000000086900000, 0x0000000086900000| Untracked 
|  14|0x0000000086a00000, 0x0000000086a00000, 0x0000000086b00000|  0%| F|  |TAMS 0x0000000086a00000, 0x0000000086a00000| Untracked 
|  15|0x0000000086b00000, 0x0000000086b00000, 0x0000000086c00000|  0%| F|  |TAMS 0x0000000086b00000, 0x0000000086b00000| Untracked 
|  16|0x0000000086c00000, 0x0000000086c00000, 0x0000000086d00000|  0%| F|  |TAMS 0x0000000086c00000, 0x0000000086c00000| Untracked 
|  17|0x0000000086d00000, 0x0000000086d00000, 0x0000000086e00000|  0%| F|  |TAMS 0x0000000086d00000, 0x0000000086d00000| Untracked 
|  18|0x0000000086e00000, 0x0000000086e00000, 0x0000000086f00000|  0%| F|  |TAMS 0x0000000086e00000, 0x0000000086e00000| Untracked 
|  19|0x0000000086f00000, 0x0000000086f00000, 0x0000000087000000|  0%| F|  |TAMS 0x0000000086f00000, 0x0000000086f00000| Untracked 
|  20|0x0000000087000000, 0x0000000087000000, 0x0000000087100000|  0%| F|  |TAMS 0x0000000087000000, 0x0000000087000000| Untracked 
|  21|0x0000000087100000, 0x0000000087100000, 0x0000000087200000|  0%| F|  |TAMS 0x0000000087100000, 0x0000000087100000| Untracked 
|  22|0x0000000087200000, 0x0000000087200000, 0x0000000087300000|  0%| F|  |TAMS 0x0000000087200000, 0x0000000087200000| Untracked 
|  23|0x0000000087300000, 0x0000000087300000, 0x0000000087400000|  0%| F|  |TAMS 0x0000000087300000, 0x0000000087300000| Untracked 
|  24|0x0000000087400000, 0x0000000087400000, 0x0000000087500000|  0%| F|  |TAMS 0x0000000087400000, 0x0000000087400000| Untracked 
|  25|0x0000000087500000, 0x0000000087500000, 0x0000000087600000|  0%| F|  |TAMS 0x0000000087500000, 0x0000000087500000| Untracked 
|  26|0x0000000087600000, 0x0000000087600000, 0x0000000087700000|  0%| F|  |TAMS 0x0000000087600000, 0x0000000087600000| Untracked 
|  27|0x0000000087700000, 0x0000000087700000, 0x0000000087800000|  0%| F|  |TAMS 0x0000000087700000, 0x0000000087700000| Untracked 
|  28|0x0000000087800000, 0x0000000087800000, 0x0000000087900000|  0%| F|  |TAMS 0x0000000087800000, 0x0000000087800000| Untracked 
|  29|0x0000000087900000, 0x0000000087900000, 0x0000000087a00000|  0%| F|  |TAMS 0x0000000087900000, 0x0000000087900000| Untracked 
|  30|0x0000000087a00000, 0x0000000087a00000, 0x0000000087b00000|  0%| F|  |TAMS 0x0000000087a00000, 0x0000000087a00000| Untracked 
|  31|0x0000000087b00000, 0x0000000087b00000, 0x0000000087c00000|  0%| F|  |TAMS 0x0000000087b00000, 0x0000000087b00000| Untracked 
|  32|0x0000000087c00000, 0x0000000087c00000, 0x0000000087d00000|  0%| F|  |TAMS 0x0000000087c00000, 0x0000000087c00000| Untracked 
|  33|0x0000000087d00000, 0x0000000087d00000, 0x0000000087e00000|  0%| F|  |TAMS 0x0000000087d00000, 0x0000000087d00000| Untracked 
|  34|0x0000000087e00000, 0x0000000087e00000, 0x0000000087f00000|  0%| F|  |TAMS 0x0000000087e00000, 0x0000000087e00000| Untracked 
|  35|0x0000000087f00000, 0x0000000087f00000, 0x0000000088000000|  0%| F|  |TAMS 0x0000000087f00000, 0x0000000087f00000| Untracked 
|  36|0x0000000088000000, 0x0000000088000000, 0x0000000088100000|  0%| F|  |TAMS 0x0000000088000000, 0x0000000088000000| Untracked 
|  37|0x0000000088100000, 0x0000000088100000, 0x0000000088200000|  0%| F|  |TAMS 0x0000000088100000, 0x0000000088100000| Untracked 
|  38|0x0000000088200000, 0x0000000088200000, 0x0000000088300000|  0%| F|  |TAMS 0x0000000088200000, 0x0000000088200000| Untracked 
|  39|0x0000000088300000, 0x0000000088300000, 0x0000000088400000|  0%| F|  |TAMS 0x0000000088300000, 0x0000000088300000| Untracked 
|  40|0x0000000088400000, 0x0000000088400000, 0x0000000088500000|  0%| F|  |TAMS 0x0000000088400000, 0x0000000088400000| Untracked 
|  41|0x0000000088500000, 0x0000000088500000, 0x0000000088600000|  0%| F|  |TAMS 0x0000000088500000, 0x0000000088500000| Untracked 
|  42|0x0000000088600000, 0x0000000088600000, 0x0000000088700000|  0%| F|  |TAMS 0x0000000088600000, 0x0000000088600000| Untracked 
|  43|0x0000000088700000, 0x0000000088700000, 0x0000000088800000|  0%| F|  |TAMS 0x0000000088700000, 0x0000000088700000| Untracked 
|  44|0x0000000088800000, 0x0000000088800000, 0x0000000088900000|  0%| F|  |TAMS 0x0000000088800000, 0x0000000088800000| Untracked 
|  45|0x0000000088900000, 0x0000000088900000, 0x0000000088a00000|  0%| F|  |TAMS 0x0000000088900000, 0x0000000088900000| Untracked 
|  46|0x0000000088a00000, 0x0000000088a00000, 0x0000000088b00000|  0%| F|  |TAMS 0x0000000088a00000, 0x0000000088a00000| Untracked 
|  47|0x0000000088b00000, 0x0000000088b00000, 0x0000000088c00000|  0%| F|  |TAMS 0x0000000088b00000, 0x0000000088b00000| Untracked 
|  48|0x0000000088c00000, 0x0000000088c00000, 0x0000000088d00000|  0%| F|  |TAMS 0x0000000088c00000, 0x0000000088c00000| Untracked 
|  49|0x0000000088d00000, 0x0000000088d00000, 0x0000000088e00000|  0%| F|  |TAMS 0x0000000088d00000, 0x0000000088d00000| Untracked 
|  50|0x0000000088e00000, 0x0000000088e00000, 0x0000000088f00000|  0%| F|  |TAMS 0x0000000088e00000, 0x0000000088e00000| Untracked 
|  51|0x0000000088f00000, 0x0000000088f00000, 0x0000000089000000|  0%| F|  |TAMS 0x0000000088f00000, 0x0000000088f00000| Untracked 
|  52|0x0000000089000000, 0x0000000089000000, 0x0000000089100000|  0%| F|  |TAMS 0x0000000089000000, 0x0000000089000000| Untracked 
|  53|0x0000000089100000, 0x0000000089100000, 0x0000000089200000|  0%| F|  |TAMS 0x0000000089100000, 0x0000000089100000| Untracked 
|  54|0x0000000089200000, 0x0000000089200000, 0x0000000089300000|  0%| F|  |TAMS 0x0000000089200000, 0x0000000089200000| Untracked 
|  55|0x0000000089300000, 0x0000000089300000, 0x0000000089400000|  0%| F|  |TAMS 0x0000000089300000, 0x0000000089300000| Untracked 
|  56|0x0000000089400000, 0x0000000089400000, 0x0000000089500000|  0%| F|  |TAMS 0x0000000089400000, 0x0000000089400000| Untracked 
|  57|0x0000000089500000, 0x0000000089500000, 0x0000000089600000|  0%| F|  |TAMS 0x0000000089500000, 0x0000000089500000| Untracked 
|  58|0x0000000089600000, 0x0000000089600000, 0x0000000089700000|  0%| F|  |TAMS 0x0000000089600000, 0x0000000089600000| Untracked 
|  59|0x0000000089700000, 0x0000000089700000, 0x0000000089800000|  0%| F|  |TAMS 0x0000000089700000, 0x0000000089700000| Untracked 
|  60|0x0000000089800000, 0x0000000089800000, 0x0000000089900000|  0%| F|  |TAMS 0x0000000089800000, 0x0000000089800000| Untracked 
|  61|0x0000000089900000, 0x0000000089900000, 0x0000000089a00000|  0%| F|  |TAMS 0x0000000089900000, 0x0000000089900000| Untracked 
|  62|0x0000000089a00000, 0x0000000089a00000, 0x0000000089b00000|  0%| F|  |TAMS 0x0000000089a00000, 0x0000000089a00000| Untracked 
|  63|0x0000000089b00000, 0x0000000089b00000, 0x0000000089c00000|  0%| F|  |TAMS 0x0000000089b00000, 0x0000000089b00000| Untracked 
|  64|0x0000000089c00000, 0x0000000089c00000, 0x0000000089d00000|  0%| F|  |TAMS 0x0000000089c00000, 0x0000000089c00000| Untracked 
|  65|0x0000000089d00000, 0x0000000089d00000, 0x0000000089e00000|  0%| F|  |TAMS 0x0000000089d00000, 0x0000000089d00000| Untracked 
|  66|0x0000000089e00000, 0x0000000089e00000, 0x0000000089f00000|  0%| F|  |TAMS 0x0000000089e00000, 0x0000000089e00000| Untracked 
|  67|0x0000000089f00000, 0x0000000089f00000, 0x000000008a000000|  0%| F|  |TAMS 0x0000000089f00000, 0x0000000089f00000| Untracked 
|  68|0x000000008a000000, 0x000000008a000000, 0x000000008a100000|  0%| F|  |TAMS 0x000000008a000000, 0x000000008a000000| Untracked 
|  69|0x000000008a100000, 0x000000008a100000, 0x000000008a200000|  0%| F|  |TAMS 0x000000008a100000, 0x000000008a100000| Untracked 
|  70|0x000000008a200000, 0x000000008a200000, 0x000000008a300000|  0%| F|  |TAMS 0x000000008a200000, 0x000000008a200000| Untracked 
|  71|0x000000008a300000, 0x000000008a300000, 0x000000008a400000|  0%| F|  |TAMS 0x000000008a300000, 0x000000008a300000| Untracked 
|  72|0x000000008a400000, 0x000000008a400000, 0x000000008a500000|  0%| F|  |TAMS 0x000000008a400000, 0x000000008a400000| Untracked 
|  73|0x000000008a500000, 0x000000008a500000, 0x000000008a600000|  0%| F|  |TAMS 0x000000008a500000, 0x000000008a500000| Untracked 
|  74|0x000000008a600000, 0x000000008a600000, 0x000000008a700000|  0%| F|  |TAMS 0x000000008a600000, 0x000000008a600000| Untracked 
|  75|0x000000008a700000, 0x000000008a700000, 0x000000008a800000|  0%| F|  |TAMS 0x000000008a700000, 0x000000008a700000| Untracked 
|  76|0x000000008a800000, 0x000000008a800000, 0x000000008a900000|  0%| F|  |TAMS 0x000000008a800000, 0x000000008a800000| Untracked 
|  77|0x000000008a900000, 0x000000008a900000, 0x000000008aa00000|  0%| F|  |TAMS 0x000000008a900000, 0x000000008a900000| Untracked 
|  78|0x000000008aa00000, 0x000000008aa00000, 0x000000008ab00000|  0%| F|  |TAMS 0x000000008aa00000, 0x000000008aa00000| Untracked 
|  79|0x000000008ab00000, 0x000000008ab00000, 0x000000008ac00000|  0%| F|  |TAMS 0x000000008ab00000, 0x000000008ab00000| Untracked 
|  80|0x000000008ac00000, 0x000000008ac00000, 0x000000008ad00000|  0%| F|  |TAMS 0x000000008ac00000, 0x000000008ac00000| Untracked 
|  81|0x000000008ad00000, 0x000000008ad00000, 0x000000008ae00000|  0%| F|  |TAMS 0x000000008ad00000, 0x000000008ad00000| Untracked 
|  82|0x000000008ae00000, 0x000000008ae00000, 0x000000008af00000|  0%| F|  |TAMS 0x000000008ae00000, 0x000000008ae00000| Untracked 
|  83|0x000000008af00000, 0x000000008af00000, 0x000000008b000000|  0%| F|  |TAMS 0x000000008af00000, 0x000000008af00000| Untracked 
|  84|0x000000008b000000, 0x000000008b000000, 0x000000008b100000|  0%| F|  |TAMS 0x000000008b000000, 0x000000008b000000| Untracked 
|  85|0x000000008b100000, 0x000000008b100000, 0x000000008b200000|  0%| F|  |TAMS 0x000000008b100000, 0x000000008b100000| Untracked 
|  86|0x000000008b200000, 0x000000008b200000, 0x000000008b300000|  0%| F|  |TAMS 0x000000008b200000, 0x000000008b200000| Untracked 
|  87|0x000000008b300000, 0x000000008b300000, 0x000000008b400000|  0%| F|  |TAMS 0x000000008b300000, 0x000000008b300000| Untracked 
|  88|0x000000008b400000, 0x000000008b400000, 0x000000008b500000|  0%| F|  |TAMS 0x000000008b400000, 0x000000008b400000| Untracked 
|  89|0x000000008b500000, 0x000000008b500000, 0x000000008b600000|  0%| F|  |TAMS 0x000000008b500000, 0x000000008b500000| Untracked 
|  90|0x000000008b600000, 0x000000008b600000, 0x000000008b700000|  0%| F|  |TAMS 0x000000008b600000, 0x000000008b600000| Untracked 
|  91|0x000000008b700000, 0x000000008b700000, 0x000000008b800000|  0%| F|  |TAMS 0x000000008b700000, 0x000000008b700000| Untracked 
|  92|0x000000008b800000, 0x000000008b800000, 0x000000008b900000|  0%| F|  |TAMS 0x000000008b800000, 0x000000008b800000| Untracked 
|  93|0x000000008b900000, 0x000000008b900000, 0x000000008ba00000|  0%| F|  |TAMS 0x000000008b900000, 0x000000008b900000| Untracked 
|  94|0x000000008ba00000, 0x000000008ba00000, 0x000000008bb00000|  0%| F|  |TAMS 0x000000008ba00000, 0x000000008ba00000| Untracked 
|  95|0x000000008bb00000, 0x000000008bb00000, 0x000000008bc00000|  0%| F|  |TAMS 0x000000008bb00000, 0x000000008bb00000| Untracked 
|  96|0x000000008bc00000, 0x000000008bc00000, 0x000000008bd00000|  0%| F|  |TAMS 0x000000008bc00000, 0x000000008bc00000| Untracked 
|  97|0x000000008bd00000, 0x000000008bd00000, 0x000000008be00000|  0%| F|  |TAMS 0x000000008bd00000, 0x000000008bd00000| Untracked 
|  98|0x000000008be00000, 0x000000008be00000, 0x000000008bf00000|  0%| F|  |TAMS 0x000000008be00000, 0x000000008be00000| Untracked 
|  99|0x000000008bf00000, 0x000000008bf00000, 0x000000008c000000|  0%| F|  |TAMS 0x000000008bf00000, 0x000000008bf00000| Untracked 
| 100|0x000000008c000000, 0x000000008c000000, 0x000000008c100000|  0%| F|  |TAMS 0x000000008c000000, 0x000000008c000000| Untracked 
| 101|0x000000008c100000, 0x000000008c100000, 0x000000008c200000|  0%| F|  |TAMS 0x000000008c100000, 0x000000008c100000| Untracked 
| 102|0x000000008c200000, 0x000000008c200000, 0x000000008c300000|  0%| F|  |TAMS 0x000000008c200000, 0x000000008c200000| Untracked 
| 103|0x000000008c300000, 0x000000008c300000, 0x000000008c400000|  0%| F|  |TAMS 0x000000008c300000, 0x000000008c300000| Untracked 
| 104|0x000000008c400000, 0x000000008c400000, 0x000000008c500000|  0%| F|  |TAMS 0x000000008c400000, 0x000000008c400000| Untracked 
| 105|0x000000008c500000, 0x000000008c500000, 0x000000008c600000|  0%| F|  |TAMS 0x000000008c500000, 0x000000008c500000| Untracked 
| 106|0x000000008c600000, 0x000000008c600000, 0x000000008c700000|  0%| F|  |TAMS 0x000000008c600000, 0x000000008c600000| Untracked 
| 107|0x000000008c700000, 0x000000008c700000, 0x000000008c800000|  0%| F|  |TAMS 0x000000008c700000, 0x000000008c700000| Untracked 
| 108|0x000000008c800000, 0x000000008c800000, 0x000000008c900000|  0%| F|  |TAMS 0x000000008c800000, 0x000000008c800000| Untracked 
| 109|0x000000008c900000, 0x000000008c900000, 0x000000008ca00000|  0%| F|  |TAMS 0x000000008c900000, 0x000000008c900000| Untracked 
| 110|0x000000008ca00000, 0x000000008ca00000, 0x000000008cb00000|  0%| F|  |TAMS 0x000000008ca00000, 0x000000008ca00000| Untracked 
| 111|0x000000008cb00000, 0x000000008cb00000, 0x000000008cc00000|  0%| F|  |TAMS 0x000000008cb00000, 0x000000008cb00000| Untracked 
| 112|0x000000008cc00000, 0x000000008cc00800, 0x000000008cd00000|  0%| E|  |TAMS 0x000000008cc00000, 0x000000008cc00000| Complete 
| 113|0x000000008cd00000, 0x000000008ce00000, 0x000000008ce00000|100%| E|CS|TAMS 0x000000008cd00000, 0x000000008cd00000| Complete 
| 114|0x000000008ce00000, 0x000000008cf00000, 0x000000008cf00000|100%| E|CS|TAMS 0x000000008ce00000, 0x000000008ce00000| Complete 
| 115|0x000000008cf00000, 0x000000008d000000, 0x000000008d000000|100%| E|CS|TAMS 0x000000008cf00000, 0x000000008cf00000| Complete 
| 116|0x000000008d000000, 0x000000008d100000, 0x000000008d100000|100%| E|CS|TAMS 0x000000008d000000, 0x000000008d000000| Complete 
| 117|0x000000008d100000, 0x000000008d200000, 0x000000008d200000|100%| E|CS|TAMS 0x000000008d100000, 0x000000008d100000| Complete 
| 118|0x000000008d200000, 0x000000008d300000, 0x000000008d300000|100%| E|CS|TAMS 0x000000008d200000, 0x000000008d200000| Complete 
| 119|0x000000008d300000, 0x000000008d400000, 0x000000008d400000|100%| E|CS|TAMS 0x000000008d300000, 0x000000008d300000| Complete 
| 120|0x000000008d400000, 0x000000008d500000, 0x000000008d500000|100%| E|CS|TAMS 0x000000008d400000, 0x000000008d400000| Complete 
| 121|0x000000008d500000, 0x000000008d600000, 0x000000008d600000|100%| E|  |TAMS 0x000000008d500000, 0x000000008d500000| Complete 
| 122|0x000000008d600000, 0x000000008d700000, 0x000000008d700000|100%| E|CS|TAMS 0x000000008d600000, 0x000000008d600000| Complete 
| 123|0x000000008d700000, 0x000000008d800000, 0x000000008d800000|100%| E|CS|TAMS 0x000000008d700000, 0x000000008d700000| Complete 
|1954|0x00000000ffe00000, 0x00000000ffe48000, 0x00000000fff00000| 28%|OA|  |TAMS 0x00000000ffe00000, 0x00000000ffe00000| Untracked 
|1955|0x00000000fff00000, 0x00000000fff6b000, 0x0000000100000000| 41%|CA|  |TAMS 0x00000000fff00000, 0x00000000fff00000| Untracked 

Card table byte_map: [0x00007fae9cdcd000,0x00007fae9d19f000] _byte_map_base: 0x00007fae9c99f000

Marking Bits (Prev, Next): (CMBitMap*) 0x00007fae98058758, (CMBitMap*) 0x00007fae98058790
 Prev Bits: [0x00007fae7a170000, 0x00007fae7c000000)
 Next Bits: [0x00007fae782e0000, 0x00007fae7a170000)

Polling page: 0x00007fae9fbfe000

Metaspace:

Usage:
  Non-class:      5.32 MB capacity,     2.56 MB ( 48%) used,     2.74 MB ( 51%) free+waste,    21.19 KB ( <1%) overhead. 
      Class:    694.00 KB capacity,   339.70 KB ( 49%) used,   342.86 KB ( 49%) free+waste,    11.44 KB (  2%) overhead. 
       Both:      6.00 MB capacity,     2.90 MB ( 48%) used,     3.07 MB ( 51%) free+waste,    32.62 KB ( <1%) overhead. 

Virtual space:
  Non-class space:        8.00 MB reserved,       5.50 MB ( 69%) committed 
      Class space:        1.00 GB reserved,     768.00 KB ( <1%) committed 
             Both:        1.01 GB reserved,       6.25 MB ( <1%) committed 

Chunk freelists:
   Non-Class:  0 bytes
       Class:  10.00 KB
        Both:  10.00 KB

MaxMetaspaceSize: unlimited
CompressedClassSpaceSize: 1.00 GB
Initial GC threshold: 20.80 MB
Current GC threshold: 20.80 MB
CDS: on

CodeHeap 'non-profiled nmethods': size=120032Kb used=263Kb max_used=263Kb free=119768Kb
 bounds [0x00007fae882c5000, 0x00007fae88535000, 0x00007fae8f7fd000]
CodeHeap 'profiled nmethods': size=120028Kb used=1161Kb max_used=1161Kb free=118866Kb
 bounds [0x00007fae80d8e000, 0x00007fae80ffe000, 0x00007fae882c5000]
CodeHeap 'non-nmethods': size=5700Kb used=1148Kb max_used=1173Kb free=4551Kb
 bounds [0x00007fae807fd000, 0x00007fae80a6d000, 0x00007fae80d8e000]
 total_blobs=1116 nmethods=709 adapters=321
 compilation: enabled
              stopped_count=0, restarted_count=0
 full_count=0

Compilation events (20 events):
Event: 1.516 Thread 0x00007fae9813b800 nmethod 699 0x00007fae80eab490 code [0x00007fae80eab680, 0x00007fae80eab830]
Event: 1.517 Thread 0x00007fae9813b800  701   !   3       java.nio.DirectIntBufferU::get (29 bytes)
Event: 1.517 Thread 0x00007fae9813b800 nmethod 701 0x00007fae80eab910 code [0x00007fae80eabae0, 0x00007fae80eabdf0]
Event: 1.517 Thread 0x00007fae9813b800  704       3       jdk.internal.jimage.ImageLocation::decompress (153 bytes)
Event: 1.517 Thread 0x00007fae98139000 nmethod 700 0x00007fae88306390 code [0x00007fae88306520, 0x00007fae883065d8]
Event: 1.519 Thread 0x00007fae9813b800 nmethod 704 0x00007fae80eac010 code [0x00007fae80eac320, 0x00007fae80ead4b0]
Event: 1.519 Thread 0x00007fae9813b800  702       3       java.nio.DirectIntBufferU::ix (10 bytes)
Event: 1.519 Thread 0x00007fae9813b800 nmethod 702 0x00007fae80eada90 code [0x00007fae80eadc40, 0x00007fae80eadd70]
Event: 1.519 Thread 0x00007fae9813b800  703       3       jdk.internal.misc.Unsafe::getInt (7 bytes)
Event: 1.519 Thread 0x00007fae9813b800 nmethod 703 0x00007fae80eade10 code [0x00007fae80eadfc0, 0x00007fae80eae0f0]
Event: 1.520 Thread 0x00007fae9813b800  705       3       java.nio.Buffer::<init> (99 bytes)
Event: 1.520 Thread 0x00007fae4809e000  706       4       jdk.internal.org.objectweb.asm.ByteVector::put12 (64 bytes)
Event: 1.521 Thread 0x00007fae9813b800 nmethod 705 0x00007fae80eae190 code [0x00007fae80eae480, 0x00007fae80eaf210]
Event: 1.526 Thread 0x00007fae4809e000 nmethod 706 0x00007fae88306690 code [0x00007fae88306840, 0x00007fae88306cf8]
Event: 1.529 Thread 0x00007fae9813b800  707       3       java.util.HashMap$HashIterator::nextNode (100 bytes)
Event: 1.529 Thread 0x00007fae9813b800 nmethod 707 0x00007fae80eaf690 code [0x00007fae80eaf880, 0x00007fae80eafdd0]
Event: 1.529 Thread 0x00007fae9813b800  708       3       java.lang.Module::isNamed (13 bytes)
Event: 1.530 Thread 0x00007fae9813b800 nmethod 708 0x00007fae80eaff90 code [0x00007fae80eb0140, 0x00007fae80eb02b0]
Event: 1.530 Thread 0x00007fae9813b800  709       3       java.lang.String::toString (2 bytes)
Event: 1.530 Thread 0x00007fae9813b800 nmethod 709 0x00007fae80eb0310 code [0x00007fae80eb04c0, 0x00007fae80eb05d0]

GC Heap History (0 events):
No events

Deoptimization events (20 events):
Event: 0.073 Thread 0x00007fae98016000 DEOPT PACKING pc=0x00007fae80da610b sp=0x00007fae9e3b72b0
Event: 0.073 Thread 0x00007fae98016000 DEOPT UNPACKING pc=0x00007fae8084764a sp=0x00007fae9e3b6770 mode 0
Event: 0.073 Thread 0x00007fae98016000 DEOPT PACKING pc=0x00007fae80da610b sp=0x00007fae9e3b72b0
Event: 0.073 Thread 0x00007fae98016000 DEOPT UNPACKING pc=0x00007fae8084764a sp=0x00007fae9e3b6770 mode 0
Event: 0.073 Thread 0x00007fae98016000 DEOPT PACKING pc=0x00007fae80da610b sp=0x00007fae9e3b72b0
Event: 0.073 Thread 0x00007fae98016000 DEOPT UNPACKING pc=0x00007fae8084764a sp=0x00007fae9e3b6770 mode 0
Event: 0.074 Thread 0x00007fae98016000 DEOPT PACKING pc=0x00007fae80da610b sp=0x00007fae9e3b72b0
Event: 0.074 Thread 0x00007fae98016000 DEOPT UNPACKING pc=0x00007fae8084764a sp=0x00007fae9e3b6770 mode 0
Event: 0.074 Thread 0x00007fae98016000 DEOPT PACKING pc=0x00007fae80da610b sp=0x00007fae9e3b72b0
Event: 0.074 Thread 0x00007fae98016000 DEOPT UNPACKING pc=0x00007fae8084764a sp=0x00007fae9e3b6770 mode 0
Event: 0.305 Thread 0x00007fae300b5800 DEOPT PACKING pc=0x00007fae80dc0b42 sp=0x00007fae70ffb420
Event: 0.305 Thread 0x00007fae300b5800 DEOPT UNPACKING pc=0x00007fae8084764a sp=0x00007fae70ffa8a8 mode 0
Event: 0.362 Thread 0x00007fae300b5800 Uncommon trap: trap_request=0xffffff4d fr.pc=0x00007fae882e89f0 relative=0x00000000000001d0
Event: 0.362 Thread 0x00007fae300b5800 Uncommon trap: reason=unstable_if action=reinterpret pc=0x00007fae882e89f0 method=java.lang.String.startsWith(Ljava/lang/String;I)Z @ 1 c2
Event: 0.362 Thread 0x00007fae300b5800 DEOPT PACKING pc=0x00007fae882e89f0 sp=0x00007fae70ff82d0
Event: 0.362 Thread 0x00007fae300b5800 DEOPT UNPACKING pc=0x00007fae80846ea5 sp=0x00007fae70ff8260 mode 2
Event: 1.484 Thread 0x00007fae300b5800 DEOPT PACKING pc=0x00007fae80dbb088 sp=0x00007fae70ff8440
Event: 1.484 Thread 0x00007fae300b5800 DEOPT UNPACKING pc=0x00007fae8084764a sp=0x00007fae70ff78b0 mode 0
Event: 1.493 Thread 0x00007fae300b5800 DEOPT PACKING pc=0x00007fae80db7ecf sp=0x00007fae70ffb9d0
Event: 1.493 Thread 0x00007fae300b5800 DEOPT UNPACKING pc=0x00007fae8084764a sp=0x00007fae70ffae78 mode 0

Classes redefined (0 events):
No events

Internal exceptions (12 events):
Event: 0.056 Thread 0x00007fae98016000 Exception <a 'java/security/PrivilegedActionException'{0x000000008d755768}> (0x000000008d755768) thrown at [./src/hotspot/share/prims/jvm.cpp, line 1304]
Event: 0.056 Thread 0x00007fae98016000 Exception <a 'java/security/PrivilegedActionException'{0x000000008d755a38}> (0x000000008d755a38) thrown at [./src/hotspot/share/prims/jvm.cpp, line 1304]
Event: 0.191 Thread 0x00007fae981ea000 Exception <a 'java/lang/NoSuchMethodError'{0x000000008d395388}: 'java.lang.Object java.lang.invoke.DirectMethodHandle$Holder.invokeStatic(java.lang.Object, java.lang.Object, java.lang.Object, java.lang.Object, java.lang.Object, java.lang.Object, java.lang.Object, java.lang.Object, int)'> (0x000000008d395388) thrown at [./src/hotspot/share/interpreter/linkResolver.cpp, line 772]
Event: 0.196 Thread 0x00007fae981ea000 Exception <a 'java/lang/NoSuchMethodError'{0x000000008d3b0700}: 'java.lang.Object java.lang.invoke.DirectMethodHandle$Holder.invokeStatic(java.lang.Object, java.lang.Object, java.lang.Object, java.lang.Object, java.lang.Object, java.lang.Object, java.lang.Object, java.lang.Object, int, int)'> (0x000000008d3b0700) thrown at [./src/hotspot/share/interpreter/linkResolver.cpp, line 772]
Event: 0.200 Thread 0x00007fae981ea000 Exception <a 'java/lang/NoSuchMethodError'{0x000000008d3cbc10}: 'java.lang.Object java.lang.invoke.DirectMethodHandle$Holder.invokeStatic(java.lang.Object, java.lang.Object, java.lang.Object, java.lang.Object, java.lang.Object, java.lang.Object, java.lang.Object, java.lang.Object, int, int, java.lang.Object)'> (0x000000008d3cbc10) thrown at [./src/hotspot/share/interpreter/linkResolver.cpp, line 772]
Event: 0.341 Thread 0x00007fae300b5800 Exception <a 'java/lang/NoSuchMethodError'{0x000000008cfb4ca8}: 'java.lang.Object java.lang.invoke.DirectMethodHandle$Holder.invokeStatic(java.lang.Object, java.lang.Object, java.lang.Object, java.lang.Object, java.lang.Object, java.lang.Object, java.lang.Object, java.lang.Object, java.lang.Object, java.lang.Object, java.lang.Object, int)'> (0x000000008cfb4ca8) thrown at [./src/hotspot/share/interpreter/linkResolver.cpp, line 772]
Event: 0.342 Thread 0x00007fae300b5800 Exception <a 'java/lang/NoSuchMethodError'{0x000000008cfd2ba8}: 'java.lang.Object java.lang.invoke.DirectMethodHandle$Holder.invokeStatic(java.lang.Object, java.lang.Object, java.lang.Object, java.lang.Object, java.lang.Object, java.lang.Object, java.lang.Object, java.lang.Object, java.lang.Object, java.lang.Object, java.lang.Object, int, int)'> (0x000000008cfd2ba8) thrown at [./src/hotspot/share/interpreter/linkResolver.cpp, line 772]
Event: 0.344 Thread 0x00007fae300b5800 Exception <a 'java/lang/NoSuchMethodError'{0x000000008cff1938}: 'java.lang.Object java.lang.invoke.DirectMethodHandle$Holder.invokeStatic(java.lang.Object, java.lang.Object, java.lang.Object, java.lang.Object, java.lang.Object, java.lang.Object, java.lang.Object, java.lang.Object, java.lang.Object, java.lang.Object, java.lang.Object, int, int, java.lang.Object)'> (0x000000008cff1938) thrown at [./src/hotspot/share/interpreter/linkResolver.cpp, line 772]
Event: 0.346 Thread 0x00007fae300b5800 Exception <a 'java/lang/NoSuchMethodError'{0x000000008ce12438}: 'java.lang.Object java.lang.invoke.DirectMethodHandle$Holder.invokeStatic(java.lang.Object, java.lang.Object, java.lang.Object, java.lang.Object, java.lang.Object, java.lang.Object, java.lang.Object, java.lang.Object, java.lang.Object, java.lang.Object, java.lang.Object, int, int, java.lang.Object, java.lang.Object)'> (0x000000008ce12438) thrown at [./src/hotspot/share/interpreter/linkResolver.cpp, line 772]
Event: 1.497 Thread 0x00007fae981ea000 Exception <a 'java/lang/NoSuchMethodError'{0x000000008d19ff38}: 'int java.lang.invoke.DirectMethodHandle$Holder.invokeStaticInit(java.lang.Object, java.lang.Object, java.lang.Object)'> (0x000000008d19ff38) thrown at [./src/hotspot/share/interpreter/linkResolver.cpp, line 772]
Event: 1.499 Thread 0x00007fae981ea000 Exception <a 'java/lang/NoSuchMethodError'{0x000000008d1ab658}: 'void java.lang.invoke.DirectMethodHandle$Holder.invokeSpecial(java.lang.Object, java.lang.Object)'> (0x000000008d1ab658) thrown at [./src/hotspot/share/interpreter/linkResolver.cpp, line 772]
Event: 1.527 Thread 0x00007fae981ea000 Exception <a 'java/lang/UnsupportedOperationException'{0x000000008cdf2538}> (0x000000008cdf2538) thrown at [./src/hotspot/share/prims/jvm.cpp, line 1310]

Events (20 events):
Event: 1.528 Executing VM operation: RevokeBias done
Event: 1.528 loading class java/lang/Throwable$WrappedPrintStream
Event: 1.528 Thread 0x00007fae981ea000 Thread exited: 0x00007fae981ea000
Event: 1.528 loading class java/lang/Throwable$PrintStreamOrWriter
Event: 1.528 loading class java/lang/Throwable$PrintStreamOrWriter done
Event: 1.528 loading class java/lang/Throwable$WrappedPrintStream done
Event: 1.528 Executing VM operation: RevokeBias
Event: 1.528 Executing VM operation: RevokeBias done
Event: 1.529 loading class java/lang/StackTraceElement$HashedModules
Event: 1.529 loading class java/lang/StackTraceElement$HashedModules done
Event: 1.530 Thread 0x00007fae98016000 Thread exited: 0x00007fae98016000
Event: 1.530 Protecting memory [0x00007fae9e2be000,0x00007fae9e2c2000] with protection modes 0
Event: 1.530 Thread 0x00007fae98016000 Thread added: 0x00007fae98016000
Event: 1.530 Executing VM operation: RevokeBias
Event: 1.530 Executing VM operation: RevokeBias done
Event: 1.531 Thread 0x00007fae981ea000 Thread added: 0x00007fae981ea000
Event: 1.531 Protecting memory [0x00007fae70ffe000,0x00007fae71002000] with protection modes 0
Event: 1.531 Thread 0x00007fae981ea000 Thread exited: 0x00007fae981ea000
Event: 1.532 Thread 0x00007fae98016000 Thread exited: 0x00007fae98016000
Event: 1.532 Thread 0x00007fae98135000 Thread exited: 0x00007fae98135000


Dynamic libraries:
85c00000-8d800000 rw-p 00000000 00:00 0 
8d800000-ffe00000 ---p 00000000 00:00 0 
ffe00000-ffe48000 rw-p 00b0a000 08:20 353163                             /usr/lib/jvm/java-11-openjdk-amd64/lib/server/classes.jsa
ffe48000-fff00000 rw-p 00000000 00:00 0 
fff00000-fff6b000 rw-p 00a9f000 08:20 353163                             /usr/lib/jvm/java-11-openjdk-amd64/lib/server/classes.jsa
fff6b000-100000000 rw-p 00000000 00:00 0 
800000000-800002000 rwxp 00001000 08:20 353163                           /usr/lib/jvm/java-11-openjdk-amd64/lib/server/classes.jsa
800002000-8003cc000 rw-p 00003000 08:20 353163                           /usr/lib/jvm/java-11-openjdk-amd64/lib/server/classes.jsa
8003cc000-800a9d000 r--p 003cd000 08:20 353163                           /usr/lib/jvm/java-11-openjdk-amd64/lib/server/classes.jsa
800a9d000-800a9e000 rw-p 00a9e000 08:20 353163                           /usr/lib/jvm/java-11-openjdk-amd64/lib/server/classes.jsa
840000000-8400c0000 rw-p 00000000 00:00 0 
8400c0000-880000000 ---p 00000000 00:00 0 
558461212000-558461213000 r--p 00000000 08:20 353215                     /usr/lib/jvm/java-11-openjdk-amd64/bin/java
558461213000-558461214000 r-xp 00001000 08:20 353215                     /usr/lib/jvm/java-11-openjdk-amd64/bin/java
558461214000-558461215000 r--p 00002000 08:20 353215                     /usr/lib/jvm/java-11-openjdk-amd64/bin/java
558461215000-558461216000 r--p 00002000 08:20 353215                     /usr/lib/jvm/java-11-openjdk-amd64/bin/java
558461216000-558461217000 rw-p 00003000 08:20 353215                     /usr/lib/jvm/java-11-openjdk-amd64/bin/java
55846236d000-55846238e000 rw-p 00000000 00:00 0                          [heap]
7fae08000000-7fae08021000 rw-p 00000000 00:00 0 
7fae08021000-7fae0c000000 ---p 00000000 00:00 0 
7fae10000000-7fae10021000 rw-p 00000000 00:00 0 
7fae10021000-7fae14000000 ---p 00000000 00:00 0 
7fae15a00000-7fae15a01000 r-xp 00000000 08:20 371133                     /home/owenyap/.openjfx/cache/11/libglass.so
7fae15a01000-7fae15c01000 ---p 00001000 08:20 371133                     /home/owenyap/.openjfx/cache/11/libglass.so
7fae15c01000-7fae15c02000 r--p 00001000 08:20 371133                     /home/owenyap/.openjfx/cache/11/libglass.so
7fae15c02000-7fae15c03000 rw-p 00002000 08:20 371133                     /home/owenyap/.openjfx/cache/11/libglass.so
7fae15e00000-7fae15e0f000 r-xp 00000000 08:20 371132                     /home/owenyap/.openjfx/cache/11/libprism_sw.so
7fae15e0f000-7fae1600e000 ---p 0000f000 08:20 371132                     /home/owenyap/.openjfx/cache/11/libprism_sw.so
7fae1600e000-7fae1600f000 r--p 0000e000 08:20 371132                     /home/owenyap/.openjfx/cache/11/libprism_sw.so
7fae1600f000-7fae16010000 rw-p 0000f000 08:20 371132                     /home/owenyap/.openjfx/cache/11/libprism_sw.so
7fae161ce000-7fae161cf000 ---p 00000000 00:00 0 
7fae161cf000-7fae169cf000 rw-p 00000000 00:00 0 
7fae177ff000-7fae17800000 ---p 00000000 00:00 0 
7fae17800000-7fae18000000 rw-p 00000000 00:00 0 
7fae18000000-7fae1802a000 rw-p 00000000 00:00 0 
7fae1802a000-7fae1c000000 ---p 00000000 00:00 0 
7fae1c001000-7fae1c002000 rw-s 00000000 00:01 163891                     /SYSV00000000 (deleted)
7fae1c002000-7fae1c003000 rwxp 00000000 00:00 0 
7fae1c1a1000-7fae1c1a2000 ---p 00000000 00:00 0 
7fae1c1a2000-7fae1c9a2000 rw-p 00000000 00:00 0 
7fae1c9a2000-7fae1c9a3000 ---p 00000000 00:00 0 
7fae1c9a3000-7fae1d1a3000 rw-p 00000000 00:00 0 
7fae1d1a3000-7fae1d1a4000 ---p 00000000 00:00 0 
7fae1d1a4000-7fae1d9a4000 rw-p 00000000 00:00 0 
7fae1dea4000-7fae1dea5000 ---p 00000000 00:00 0 
7fae1dea5000-7fae1e6a5000 rw-p 00000000 00:00 0 
7fae1e6a5000-7fae1f810000 r--p 00000000 00:1d 1407374883818579           /usr/lib/wsl/drivers/nvdmi.inf_amd64_b5a59c8b6c2a9964/libnvwgf2umx.so
7fae1f810000-7fae212a3000 r-xp 0116b000 00:1d 1407374883818579           /usr/lib/wsl/drivers/nvdmi.inf_amd64_b5a59c8b6c2a9964/libnvwgf2umx.so
7fae212a3000-7fae213a5000 r--p 02bfe000 00:1d 1407374883818579           /usr/lib/wsl/drivers/nvdmi.inf_amd64_b5a59c8b6c2a9964/libnvwgf2umx.so
7fae213a5000-7fae2200d000 rw-p 02d00000 00:1d 1407374883818579           /usr/lib/wsl/drivers/nvdmi.inf_amd64_b5a59c8b6c2a9964/libnvwgf2umx.so
7fae2200d000-7fae2205c000 rw-p 00000000 00:00 0 
7fae2205c000-7fae278f3000 r-xp 00000000 08:20 353716                     /usr/lib/x86_64-linux-gnu/libLLVM-13.so.1
7fae278f3000-7fae27f85000 r--p 05896000 08:20 353716                     /usr/lib/x86_64-linux-gnu/libLLVM-13.so.1
7fae27f85000-7fae27f8e000 rw-p 05f28000 08:20 353716                     /usr/lib/x86_64-linux-gnu/libLLVM-13.so.1
7fae27f8e000-7fae28000000 rw-p 00000000 00:00 0 
7fae28000000-7fae28021000 rw-p 00000000 00:00 0 
7fae28021000-7fae2c000000 ---p 00000000 00:00 0 
7fae2c980000-7fae2c9c4000 r--p 00000000 00:1f 1407374883613435           /usr/lib/wsl/lib/libd3d12.so
7fae2c9c4000-7fae2ca3d000 r-xp 00043000 00:1f 1407374883613435           /usr/lib/wsl/lib/libd3d12.so
7fae2ca3d000-7fae2ca45000 r--p 000bb000 00:1f 1407374883613435           /usr/lib/wsl/lib/libd3d12.so
7fae2ca45000-7fae2ca47000 rw-p 000c2000 00:1f 1407374883613435           /usr/lib/wsl/lib/libd3d12.so
7fae2ca47000-7fae2ca4a000 rw-p 00000000 00:00 0 
7fae2ca4a000-7fae2ca4b000 r--p 00000000 08:20 6537                       /usr/lib/x86_64-linux-gnu/libicudata.so.70.1
7fae2ca4b000-7fae2ca4c000 r-xp 00001000 08:20 6537                       /usr/lib/x86_64-linux-gnu/libicudata.so.70.1
7fae2ca4c000-7fae2e666000 r--p 00002000 08:20 6537                       /usr/lib/x86_64-linux-gnu/libicudata.so.70.1
7fae2e666000-7fae2e667000 r--p 01c1b000 08:20 6537                       /usr/lib/x86_64-linux-gnu/libicudata.so.70.1
7fae2e667000-7fae2e668000 rw-p 01c1c000 08:20 6537                       /usr/lib/x86_64-linux-gnu/libicudata.so.70.1
7fae2e668000-7fae2e6f8000 r--p 00000000 08:20 353763                     /usr/lib/x86_64-linux-gnu/dri/swrast_dri.so
7fae2e6f8000-7fae2f73e000 r-xp 00090000 08:20 353763                     /usr/lib/x86_64-linux-gnu/dri/swrast_dri.so
7fae2f73e000-7fae2fdc1000 r--p 010d6000 08:20 353763                     /usr/lib/x86_64-linux-gnu/dri/swrast_dri.so
7fae2fdc1000-7fae2fe36000 r--p 01758000 08:20 353763                     /usr/lib/x86_64-linux-gnu/dri/swrast_dri.so
7fae2fe36000-7fae2fe43000 rw-p 017cd000 08:20 353763                     /usr/lib/x86_64-linux-gnu/dri/swrast_dri.so
7fae2fe43000-7fae30000000 rw-p 00000000 00:00 0 
7fae30000000-7fae30100000 rw-p 00000000 00:00 0 
7fae30100000-7fae34000000 ---p 00000000 00:00 0 
7fae34000000-7fae3459e000 rw-p 00000000 00:00 0 
7fae3459e000-7fae38000000 ---p 00000000 00:00 0 
7fae38000000-7fae38021000 rw-p 00000000 00:00 0 
7fae38021000-7fae3c000000 ---p 00000000 00:00 0 
7fae3c000000-7fae3c289000 rw-p 00000000 00:00 0 
7fae3c289000-7fae40000000 ---p 00000000 00:00 0 
7fae40000000-7fae40021000 rw-p 00000000 00:00 0 
7fae40021000-7fae44000000 ---p 00000000 00:00 0 
7fae44000000-7fae44021000 rw-p 00000000 00:00 0 
7fae44021000-7fae48000000 ---p 00000000 00:00 0 
7fae48000000-7fae48600000 rw-p 00000000 00:00 0 
7fae48600000-7fae4c000000 ---p 00000000 00:00 0 
7fae4c000000-7fae4c32f000 rw-p 00000000 00:00 0 
7fae4c32f000-7fae50000000 ---p 00000000 00:00 0 
7fae50000000-7fae50021000 rw-p 00000000 00:00 0 
7fae50021000-7fae54000000 ---p 00000000 00:00 0 
7fae54000000-7fae54021000 rw-p 00000000 00:00 0 
7fae54021000-7fae58000000 ---p 00000000 00:00 0 
7fae58000000-7fae58021000 rw-p 00000000 00:00 0 
7fae58021000-7fae5c000000 ---p 00000000 00:00 0 
7fae5c000000-7fae5c021000 rw-p 00000000 00:00 0 
7fae5c021000-7fae60000000 ---p 00000000 00:00 0 
7fae60000000-7fae60021000 rw-p 00000000 00:00 0 
7fae60021000-7fae64000000 ---p 00000000 00:00 0 
7fae64000000-7fae64041000 rw-p 00000000 00:00 0 
7fae64041000-7fae68000000 ---p 00000000 00:00 0 
7fae68000000-7fae68021000 rw-p 00000000 00:00 0 
7fae68021000-7fae6c000000 ---p 00000000 00:00 0 
7fae6c000000-7fae6c021000 rw-p 00000000 00:00 0 
7fae6c021000-7fae70000000 ---p 00000000 00:00 0 
7fae700ba000-7fae700bb000 r--p 00000000 08:20 6456                       /usr/lib/x86_64-linux-gnu/libdl.so.2
7fae700bb000-7fae700bc000 r-xp 00001000 08:20 6456                       /usr/lib/x86_64-linux-gnu/libdl.so.2
7fae700bc000-7fae700bd000 r--p 00002000 08:20 6456                       /usr/lib/x86_64-linux-gnu/libdl.so.2
7fae700bd000-7fae700be000 r--p 00002000 08:20 6456                       /usr/lib/x86_64-linux-gnu/libdl.so.2
7fae700be000-7fae700bf000 rw-p 00003000 08:20 6456                       /usr/lib/x86_64-linux-gnu/libdl.so.2
7fae700bf000-7fae700c0000 r--p 00000000 08:20 6701                       /usr/lib/x86_64-linux-gnu/libpthread.so.0
7fae700c0000-7fae700c1000 r-xp 00001000 08:20 6701                       /usr/lib/x86_64-linux-gnu/libpthread.so.0
7fae700c1000-7fae700c2000 r--p 00002000 08:20 6701                       /usr/lib/x86_64-linux-gnu/libpthread.so.0
7fae700c2000-7fae700c3000 r--p 00002000 08:20 6701                       /usr/lib/x86_64-linux-gnu/libpthread.so.0
7fae700c3000-7fae700c4000 rw-p 00003000 08:20 6701                       /usr/lib/x86_64-linux-gnu/libpthread.so.0
7fae700c4000-7fae70107000 r--p 00000000 00:1f 1407374883613437           /usr/lib/wsl/lib/libdxcore.so
7fae70107000-7fae70188000 r-xp 00042000 00:1f 1407374883613437           /usr/lib/wsl/lib/libdxcore.so
7fae70188000-7fae70190000 r--p 000c2000 00:1f 1407374883613437           /usr/lib/wsl/lib/libdxcore.so
7fae70190000-7fae70192000 rw-p 000c9000 00:1f 1407374883613437           /usr/lib/wsl/lib/libdxcore.so
7fae70192000-7fae70195000 rw-p 00000000 00:00 0 
7fae70195000-7fae70198000 r--p 00000000 08:20 6585                       /usr/lib/x86_64-linux-gnu/liblzma.so.5.2.5
7fae70198000-7fae701b3000 r-xp 00003000 08:20 6585                       /usr/lib/x86_64-linux-gnu/liblzma.so.5.2.5
7fae701b3000-7fae701be000 r--p 0001e000 08:20 6585                       /usr/lib/x86_64-linux-gnu/liblzma.so.5.2.5
7fae701be000-7fae701bf000 r--p 00028000 08:20 6585                       /usr/lib/x86_64-linux-gnu/liblzma.so.5.2.5
7fae701bf000-7fae701c0000 rw-p 00029000 08:20 6585                       /usr/lib/x86_64-linux-gnu/liblzma.so.5.2.5
7fae701c0000-7fae70226000 r--p 00000000 08:20 6547                       /usr/lib/x86_64-linux-gnu/libicuuc.so.70.1
7fae70226000-7fae70319000 r-xp 00066000 08:20 6547                       /usr/lib/x86_64-linux-gnu/libicuuc.so.70.1
7fae70319000-7fae703a5000 r--p 00159000 08:20 6547                       /usr/lib/x86_64-linux-gnu/libicuuc.so.70.1
7fae703a5000-7fae703b8000 r--p 001e4000 08:20 6547                       /usr/lib/x86_64-linux-gnu/libicuuc.so.70.1
7fae703b8000-7fae703b9000 rw-p 001f7000 08:20 6547                       /usr/lib/x86_64-linux-gnu/libicuuc.so.70.1
7fae703b9000-7fae703bb000 rw-p 00000000 00:00 0 
7fae703bb000-7fae703ea000 r--p 00000000 08:20 6772                       /usr/lib/x86_64-linux-gnu/libxml2.so.2.9.13
7fae703ea000-7fae7053d000 r-xp 0002f000 08:20 6772                       /usr/lib/x86_64-linux-gnu/libxml2.so.2.9.13
7fae7053d000-7fae70591000 r--p 00182000 08:20 6772                       /usr/lib/x86_64-linux-gnu/libxml2.so.2.9.13
7fae70591000-7fae70592000 ---p 001d6000 08:20 6772                       /usr/lib/x86_64-linux-gnu/libxml2.so.2.9.13
7fae70592000-7fae7059b000 r--p 001d6000 08:20 6772                       /usr/lib/x86_64-linux-gnu/libxml2.so.2.9.13
7fae7059b000-7fae7059c000 rw-p 001df000 08:20 6772                       /usr/lib/x86_64-linux-gnu/libxml2.so.2.9.13
7fae7059c000-7fae7059d000 rw-p 00000000 00:00 0 
7fae7059d000-7fae705ab000 r--p 00000000 08:20 6743                       /usr/lib/x86_64-linux-gnu/libtinfo.so.6.3
7fae705ab000-7fae705bc000 r-xp 0000e000 08:20 6743                       /usr/lib/x86_64-linux-gnu/libtinfo.so.6.3
7fae705bc000-7fae705ca000 r--p 0001f000 08:20 6743                       /usr/lib/x86_64-linux-gnu/libtinfo.so.6.3
7fae705ca000-7fae705ce000 r--p 0002c000 08:20 6743                       /usr/lib/x86_64-linux-gnu/libtinfo.so.6.3
7fae705ce000-7fae705cf000 rw-p 00030000 08:20 6743                       /usr/lib/x86_64-linux-gnu/libtinfo.so.6.3
7fae705cf000-7fae705d7000 r--p 00000000 08:20 6467                       /usr/lib/x86_64-linux-gnu/libedit.so.2.0.68
7fae705d7000-7fae705f5000 r-xp 00008000 08:20 6467                       /usr/lib/x86_64-linux-gnu/libedit.so.2.0.68
7fae705f5000-7fae70602000 r--p 00026000 08:20 6467                       /usr/lib/x86_64-linux-gnu/libedit.so.2.0.68
7fae70602000-7fae70604000 r--p 00032000 08:20 6467                       /usr/lib/x86_64-linux-gnu/libedit.so.2.0.68
7fae70604000-7fae70605000 rw-p 00034000 08:20 6467                       /usr/lib/x86_64-linux-gnu/libedit.so.2.0.68
7fae70605000-7fae70609000 rw-p 00000000 00:00 0 
7fae70609000-7fae7060b000 r--p 00000000 08:20 6483                       /usr/lib/x86_64-linux-gnu/libffi.so.8.1.0
7fae7060b000-7fae70612000 r-xp 00002000 08:20 6483                       /usr/lib/x86_64-linux-gnu/libffi.so.8.1.0
7fae70612000-7fae70613000 r--p 00009000 08:20 6483                       /usr/lib/x86_64-linux-gnu/libffi.so.8.1.0
7fae70613000-7fae70614000 ---p 0000a000 08:20 6483                       /usr/lib/x86_64-linux-gnu/libffi.so.8.1.0
7fae70614000-7fae70615000 r--p 0000a000 08:20 6483                       /usr/lib/x86_64-linux-gnu/libffi.so.8.1.0
7fae70615000-7fae70616000 rw-p 0000b000 08:20 6483                       /usr/lib/x86_64-linux-gnu/libffi.so.8.1.0
7fae70616000-7fae70625000 r--p 00000000 08:20 353751                     /usr/lib/x86_64-linux-gnu/libvulkan.so.1.3.204
7fae70625000-7fae70662000 r-xp 0000f000 08:20 353751                     /usr/lib/x86_64-linux-gnu/libvulkan.so.1.3.204
7fae70662000-7fae70682000 r--p 0004c000 08:20 353751                     /usr/lib/x86_64-linux-gnu/libvulkan.so.1.3.204
7fae70682000-7fae70683000 r--p 0006b000 08:20 353751                     /usr/lib/x86_64-linux-gnu/libvulkan.so.1.3.204
7fae70683000-7fae70684000 rw-p 0006c000 08:20 353751                     /usr/lib/x86_64-linux-gnu/libvulkan.so.1.3.204
7fae70684000-7fae70686000 r--p 00000000 08:20 353697                     /usr/lib/x86_64-linux-gnu/libdrm_nouveau.so.2.0.0
7fae70686000-7fae7068b000 r-xp 00002000 08:20 353697                     /usr/lib/x86_64-linux-gnu/libdrm_nouveau.so.2.0.0
7fae7068b000-7fae7068d000 r--p 00007000 08:20 353697                     /usr/lib/x86_64-linux-gnu/libdrm_nouveau.so.2.0.0
7fae7068d000-7fae7068e000 r--p 00008000 08:20 353697                     /usr/lib/x86_64-linux-gnu/libdrm_nouveau.so.2.0.0
7fae7068e000-7fae7068f000 rw-p 00009000 08:20 353697                     /usr/lib/x86_64-linux-gnu/libdrm_nouveau.so.2.0.0
7fae7068f000-7fae70692000 r--p 00000000 08:20 353687                     /usr/lib/x86_64-linux-gnu/libdrm_amdgpu.so.1.0.0
7fae70692000-7fae70697000 r-xp 00003000 08:20 353687                     /usr/lib/x86_64-linux-gnu/libdrm_amdgpu.so.1.0.0
7fae70697000-7fae70699000 r--p 00008000 08:20 353687                     /usr/lib/x86_64-linux-gnu/libdrm_amdgpu.so.1.0.0
7fae70699000-7fae7069a000 r--p 00009000 08:20 353687                     /usr/lib/x86_64-linux-gnu/libdrm_amdgpu.so.1.0.0
7fae7069a000-7fae7069b000 rw-p 0000a000 08:20 353687                     /usr/lib/x86_64-linux-gnu/libdrm_amdgpu.so.1.0.0
7fae7069b000-7fae7069e000 r--p 00000000 08:20 6468                       /usr/lib/x86_64-linux-gnu/libelf-0.186.so
7fae7069e000-7fae706b2000 r-xp 00003000 08:20 6468                       /usr/lib/x86_64-linux-gnu/libelf-0.186.so
7fae706b2000-7fae706b6000 r--p 00017000 08:20 6468                       /usr/lib/x86_64-linux-gnu/libelf-0.186.so
7fae706b6000-7fae706b7000 ---p 0001b000 08:20 6468                       /usr/lib/x86_64-linux-gnu/libelf-0.186.so
7fae706b7000-7fae706b8000 r--p 0001b000 08:20 6468                       /usr/lib/x86_64-linux-gnu/libelf-0.186.so
7fae706b8000-7fae706b9000 rw-p 0001c000 08:20 6468                       /usr/lib/x86_64-linux-gnu/libelf-0.186.so
7fae706b9000-7fae706bb000 r--p 00000000 08:20 353707                     /usr/lib/x86_64-linux-gnu/libdrm_radeon.so.1.0.1
7fae706bb000-7fae706c2000 r-xp 00002000 08:20 353707                     /usr/lib/x86_64-linux-gnu/libdrm_radeon.so.1.0.1
7fae706c2000-7fae706c6000 r--p 00009000 08:20 353707                     /usr/lib/x86_64-linux-gnu/libdrm_radeon.so.1.0.1
7fae706c6000-7fae706c7000 r--p 0000c000 08:20 353707                     /usr/lib/x86_64-linux-gnu/libdrm_radeon.so.1.0.1
7fae706c7000-7fae706c8000 rw-p 0000d000 08:20 353707                     /usr/lib/x86_64-linux-gnu/libdrm_radeon.so.1.0.1
7fae706c8000-7fae706ca000 r--p 00000000 08:20 12231                      /usr/lib/x86_64-linux-gnu/libsensors.so.5.0.0
7fae706ca000-7fae706d1000 r-xp 00002000 08:20 12231                      /usr/lib/x86_64-linux-gnu/libsensors.so.5.0.0
7fae706d1000-7fae706d5000 r--p 00009000 08:20 12231                      /usr/lib/x86_64-linux-gnu/libsensors.so.5.0.0
7fae706d5000-7fae706d6000 ---p 0000d000 08:20 12231                      /usr/lib/x86_64-linux-gnu/libsensors.so.5.0.0
7fae706d6000-7fae706d7000 r--p 0000d000 08:20 12231                      /usr/lib/x86_64-linux-gnu/libsensors.so.5.0.0
7fae706d7000-7fae706d8000 rw-p 0000e000 08:20 12231                      /usr/lib/x86_64-linux-gnu/libsensors.so.5.0.0
7fae706d8000-7fae706e2000 r--p 00000000 08:20 6784                       /usr/lib/x86_64-linux-gnu/libzstd.so.1.4.8
7fae706e2000-7fae70794000 r-xp 0000a000 08:20 6784                       /usr/lib/x86_64-linux-gnu/libzstd.so.1.4.8
7fae70794000-7fae707a5000 r--p 000bc000 08:20 6784                       /usr/lib/x86_64-linux-gnu/libzstd.so.1.4.8
7fae707a5000-7fae707a6000 r--p 000cc000 08:20 6784                       /usr/lib/x86_64-linux-gnu/libzstd.so.1.4.8
7fae707a6000-7fae707a7000 rw-p 000cd000 08:20 6784                       /usr/lib/x86_64-linux-gnu/libzstd.so.1.4.8
7fae707a7000-7fae707aa000 r--p 00000000 08:20 353658                     /usr/lib/x86_64-linux-gnu/libxcb-xfixes.so.0.0.0
7fae707aa000-7fae707ad000 r-xp 00003000 08:20 353658                     /usr/lib/x86_64-linux-gnu/libxcb-xfixes.so.0.0.0
7fae707ad000-7fae707ae000 r--p 00006000 08:20 353658                     /usr/lib/x86_64-linux-gnu/libxcb-xfixes.so.0.0.0
7fae707ae000-7fae707af000 ---p 00007000 08:20 353658                     /usr/lib/x86_64-linux-gnu/libxcb-xfixes.so.0.0.0
7fae707af000-7fae707b0000 r--p 00007000 08:20 353658                     /usr/lib/x86_64-linux-gnu/libxcb-xfixes.so.0.0.0
7fae707b0000-7fae707b1000 rw-p 00008000 08:20 353658                     /usr/lib/x86_64-linux-gnu/libxcb-xfixes.so.0.0.0
7fae707b1000-7fae707b2000 r--p 00000000 08:20 353668                     /usr/lib/x86_64-linux-gnu/libxshmfence.so.1.0.0
7fae707b2000-7fae707b3000 r-xp 00001000 08:20 353668                     /usr/lib/x86_64-linux-gnu/libxshmfence.so.1.0.0
7fae707b3000-7fae707b4000 r--p 00002000 08:20 353668                     /usr/lib/x86_64-linux-gnu/libxshmfence.so.1.0.0
7fae707b4000-7fae707b5000 r--p 00002000 08:20 353668                     /usr/lib/x86_64-linux-gnu/libxshmfence.so.1.0.0
7fae707b5000-7fae707b6000 rw-p 00003000 08:20 353668                     /usr/lib/x86_64-linux-gnu/libxshmfence.so.1.0.0
7fae707b6000-7fae707b9000 r--p 00000000 08:20 353648                     /usr/lib/x86_64-linux-gnu/libxcb-sync.so.1.0.0
7fae707b9000-7fae707bc000 r-xp 00003000 08:20 353648                     /usr/lib/x86_64-linux-gnu/libxcb-sync.so.1.0.0
7fae707bc000-7fae707bd000 r--p 00006000 08:20 353648                     /usr/lib/x86_64-linux-gnu/libxcb-sync.so.1.0.0
7fae707bd000-7fae707be000 ---p 00007000 08:20 353648                     /usr/lib/x86_64-linux-gnu/libxcb-sync.so.1.0.0
7fae707be000-7fae707bf000 r--p 00007000 08:20 353648                     /usr/lib/x86_64-linux-gnu/libxcb-sync.so.1.0.0
7fae707bf000-7fae707c0000 rw-p 00008000 08:20 353648                     /usr/lib/x86_64-linux-gnu/libxcb-sync.so.1.0.0
7fae707c0000-7fae707c1000 r--p 00000000 08:20 353628                     /usr/lib/x86_64-linux-gnu/libxcb-present.so.0.0.0
7fae707c1000-7fae707c2000 r-xp 00001000 08:20 353628                     /usr/lib/x86_64-linux-gnu/libxcb-present.so.0.0.0
7fae707c2000-7fae707c3000 r--p 00002000 08:20 353628                     /usr/lib/x86_64-linux-gnu/libxcb-present.so.0.0.0
7fae707c3000-7fae707c4000 r--p 00002000 08:20 353628                     /usr/lib/x86_64-linux-gnu/libxcb-present.so.0.0.0
7fae707c4000-7fae707c5000 rw-p 00003000 08:20 353628                     /usr/lib/x86_64-linux-gnu/libxcb-present.so.0.0.0
7fae707c5000-7fae707c7000 r--p 00000000 08:20 353608                     /usr/lib/x86_64-linux-gnu/libxcb-dri3.so.0.0.0
7fae707c7000-7fae707c9000 r-xp 00002000 08:20 353608                     /usr/lib/x86_64-linux-gnu/libxcb-dri3.so.0.0.0
7fae707c9000-7fae707ca000 r--p 00004000 08:20 353608                     /usr/lib/x86_64-linux-gnu/libxcb-dri3.so.0.0.0
7fae707ca000-7fae707cb000 r--p 00004000 08:20 353608                     /usr/lib/x86_64-linux-gnu/libxcb-dri3.so.0.0.0
7fae707cb000-7fae707cc000 rw-p 00005000 08:20 353608                     /usr/lib/x86_64-linux-gnu/libxcb-dri3.so.0.0.0
7fae707cc000-7fae707d0000 r--p 00000000 08:20 6475                       /usr/lib/x86_64-linux-gnu/libexpat.so.1.8.7
7fae707d0000-7fae707ef000 r-xp 00004000 08:20 6475                       /usr/lib/x86_64-linux-gnu/libexpat.so.1.8.7
7fae707ef000-7fae707f9000 r--p 00023000 08:20 6475                       /usr/lib/x86_64-linux-gnu/libexpat.so.1.8.7
7fae707f9000-7fae707fa000 ---p 0002d000 08:20 6475                       /usr/lib/x86_64-linux-gnu/libexpat.so.1.8.7
7fae707fa000-7fae707fc000 r--p 0002d000 08:20 6475                       /usr/lib/x86_64-linux-gnu/libexpat.so.1.8.7
7fae707fc000-7fae707fd000 rw-p 0002f000 08:20 6475                       /usr/lib/x86_64-linux-gnu/libexpat.so.1.8.7
7fae707fd000-7fae707fe000 r--p 00000000 08:20 353677                     /usr/lib/x86_64-linux-gnu/libXxf86vm.so.1.0.0
7fae707fe000-7fae70801000 r-xp 00001000 08:20 353677                     /usr/lib/x86_64-linux-gnu/libXxf86vm.so.1.0.0
7fae70801000-7fae70802000 r--p 00004000 08:20 353677                     /usr/lib/x86_64-linux-gnu/libXxf86vm.so.1.0.0
7fae70802000-7fae70803000 r--p 00004000 08:20 353677                     /usr/lib/x86_64-linux-gnu/libXxf86vm.so.1.0.0
7fae70803000-7fae70804000 rw-p 00005000 08:20 353677                     /usr/lib/x86_64-linux-gnu/libXxf86vm.so.1.0.0
7fae70804000-7fae70806000 r--p 00000000 08:20 351763                     /usr/lib/x86_64-linux-gnu/libXfixes.so.3.1.0
7fae70806000-7fae70809000 r-xp 00002000 08:20 351763                     /usr/lib/x86_64-linux-gnu/libXfixes.so.3.1.0
7fae70809000-7fae7080a000 r--p 00005000 08:20 351763                     /usr/lib/x86_64-linux-gnu/libXfixes.so.3.1.0
7fae7080a000-7fae7080b000 r--p 00006000 08:20 351763                     /usr/lib/x86_64-linux-gnu/libXfixes.so.3.1.0
7fae7080b000-7fae7080c000 rw-p 00007000 08:20 351763                     /usr/lib/x86_64-linux-gnu/libXfixes.so.3.1.0
7fae7080c000-7fae70810000 r--p 00000000 08:20 6386                       /usr/lib/x86_64-linux-gnu/libXext.so.6.4.0
7fae70810000-7fae7081b000 r-xp 00004000 08:20 6386                       /usr/lib/x86_64-linux-gnu/libXext.so.6.4.0
7fae7081b000-7fae7081f000 r--p 0000f000 08:20 6386                       /usr/lib/x86_64-linux-gnu/libXext.so.6.4.0
7fae7081f000-7fae70820000 r--p 00012000 08:20 6386                       /usr/lib/x86_64-linux-gnu/libXext.so.6.4.0
7fae70820000-7fae70821000 rw-p 00013000 08:20 6386                       /usr/lib/x86_64-linux-gnu/libXext.so.6.4.0
7fae70821000-7fae70823000 r--p 00000000 08:20 353598                     /usr/lib/x86_64-linux-gnu/libxcb-dri2.so.0.0.0
7fae70823000-7fae70825000 r-xp 00002000 08:20 353598                     /usr/lib/x86_64-linux-gnu/libxcb-dri2.so.0.0.0
7fae70825000-7fae70826000 r--p 00004000 08:20 353598                     /usr/lib/x86_64-linux-gnu/libxcb-dri2.so.0.0.0
7fae70826000-7fae70827000 r--p 00004000 08:20 353598                     /usr/lib/x86_64-linux-gnu/libxcb-dri2.so.0.0.0
7fae70827000-7fae70828000 rw-p 00005000 08:20 353598                     /usr/lib/x86_64-linux-gnu/libxcb-dri2.so.0.0.0
7fae70828000-7fae70833000 r--p 00000000 08:20 353618                     /usr/lib/x86_64-linux-gnu/libxcb-glx.so.0.0.0
7fae70833000-7fae7083c000 r-xp 0000b000 08:20 353618                     /usr/lib/x86_64-linux-gnu/libxcb-glx.so.0.0.0
7fae7083c000-7fae70841000 r--p 00014000 08:20 353618                     /usr/lib/x86_64-linux-gnu/libxcb-glx.so.0.0.0
7fae70841000-7fae70842000 ---p 00019000 08:20 353618                     /usr/lib/x86_64-linux-gnu/libxcb-glx.so.0.0.0
7fae70842000-7fae70844000 r--p 00019000 08:20 353618                     /usr/lib/x86_64-linux-gnu/libxcb-glx.so.0.0.0
7fae70844000-7fae70845000 rw-p 0001b000 08:20 353618                     /usr/lib/x86_64-linux-gnu/libxcb-glx.so.0.0.0
7fae70845000-7fae7084a000 r--p 00000000 08:20 6461                       /usr/lib/x86_64-linux-gnu/libdrm.so.2.4.0
7fae7084a000-7fae70855000 r-xp 00005000 08:20 6461                       /usr/lib/x86_64-linux-gnu/libdrm.so.2.4.0
7fae70855000-7fae70859000 r--p 00010000 08:20 6461                       /usr/lib/x86_64-linux-gnu/libdrm.so.2.4.0
7fae70859000-7fae7085a000 r--p 00013000 08:20 6461                       /usr/lib/x86_64-linux-gnu/libdrm.so.2.4.0
7fae7085a000-7fae7085b000 rw-p 00014000 08:20 6461                       /usr/lib/x86_64-linux-gnu/libdrm.so.2.4.0
7fae7085b000-7fae70868000 r--p 00000000 08:20 353576                     /usr/lib/x86_64-linux-gnu/libglapi.so.0.0.0
7fae70868000-7fae70876000 r-xp 0000d000 08:20 353576                     /usr/lib/x86_64-linux-gnu/libglapi.so.0.0.0
7fae70876000-7fae7088f000 r--p 0001b000 08:20 353576                     /usr/lib/x86_64-linux-gnu/libglapi.so.0.0.0
7fae7088f000-7fae70890000 ---p 00034000 08:20 353576                     /usr/lib/x86_64-linux-gnu/libglapi.so.0.0.0
7fae70890000-7fae70894000 r--p 00034000 08:20 353576                     /usr/lib/x86_64-linux-gnu/libglapi.so.0.0.0
7fae70894000-7fae70895000 rw-p 00038000 08:20 353576                     /usr/lib/x86_64-linux-gnu/libglapi.so.0.0.0
7fae70895000-7fae70896000 rw-p 00000000 00:00 0 
7fae70896000-7fae708af000 r--p 00000000 08:20 353777                     /usr/lib/x86_64-linux-gnu/libGLX_mesa.so.0.0.0
7fae708af000-7fae708ed000 r-xp 00019000 08:20 353777                     /usr/lib/x86_64-linux-gnu/libGLX_mesa.so.0.0.0
7fae708ed000-7fae70902000 r--p 00057000 08:20 353777                     /usr/lib/x86_64-linux-gnu/libGLX_mesa.so.0.0.0
7fae70902000-7fae70903000 ---p 0006c000 08:20 353777                     /usr/lib/x86_64-linux-gnu/libGLX_mesa.so.0.0.0
7fae70903000-7fae70905000 r--p 0006c000 08:20 353777                     /usr/lib/x86_64-linux-gnu/libGLX_mesa.so.0.0.0
7fae70905000-7fae70906000 rw-p 0006e000 08:20 353777                     /usr/lib/x86_64-linux-gnu/libGLX_mesa.so.0.0.0
7fae70906000-7fae70907000 rw-p 00000000 00:00 0 
7fae70907000-7fae70909000 r--p 00000000 08:20 6594                       /usr/lib/x86_64-linux-gnu/libmd.so.0.0.5
7fae70909000-7fae70910000 r-xp 00002000 08:20 6594                       /usr/lib/x86_64-linux-gnu/libmd.so.0.0.5
7fae70910000-7fae70912000 r--p 00009000 08:20 6594                       /usr/lib/x86_64-linux-gnu/libmd.so.0.0.5
7fae70912000-7fae70913000 r--p 0000a000 08:20 6594                       /usr/lib/x86_64-linux-gnu/libmd.so.0.0.5
7fae70913000-7fae70914000 rw-p 0000b000 08:20 6594                       /usr/lib/x86_64-linux-gnu/libmd.so.0.0.5
7fae70914000-7fae70917000 r--p 00000000 08:20 353791                     /usr/lib/x86_64-linux-gnu/libGLX.so.0.0.0
7fae70917000-7fae70932000 r-xp 00003000 08:20 353791                     /usr/lib/x86_64-linux-gnu/libGLX.so.0.0.0
7fae70932000-7fae70935000 r--p 0001e000 08:20 353791                     /usr/lib/x86_64-linux-gnu/libGLX.so.0.0.0
7fae70935000-7fae70936000 ---p 00021000 08:20 353791                     /usr/lib/x86_64-linux-gnu/libGLX.so.0.0.0
7fae70936000-7fae70937000 r--p 00021000 08:20 353791                     /usr/lib/x86_64-linux-gnu/libGLX.so.0.0.0
7fae70937000-7fae70938000 rw-p 00022000 08:20 353791                     /usr/lib/x86_64-linux-gnu/libGLX.so.0.0.0
7fae70938000-7fae70948000 rw-p 00000000 00:00 0 
7fae70948000-7fae70988000 r--p 00000000 08:20 353565                     /usr/lib/x86_64-linux-gnu/libGLdispatch.so.0.0.0
7fae70988000-7fae709c7000 r-xp 00040000 08:20 353565                     /usr/lib/x86_64-linux-gnu/libGLdispatch.so.0.0.0
7fae709c7000-7fae709da000 r--p 0007f000 08:20 353565                     /usr/lib/x86_64-linux-gnu/libGLdispatch.so.0.0.0
7fae709da000-7fae709db000 ---p 00092000 08:20 353565                     /usr/lib/x86_64-linux-gnu/libGLdispatch.so.0.0.0
7fae709db000-7fae709f7000 r--p 00092000 08:20 353565                     /usr/lib/x86_64-linux-gnu/libGLdispatch.so.0.0.0
7fae709f7000-7fae709f8000 rw-p 000ae000 08:20 353565                     /usr/lib/x86_64-linux-gnu/libGLdispatch.so.0.0.0
7fae709f8000-7fae70a00000 rw-p 00000000 00:00 0 
7fae70a00000-7fae70a0c000 r-xp 00000000 08:20 371130                     /home/owenyap/.openjfx/cache/11/libprism_es2.so
7fae70a0c000-7fae70c0b000 ---p 0000c000 08:20 371130                     /home/owenyap/.openjfx/cache/11/libprism_es2.so
7fae70c0b000-7fae70c0c000 r--p 0000b000 08:20 371130                     /home/owenyap/.openjfx/cache/11/libprism_es2.so
7fae70c0c000-7fae70c0d000 rw-p 0000c000 08:20 371130                     /home/owenyap/.openjfx/cache/11/libprism_es2.so
7fae70c0d000-7fae70c0e000 r--p 00000000 08:20 353638                     /usr/lib/x86_64-linux-gnu/libxcb-shm.so.0.0.0
7fae70c0e000-7fae70c0f000 r-xp 00001000 08:20 353638                     /usr/lib/x86_64-linux-gnu/libxcb-shm.so.0.0.0
7fae70c0f000-7fae70c10000 r--p 00002000 08:20 353638                     /usr/lib/x86_64-linux-gnu/libxcb-shm.so.0.0.0
7fae70c10000-7fae70c11000 r--p 00002000 08:20 353638                     /usr/lib/x86_64-linux-gnu/libxcb-shm.so.0.0.0
7fae70c11000-7fae70c12000 rw-p 00003000 08:20 353638                     /usr/lib/x86_64-linux-gnu/libxcb-shm.so.0.0.0
7fae70c12000-7fae70c13000 r--p 00000000 08:20 353588                     /usr/lib/x86_64-linux-gnu/libX11-xcb.so.1.0.0
7fae70c13000-7fae70c14000 r-xp 00001000 08:20 353588                     /usr/lib/x86_64-linux-gnu/libX11-xcb.so.1.0.0
7fae70c14000-7fae70c15000 r--p 00002000 08:20 353588                     /usr/lib/x86_64-linux-gnu/libX11-xcb.so.1.0.0
7fae70c15000-7fae70c16000 r--p 00002000 08:20 353588                     /usr/lib/x86_64-linux-gnu/libX11-xcb.so.1.0.0
7fae70c16000-7fae70c17000 rw-p 00003000 08:20 353588                     /usr/lib/x86_64-linux-gnu/libX11-xcb.so.1.0.0
7fae70c17000-7fae70c1b000 r--p 00000000 08:20 6422                       /usr/lib/x86_64-linux-gnu/libbsd.so.0.11.5
7fae70c1b000-7fae70c28000 r-xp 00004000 08:20 6422                       /usr/lib/x86_64-linux-gnu/libbsd.so.0.11.5
7fae70c28000-7fae70c2b000 r--p 00011000 08:20 6422                       /usr/lib/x86_64-linux-gnu/libbsd.so.0.11.5
7fae70c2b000-7fae70c2c000 ---p 00014000 08:20 6422                       /usr/lib/x86_64-linux-gnu/libbsd.so.0.11.5
7fae70c2c000-7fae70c2d000 r--p 00014000 08:20 6422                       /usr/lib/x86_64-linux-gnu/libbsd.so.0.11.5
7fae70c2d000-7fae70c2e000 rw-p 00015000 08:20 6422                       /usr/lib/x86_64-linux-gnu/libbsd.so.0.11.5
7fae70c2e000-7fae70c2f000 rw-p 00000000 00:00 0 
7fae70c2f000-7fae70c31000 r--p 00000000 08:20 6384                       /usr/lib/x86_64-linux-gnu/libXdmcp.so.6.0.0
7fae70c31000-7fae70c33000 r-xp 00002000 08:20 6384                       /usr/lib/x86_64-linux-gnu/libXdmcp.so.6.0.0
7fae70c33000-7fae70c35000 r--p 00004000 08:20 6384                       /usr/lib/x86_64-linux-gnu/libXdmcp.so.6.0.0
7fae70c35000-7fae70c36000 r--p 00005000 08:20 6384                       /usr/lib/x86_64-linux-gnu/libXdmcp.so.6.0.0
7fae70c36000-7fae70c37000 rw-p 00006000 08:20 6384                       /usr/lib/x86_64-linux-gnu/libXdmcp.so.6.0.0
7fae70c37000-7fae70c7a000 r--p 00000000 08:20 353803                     /usr/lib/x86_64-linux-gnu/libGL.so.1.7.0
7fae70c7a000-7fae70c99000 r-xp 00043000 08:20 353803                     /usr/lib/x86_64-linux-gnu/libGL.so.1.7.0
7fae70c99000-7fae70cae000 r--p 00062000 08:20 353803                     /usr/lib/x86_64-linux-gnu/libGL.so.1.7.0
7fae70cae000-7fae70cbc000 r--p 00076000 08:20 353803                     /usr/lib/x86_64-linux-gnu/libGL.so.1.7.0
7fae70cbc000-7fae70cbd000 rw-p 00084000 08:20 353803                     /usr/lib/x86_64-linux-gnu/libGL.so.1.7.0
7fae70cbd000-7fae70cbe000 rw-p 00000000 00:00 0 
7fae70cbe000-7fae70cd7000 r--p 00000000 08:20 6380                       /usr/lib/x86_64-linux-gnu/libX11.so.6.4.0
7fae70cd7000-7fae70d63000 r-xp 00019000 08:20 6380                       /usr/lib/x86_64-linux-gnu/libX11.so.6.4.0
7fae70d63000-7fae70df8000 r--p 000a5000 08:20 6380                       /usr/lib/x86_64-linux-gnu/libX11.so.6.4.0
7fae70df8000-7fae70df9000 ---p 0013a000 08:20 6380                       /usr/lib/x86_64-linux-gnu/libX11.so.6.4.0
7fae70df9000-7fae70dfa000 r--p 0013a000 08:20 6380                       /usr/lib/x86_64-linux-gnu/libX11.so.6.4.0
7fae70dfa000-7fae70dfe000 rw-p 0013b000 08:20 6380                       /usr/lib/x86_64-linux-gnu/libX11.so.6.4.0
7fae70dfe000-7fae70e02000 ---p 00000000 00:00 0 
7fae70e02000-7fae70efe000 rw-p 00000000 00:00 0 
7fae70efe000-7fae70f02000 ---p 00000000 00:00 0 
7fae70f02000-7fae70ffe000 rw-p 00000000 00:00 0 
7fae70ffe000-7fae71002000 ---p 00000000 00:00 0 
7fae71002000-7fae710fe000 rw-p 00000000 00:00 0 
7fae710fe000-7fae71102000 ---p 00000000 00:00 0 
7fae71102000-7fae711fe000 rw-p 00000000 00:00 0 
7fae711fe000-7fae71202000 ---p 00000000 00:00 0 
7fae71202000-7fae712fe000 rw-p 00000000 00:00 0 
7fae712fe000-7fae712ff000 ---p 00000000 00:00 0 
7fae712ff000-7fae71400000 rw-p 00000000 00:00 0 
7fae71400000-7fae71404000 ---p 00000000 00:00 0 
7fae71404000-7fae71500000 rw-p 00000000 00:00 0 
7fae71500000-7fae71504000 ---p 00000000 00:00 0 
7fae71504000-7fae71600000 rw-p 00000000 00:00 0 
7fae71600000-7fae71604000 ---p 00000000 00:00 0 
7fae71604000-7fae71700000 rw-p 00000000 00:00 0 
7fae71700000-7fae71704000 ---p 00000000 00:00 0 
7fae71704000-7fae71d80000 rw-p 00000000 00:00 0 
7fae71d80000-7fae72000000 ---p 00000000 00:00 0 
7fae72000000-7fae74000000 rw-p 00000000 00:00 0 
7fae74000000-7fae74021000 rw-p 00000000 00:00 0 
7fae74021000-7fae78000000 ---p 00000000 00:00 0 
7fae78002000-7fae7800d000 r--p 00000000 08:20 6770                       /usr/lib/x86_64-linux-gnu/libxcb.so.1.1.0
7fae7800d000-7fae78021000 r-xp 0000b000 08:20 6770                       /usr/lib/x86_64-linux-gnu/libxcb.so.1.1.0
7fae78021000-7fae7802a000 r--p 0001f000 08:20 6770                       /usr/lib/x86_64-linux-gnu/libxcb.so.1.1.0
7fae7802a000-7fae7802b000 r--p 00027000 08:20 6770                       /usr/lib/x86_64-linux-gnu/libxcb.so.1.1.0
7fae7802b000-7fae7802c000 rw-p 00028000 08:20 6770                       /usr/lib/x86_64-linux-gnu/libxcb.so.1.1.0
7fae7802c000-7fae7805d000 rw-p 00000000 00:00 0 
7fae7805d000-7fae78061000 r--p 00000000 08:20 353364                     /usr/lib/jvm/java-11-openjdk-amd64/lib/libnet.so
7fae78061000-7fae7806f000 r-xp 00004000 08:20 353364                     /usr/lib/jvm/java-11-openjdk-amd64/lib/libnet.so
7fae7806f000-7fae78073000 r--p 00012000 08:20 353364                     /usr/lib/jvm/java-11-openjdk-amd64/lib/libnet.so
7fae78073000-7fae78074000 r--p 00015000 08:20 353364                     /usr/lib/jvm/java-11-openjdk-amd64/lib/libnet.so
7fae78074000-7fae78075000 rw-p 00016000 08:20 353364                     /usr/lib/jvm/java-11-openjdk-amd64/lib/libnet.so
7fae78075000-7fae7807c000 r--p 00000000 08:20 353365                     /usr/lib/jvm/java-11-openjdk-amd64/lib/libnio.so
7fae7807c000-7fae78084000 r-xp 00007000 08:20 353365                     /usr/lib/jvm/java-11-openjdk-amd64/lib/libnio.so
7fae78084000-7fae78087000 r--p 0000f000 08:20 353365                     /usr/lib/jvm/java-11-openjdk-amd64/lib/libnio.so
7fae78087000-7fae78088000 r--p 00011000 08:20 353365                     /usr/lib/jvm/java-11-openjdk-amd64/lib/libnio.so
7fae78088000-7fae78089000 rw-p 00012000 08:20 353365                     /usr/lib/jvm/java-11-openjdk-amd64/lib/libnio.so
7fae78089000-7fae7808d000 ---p 00000000 00:00 0 
7fae7808d000-7fae78189000 rw-p 00000000 00:00 0 
7fae78189000-7fae781e0000 r--p 00000000 08:20 2336                       /usr/lib/locale/C.utf8/LC_CTYPE
7fae781e0000-7fae781e4000 ---p 00000000 00:00 0 
7fae781e4000-7fae784d0000 rw-p 00000000 00:00 0 
7fae784d0000-7fae7a168000 ---p 00000000 00:00 0 
7fae7a168000-7fae7a360000 rw-p 00000000 00:00 0 
7fae7a360000-7fae7bff8000 ---p 00000000 00:00 0 
7fae7bff8000-7fae7c000000 rw-p 00000000 00:00 0 
7fae7c000000-7fae7c021000 rw-p 00000000 00:00 0 
7fae7c021000-7fae80000000 ---p 00000000 00:00 0 
7fae80004000-7fae80005000 r--p 00000000 08:20 6382                       /usr/lib/x86_64-linux-gnu/libXau.so.6.0.0
7fae80005000-7fae80007000 r-xp 00001000 08:20 6382                       /usr/lib/x86_64-linux-gnu/libXau.so.6.0.0
7fae80007000-7fae80008000 r--p 00003000 08:20 6382                       /usr/lib/x86_64-linux-gnu/libXau.so.6.0.0
7fae80008000-7fae80009000 r--p 00003000 08:20 6382                       /usr/lib/x86_64-linux-gnu/libXau.so.6.0.0
7fae80009000-7fae8000a000 rw-p 00004000 08:20 6382                       /usr/lib/x86_64-linux-gnu/libXau.so.6.0.0
7fae80010000-7fae80011000 r--p 00000000 08:20 2343                       /usr/lib/locale/C.utf8/LC_NUMERIC
7fae80011000-7fae80012000 r--p 00000000 08:20 2346                       /usr/lib/locale/C.utf8/LC_TIME
7fae80012000-7fae80013000 r--p 00000000 08:20 2335                       /usr/lib/locale/C.utf8/LC_COLLATE
7fae80013000-7fae80014000 r--p 00000000 08:20 2341                       /usr/lib/locale/C.utf8/LC_MONETARY
7fae80014000-7fae80015000 r--p 00000000 08:20 2340                       /usr/lib/locale/C.utf8/LC_MESSAGES/SYS_LC_MESSAGES
7fae80015000-7fae80016000 r--p 00000000 08:20 2344                       /usr/lib/locale/C.utf8/LC_PAPER
7fae80016000-7fae80017000 r--p 00000000 08:20 2342                       /usr/lib/locale/C.utf8/LC_NAME
7fae80017000-7fae80018000 r--p 00000000 08:20 2334                       /usr/lib/locale/C.utf8/LC_ADDRESS
7fae80018000-7fae8001c000 ---p 00000000 00:00 0 
7fae8001c000-7fae80118000 rw-p 00000000 00:00 0 
7fae80118000-7fae80119000 ---p 00000000 00:00 0 
7fae80119000-7fae802f6000 rw-p 00000000 00:00 0 
7fae802f6000-7fae802f7000 ---p 00000000 00:00 0 
7fae802f7000-7fae803f8000 rw-p 00000000 00:00 0 
7fae803f8000-7fae803f9000 ---p 00000000 00:00 0 
7fae803f9000-7fae807fd000 rw-p 00000000 00:00 0 
7fae807fd000-7fae80a6d000 rwxp 00000000 00:00 0 
7fae80a6d000-7fae80d8e000 ---p 00000000 00:00 0 
7fae80d8e000-7fae80ffe000 rwxp 00000000 00:00 0 
7fae80ffe000-7fae882c5000 ---p 00000000 00:00 0 
7fae882c5000-7fae88535000 rwxp 00000000 00:00 0 
7fae88535000-7fae8f7fd000 ---p 00000000 00:00 0 
7fae8f7fd000-7fae98000000 r--s 00000000 08:20 353374                     /usr/lib/jvm/java-11-openjdk-amd64/lib/modules
7fae98000000-7fae981f0000 rw-p 00000000 00:00 0 
7fae981f0000-7fae9c000000 ---p 00000000 00:00 0 
7fae9c000000-7fae9c007000 r--s 00000000 08:20 6197                       /usr/lib/x86_64-linux-gnu/gconv/gconv-modules.cache
7fae9c007000-7fae9c778000 rw-p 00000000 00:00 0 
7fae9c778000-7fae9c779000 ---p 00000000 00:00 0 
7fae9c779000-7fae9c87a000 rw-p 00000000 00:00 0 
7fae9c87a000-7fae9c87b000 ---p 00000000 00:00 0 
7fae9c87b000-7fae9ca39000 rw-p 00000000 00:00 0 
7fae9ca39000-7fae9cdcc000 ---p 00000000 00:00 0 
7fae9cdcc000-7fae9ce0b000 rw-p 00000000 00:00 0 
7fae9ce0b000-7fae9d19e000 ---p 00000000 00:00 0 
7fae9d19e000-7fae9d1dd000 rw-p 00000000 00:00 0 
7fae9d1dd000-7fae9d570000 ---p 00000000 00:00 0 
7fae9d570000-7fae9df7b000 rw-p 00000000 00:00 0 
7fae9df7b000-7fae9df7c000 ---p 00000000 00:00 0 
7fae9df7c000-7fae9e082000 rw-p 00000000 00:00 0 
7fae9e082000-7fae9e168000 ---p 00000000 00:00 0 
7fae9e168000-7fae9e16d000 rw-p 00000000 00:00 0 
7fae9e16d000-7fae9e253000 ---p 00000000 00:00 0 
7fae9e253000-7fae9e258000 rw-p 00000000 00:00 0 
7fae9e258000-7fae9e25f000 ---p 00000000 00:00 0 
7fae9e25f000-7fae9e261000 r--p 00000000 08:20 353373                     /usr/lib/jvm/java-11-openjdk-amd64/lib/libzip.so
7fae9e261000-7fae9e266000 r-xp 00002000 08:20 353373                     /usr/lib/jvm/java-11-openjdk-amd64/lib/libzip.so
7fae9e266000-7fae9e268000 r--p 00007000 08:20 353373                     /usr/lib/jvm/java-11-openjdk-amd64/lib/libzip.so
7fae9e268000-7fae9e269000 r--p 00008000 08:20 353373                     /usr/lib/jvm/java-11-openjdk-amd64/lib/libzip.so
7fae9e269000-7fae9e26a000 rw-p 00009000 08:20 353373                     /usr/lib/jvm/java-11-openjdk-amd64/lib/libzip.so
7fae9e26a000-7fae9e272000 rw-s 00000000 08:20 372050                     /tmp/hsperfdata_owenyap/12666 (deleted)
7fae9e272000-7fae9e274000 r--p 00000000 08:20 353356                     /usr/lib/jvm/java-11-openjdk-amd64/lib/libjimage.so
7fae9e274000-7fae9e277000 r-xp 00002000 08:20 353356                     /usr/lib/jvm/java-11-openjdk-amd64/lib/libjimage.so
7fae9e277000-7fae9e278000 r--p 00005000 08:20 353356                     /usr/lib/jvm/java-11-openjdk-amd64/lib/libjimage.so
7fae9e278000-7fae9e279000 ---p 00006000 08:20 353356                     /usr/lib/jvm/java-11-openjdk-amd64/lib/libjimage.so
7fae9e279000-7fae9e27a000 r--p 00006000 08:20 353356                     /usr/lib/jvm/java-11-openjdk-amd64/lib/libjimage.so
7fae9e27a000-7fae9e27b000 rw-p 00007000 08:20 353356                     /usr/lib/jvm/java-11-openjdk-amd64/lib/libjimage.so
7fae9e27b000-7fae9e288000 r--p 00000000 08:20 353353                     /usr/lib/jvm/java-11-openjdk-amd64/lib/libjava.so
7fae9e288000-7fae9e29e000 r-xp 0000d000 08:20 353353                     /usr/lib/jvm/java-11-openjdk-amd64/lib/libjava.so
7fae9e29e000-7fae9e2a5000 r--p 00023000 08:20 353353                     /usr/lib/jvm/java-11-openjdk-amd64/lib/libjava.so
7fae9e2a5000-7fae9e2a6000 r--p 00029000 08:20 353353                     /usr/lib/jvm/java-11-openjdk-amd64/lib/libjava.so
7fae9e2a6000-7fae9e2a7000 rw-p 0002a000 08:20 353353                     /usr/lib/jvm/java-11-openjdk-amd64/lib/libjava.so
7fae9e2a7000-7fae9e2a8000 rw-p 00000000 00:00 0 
7fae9e2a8000-7fae9e2ad000 r--p 00000000 08:20 353372                     /usr/lib/jvm/java-11-openjdk-amd64/lib/libverify.so
7fae9e2ad000-7fae9e2b4000 r-xp 00005000 08:20 353372                     /usr/lib/jvm/java-11-openjdk-amd64/lib/libverify.so
7fae9e2b4000-7fae9e2b6000 r--p 0000c000 08:20 353372                     /usr/lib/jvm/java-11-openjdk-amd64/lib/libverify.so
7fae9e2b6000-7fae9e2b8000 r--p 0000d000 08:20 353372                     /usr/lib/jvm/java-11-openjdk-amd64/lib/libverify.so
7fae9e2b8000-7fae9e2b9000 rw-p 0000f000 08:20 353372                     /usr/lib/jvm/java-11-openjdk-amd64/lib/libverify.so
7fae9e2b9000-7fae9e2ba000 r--p 00000000 08:20 6707                       /usr/lib/x86_64-linux-gnu/librt.so.1
7fae9e2ba000-7fae9e2bb000 r-xp 00001000 08:20 6707                       /usr/lib/x86_64-linux-gnu/librt.so.1
7fae9e2bb000-7fae9e2bc000 r--p 00002000 08:20 6707                       /usr/lib/x86_64-linux-gnu/librt.so.1
7fae9e2bc000-7fae9e2bd000 r--p 00002000 08:20 6707                       /usr/lib/x86_64-linux-gnu/librt.so.1
7fae9e2bd000-7fae9e2be000 rw-p 00003000 08:20 6707                       /usr/lib/x86_64-linux-gnu/librt.so.1
7fae9e2be000-7fae9e2c2000 ---p 00000000 00:00 0 
7fae9e2c2000-7fae9e3be000 rw-p 00000000 00:00 0 
7fae9e3be000-7fae9e3c1000 r--p 00000000 08:20 6494                       /usr/lib/x86_64-linux-gnu/libgcc_s.so.1
7fae9e3c1000-7fae9e3d8000 r-xp 00003000 08:20 6494                       /usr/lib/x86_64-linux-gnu/libgcc_s.so.1
7fae9e3d8000-7fae9e3dc000 r--p 0001a000 08:20 6494                       /usr/lib/x86_64-linux-gnu/libgcc_s.so.1
7fae9e3dc000-7fae9e3dd000 r--p 0001d000 08:20 6494                       /usr/lib/x86_64-linux-gnu/libgcc_s.so.1
7fae9e3dd000-7fae9e3de000 rw-p 0001e000 08:20 6494                       /usr/lib/x86_64-linux-gnu/libgcc_s.so.1
7fae9e3de000-7fae9e3ec000 r--p 00000000 08:20 6588                       /usr/lib/x86_64-linux-gnu/libm.so.6
7fae9e3ec000-7fae9e468000 r-xp 0000e000 08:20 6588                       /usr/lib/x86_64-linux-gnu/libm.so.6
7fae9e468000-7fae9e4c3000 r--p 0008a000 08:20 6588                       /usr/lib/x86_64-linux-gnu/libm.so.6
7fae9e4c3000-7fae9e4c4000 r--p 000e4000 08:20 6588                       /usr/lib/x86_64-linux-gnu/libm.so.6
7fae9e4c4000-7fae9e4c5000 rw-p 000e5000 08:20 6588                       /usr/lib/x86_64-linux-gnu/libm.so.6
7fae9e4c5000-7fae9e55f000 r--p 00000000 08:20 6732                       /usr/lib/x86_64-linux-gnu/libstdc++.so.6.0.30
7fae9e55f000-7fae9e66f000 r-xp 0009a000 08:20 6732                       /usr/lib/x86_64-linux-gnu/libstdc++.so.6.0.30
7fae9e66f000-7fae9e6de000 r--p 001aa000 08:20 6732                       /usr/lib/x86_64-linux-gnu/libstdc++.so.6.0.30
7fae9e6de000-7fae9e6e9000 r--p 00218000 08:20 6732                       /usr/lib/x86_64-linux-gnu/libstdc++.so.6.0.30
7fae9e6e9000-7fae9e6ec000 rw-p 00223000 08:20 6732                       /usr/lib/x86_64-linux-gnu/libstdc++.so.6.0.30
7fae9e6ec000-7fae9e6ef000 rw-p 00000000 00:00 0 
7fae9e6ef000-7fae9e971000 r--p 00000000 08:20 353379                     /usr/lib/jvm/java-11-openjdk-amd64/lib/server/libjvm.so
7fae9e971000-7fae9f604000 r-xp 00282000 08:20 353379                     /usr/lib/jvm/java-11-openjdk-amd64/lib/server/libjvm.so
7fae9f604000-7fae9f85e000 r--p 00f15000 08:20 353379                     /usr/lib/jvm/java-11-openjdk-amd64/lib/server/libjvm.so
7fae9f85e000-7fae9f922000 r--p 0116e000 08:20 353379                     /usr/lib/jvm/java-11-openjdk-amd64/lib/server/libjvm.so
7fae9f922000-7fae9f95d000 rw-p 01232000 08:20 353379                     /usr/lib/jvm/java-11-openjdk-amd64/lib/server/libjvm.so
7fae9f95d000-7fae9f9b6000 rw-p 00000000 00:00 0 
7fae9f9b6000-7fae9f9b8000 r--p 00000000 08:20 6782                       /usr/lib/x86_64-linux-gnu/libz.so.1.2.11
7fae9f9b8000-7fae9f9c9000 r-xp 00002000 08:20 6782                       /usr/lib/x86_64-linux-gnu/libz.so.1.2.11
7fae9f9c9000-7fae9f9cf000 r--p 00013000 08:20 6782                       /usr/lib/x86_64-linux-gnu/libz.so.1.2.11
7fae9f9cf000-7fae9f9d0000 ---p 00019000 08:20 6782                       /usr/lib/x86_64-linux-gnu/libz.so.1.2.11
7fae9f9d0000-7fae9f9d1000 r--p 00019000 08:20 6782                       /usr/lib/x86_64-linux-gnu/libz.so.1.2.11
7fae9f9d1000-7fae9f9d2000 rw-p 0001a000 08:20 6782                       /usr/lib/x86_64-linux-gnu/libz.so.1.2.11
7fae9f9d2000-7fae9f9fa000 r--p 00000000 08:20 6426                       /usr/lib/x86_64-linux-gnu/libc.so.6
7fae9f9fa000-7fae9fb8f000 r-xp 00028000 08:20 6426                       /usr/lib/x86_64-linux-gnu/libc.so.6
7fae9fb8f000-7fae9fbe7000 r--p 001bd000 08:20 6426                       /usr/lib/x86_64-linux-gnu/libc.so.6
7fae9fbe7000-7fae9fbeb000 r--p 00214000 08:20 6426                       /usr/lib/x86_64-linux-gnu/libc.so.6
7fae9fbeb000-7fae9fbed000 rw-p 00218000 08:20 6426                       /usr/lib/x86_64-linux-gnu/libc.so.6
7fae9fbed000-7fae9fbfa000 rw-p 00000000 00:00 0 
7fae9fbfa000-7fae9fbfb000 r--p 00000000 08:20 2345                       /usr/lib/locale/C.utf8/LC_TELEPHONE
7fae9fbfb000-7fae9fbfc000 r--p 00000000 08:20 2338                       /usr/lib/locale/C.utf8/LC_MEASUREMENT
7fae9fbfc000-7fae9fbfe000 r--s 0000c000 08:20 33573563                   /usr/share/java/java-atk-wrapper.jar
7fae9fbfe000-7fae9fbff000 ---p 00000000 00:00 0 
7fae9fbff000-7fae9fc00000 r--p 00000000 00:00 0 
7fae9fc00000-7fae9fc03000 r--p 00000000 08:20 353338                     /usr/lib/jvm/java-11-openjdk-amd64/lib/jli/libjli.so
7fae9fc03000-7fae9fc0d000 r-xp 00003000 08:20 353338                     /usr/lib/jvm/java-11-openjdk-amd64/lib/jli/libjli.so
7fae9fc0d000-7fae9fc10000 r--p 0000d000 08:20 353338                     /usr/lib/jvm/java-11-openjdk-amd64/lib/jli/libjli.so
7fae9fc10000-7fae9fc11000 ---p 00010000 08:20 353338                     /usr/lib/jvm/java-11-openjdk-amd64/lib/jli/libjli.so
7fae9fc11000-7fae9fc12000 r--p 00010000 08:20 353338                     /usr/lib/jvm/java-11-openjdk-amd64/lib/jli/libjli.so
7fae9fc12000-7fae9fc13000 rw-p 00011000 08:20 353338                     /usr/lib/jvm/java-11-openjdk-amd64/lib/jli/libjli.so
7fae9fc13000-7fae9fc15000 rw-p 00000000 00:00 0 
7fae9fc15000-7fae9fc17000 r--p 00000000 08:20 6230                       /usr/lib/x86_64-linux-gnu/ld-linux-x86-64.so.2
7fae9fc17000-7fae9fc41000 r-xp 00002000 08:20 6230                       /usr/lib/x86_64-linux-gnu/ld-linux-x86-64.so.2
7fae9fc41000-7fae9fc4c000 r--p 0002c000 08:20 6230                       /usr/lib/x86_64-linux-gnu/ld-linux-x86-64.so.2
7fae9fc4c000-7fae9fc4d000 r--p 00000000 08:20 2337                       /usr/lib/locale/C.utf8/LC_IDENTIFICATION
7fae9fc4d000-7fae9fc4f000 r--p 00037000 08:20 6230                       /usr/lib/x86_64-linux-gnu/ld-linux-x86-64.so.2
7fae9fc4f000-7fae9fc51000 rw-p 00039000 08:20 6230                       /usr/lib/x86_64-linux-gnu/ld-linux-x86-64.so.2
7ffffb436000-7ffffb458000 rw-p 00000000 00:00 0                          [stack]
7ffffb500000-7ffffb504000 r--p 00000000 00:00 0                          [vvar]
7ffffb504000-7ffffb505000 r-xp 00000000 00:00 0                          [vdso]


VM Arguments:
jvm_args: -Dfile.encoding=UTF-8 -Duser.country -Duser.language=en -Duser.variant 
java_command: duke.Launcher
java_class_path (initial): /home/owenyap/course-work/cs2103/ip/build/classes/java/main:/home/owenyap/course-work/cs2103/ip/build/resources/main:/home/owenyap/.gradle/caches/modules-2/files-2.1/org.openjfx/javafx-fxml/11/d5ff9262ef49d166db658d15f37e3ecff38fde4b/javafx-fxml-11-win.jar:/home/owenyap/.gradle/caches/modules-2/files-2.1/org.openjfx/javafx-fxml/11/e0f5bb81e21054b59f2ebfa727d40a90ee0260d3/javafx-fxml-11-mac.jar:/home/owenyap/.gradle/caches/modules-2/files-2.1/org.openjfx/javafx-fxml/11/e7a757b580fc3e2e1a121768606c7836eef418c/javafx-fxml-11-linux.jar:/home/owenyap/.gradle/caches/modules-2/files-2.1/org.openjfx/javafx-controls/11/af8d24de44e16a19ae959028eb23a48c145fb682/javafx-controls-11-win.jar:/home/owenyap/.gradle/caches/modules-2/files-2.1/org.openjfx/javafx-controls/11/e3a24a14e8732abc6dc173f15872dc63e2a32e16/javafx-controls-11-mac.jar:/home/owenyap/.gradle/caches/modules-2/files-2.1/org.openjfx/javafx-controls/11/794488e3b1f4635d9a1b842bdc872a5eb8fd54ca/javafx-controls-11-linux.jar:/home/owenyap/.gradle/caches/modules-2/files-2.1/org.openjfx/javafx-controls/11/58d961774262ec972bf304e16c154a8e18c2050b/javafx-controls-11.jar:/home/owenyap/.gradle/caches/modules-2/files-2.1/org.openjfx/javafx-graphics/11/9345c7ea43dbcc73a62eca5332717b4ce617e6c6/javafx-graphics-11-win.jar:/home/owenyap/.gradle/caches/modules-2/files-2.1/org.openjfx/javafx-graphics/11/af47a6d3668d3ce1c61e1fe13c44471b6f8d469/javafx-graphics-11-mac.jar:/home/owenyap/.gradle/caches/modules-2/files-2.1/org.openjfx/javafx-graphics/11/4ab9edd8d481a420044c473fdb5718ccdd35c836/javafx-graphics-11-linux.jar:/home/owenyap/.gradle/caches/modules-2/files-2.1/org.openjfx/javafx-graphics/11/a736dd079047ec0b72b8c4970842a5c5e0c19f2f/javafx-graphics-11.jar:/home/owenyap/.gradle/caches/modules-2/files-2.1/org.openjfx/javafx-base/11/ad3a4acfaa28b484d30c40c1f009445cc3f6e68b/javafx-base-11-win.jar:/home/owenyap/.gradle/caches/modules-2/files-2.1/org.openjfx/javafx-base/11/4b060dad0affd866df9d959e064faa8a1a2f4a
Launcher Type: SUN_STANDARD

[Global flags]
     intx CICompilerCount                          = 4                                         {product} {ergonomic}
     uint ConcGCThreads                            = 3                                         {product} {ergonomic}
     uint G1ConcRefinementThreads                  = 10                                        {product} {ergonomic}
   size_t G1HeapRegionSize                         = 1048576                                   {product} {ergonomic}
    uintx GCDrainStackTargetSize                   = 64                                        {product} {ergonomic}
   size_t InitialHeapSize                          = 130023424                                 {product} {ergonomic}
   size_t MarkStackSize                            = 4194304                                   {product} {ergonomic}
   size_t MaxHeapSize                              = 2051014656                                {product} {ergonomic}
   size_t MaxNewSize                               = 1229979648                                {product} {ergonomic}
   size_t MinHeapDeltaBytes                        = 1048576                                   {product} {ergonomic}
    uintx NonNMethodCodeHeapSize                   = 5836300                                {pd product} {ergonomic}
    uintx NonProfiledCodeHeapSize                  = 122910970                              {pd product} {ergonomic}
    uintx ProfiledCodeHeapSize                     = 122910970                              {pd product} {ergonomic}
    uintx ReservedCodeCacheSize                    = 251658240                              {pd product} {ergonomic}
     bool SegmentedCodeCache                       = true                                      {product} {ergonomic}
     bool UseCompressedClassPointers               = true                                 {lp64_product} {ergonomic}
     bool UseCompressedOops                        = true                                 {lp64_product} {ergonomic}
     bool UseG1GC                                  = true                                      {product} {ergonomic}

Logging:
Log output configuration:
 #0: 
[error occurred during error reporting (printing log configuration), id 0xb, SIGSEGV (0xb) at pc=0x00007fae9f15d30e]

Environment Variables:
JAVA_HOME=/usr/bin/java
PATH=/home/owenyap/Downloads/idea-IC-223.8214.52/bin:/home/owenyap/anaconda3/bin:/home/owenyap/anaconda3/condabin:/home/owenyap/.nvm/versions/node/v19.2.0/bin:/usr/local/sbin:/usr/local/bin:/usr/sbin:/usr/bin:/sbin:/bin:/usr/games:/usr/local/games:/usr/lib/wsl/lib:/mnt/c/WINDOWS/system32:/mnt/c/WINDOWS:/mnt/c/WINDOWS/System32/Wbem:/mnt/c/WINDOWS/System32/WindowsPowerShell/v1.0:/mnt/c/WINDOWS/System32/OpenSSH:/mnt/c/Program Files/dotnet:/mnt/c/Program Files/NVIDIA Corporation/NVIDIA NvDLISR:/mnt/c/Program Files (x86)/NVIDIA Corporation/PhysX/Common:/mnt/c/Program Files/Git/cmd:/mnt/c/ProgramData/chocolatey/bin:/mnt/c/Users/oweny/AppData/Local/Microsoft/WindowsApps:/mnt/c/Users/oweny/AppData/Local/Programs/Microsoft VS Code/bin
SHELL=/usr/bin/zsh
DISPLAY=:0
HOSTTYPE=x86_64
LANG=C.UTF-8
TERM=xterm-256color

Signal Handlers:
SIGSEGV: [libjvm.so+0xea2e90], sa_mask[0]=11111111011111111101111111111110, sa_flags=SA_RESTART|SA_SIGINFO
SIGBUS: [libjvm.so+0xea2e90], sa_mask[0]=11111111011111111101111111111110, sa_flags=SA_RESTART|SA_SIGINFO
SIGFPE: [libjvm.so+0xea2e90], sa_mask[0]=11111111011111111101111111111110, sa_flags=SA_RESTART|SA_SIGINFO
SIGPIPE: [libjvm.so+0xbe6fe0], sa_mask[0]=11111111011111111101111111111110, sa_flags=SA_RESTART|SA_SIGINFO
SIGXFSZ: [libjvm.so+0xbe6fe0], sa_mask[0]=11111111011111111101111111111110, sa_flags=SA_RESTART|SA_SIGINFO
SIGILL: [libjvm.so+0xea2e90], sa_mask[0]=11111111011111111101111111111110, sa_flags=SA_RESTART|SA_SIGINFO
SIGUSR2: [libjvm.so+0xbe6e80], sa_mask[0]=00100000000000000000000000000000, sa_flags=SA_RESTART|SA_SIGINFO
SIGHUP: [libjvm.so+0xbe7260], sa_mask[0]=11111111011111111101111111111110, sa_flags=SA_RESTART|SA_SIGINFO
SIGINT: [libjvm.so+0xbe7260], sa_mask[0]=11111111011111111101111111111110, sa_flags=SA_RESTART|SA_SIGINFO
SIGTERM: [libjvm.so+0xbe7260], sa_mask[0]=11111111011111111101111111111110, sa_flags=SA_RESTART|SA_SIGINFO
SIGQUIT: [libjvm.so+0xbe7260], sa_mask[0]=11111111011111111101111111111110, sa_flags=SA_RESTART|SA_SIGINFO


---------------  S Y S T E M  ---------------

OS:DISTRIB_ID=Ubuntu
DISTRIB_RELEASE=22.04
DISTRIB_CODENAME=jammy
DISTRIB_DESCRIPTION="Ubuntu 22.04.1 LTS"
uname:Linux 5.15.79.1-microsoft-standard-WSL2 #1 SMP Wed Nov 23 01:01:46 UTC 2022 x86_64
OS uptime: 0 days 2:45 hours
libc:glibc 2.35 NPTL 2.35 
rlimit (soft/hard): STACK 8192k/infinity , CORE 0k/infinity , NPROC 31251/31251 , NOFILE 1048576/1048576 , AS infinity/infinity , CPU infinity/infinity , DATA infinity/infinity , FSIZE infinity/infinity , MEMLOCK 65536k/65536k
load average:1.92 0.59 0.32

/proc/meminfo:
MemTotal:        8006800 kB
MemFree:         1016788 kB
MemAvailable:    2700484 kB
Buffers:           80708 kB
Cached:          1842328 kB
SwapCached:            0 kB
Active:          1170372 kB
Inactive:        5394340 kB
Active(anon):       2036 kB
Inactive(anon):  4709604 kB
Active(file):    1168336 kB
Inactive(file):   684736 kB
Unevictable:           0 kB
Mlocked:               0 kB
SwapTotal:       2097152 kB
SwapFree:        2097152 kB
Dirty:              7528 kB
Writeback:             0 kB
AnonPages:       4638232 kB
Mapped:           698196 kB
Shmem:             69964 kB
KReclaimable:      92868 kB
Slab:             150852 kB
SReclaimable:      92868 kB
SUnreclaim:        57984 kB
KernelStack:       12768 kB
PageTables:        19060 kB
NFS_Unstable:          0 kB
Bounce:                0 kB
WritebackTmp:          0 kB
CommitLimit:     6100552 kB
Committed_AS:    5731520 kB
VmallocTotal:   34359738367 kB
VmallocUsed:       32836 kB
VmallocChunk:          0 kB
Percpu:             4352 kB
AnonHugePages:   3690496 kB
ShmemHugePages:        0 kB
ShmemPmdMapped:        0 kB
FileHugePages:         0 kB
FilePmdMapped:         0 kB
HugePages_Total:       0
HugePages_Free:        0
HugePages_Rsvd:        0
HugePages_Surp:        0
Hugepagesize:       2048 kB
Hugetlb:               0 kB
DirectMap4k:       21504 kB
DirectMap2M:     4040704 kB
DirectMap1G:    14680064 kB

/sys/kernel/mm/transparent_hugepage/enabled:
[always] madvise never
/sys/kernel/mm/transparent_hugepage/defrag (defrag/compaction efforts parameter):
always defer defer+madvise [madvise] never

Process Memory:
Virtual Size: 5421488K (peak: 13439944K)
Resident Set Size: 148096K (peak: 150408K) (anon: 61132K, file: 86964K, shmem: 0K)
Swapped out: 0K
C-Heap outstanding allocations: 37362K, retained: 8017K
glibc malloc tunables: (default)

/proc/sys/kernel/threads-max (system-wide limit on the number of threads):
62502
/proc/sys/vm/max_map_count (maximum number of memory map areas a process may have):
65530
/proc/sys/kernel/pid_max (system-wide limit on number of process identifiers):
32768

container (cgroup) information:
container_type: cgroupv1
cpu_cpuset_cpus: 0-11
cpu_memory_nodes: 0
active_processor_count: 12
cpu_quota: no quota
cpu_period: 100000
cpu_shares: no shares
memory_limit_in_bytes: unlimited
memory_and_swap_limit_in_bytes: unlimited
memory_soft_limit_in_bytes: unlimited
memory_usage_in_bytes: 6560864 k
memory_max_usage_in_bytes: unlimited
maximum number of tasks: not supported
current number of tasks: not supported

Hyper-V virtualization detected
Steal ticks since vm start: 0
Steal ticks percentage since vm start:  0.000

CPU:total 12 (initial active 12) (8 cores per cpu, 2 threads per core) family 6 model 165 stepping 2 microcode 0xffffffff, cmov, cx8, fxsr, mmx, sse, sse2, sse3, ssse3, sse4.1, sse4.2, popcnt, avx, avx2, aes, clmul, erms, 3dnowpref, lzcnt, ht, tsc, bmi1, bmi2, adx, fma
CPU Model and flags from /proc/cpuinfo:
model name	: Intel(R) Core(TM) i7-10750H CPU @ 2.60GHz
flags		: fpu vme de pse tsc msr pae mce cx8 apic sep mtrr pge mca cmov pat pse36 clflush mmx fxsr sse sse2 ss ht syscall nx pdpe1gb rdtscp lm constant_tsc arch_perfmon rep_good nopl xtopology cpuid pni pclmulqdq vmx ssse3 fma cx16 pdcm pcid sse4_1 sse4_2 x2apic movbe popcnt aes xsave avx f16c rdrand hypervisor lahf_lm abm 3dnowprefetch invpcid_single ssbd ibrs ibpb stibp ibrs_enhanced tpr_shadow vnmi ept vpid ept_ad fsgsbase bmi1 avx2 smep bmi2 erms invpcid rdseed adx smap clflushopt xsaveopt xsavec xgetbv1 xsaves flush_l1d arch_capabilities
Online cpus:
0-11
Offline cpus:

BIOS frequency limitation:
<Not Available>
Frequency switch latency (ns):
<Not Available>
Available cpu frequencies:
<Not Available>
Current governor:
<Not Available>
Core performance/turbo boost:
<Not Available>

Memory: 4k page, physical 8006800k(1016788k free), swap 2097152k(2097152k free)

vm_info: OpenJDK 64-Bit Server VM (11.0.17+8-post-Ubuntu-1ubuntu222.04) for linux-amd64 JRE (11.0.17+8-post-Ubuntu-1ubuntu222.04), built on Oct 24 2022 16:41:58 by "unknown" with gcc 11.2.0

END.
