#
# A fatal error has been detected by the Java Runtime Environment:
#
#  SIGSEGV (0xb) at pc=0x00007ff1bcf10f1a, pid=13247, tid=13271
#
# JRE version: OpenJDK Runtime Environment (11.0.17+8) (build 11.0.17+8-post-Ubuntu-1ubuntu222.04)
# Java VM: OpenJDK 64-Bit Server VM (11.0.17+8-post-Ubuntu-1ubuntu222.04, mixed mode, sharing, tiered, compressed oops, g1 gc, linux-amd64)
# Problematic frame:
# C  [libnvwgf2umx.so+0x286bf1a]
#
# No core dump will be written. Core dumps have been disabled. To enable core dumping, try "ulimit -c unlimited" before starting Java again
#
# If you would like to submit a bug report, please visit:
#   https://bugs.launchpad.net/ubuntu/+source/openjdk-lts
#

---------------  S U M M A R Y ------------

Command Line: -Dfile.encoding=UTF-8 -Duser.country -Duser.language=en -Duser.variant duke.Launcher

Host: Intel(R) Core(TM) i7-10750H CPU @ 2.60GHz, 12 cores, 7G, Ubuntu 22.04.1 LTS
Time: Fri Feb 17 12:21:08 2023 +08 elapsed time: 1.714175 seconds (0d 0h 0m 1s)

---------------  T H R E A D  ---------------

Current thread is native thread

Stack: [0x00007ff1dc3a4000,0x00007ff1dcba3000],  sp=0x00007ff1dcba1d90,  free space=8183k
Native frames: (J=compiled Java code, A=aot compiled Java code, j=interpreted, Vv=VM code, C=native code)
C  [libnvwgf2umx.so+0x286bf1a]

[error occurred during error reporting (printing native stack), id 0xb, SIGSEGV (0xb) at pc=0x00007ff23e123a17]


siginfo: si_signo: 11 (SIGSEGV), si_code: 1 (SEGV_MAPERR), si_addr: 0x00007ff1dd440000

Register to memory mapping:

RAX=
[error occurred during error reporting (printing register info), id 0xb, SIGSEGV (0xb) at pc=0x00007ff23e37d4fc]

Registers:
RAX=0x0000000000000010, RBX=0x0000000000000000, RCX=0x00007ff1dcba1d98, RDX=0x0000000000000000
RSP=0x00007ff1dcba1d90, RBP=0x0000000000000000, RSI=0x00007ff1d024fa20, RDI=0x00007ff1d01d2b00
R8 =0x00007ff1b4000b70, R9 =0x00007ffdeafa4080, R10=0x00000000001e4dca, R11=0xf1eb7faa6e08f3de
R12=0x00007ff1d024fa01, R13=0x00007ff1dd440000, R14=0x00007ff1d01d2c08, R15=0x00007ff1dcba1e06
RIP=0x00007ff1bcf10f1a, EFLAGS=0x0000000000010246, CSGSFS=0x002b000000000033, ERR=0x0000000000000004
  TRAPNO=0x000000000000000e

Top of Stack: (sp=0x00007ff1dcba1d90)
0x00007ff1dcba1d90:   0000000063ef00b4 0000000000001dc5
0x00007ff1dcba1da0:   00007ff1d01d2b00 00007ff1d01d2c08
0x00007ff1dcba1db0:   00007ff1d024fa20 00007ff1dcba1d98
0x00007ff1dcba1dc0:   00007ff1dcba1e07 00007ff1d01d2b00 

Instructions: (pc=0x00007ff1bcf10f1a)
0x00007ff1bcf10e1a:   60 48 83 ec 08 4c 8d 64 24 10 4c 89 e7 4c 89 fe
0x00007ff1bcf10e2a:   48 89 da 48 8b 4c 24 28 44 8b 44 24 20 44 8b 4c
0x00007ff1bcf10e3a:   24 24 41 55 41 56 50 e8 ba fa ff ff 48 83 c4 20
0x00007ff1bcf10e4a:   48 89 ef 4c 89 e6 e8 bb ad a5 fe 4c 89 e7 e8 13
0x00007ff1bcf10e5a:   a2 a5 fe 48 89 e8 48 83 c4 28 5b 41 5c 41 5d 41
0x00007ff1bcf10e6a:   5e 41 5f 5d c3 eb 0a eb 19 eb 06 eb 15 eb 02 eb
0x00007ff1bcf10e7a:   11 48 89 c3 48 8d 7c 24 08 e8 e8 a1 a5 fe eb 05
0x00007ff1bcf10e8a:   eb 00 48 89 c3 48 8b 7c 24 10 e8 d7 a1 a5 fe 48
0x00007ff1bcf10e9a:   89 df e8 cf 0a 90 fe cc cc cc cc cc cc cc cc cc
0x00007ff1bcf10eaa:   cc cc cc cc cc cc 55 41 57 41 56 41 55 41 54 53
0x00007ff1bcf10eba:   48 83 ec 38 48 89 54 24 30 48 89 7c 24 10 f6 47
0x00007ff1bcf10eca:   28 10 0f 84 41 01 00 00 8b 46 10 85 c0 0f 84 36
0x00007ff1bcf10eda:   01 00 00 4c 8b 6e 28 41 b4 01 31 db 48 8d 4c 24
0x00007ff1bcf10eea:   08 48 89 4c 24 28 31 d2 48 89 74 24 20 eb 21 90
0x00007ff1bcf10efa:   90 90 90 90 90 90 8b 46 10 48 8b 54 24 18 48 83
0x00007ff1bcf10f0a:   c2 01 89 c1 83 c3 01 48 39 ca 0f 83 f9 00 00 00
0x00007ff1bcf10f1a:   41 8b 4c 95 00 0f b7 c9 3b 8c 96 4c 04 00 00 74
0x00007ff1bcf10f2a:   dd 89 8c 96 4c 04 00 00 8b 4e 0c 85 c9 74 cf 48
0x00007ff1bcf10f3a:   89 54 24 18 31 ed eb 18 90 90 90 90 90 90 90 90
0x00007ff1bcf10f4a:   90 90 90 90 90 90 83 c5 01 8b 4e 0c 39 cd 73 a6
0x00007ff1bcf10f5a:   0f af cb 01 e9 41 0f b6 84 0d 80 90 00 00 24 7f
0x00007ff1bcf10f6a:   8d 50 e0 80 fa 14 77 de 48 8b 96 50 08 00 00 3a
0x00007ff1bcf10f7a:   04 0a 74 d2 88 04 0a 48 8b 44 24 30 c6 00 01 41
0x00007ff1bcf10f8a:   f6 c4 01 75 0d 48 8b 44 24 10 f6 40 28 20 75 b6
0x00007ff1bcf10f9a:   eb 33 4c 8d 7c 24 08 4c 89 ff 31 d2 31 c9 45 31
0x00007ff1bcf10faa:   c0 e8 a0 06 00 00 48 8b 7c 24 10 4c 89 fe e8 b3
0x00007ff1bcf10fba:   e1 ff ff 48 8d 7c 24 08 e8 a9 a0 a5 fe 45 31 e4
0x00007ff1bcf10fca:   48 8b 74 24 20 8b 56 04 4c 8b 7c 24 10 45 0f b6
0x00007ff1bcf10fda:   4f 2c 4c 8d 74 24 08 4c 89 f7 4c 89 fe 48 8b 4c
0x00007ff1bcf10fea:   24 18 41 89 e8 e8 0c fe 02 00 4c 89 ff 4c 89 f6
0x00007ff1bcf10ffa:   e8 71 e1 ff ff 48 8d 7c 24 08 e8 67 a0 a5 fe 48
0x00007ff1bcf1100a:   8b 74 24 20 e9 3d ff ff ff 48 83 c4 38 5b 41 5c 


Stack slot to memory mapping:
stack at sp + 0 slots: 
[error occurred during error reporting (inspecting top of stack), id 0xb, SIGSEGV (0xb) at pc=0x00007ff23e37d4fc]


---------------  P R O C E S S  ---------------

VM state:at safepoint (shutting down)

VM Mutex/Monitor currently owned by a thread:  ([mutex/lock_event])
[0x00007ff238013f40] Threads_lock - owner thread: 0x00007ff238128000

Heap address: 0x0000000085c00000, size: 1956 MB, Compressed Oops mode: 32-bit
Narrow klass base: 0x0000000800000000, Narrow klass shift: 3
Compressed class space size: 1073741824 Address: 0x0000000840000000

Heap:
 garbage-first heap   total 129024K, used 10956K [0x0000000085c00000, 0x0000000100000000)
  region size 1024K, 12 young (12288K), 0 survivors (0K)
 Metaspace       used 2967K, capacity 6145K, committed 6400K, reserved 1056768K
  class space    used 339K, capacity 694K, committed 768K, reserved 1048576K
Heap Regions: E=young(eden), S=young(survivor), O=old, HS=humongous(starts), HC=humongous(continues), CS=collection set, F=free, A=archive, TAMS=top-at-mark-start (previous, next)
|   0|0x0000000085c00000, 0x0000000085c00000, 0x0000000085d00000|  0%| F|  |TAMS 0x0000000085c00000, 0x0000000085c00000| Untracked 
|   1|0x0000000085d00000, 0x0000000085d00000, 0x0000000085e00000|  0%| F|  |TAMS 0x0000000085d00000, 0x0000000085d00000| Untracked 
|   2|0x0000000085e00000, 0x0000000085e00000, 0x0000000085f00000|  0%| F|  |TAMS 0x0000000085e00000, 0x0000000085e00000| Untracked 
|   3|0x0000000085f00000, 0x0000000085f00000, 0x0000000086000000|  0%| F|  |TAMS 0x0000000085f00000, 0x0000000085f00000| Untracked 
|   4|0x0000000086000000, 0x0000000086000000, 0x0000000086100000|  0%| F|  |TAMS 0x0000000086000000, 0x0000000086000000| Untracked 
|   5|0x0000000086100000, 0x0000000086100000, 0x0000000086200000|  0%| F|  |TAMS 0x0000000086100000, 0x0000000086100000| Untracked 
|   6|0x0000000086200000, 0x0000000086200000, 0x0000000086300000|  0%| F|  |TAMS 0x0000000086200000, 0x0000000086200000| Untracked 
|   7|0x0000000086300000, 0x0000000086300000, 0x0000000086400000|  0%| F|  |TAMS 0x0000000086300000, 0x0000000086300000| Untracked 
|   8|0x0000000086400000, 0x0000000086400000, 0x0000000086500000|  0%| F|  |TAMS 0x0000000086400000, 0x0000000086400000| Untracked 
|   9|0x0000000086500000, 0x0000000086500000, 0x0000000086600000|  0%| F|  |TAMS 0x0000000086500000, 0x0000000086500000| Untracked 
|  10|0x0000000086600000, 0x0000000086600000, 0x0000000086700000|  0%| F|  |TAMS 0x0000000086600000, 0x0000000086600000| Untracked 
|  11|0x0000000086700000, 0x0000000086700000, 0x0000000086800000|  0%| F|  |TAMS 0x0000000086700000, 0x0000000086700000| Untracked 
|  12|0x0000000086800000, 0x0000000086800000, 0x0000000086900000|  0%| F|  |TAMS 0x0000000086800000, 0x0000000086800000| Untracked 
|  13|0x0000000086900000, 0x0000000086900000, 0x0000000086a00000|  0%| F|  |TAMS 0x0000000086900000, 0x0000000086900000| Untracked 
|  14|0x0000000086a00000, 0x0000000086a00000, 0x0000000086b00000|  0%| F|  |TAMS 0x0000000086a00000, 0x0000000086a00000| Untracked 
|  15|0x0000000086b00000, 0x0000000086b00000, 0x0000000086c00000|  0%| F|  |TAMS 0x0000000086b00000, 0x0000000086b00000| Untracked 
|  16|0x0000000086c00000, 0x0000000086c00000, 0x0000000086d00000|  0%| F|  |TAMS 0x0000000086c00000, 0x0000000086c00000| Untracked 
|  17|0x0000000086d00000, 0x0000000086d00000, 0x0000000086e00000|  0%| F|  |TAMS 0x0000000086d00000, 0x0000000086d00000| Untracked 
|  18|0x0000000086e00000, 0x0000000086e00000, 0x0000000086f00000|  0%| F|  |TAMS 0x0000000086e00000, 0x0000000086e00000| Untracked 
|  19|0x0000000086f00000, 0x0000000086f00000, 0x0000000087000000|  0%| F|  |TAMS 0x0000000086f00000, 0x0000000086f00000| Untracked 
|  20|0x0000000087000000, 0x0000000087000000, 0x0000000087100000|  0%| F|  |TAMS 0x0000000087000000, 0x0000000087000000| Untracked 
|  21|0x0000000087100000, 0x0000000087100000, 0x0000000087200000|  0%| F|  |TAMS 0x0000000087100000, 0x0000000087100000| Untracked 
|  22|0x0000000087200000, 0x0000000087200000, 0x0000000087300000|  0%| F|  |TAMS 0x0000000087200000, 0x0000000087200000| Untracked 
|  23|0x0000000087300000, 0x0000000087300000, 0x0000000087400000|  0%| F|  |TAMS 0x0000000087300000, 0x0000000087300000| Untracked 
|  24|0x0000000087400000, 0x0000000087400000, 0x0000000087500000|  0%| F|  |TAMS 0x0000000087400000, 0x0000000087400000| Untracked 
|  25|0x0000000087500000, 0x0000000087500000, 0x0000000087600000|  0%| F|  |TAMS 0x0000000087500000, 0x0000000087500000| Untracked 
|  26|0x0000000087600000, 0x0000000087600000, 0x0000000087700000|  0%| F|  |TAMS 0x0000000087600000, 0x0000000087600000| Untracked 
|  27|0x0000000087700000, 0x0000000087700000, 0x0000000087800000|  0%| F|  |TAMS 0x0000000087700000, 0x0000000087700000| Untracked 
|  28|0x0000000087800000, 0x0000000087800000, 0x0000000087900000|  0%| F|  |TAMS 0x0000000087800000, 0x0000000087800000| Untracked 
|  29|0x0000000087900000, 0x0000000087900000, 0x0000000087a00000|  0%| F|  |TAMS 0x0000000087900000, 0x0000000087900000| Untracked 
|  30|0x0000000087a00000, 0x0000000087a00000, 0x0000000087b00000|  0%| F|  |TAMS 0x0000000087a00000, 0x0000000087a00000| Untracked 
|  31|0x0000000087b00000, 0x0000000087b00000, 0x0000000087c00000|  0%| F|  |TAMS 0x0000000087b00000, 0x0000000087b00000| Untracked 
|  32|0x0000000087c00000, 0x0000000087c00000, 0x0000000087d00000|  0%| F|  |TAMS 0x0000000087c00000, 0x0000000087c00000| Untracked 
|  33|0x0000000087d00000, 0x0000000087d00000, 0x0000000087e00000|  0%| F|  |TAMS 0x0000000087d00000, 0x0000000087d00000| Untracked 
|  34|0x0000000087e00000, 0x0000000087e00000, 0x0000000087f00000|  0%| F|  |TAMS 0x0000000087e00000, 0x0000000087e00000| Untracked 
|  35|0x0000000087f00000, 0x0000000087f00000, 0x0000000088000000|  0%| F|  |TAMS 0x0000000087f00000, 0x0000000087f00000| Untracked 
|  36|0x0000000088000000, 0x0000000088000000, 0x0000000088100000|  0%| F|  |TAMS 0x0000000088000000, 0x0000000088000000| Untracked 
|  37|0x0000000088100000, 0x0000000088100000, 0x0000000088200000|  0%| F|  |TAMS 0x0000000088100000, 0x0000000088100000| Untracked 
|  38|0x0000000088200000, 0x0000000088200000, 0x0000000088300000|  0%| F|  |TAMS 0x0000000088200000, 0x0000000088200000| Untracked 
|  39|0x0000000088300000, 0x0000000088300000, 0x0000000088400000|  0%| F|  |TAMS 0x0000000088300000, 0x0000000088300000| Untracked 
|  40|0x0000000088400000, 0x0000000088400000, 0x0000000088500000|  0%| F|  |TAMS 0x0000000088400000, 0x0000000088400000| Untracked 
|  41|0x0000000088500000, 0x0000000088500000, 0x0000000088600000|  0%| F|  |TAMS 0x0000000088500000, 0x0000000088500000| Untracked 
|  42|0x0000000088600000, 0x0000000088600000, 0x0000000088700000|  0%| F|  |TAMS 0x0000000088600000, 0x0000000088600000| Untracked 
|  43|0x0000000088700000, 0x0000000088700000, 0x0000000088800000|  0%| F|  |TAMS 0x0000000088700000, 0x0000000088700000| Untracked 
|  44|0x0000000088800000, 0x0000000088800000, 0x0000000088900000|  0%| F|  |TAMS 0x0000000088800000, 0x0000000088800000| Untracked 
|  45|0x0000000088900000, 0x0000000088900000, 0x0000000088a00000|  0%| F|  |TAMS 0x0000000088900000, 0x0000000088900000| Untracked 
|  46|0x0000000088a00000, 0x0000000088a00000, 0x0000000088b00000|  0%| F|  |TAMS 0x0000000088a00000, 0x0000000088a00000| Untracked 
|  47|0x0000000088b00000, 0x0000000088b00000, 0x0000000088c00000|  0%| F|  |TAMS 0x0000000088b00000, 0x0000000088b00000| Untracked 
|  48|0x0000000088c00000, 0x0000000088c00000, 0x0000000088d00000|  0%| F|  |TAMS 0x0000000088c00000, 0x0000000088c00000| Untracked 
|  49|0x0000000088d00000, 0x0000000088d00000, 0x0000000088e00000|  0%| F|  |TAMS 0x0000000088d00000, 0x0000000088d00000| Untracked 
|  50|0x0000000088e00000, 0x0000000088e00000, 0x0000000088f00000|  0%| F|  |TAMS 0x0000000088e00000, 0x0000000088e00000| Untracked 
|  51|0x0000000088f00000, 0x0000000088f00000, 0x0000000089000000|  0%| F|  |TAMS 0x0000000088f00000, 0x0000000088f00000| Untracked 
|  52|0x0000000089000000, 0x0000000089000000, 0x0000000089100000|  0%| F|  |TAMS 0x0000000089000000, 0x0000000089000000| Untracked 
|  53|0x0000000089100000, 0x0000000089100000, 0x0000000089200000|  0%| F|  |TAMS 0x0000000089100000, 0x0000000089100000| Untracked 
|  54|0x0000000089200000, 0x0000000089200000, 0x0000000089300000|  0%| F|  |TAMS 0x0000000089200000, 0x0000000089200000| Untracked 
|  55|0x0000000089300000, 0x0000000089300000, 0x0000000089400000|  0%| F|  |TAMS 0x0000000089300000, 0x0000000089300000| Untracked 
|  56|0x0000000089400000, 0x0000000089400000, 0x0000000089500000|  0%| F|  |TAMS 0x0000000089400000, 0x0000000089400000| Untracked 
|  57|0x0000000089500000, 0x0000000089500000, 0x0000000089600000|  0%| F|  |TAMS 0x0000000089500000, 0x0000000089500000| Untracked 
|  58|0x0000000089600000, 0x0000000089600000, 0x0000000089700000|  0%| F|  |TAMS 0x0000000089600000, 0x0000000089600000| Untracked 
|  59|0x0000000089700000, 0x0000000089700000, 0x0000000089800000|  0%| F|  |TAMS 0x0000000089700000, 0x0000000089700000| Untracked 
|  60|0x0000000089800000, 0x0000000089800000, 0x0000000089900000|  0%| F|  |TAMS 0x0000000089800000, 0x0000000089800000| Untracked 
|  61|0x0000000089900000, 0x0000000089900000, 0x0000000089a00000|  0%| F|  |TAMS 0x0000000089900000, 0x0000000089900000| Untracked 
|  62|0x0000000089a00000, 0x0000000089a00000, 0x0000000089b00000|  0%| F|  |TAMS 0x0000000089a00000, 0x0000000089a00000| Untracked 
|  63|0x0000000089b00000, 0x0000000089b00000, 0x0000000089c00000|  0%| F|  |TAMS 0x0000000089b00000, 0x0000000089b00000| Untracked 
|  64|0x0000000089c00000, 0x0000000089c00000, 0x0000000089d00000|  0%| F|  |TAMS 0x0000000089c00000, 0x0000000089c00000| Untracked 
|  65|0x0000000089d00000, 0x0000000089d00000, 0x0000000089e00000|  0%| F|  |TAMS 0x0000000089d00000, 0x0000000089d00000| Untracked 
|  66|0x0000000089e00000, 0x0000000089e00000, 0x0000000089f00000|  0%| F|  |TAMS 0x0000000089e00000, 0x0000000089e00000| Untracked 
|  67|0x0000000089f00000, 0x0000000089f00000, 0x000000008a000000|  0%| F|  |TAMS 0x0000000089f00000, 0x0000000089f00000| Untracked 
|  68|0x000000008a000000, 0x000000008a000000, 0x000000008a100000|  0%| F|  |TAMS 0x000000008a000000, 0x000000008a000000| Untracked 
|  69|0x000000008a100000, 0x000000008a100000, 0x000000008a200000|  0%| F|  |TAMS 0x000000008a100000, 0x000000008a100000| Untracked 
|  70|0x000000008a200000, 0x000000008a200000, 0x000000008a300000|  0%| F|  |TAMS 0x000000008a200000, 0x000000008a200000| Untracked 
|  71|0x000000008a300000, 0x000000008a300000, 0x000000008a400000|  0%| F|  |TAMS 0x000000008a300000, 0x000000008a300000| Untracked 
|  72|0x000000008a400000, 0x000000008a400000, 0x000000008a500000|  0%| F|  |TAMS 0x000000008a400000, 0x000000008a400000| Untracked 
|  73|0x000000008a500000, 0x000000008a500000, 0x000000008a600000|  0%| F|  |TAMS 0x000000008a500000, 0x000000008a500000| Untracked 
|  74|0x000000008a600000, 0x000000008a600000, 0x000000008a700000|  0%| F|  |TAMS 0x000000008a600000, 0x000000008a600000| Untracked 
|  75|0x000000008a700000, 0x000000008a700000, 0x000000008a800000|  0%| F|  |TAMS 0x000000008a700000, 0x000000008a700000| Untracked 
|  76|0x000000008a800000, 0x000000008a800000, 0x000000008a900000|  0%| F|  |TAMS 0x000000008a800000, 0x000000008a800000| Untracked 
|  77|0x000000008a900000, 0x000000008a900000, 0x000000008aa00000|  0%| F|  |TAMS 0x000000008a900000, 0x000000008a900000| Untracked 
|  78|0x000000008aa00000, 0x000000008aa00000, 0x000000008ab00000|  0%| F|  |TAMS 0x000000008aa00000, 0x000000008aa00000| Untracked 
|  79|0x000000008ab00000, 0x000000008ab00000, 0x000000008ac00000|  0%| F|  |TAMS 0x000000008ab00000, 0x000000008ab00000| Untracked 
|  80|0x000000008ac00000, 0x000000008ac00000, 0x000000008ad00000|  0%| F|  |TAMS 0x000000008ac00000, 0x000000008ac00000| Untracked 
|  81|0x000000008ad00000, 0x000000008ad00000, 0x000000008ae00000|  0%| F|  |TAMS 0x000000008ad00000, 0x000000008ad00000| Untracked 
|  82|0x000000008ae00000, 0x000000008ae00000, 0x000000008af00000|  0%| F|  |TAMS 0x000000008ae00000, 0x000000008ae00000| Untracked 
|  83|0x000000008af00000, 0x000000008af00000, 0x000000008b000000|  0%| F|  |TAMS 0x000000008af00000, 0x000000008af00000| Untracked 
|  84|0x000000008b000000, 0x000000008b000000, 0x000000008b100000|  0%| F|  |TAMS 0x000000008b000000, 0x000000008b000000| Untracked 
|  85|0x000000008b100000, 0x000000008b100000, 0x000000008b200000|  0%| F|  |TAMS 0x000000008b100000, 0x000000008b100000| Untracked 
|  86|0x000000008b200000, 0x000000008b200000, 0x000000008b300000|  0%| F|  |TAMS 0x000000008b200000, 0x000000008b200000| Untracked 
|  87|0x000000008b300000, 0x000000008b300000, 0x000000008b400000|  0%| F|  |TAMS 0x000000008b300000, 0x000000008b300000| Untracked 
|  88|0x000000008b400000, 0x000000008b400000, 0x000000008b500000|  0%| F|  |TAMS 0x000000008b400000, 0x000000008b400000| Untracked 
|  89|0x000000008b500000, 0x000000008b500000, 0x000000008b600000|  0%| F|  |TAMS 0x000000008b500000, 0x000000008b500000| Untracked 
|  90|0x000000008b600000, 0x000000008b600000, 0x000000008b700000|  0%| F|  |TAMS 0x000000008b600000, 0x000000008b600000| Untracked 
|  91|0x000000008b700000, 0x000000008b700000, 0x000000008b800000|  0%| F|  |TAMS 0x000000008b700000, 0x000000008b700000| Untracked 
|  92|0x000000008b800000, 0x000000008b800000, 0x000000008b900000|  0%| F|  |TAMS 0x000000008b800000, 0x000000008b800000| Untracked 
|  93|0x000000008b900000, 0x000000008b900000, 0x000000008ba00000|  0%| F|  |TAMS 0x000000008b900000, 0x000000008b900000| Untracked 
|  94|0x000000008ba00000, 0x000000008ba00000, 0x000000008bb00000|  0%| F|  |TAMS 0x000000008ba00000, 0x000000008ba00000| Untracked 
|  95|0x000000008bb00000, 0x000000008bb00000, 0x000000008bc00000|  0%| F|  |TAMS 0x000000008bb00000, 0x000000008bb00000| Untracked 
|  96|0x000000008bc00000, 0x000000008bc00000, 0x000000008bd00000|  0%| F|  |TAMS 0x000000008bc00000, 0x000000008bc00000| Untracked 
|  97|0x000000008bd00000, 0x000000008bd00000, 0x000000008be00000|  0%| F|  |TAMS 0x000000008bd00000, 0x000000008bd00000| Untracked 
|  98|0x000000008be00000, 0x000000008be00000, 0x000000008bf00000|  0%| F|  |TAMS 0x000000008be00000, 0x000000008be00000| Untracked 
|  99|0x000000008bf00000, 0x000000008bf00000, 0x000000008c000000|  0%| F|  |TAMS 0x000000008bf00000, 0x000000008bf00000| Untracked 
| 100|0x000000008c000000, 0x000000008c000000, 0x000000008c100000|  0%| F|  |TAMS 0x000000008c000000, 0x000000008c000000| Untracked 
| 101|0x000000008c100000, 0x000000008c100000, 0x000000008c200000|  0%| F|  |TAMS 0x000000008c100000, 0x000000008c100000| Untracked 
| 102|0x000000008c200000, 0x000000008c200000, 0x000000008c300000|  0%| F|  |TAMS 0x000000008c200000, 0x000000008c200000| Untracked 
| 103|0x000000008c300000, 0x000000008c300000, 0x000000008c400000|  0%| F|  |TAMS 0x000000008c300000, 0x000000008c300000| Untracked 
| 104|0x000000008c400000, 0x000000008c400000, 0x000000008c500000|  0%| F|  |TAMS 0x000000008c400000, 0x000000008c400000| Untracked 
| 105|0x000000008c500000, 0x000000008c500000, 0x000000008c600000|  0%| F|  |TAMS 0x000000008c500000, 0x000000008c500000| Untracked 
| 106|0x000000008c600000, 0x000000008c600000, 0x000000008c700000|  0%| F|  |TAMS 0x000000008c600000, 0x000000008c600000| Untracked 
| 107|0x000000008c700000, 0x000000008c700000, 0x000000008c800000|  0%| F|  |TAMS 0x000000008c700000, 0x000000008c700000| Untracked 
| 108|0x000000008c800000, 0x000000008c800000, 0x000000008c900000|  0%| F|  |TAMS 0x000000008c800000, 0x000000008c800000| Untracked 
| 109|0x000000008c900000, 0x000000008c900000, 0x000000008ca00000|  0%| F|  |TAMS 0x000000008c900000, 0x000000008c900000| Untracked 
| 110|0x000000008ca00000, 0x000000008ca00000, 0x000000008cb00000|  0%| F|  |TAMS 0x000000008ca00000, 0x000000008ca00000| Untracked 
| 111|0x000000008cb00000, 0x000000008cb00000, 0x000000008cc00000|  0%| F|  |TAMS 0x000000008cb00000, 0x000000008cb00000| Untracked 
| 112|0x000000008cc00000, 0x000000008cc00800, 0x000000008cd00000|  0%| E|  |TAMS 0x000000008cc00000, 0x000000008cc00000| Complete 
| 113|0x000000008cd00000, 0x000000008ce00000, 0x000000008ce00000|100%| E|CS|TAMS 0x000000008cd00000, 0x000000008cd00000| Complete 
| 114|0x000000008ce00000, 0x000000008cf00000, 0x000000008cf00000|100%| E|CS|TAMS 0x000000008ce00000, 0x000000008ce00000| Complete 
| 115|0x000000008cf00000, 0x000000008d000000, 0x000000008d000000|100%| E|CS|TAMS 0x000000008cf00000, 0x000000008cf00000| Complete 
| 116|0x000000008d000000, 0x000000008d100000, 0x000000008d100000|100%| E|CS|TAMS 0x000000008d000000, 0x000000008d000000| Complete 
| 117|0x000000008d100000, 0x000000008d200000, 0x000000008d200000|100%| E|CS|TAMS 0x000000008d100000, 0x000000008d100000| Complete 
| 118|0x000000008d200000, 0x000000008d300000, 0x000000008d300000|100%| E|CS|TAMS 0x000000008d200000, 0x000000008d200000| Complete 
| 119|0x000000008d300000, 0x000000008d400000, 0x000000008d400000|100%| E|CS|TAMS 0x000000008d300000, 0x000000008d300000| Complete 
| 120|0x000000008d400000, 0x000000008d500000, 0x000000008d500000|100%| E|CS|TAMS 0x000000008d400000, 0x000000008d400000| Complete 
| 121|0x000000008d500000, 0x000000008d600000, 0x000000008d600000|100%| E|  |TAMS 0x000000008d500000, 0x000000008d500000| Complete 
| 122|0x000000008d600000, 0x000000008d700000, 0x000000008d700000|100%| E|CS|TAMS 0x000000008d600000, 0x000000008d600000| Complete 
| 123|0x000000008d700000, 0x000000008d800000, 0x000000008d800000|100%| E|CS|TAMS 0x000000008d700000, 0x000000008d700000| Complete 
|1954|0x00000000ffe00000, 0x00000000ffe48000, 0x00000000fff00000| 28%|OA|  |TAMS 0x00000000ffe00000, 0x00000000ffe00000| Untracked 
|1955|0x00000000fff00000, 0x00000000fff6b000, 0x0000000100000000| 41%|CA|  |TAMS 0x00000000fff00000, 0x00000000fff00000| Untracked 

Card table byte_map: [0x00007ff220059000,0x00007ff22042b000] _byte_map_base: 0x00007ff21fc2b000

Marking Bits (Prev, Next): (CMBitMap*) 0x00007ff238058758, (CMBitMap*) 0x00007ff238058790
 Prev Bits: [0x00007ff219d9e000, 0x00007ff21bc2e000)
 Next Bits: [0x00007ff217f0e000, 0x00007ff219d9e000)

Polling page: 0x00007ff23ea4f000

Metaspace:

Usage:
  Non-class:      5.32 MB capacity,     2.57 MB ( 48%) used,     2.74 MB ( 51%) free+waste,    21.19 KB ( <1%) overhead. 
      Class:    694.00 KB capacity,   339.70 KB ( 49%) used,   342.86 KB ( 49%) free+waste,    11.44 KB (  2%) overhead. 
       Both:      6.00 MB capacity,     2.90 MB ( 48%) used,     3.07 MB ( 51%) free+waste,    32.62 KB ( <1%) overhead. 

Virtual space:
  Non-class space:        8.00 MB reserved,       5.50 MB ( 69%) committed 
      Class space:        1.00 GB reserved,     768.00 KB ( <1%) committed 
             Both:        1.01 GB reserved,       6.25 MB ( <1%) committed 

Chunk freelists:
   Non-Class:  49.00 KB
       Class:  10.00 KB
        Both:  59.00 KB

MaxMetaspaceSize: unlimited
CompressedClassSpaceSize: 1.00 GB
Initial GC threshold: 20.80 MB
Current GC threshold: 20.80 MB
CDS: on

CodeHeap 'non-profiled nmethods': size=120032Kb used=264Kb max_used=264Kb free=119767Kb
 bounds [0x00007ff2282c5000, 0x00007ff228535000, 0x00007ff22f7fd000]
CodeHeap 'profiled nmethods': size=120028Kb used=1157Kb max_used=1157Kb free=118870Kb
 bounds [0x00007ff220d8e000, 0x00007ff220ffe000, 0x00007ff2282c5000]
CodeHeap 'non-nmethods': size=5700Kb used=1148Kb max_used=1173Kb free=4551Kb
 bounds [0x00007ff2207fd000, 0x00007ff220a6d000, 0x00007ff220d8e000]
 total_blobs=1118 nmethods=711 adapters=321
 compilation: enabled
              stopped_count=0, restarted_count=0
 full_count=0

Compilation events (20 events):
Event: 1.643 Thread 0x00007ff238139000  702       4       java.util.Objects::requireNonNull (14 bytes)
Event: 1.644 Thread 0x00007ff238139000 nmethod 702 0x00007ff228306890 code [0x00007ff228306a20, 0x00007ff228306a78]
Event: 1.645 Thread 0x00007ff23813b800  703       3       java.util.concurrent.ConcurrentHashMap$ValueIterator::next (34 bytes)
Event: 1.646 Thread 0x00007ff23813b800 nmethod 703 0x00007ff220eac790 code [0x00007ff220eac960, 0x00007ff220eacbd0]
Event: 1.646 Thread 0x00007ff23813b800  704       3       java.lang.String::<init> (74 bytes)
Event: 1.648 Thread 0x00007ff23813b800 nmethod 704 0x00007ff220eacd10 code [0x00007ff220eacf20, 0x00007ff220ead5b0]
Event: 1.656 Thread 0x00007ff238139000  705       4       jdk.internal.org.objectweb.asm.ByteVector::put12 (64 bytes)
Event: 1.666 Thread 0x00007ff23813b800  706       3       sun.invoke.util.Wrapper::isSubwordOrInt (20 bytes)
Event: 1.667 Thread 0x00007ff23813b800 nmethod 706 0x00007ff220ead810 code [0x00007ff220ead9e0, 0x00007ff220eade10]
Event: 1.668 Thread 0x00007ff23813b800  707       3       sun.invoke.util.Wrapper::isIntegral (23 bytes)
Event: 1.669 Thread 0x00007ff23813b800 nmethod 707 0x00007ff220eadf10 code [0x00007ff220eae0c0, 0x00007ff220eae330]
Event: 1.669 Thread 0x00007ff23813b800  708       3       sun.invoke.util.Wrapper::isNumeric (16 bytes)
Event: 1.671 Thread 0x00007ff23813b800 nmethod 708 0x00007ff220eae410 code [0x00007ff220eae5c0, 0x00007ff220eae730]
Event: 1.673 Thread 0x00007ff23813b800  709       3       java.util.HashMap$HashIterator::nextNode (100 bytes)
Event: 1.674 Thread 0x00007ff23813b800 nmethod 709 0x00007ff220eae790 code [0x00007ff220eae980, 0x00007ff220eaeed0]
Event: 1.674 Thread 0x00007ff23813b800  711       3       java.lang.String::toString (2 bytes)
Event: 1.674 Thread 0x00007ff23813b800 nmethod 711 0x00007ff220eaf090 code [0x00007ff220eaf240, 0x00007ff220eaf350]
Event: 1.675 Thread 0x00007ff23813b800  710       3       java.lang.Module::isNamed (13 bytes)
Event: 1.676 Thread 0x00007ff23813b800 nmethod 710 0x00007ff220eaf410 code [0x00007ff220eaf5c0, 0x00007ff220eaf730]
Event: 1.677 Thread 0x00007ff238139000 nmethod 705 0x00007ff228306b90 code [0x00007ff228306d40, 0x00007ff2283071f8]

GC Heap History (0 events):
No events

Deoptimization events (20 events):
Event: 0.554 Thread 0x00007ff1cc0bd000 DEOPT PACKING pc=0x00007ff2282e9088 sp=0x00007ff1dfdfc330
Event: 0.554 Thread 0x00007ff1cc0bd000 DEOPT UNPACKING pc=0x00007ff220846ea5 sp=0x00007ff1dfdfc2b0 mode 2
Event: 0.555 Thread 0x00007ff1cc0bd000 Uncommon trap: trap_request=0xffffffbe fr.pc=0x00007ff2282e9088 relative=0x00000000000003c8
Event: 0.555 Thread 0x00007ff1cc0bd000 Uncommon trap: reason=profile_predicate action=maybe_recompile pc=0x00007ff2282e9088 method=java.lang.StringLatin1.indexOf([BI[BII)I @ 18 c2
Event: 0.555 Thread 0x00007ff1cc0bd000 DEOPT PACKING pc=0x00007ff2282e9088 sp=0x00007ff1dfdfc270
Event: 0.555 Thread 0x00007ff1cc0bd000 DEOPT UNPACKING pc=0x00007ff220846ea5 sp=0x00007ff1dfdfc218 mode 2
Event: 0.555 Thread 0x00007ff1cc0bd000 Uncommon trap: trap_request=0xffffffbe fr.pc=0x00007ff2282e9088 relative=0x00000000000003c8
Event: 0.555 Thread 0x00007ff1cc0bd000 Uncommon trap: reason=profile_predicate action=maybe_recompile pc=0x00007ff2282e9088 method=java.lang.StringLatin1.indexOf([BI[BII)I @ 18 c2
Event: 0.555 Thread 0x00007ff1cc0bd000 DEOPT PACKING pc=0x00007ff2282e9088 sp=0x00007ff1dfdfc270
Event: 0.555 Thread 0x00007ff1cc0bd000 DEOPT UNPACKING pc=0x00007ff220846ea5 sp=0x00007ff1dfdfc218 mode 2
Event: 0.555 Thread 0x00007ff1cc0bd000 Uncommon trap: trap_request=0xffffffbe fr.pc=0x00007ff2282e9088 relative=0x00000000000003c8
Event: 0.555 Thread 0x00007ff1cc0bd000 Uncommon trap: reason=profile_predicate action=maybe_recompile pc=0x00007ff2282e9088 method=java.lang.StringLatin1.indexOf([BI[BII)I @ 18 c2
Event: 0.555 Thread 0x00007ff1cc0bd000 DEOPT PACKING pc=0x00007ff2282e9088 sp=0x00007ff1dfdfc270
Event: 0.555 Thread 0x00007ff1cc0bd000 DEOPT UNPACKING pc=0x00007ff220846ea5 sp=0x00007ff1dfdfc218 mode 2
Event: 0.674 Thread 0x00007ff1cc0bd000 Uncommon trap: trap_request=0xffffff4d fr.pc=0x00007ff2282e7ff0 relative=0x00000000000001d0
Event: 0.674 Thread 0x00007ff1cc0bd000 Uncommon trap: reason=unstable_if action=reinterpret pc=0x00007ff2282e7ff0 method=java.lang.String.startsWith(Ljava/lang/String;I)Z @ 1 c2
Event: 0.674 Thread 0x00007ff1cc0bd000 DEOPT PACKING pc=0x00007ff2282e7ff0 sp=0x00007ff1dfdfa2d0
Event: 0.675 Thread 0x00007ff1cc0bd000 DEOPT UNPACKING pc=0x00007ff220846ea5 sp=0x00007ff1dfdfa260 mode 2
Event: 1.568 Thread 0x00007ff1cc0bd000 DEOPT PACKING pc=0x00007ff220db78cf sp=0x00007ff1dfdfd9d0
Event: 1.568 Thread 0x00007ff1cc0bd000 DEOPT UNPACKING pc=0x00007ff22084764a sp=0x00007ff1dfdfce78 mode 0

Classes redefined (0 events):
No events

Internal exceptions (12 events):
Event: 0.110 Thread 0x00007ff238016000 Exception <a 'java/security/PrivilegedActionException'{0x000000008d7557c0}> (0x000000008d7557c0) thrown at [./src/hotspot/share/prims/jvm.cpp, line 1304]
Event: 0.110 Thread 0x00007ff238016000 Exception <a 'java/security/PrivilegedActionException'{0x000000008d755a90}> (0x000000008d755a90) thrown at [./src/hotspot/share/prims/jvm.cpp, line 1304]
Event: 0.346 Thread 0x00007ff2381f2000 Exception <a 'java/lang/NoSuchMethodError'{0x000000008d395388}: 'java.lang.Object java.lang.invoke.DirectMethodHandle$Holder.invokeStatic(java.lang.Object, java.lang.Object, java.lang.Object, java.lang.Object, java.lang.Object, java.lang.Object, java.lang.Object, java.lang.Object, int)'> (0x000000008d395388) thrown at [./src/hotspot/share/interpreter/linkResolver.cpp, line 772]
Event: 0.356 Thread 0x00007ff2381f2000 Exception <a 'java/lang/NoSuchMethodError'{0x000000008d3b0700}: 'java.lang.Object java.lang.invoke.DirectMethodHandle$Holder.invokeStatic(java.lang.Object, java.lang.Object, java.lang.Object, java.lang.Object, java.lang.Object, java.lang.Object, java.lang.Object, java.lang.Object, int, int)'> (0x000000008d3b0700) thrown at [./src/hotspot/share/interpreter/linkResolver.cpp, line 772]
Event: 0.364 Thread 0x00007ff2381f2000 Exception <a 'java/lang/NoSuchMethodError'{0x000000008d3cbc10}: 'java.lang.Object java.lang.invoke.DirectMethodHandle$Holder.invokeStatic(java.lang.Object, java.lang.Object, java.lang.Object, java.lang.Object, java.lang.Object, java.lang.Object, java.lang.Object, java.lang.Object, int, int, java.lang.Object)'> (0x000000008d3cbc10) thrown at [./src/hotspot/share/interpreter/linkResolver.cpp, line 772]
Event: 0.619 Thread 0x00007ff1cc0bd000 Exception <a 'java/lang/NoSuchMethodError'{0x000000008cfb4ca8}: 'java.lang.Object java.lang.invoke.DirectMethodHandle$Holder.invokeStatic(java.lang.Object, java.lang.Object, java.lang.Object, java.lang.Object, java.lang.Object, java.lang.Object, java.lang.Object, java.lang.Object, java.lang.Object, java.lang.Object, java.lang.Object, int)'> (0x000000008cfb4ca8) thrown at [./src/hotspot/share/interpreter/linkResolver.cpp, line 772]
Event: 0.623 Thread 0x00007ff1cc0bd000 Exception <a 'java/lang/NoSuchMethodError'{0x000000008cfd2ba8}: 'java.lang.Object java.lang.invoke.DirectMethodHandle$Holder.invokeStatic(java.lang.Object, java.lang.Object, java.lang.Object, java.lang.Object, java.lang.Object, java.lang.Object, java.lang.Object, java.lang.Object, java.lang.Object, java.lang.Object, java.lang.Object, int, int)'> (0x000000008cfd2ba8) thrown at [./src/hotspot/share/interpreter/linkResolver.cpp, line 772]
Event: 0.628 Thread 0x00007ff1cc0bd000 Exception <a 'java/lang/NoSuchMethodError'{0x000000008cff1938}: 'java.lang.Object java.lang.invoke.DirectMethodHandle$Holder.invokeStatic(java.lang.Object, java.lang.Object, java.lang.Object, java.lang.Object, java.lang.Object, java.lang.Object, java.lang.Object, java.lang.Object, java.lang.Object, java.lang.Object, java.lang.Object, int, int, java.lang.Object)'> (0x000000008cff1938) thrown at [./src/hotspot/share/interpreter/linkResolver.cpp, line 772]
Event: 0.633 Thread 0x00007ff1cc0bd000 Exception <a 'java/lang/NoSuchMethodError'{0x000000008ce12438}: 'java.lang.Object java.lang.invoke.DirectMethodHandle$Holder.invokeStatic(java.lang.Object, java.lang.Object, java.lang.Object, java.lang.Object, java.lang.Object, java.lang.Object, java.lang.Object, java.lang.Object, java.lang.Object, java.lang.Object, java.lang.Object, int, int, java.lang.Object, java.lang.Object)'> (0x000000008ce12438) thrown at [./src/hotspot/share/interpreter/linkResolver.cpp, line 772]
Event: 1.583 Thread 0x00007ff2381f2000 Exception <a 'java/lang/NoSuchMethodError'{0x000000008d19ff38}: 'int java.lang.invoke.DirectMethodHandle$Holder.invokeStaticInit(java.lang.Object, java.lang.Object, java.lang.Object)'> (0x000000008d19ff38) thrown at [./src/hotspot/share/interpreter/linkResolver.cpp, line 772]
Event: 1.590 Thread 0x00007ff2381f2000 Exception <a 'java/lang/NoSuchMethodError'{0x000000008d1ab658}: 'void java.lang.invoke.DirectMethodHandle$Holder.invokeSpecial(java.lang.Object, java.lang.Object)'> (0x000000008d1ab658) thrown at [./src/hotspot/share/interpreter/linkResolver.cpp, line 772]
Event: 1.667 Thread 0x00007ff2381f2000 Exception <a 'java/lang/UnsupportedOperationException'{0x000000008cdf2530}> (0x000000008cdf2530) thrown at [./src/hotspot/share/prims/jvm.cpp, line 1310]

Events (20 events):
Event: 1.668 Executing VM operation: RevokeBias
Event: 1.669 Executing VM operation: RevokeBias done
Event: 1.669 Thread 0x00007ff2381f2000 Thread exited: 0x00007ff2381f2000
Event: 1.669 loading class java/lang/Throwable$WrappedPrintStream
Event: 1.669 loading class java/lang/Throwable$PrintStreamOrWriter
Event: 1.669 loading class java/lang/Throwable$PrintStreamOrWriter done
Event: 1.669 loading class java/lang/Throwable$WrappedPrintStream done
Event: 1.670 Executing VM operation: RevokeBias
Event: 1.670 Executing VM operation: RevokeBias done
Event: 1.671 loading class java/lang/StackTraceElement$HashedModules
Event: 1.671 loading class java/lang/StackTraceElement$HashedModules done
Event: 1.674 Thread 0x00007ff238016000 Thread exited: 0x00007ff238016000
Event: 1.674 Protecting memory [0x00007ff23d10f000,0x00007ff23d113000] with protection modes 0
Event: 1.674 Thread 0x00007ff238016000 Thread added: 0x00007ff238016000
Event: 1.675 Executing VM operation: RevokeBias
Event: 1.675 Executing VM operation: RevokeBias done
Event: 1.677 Thread 0x00007ff2381f2000 Thread added: 0x00007ff2381f2000
Event: 1.677 Protecting memory [0x00007ff1dfe00000,0x00007ff1dfe04000] with protection modes 0
Event: 1.679 Thread 0x00007ff2381f2000 Thread exited: 0x00007ff2381f2000
Event: 1.681 Thread 0x00007ff238016000 Thread exited: 0x00007ff238016000


Dynamic libraries:
85c00000-8d800000 rw-p 00000000 00:00 0 
8d800000-ffe00000 ---p 00000000 00:00 0 
ffe00000-ffe48000 rw-p 00b0a000 08:20 353163                             /usr/lib/jvm/java-11-openjdk-amd64/lib/server/classes.jsa
ffe48000-fff00000 rw-p 00000000 00:00 0 
fff00000-fff6b000 rw-p 00a9f000 08:20 353163                             /usr/lib/jvm/java-11-openjdk-amd64/lib/server/classes.jsa
fff6b000-100000000 rw-p 00000000 00:00 0 
800000000-800002000 rwxp 00001000 08:20 353163                           /usr/lib/jvm/java-11-openjdk-amd64/lib/server/classes.jsa
800002000-8003cc000 rw-p 00003000 08:20 353163                           /usr/lib/jvm/java-11-openjdk-amd64/lib/server/classes.jsa
8003cc000-800a9d000 r--p 003cd000 08:20 353163                           /usr/lib/jvm/java-11-openjdk-amd64/lib/server/classes.jsa
800a9d000-800a9e000 rw-p 00a9e000 08:20 353163                           /usr/lib/jvm/java-11-openjdk-amd64/lib/server/classes.jsa
840000000-8400c0000 rw-p 00000000 00:00 0 
8400c0000-880000000 ---p 00000000 00:00 0 
564f89f61000-564f89f62000 r--p 00000000 08:20 353215                     /usr/lib/jvm/java-11-openjdk-amd64/bin/java
564f89f62000-564f89f63000 r-xp 00001000 08:20 353215                     /usr/lib/jvm/java-11-openjdk-amd64/bin/java
564f89f63000-564f89f64000 r--p 00002000 08:20 353215                     /usr/lib/jvm/java-11-openjdk-amd64/bin/java
564f89f64000-564f89f65000 r--p 00002000 08:20 353215                     /usr/lib/jvm/java-11-openjdk-amd64/bin/java
564f89f65000-564f89f66000 rw-p 00003000 08:20 353215                     /usr/lib/jvm/java-11-openjdk-amd64/bin/java
564f89fc2000-564f89fe3000 rw-p 00000000 00:00 0                          [heap]
7ff1ac000000-7ff1ac021000 rw-p 00000000 00:00 0 
7ff1ac021000-7ff1b0000000 ---p 00000000 00:00 0 
7ff1b0000000-7ff1b0021000 rw-p 00000000 00:00 0 
7ff1b0021000-7ff1b4000000 ---p 00000000 00:00 0 
7ff1b4000000-7ff1b402a000 rw-p 00000000 00:00 0 
7ff1b402a000-7ff1b8000000 ---p 00000000 00:00 0 
7ff1b8800000-7ff1b8801000 r-xp 00000000 08:20 371133                     /home/owenyap/.openjfx/cache/11/libglass.so
7ff1b8801000-7ff1b8a01000 ---p 00001000 08:20 371133                     /home/owenyap/.openjfx/cache/11/libglass.so
7ff1b8a01000-7ff1b8a02000 r--p 00001000 08:20 371133                     /home/owenyap/.openjfx/cache/11/libglass.so
7ff1b8a02000-7ff1b8a03000 rw-p 00002000 08:20 371133                     /home/owenyap/.openjfx/cache/11/libglass.so
7ff1b8c00000-7ff1b8c0f000 r-xp 00000000 08:20 371132                     /home/owenyap/.openjfx/cache/11/libprism_sw.so
7ff1b8c0f000-7ff1b8e0e000 ---p 0000f000 08:20 371132                     /home/owenyap/.openjfx/cache/11/libprism_sw.so
7ff1b8e0e000-7ff1b8e0f000 r--p 0000e000 08:20 371132                     /home/owenyap/.openjfx/cache/11/libprism_sw.so
7ff1b8e0f000-7ff1b8e10000 rw-p 0000f000 08:20 371132                     /home/owenyap/.openjfx/cache/11/libprism_sw.so
7ff1b8ea3000-7ff1b8ea4000 ---p 00000000 00:00 0 
7ff1b8ea4000-7ff1b96a4000 rw-p 00000000 00:00 0 
7ff1b9ea4000-7ff1b9ea5000 ---p 00000000 00:00 0 
7ff1b9ea5000-7ff1ba6a5000 rw-p 00000000 00:00 0 
7ff1ba6a5000-7ff1bb810000 r--p 00000000 00:1d 1407374883818579           /usr/lib/wsl/drivers/nvdmi.inf_amd64_b5a59c8b6c2a9964/libnvwgf2umx.so
7ff1bb810000-7ff1bd2a3000 r-xp 0116b000 00:1d 1407374883818579           /usr/lib/wsl/drivers/nvdmi.inf_amd64_b5a59c8b6c2a9964/libnvwgf2umx.so
7ff1bd2a3000-7ff1bd3a5000 r--p 02bfe000 00:1d 1407374883818579           /usr/lib/wsl/drivers/nvdmi.inf_amd64_b5a59c8b6c2a9964/libnvwgf2umx.so
7ff1bd3a5000-7ff1be00d000 rw-p 02d00000 00:1d 1407374883818579           /usr/lib/wsl/drivers/nvdmi.inf_amd64_b5a59c8b6c2a9964/libnvwgf2umx.so
7ff1be00d000-7ff1be05c000 rw-p 00000000 00:00 0 
7ff1be05c000-7ff1c38f3000 r-xp 00000000 08:20 353716                     /usr/lib/x86_64-linux-gnu/libLLVM-13.so.1
7ff1c38f3000-7ff1c3f85000 r--p 05896000 08:20 353716                     /usr/lib/x86_64-linux-gnu/libLLVM-13.so.1
7ff1c3f85000-7ff1c3f8e000 rw-p 05f28000 08:20 353716                     /usr/lib/x86_64-linux-gnu/libLLVM-13.so.1
7ff1c3f8e000-7ff1c4000000 rw-p 00000000 00:00 0 
7ff1c4000000-7ff1c4028000 rw-p 00000000 00:00 0 
7ff1c4028000-7ff1c8000000 ---p 00000000 00:00 0 
7ff1c817d000-7ff1c817e000 rw-s 00000000 00:01 196630                     /SYSV00000000 (deleted)
7ff1c817e000-7ff1c817f000 rwxp 00000000 00:00 0 
7ff1c87df000-7ff1c87e0000 ---p 00000000 00:00 0 
7ff1c87e0000-7ff1c8fe0000 rw-p 00000000 00:00 0 
7ff1c8fe0000-7ff1c8fe1000 ---p 00000000 00:00 0 
7ff1c8fe1000-7ff1c97e1000 rw-p 00000000 00:00 0 
7ff1c97e1000-7ff1c97e2000 ---p 00000000 00:00 0 
7ff1c97e2000-7ff1c9fe2000 rw-p 00000000 00:00 0 
7ff1ca3e2000-7ff1ca3e3000 r--p 00000000 08:20 6537                       /usr/lib/x86_64-linux-gnu/libicudata.so.70.1
7ff1ca3e3000-7ff1ca3e4000 r-xp 00001000 08:20 6537                       /usr/lib/x86_64-linux-gnu/libicudata.so.70.1
7ff1ca3e4000-7ff1cbffe000 r--p 00002000 08:20 6537                       /usr/lib/x86_64-linux-gnu/libicudata.so.70.1
7ff1cbffe000-7ff1cbfff000 r--p 01c1b000 08:20 6537                       /usr/lib/x86_64-linux-gnu/libicudata.so.70.1
7ff1cbfff000-7ff1cc000000 rw-p 01c1c000 08:20 6537                       /usr/lib/x86_64-linux-gnu/libicudata.so.70.1
7ff1cc000000-7ff1cc108000 rw-p 00000000 00:00 0 
7ff1cc108000-7ff1d0000000 ---p 00000000 00:00 0 
7ff1d0000000-7ff1d059e000 rw-p 00000000 00:00 0 
7ff1d059e000-7ff1d4000000 ---p 00000000 00:00 0 
7ff1d4000000-7ff1d452f000 rw-p 00000000 00:00 0 
7ff1d452f000-7ff1d8000000 ---p 00000000 00:00 0 
7ff1d8000000-7ff1d8021000 rw-p 00000000 00:00 0 
7ff1d8021000-7ff1dc000000 ---p 00000000 00:00 0 
7ff1dc3a2000-7ff1dc3a3000 ---p 00000000 00:00 0 
7ff1dc3a3000-7ff1dcba3000 rw-p 00000000 00:00 0 
7ff1dd29f000-7ff1dd2e2000 r--p 00000000 00:1f 1407374883613437           /usr/lib/wsl/lib/libdxcore.so
7ff1dd2e2000-7ff1dd363000 r-xp 00042000 00:1f 1407374883613437           /usr/lib/wsl/lib/libdxcore.so
7ff1dd363000-7ff1dd36b000 r--p 000c2000 00:1f 1407374883613437           /usr/lib/wsl/lib/libdxcore.so
7ff1dd36b000-7ff1dd36d000 rw-p 000c9000 00:1f 1407374883613437           /usr/lib/wsl/lib/libdxcore.so
7ff1dd36d000-7ff1dd370000 rw-p 00000000 00:00 0 
7ff1dd39f000-7ff1dd3a0000 rw-s a03e99000 00:01 11633                     /dev/zero (deleted)
7ff1dd3b0000-7ff1dd3b1000 rw-s a03e97000 00:01 11631                     /dev/zero (deleted)
7ff1dd3c1000-7ff1dd3c2000 rw-s a03e95000 00:01 11629                     /dev/zero (deleted)
7ff1dd4f4000-7ff1dd538000 r--p 00000000 00:1f 1407374883613435           /usr/lib/wsl/lib/libd3d12.so
7ff1dd538000-7ff1dd5b1000 r-xp 00043000 00:1f 1407374883613435           /usr/lib/wsl/lib/libd3d12.so
7ff1dd5b1000-7ff1dd5b9000 r--p 000bb000 00:1f 1407374883613435           /usr/lib/wsl/lib/libd3d12.so
7ff1dd5b9000-7ff1dd5bb000 rw-p 000c2000 00:1f 1407374883613435           /usr/lib/wsl/lib/libd3d12.so
7ff1dd5bb000-7ff1dd5be000 rw-p 00000000 00:00 0 
7ff1dd5be000-7ff1dd5c1000 r--p 00000000 08:20 6585                       /usr/lib/x86_64-linux-gnu/liblzma.so.5.2.5
7ff1dd5c1000-7ff1dd5dc000 r-xp 00003000 08:20 6585                       /usr/lib/x86_64-linux-gnu/liblzma.so.5.2.5
7ff1dd5dc000-7ff1dd5e7000 r--p 0001e000 08:20 6585                       /usr/lib/x86_64-linux-gnu/liblzma.so.5.2.5
7ff1dd5e7000-7ff1dd5e8000 r--p 00028000 08:20 6585                       /usr/lib/x86_64-linux-gnu/liblzma.so.5.2.5
7ff1dd5e8000-7ff1dd5e9000 rw-p 00029000 08:20 6585                       /usr/lib/x86_64-linux-gnu/liblzma.so.5.2.5
7ff1dd5e9000-7ff1dd64f000 r--p 00000000 08:20 6547                       /usr/lib/x86_64-linux-gnu/libicuuc.so.70.1
7ff1dd64f000-7ff1dd742000 r-xp 00066000 08:20 6547                       /usr/lib/x86_64-linux-gnu/libicuuc.so.70.1
7ff1dd742000-7ff1dd7ce000 r--p 00159000 08:20 6547                       /usr/lib/x86_64-linux-gnu/libicuuc.so.70.1
7ff1dd7ce000-7ff1dd7e1000 r--p 001e4000 08:20 6547                       /usr/lib/x86_64-linux-gnu/libicuuc.so.70.1
7ff1dd7e1000-7ff1dd7e2000 rw-p 001f7000 08:20 6547                       /usr/lib/x86_64-linux-gnu/libicuuc.so.70.1
7ff1dd7e2000-7ff1dd7e4000 rw-p 00000000 00:00 0 
7ff1dd7e4000-7ff1dd813000 r--p 00000000 08:20 6772                       /usr/lib/x86_64-linux-gnu/libxml2.so.2.9.13
7ff1dd813000-7ff1dd966000 r-xp 0002f000 08:20 6772                       /usr/lib/x86_64-linux-gnu/libxml2.so.2.9.13
7ff1dd966000-7ff1dd9ba000 r--p 00182000 08:20 6772                       /usr/lib/x86_64-linux-gnu/libxml2.so.2.9.13
7ff1dd9ba000-7ff1dd9bb000 ---p 001d6000 08:20 6772                       /usr/lib/x86_64-linux-gnu/libxml2.so.2.9.13
7ff1dd9bb000-7ff1dd9c4000 r--p 001d6000 08:20 6772                       /usr/lib/x86_64-linux-gnu/libxml2.so.2.9.13
7ff1dd9c4000-7ff1dd9c5000 rw-p 001df000 08:20 6772                       /usr/lib/x86_64-linux-gnu/libxml2.so.2.9.13
7ff1dd9c5000-7ff1dd9c6000 rw-p 00000000 00:00 0 
7ff1dd9cd000-7ff1dd9ce000 rw-s a03e68000 00:01 11566                     /dev/zero (deleted)
7ff1dda4b000-7ff1dda4c000 r--p 00000000 08:20 6456                       /usr/lib/x86_64-linux-gnu/libdl.so.2
7ff1dda4c000-7ff1dda4d000 r-xp 00001000 08:20 6456                       /usr/lib/x86_64-linux-gnu/libdl.so.2
7ff1dda4d000-7ff1dda4e000 r--p 00002000 08:20 6456                       /usr/lib/x86_64-linux-gnu/libdl.so.2
7ff1dda4e000-7ff1dda4f000 r--p 00002000 08:20 6456                       /usr/lib/x86_64-linux-gnu/libdl.so.2
7ff1dda4f000-7ff1dda50000 rw-p 00003000 08:20 6456                       /usr/lib/x86_64-linux-gnu/libdl.so.2
7ff1dda50000-7ff1dda51000 r--p 00000000 08:20 6701                       /usr/lib/x86_64-linux-gnu/libpthread.so.0
7ff1dda51000-7ff1dda52000 r-xp 00001000 08:20 6701                       /usr/lib/x86_64-linux-gnu/libpthread.so.0
7ff1dda52000-7ff1dda53000 r--p 00002000 08:20 6701                       /usr/lib/x86_64-linux-gnu/libpthread.so.0
7ff1dda53000-7ff1dda54000 r--p 00002000 08:20 6701                       /usr/lib/x86_64-linux-gnu/libpthread.so.0
7ff1dda54000-7ff1dda55000 rw-p 00003000 08:20 6701                       /usr/lib/x86_64-linux-gnu/libpthread.so.0
7ff1dda55000-7ff1dda63000 r--p 00000000 08:20 6743                       /usr/lib/x86_64-linux-gnu/libtinfo.so.6.3
7ff1dda63000-7ff1dda74000 r-xp 0000e000 08:20 6743                       /usr/lib/x86_64-linux-gnu/libtinfo.so.6.3
7ff1dda74000-7ff1dda82000 r--p 0001f000 08:20 6743                       /usr/lib/x86_64-linux-gnu/libtinfo.so.6.3
7ff1dda82000-7ff1dda86000 r--p 0002c000 08:20 6743                       /usr/lib/x86_64-linux-gnu/libtinfo.so.6.3
7ff1dda86000-7ff1dda87000 rw-p 00030000 08:20 6743                       /usr/lib/x86_64-linux-gnu/libtinfo.so.6.3
7ff1dda87000-7ff1dda8f000 r--p 00000000 08:20 6467                       /usr/lib/x86_64-linux-gnu/libedit.so.2.0.68
7ff1dda8f000-7ff1ddaad000 r-xp 00008000 08:20 6467                       /usr/lib/x86_64-linux-gnu/libedit.so.2.0.68
7ff1ddaad000-7ff1ddaba000 r--p 00026000 08:20 6467                       /usr/lib/x86_64-linux-gnu/libedit.so.2.0.68
7ff1ddaba000-7ff1ddabc000 r--p 00032000 08:20 6467                       /usr/lib/x86_64-linux-gnu/libedit.so.2.0.68
7ff1ddabc000-7ff1ddabd000 rw-p 00034000 08:20 6467                       /usr/lib/x86_64-linux-gnu/libedit.so.2.0.68
7ff1ddabd000-7ff1ddac1000 rw-p 00000000 00:00 0 
7ff1ddac1000-7ff1ddac3000 r--p 00000000 08:20 6483                       /usr/lib/x86_64-linux-gnu/libffi.so.8.1.0
7ff1ddac3000-7ff1ddaca000 r-xp 00002000 08:20 6483                       /usr/lib/x86_64-linux-gnu/libffi.so.8.1.0
7ff1ddaca000-7ff1ddacb000 r--p 00009000 08:20 6483                       /usr/lib/x86_64-linux-gnu/libffi.so.8.1.0
7ff1ddacb000-7ff1ddacc000 ---p 0000a000 08:20 6483                       /usr/lib/x86_64-linux-gnu/libffi.so.8.1.0
7ff1ddacc000-7ff1ddacd000 r--p 0000a000 08:20 6483                       /usr/lib/x86_64-linux-gnu/libffi.so.8.1.0
7ff1ddacd000-7ff1ddace000 rw-p 0000b000 08:20 6483                       /usr/lib/x86_64-linux-gnu/libffi.so.8.1.0
7ff1ddace000-7ff1ddadd000 r--p 00000000 08:20 353751                     /usr/lib/x86_64-linux-gnu/libvulkan.so.1.3.204
7ff1ddadd000-7ff1ddb1a000 r-xp 0000f000 08:20 353751                     /usr/lib/x86_64-linux-gnu/libvulkan.so.1.3.204
7ff1ddb1a000-7ff1ddb3a000 r--p 0004c000 08:20 353751                     /usr/lib/x86_64-linux-gnu/libvulkan.so.1.3.204
7ff1ddb3a000-7ff1ddb3b000 r--p 0006b000 08:20 353751                     /usr/lib/x86_64-linux-gnu/libvulkan.so.1.3.204
7ff1ddb3b000-7ff1ddb3c000 rw-p 0006c000 08:20 353751                     /usr/lib/x86_64-linux-gnu/libvulkan.so.1.3.204
7ff1ddb3c000-7ff1ddb3e000 r--p 00000000 08:20 353697                     /usr/lib/x86_64-linux-gnu/libdrm_nouveau.so.2.0.0
7ff1ddb3e000-7ff1ddb43000 r-xp 00002000 08:20 353697                     /usr/lib/x86_64-linux-gnu/libdrm_nouveau.so.2.0.0
7ff1ddb43000-7ff1ddb45000 r--p 00007000 08:20 353697                     /usr/lib/x86_64-linux-gnu/libdrm_nouveau.so.2.0.0
7ff1ddb45000-7ff1ddb46000 r--p 00008000 08:20 353697                     /usr/lib/x86_64-linux-gnu/libdrm_nouveau.so.2.0.0
7ff1ddb46000-7ff1ddb47000 rw-p 00009000 08:20 353697                     /usr/lib/x86_64-linux-gnu/libdrm_nouveau.so.2.0.0
7ff1ddb47000-7ff1ddb4a000 r--p 00000000 08:20 353687                     /usr/lib/x86_64-linux-gnu/libdrm_amdgpu.so.1.0.0
7ff1ddb4a000-7ff1ddb4f000 r-xp 00003000 08:20 353687                     /usr/lib/x86_64-linux-gnu/libdrm_amdgpu.so.1.0.0
7ff1ddb4f000-7ff1ddb51000 r--p 00008000 08:20 353687                     /usr/lib/x86_64-linux-gnu/libdrm_amdgpu.so.1.0.0
7ff1ddb51000-7ff1ddb52000 r--p 00009000 08:20 353687                     /usr/lib/x86_64-linux-gnu/libdrm_amdgpu.so.1.0.0
7ff1ddb52000-7ff1ddb53000 rw-p 0000a000 08:20 353687                     /usr/lib/x86_64-linux-gnu/libdrm_amdgpu.so.1.0.0
7ff1ddb53000-7ff1ddb56000 r--p 00000000 08:20 6468                       /usr/lib/x86_64-linux-gnu/libelf-0.186.so
7ff1ddb56000-7ff1ddb6a000 r-xp 00003000 08:20 6468                       /usr/lib/x86_64-linux-gnu/libelf-0.186.so
7ff1ddb6a000-7ff1ddb6e000 r--p 00017000 08:20 6468                       /usr/lib/x86_64-linux-gnu/libelf-0.186.so
7ff1ddb6e000-7ff1ddb6f000 ---p 0001b000 08:20 6468                       /usr/lib/x86_64-linux-gnu/libelf-0.186.so
7ff1ddb6f000-7ff1ddb70000 r--p 0001b000 08:20 6468                       /usr/lib/x86_64-linux-gnu/libelf-0.186.so
7ff1ddb70000-7ff1ddb71000 rw-p 0001c000 08:20 6468                       /usr/lib/x86_64-linux-gnu/libelf-0.186.so
7ff1ddb71000-7ff1ddb73000 r--p 00000000 08:20 353707                     /usr/lib/x86_64-linux-gnu/libdrm_radeon.so.1.0.1
7ff1ddb73000-7ff1ddb7a000 r-xp 00002000 08:20 353707                     /usr/lib/x86_64-linux-gnu/libdrm_radeon.so.1.0.1
7ff1ddb7a000-7ff1ddb7e000 r--p 00009000 08:20 353707                     /usr/lib/x86_64-linux-gnu/libdrm_radeon.so.1.0.1
7ff1ddb7e000-7ff1ddb7f000 r--p 0000c000 08:20 353707                     /usr/lib/x86_64-linux-gnu/libdrm_radeon.so.1.0.1
7ff1ddb7f000-7ff1ddb80000 rw-p 0000d000 08:20 353707                     /usr/lib/x86_64-linux-gnu/libdrm_radeon.so.1.0.1
7ff1ddb80000-7ff1ddb82000 r--p 00000000 08:20 12231                      /usr/lib/x86_64-linux-gnu/libsensors.so.5.0.0
7ff1ddb82000-7ff1ddb89000 r-xp 00002000 08:20 12231                      /usr/lib/x86_64-linux-gnu/libsensors.so.5.0.0
7ff1ddb89000-7ff1ddb8d000 r--p 00009000 08:20 12231                      /usr/lib/x86_64-linux-gnu/libsensors.so.5.0.0
7ff1ddb8d000-7ff1ddb8e000 ---p 0000d000 08:20 12231                      /usr/lib/x86_64-linux-gnu/libsensors.so.5.0.0
7ff1ddb8e000-7ff1ddb8f000 r--p 0000d000 08:20 12231                      /usr/lib/x86_64-linux-gnu/libsensors.so.5.0.0
7ff1ddb8f000-7ff1ddb90000 rw-p 0000e000 08:20 12231                      /usr/lib/x86_64-linux-gnu/libsensors.so.5.0.0
7ff1ddb90000-7ff1ddb9a000 r--p 00000000 08:20 6784                       /usr/lib/x86_64-linux-gnu/libzstd.so.1.4.8
7ff1ddb9a000-7ff1ddc4c000 r-xp 0000a000 08:20 6784                       /usr/lib/x86_64-linux-gnu/libzstd.so.1.4.8
7ff1ddc4c000-7ff1ddc5d000 r--p 000bc000 08:20 6784                       /usr/lib/x86_64-linux-gnu/libzstd.so.1.4.8
7ff1ddc5d000-7ff1ddc5e000 r--p 000cc000 08:20 6784                       /usr/lib/x86_64-linux-gnu/libzstd.so.1.4.8
7ff1ddc5e000-7ff1ddc5f000 rw-p 000cd000 08:20 6784                       /usr/lib/x86_64-linux-gnu/libzstd.so.1.4.8
7ff1ddc5f000-7ff1ddcef000 r--p 00000000 08:20 353763                     /usr/lib/x86_64-linux-gnu/dri/swrast_dri.so
7ff1ddcef000-7ff1ded35000 r-xp 00090000 08:20 353763                     /usr/lib/x86_64-linux-gnu/dri/swrast_dri.so
7ff1ded35000-7ff1df3b8000 r--p 010d6000 08:20 353763                     /usr/lib/x86_64-linux-gnu/dri/swrast_dri.so
7ff1df3b8000-7ff1df42d000 r--p 01758000 08:20 353763                     /usr/lib/x86_64-linux-gnu/dri/swrast_dri.so
7ff1df42d000-7ff1df43a000 rw-p 017cd000 08:20 353763                     /usr/lib/x86_64-linux-gnu/dri/swrast_dri.so
7ff1df43a000-7ff1df5f7000 rw-p 00000000 00:00 0 
7ff1df5f7000-7ff1df5fa000 r--p 00000000 08:20 353658                     /usr/lib/x86_64-linux-gnu/libxcb-xfixes.so.0.0.0
7ff1df5fa000-7ff1df5fd000 r-xp 00003000 08:20 353658                     /usr/lib/x86_64-linux-gnu/libxcb-xfixes.so.0.0.0
7ff1df5fd000-7ff1df5fe000 r--p 00006000 08:20 353658                     /usr/lib/x86_64-linux-gnu/libxcb-xfixes.so.0.0.0
7ff1df5fe000-7ff1df5ff000 ---p 00007000 08:20 353658                     /usr/lib/x86_64-linux-gnu/libxcb-xfixes.so.0.0.0
7ff1df5ff000-7ff1df600000 r--p 00007000 08:20 353658                     /usr/lib/x86_64-linux-gnu/libxcb-xfixes.so.0.0.0
7ff1df600000-7ff1df601000 rw-p 00008000 08:20 353658                     /usr/lib/x86_64-linux-gnu/libxcb-xfixes.so.0.0.0
7ff1df601000-7ff1df602000 r--p 00000000 08:20 353668                     /usr/lib/x86_64-linux-gnu/libxshmfence.so.1.0.0
7ff1df602000-7ff1df603000 r-xp 00001000 08:20 353668                     /usr/lib/x86_64-linux-gnu/libxshmfence.so.1.0.0
7ff1df603000-7ff1df604000 r--p 00002000 08:20 353668                     /usr/lib/x86_64-linux-gnu/libxshmfence.so.1.0.0
7ff1df604000-7ff1df605000 r--p 00002000 08:20 353668                     /usr/lib/x86_64-linux-gnu/libxshmfence.so.1.0.0
7ff1df605000-7ff1df606000 rw-p 00003000 08:20 353668                     /usr/lib/x86_64-linux-gnu/libxshmfence.so.1.0.0
7ff1df606000-7ff1df609000 r--p 00000000 08:20 353648                     /usr/lib/x86_64-linux-gnu/libxcb-sync.so.1.0.0
7ff1df609000-7ff1df60c000 r-xp 00003000 08:20 353648                     /usr/lib/x86_64-linux-gnu/libxcb-sync.so.1.0.0
7ff1df60c000-7ff1df60d000 r--p 00006000 08:20 353648                     /usr/lib/x86_64-linux-gnu/libxcb-sync.so.1.0.0
7ff1df60d000-7ff1df60e000 ---p 00007000 08:20 353648                     /usr/lib/x86_64-linux-gnu/libxcb-sync.so.1.0.0
7ff1df60e000-7ff1df60f000 r--p 00007000 08:20 353648                     /usr/lib/x86_64-linux-gnu/libxcb-sync.so.1.0.0
7ff1df60f000-7ff1df610000 rw-p 00008000 08:20 353648                     /usr/lib/x86_64-linux-gnu/libxcb-sync.so.1.0.0
7ff1df610000-7ff1df611000 r--p 00000000 08:20 353628                     /usr/lib/x86_64-linux-gnu/libxcb-present.so.0.0.0
7ff1df611000-7ff1df612000 r-xp 00001000 08:20 353628                     /usr/lib/x86_64-linux-gnu/libxcb-present.so.0.0.0
7ff1df612000-7ff1df613000 r--p 00002000 08:20 353628                     /usr/lib/x86_64-linux-gnu/libxcb-present.so.0.0.0
7ff1df613000-7ff1df614000 r--p 00002000 08:20 353628                     /usr/lib/x86_64-linux-gnu/libxcb-present.so.0.0.0
7ff1df614000-7ff1df615000 rw-p 00003000 08:20 353628                     /usr/lib/x86_64-linux-gnu/libxcb-present.so.0.0.0
7ff1df615000-7ff1df617000 r--p 00000000 08:20 353608                     /usr/lib/x86_64-linux-gnu/libxcb-dri3.so.0.0.0
7ff1df617000-7ff1df619000 r-xp 00002000 08:20 353608                     /usr/lib/x86_64-linux-gnu/libxcb-dri3.so.0.0.0
7ff1df619000-7ff1df61a000 r--p 00004000 08:20 353608                     /usr/lib/x86_64-linux-gnu/libxcb-dri3.so.0.0.0
7ff1df61a000-7ff1df61b000 r--p 00004000 08:20 353608                     /usr/lib/x86_64-linux-gnu/libxcb-dri3.so.0.0.0
7ff1df61b000-7ff1df61c000 rw-p 00005000 08:20 353608                     /usr/lib/x86_64-linux-gnu/libxcb-dri3.so.0.0.0
7ff1df61c000-7ff1df620000 r--p 00000000 08:20 6475                       /usr/lib/x86_64-linux-gnu/libexpat.so.1.8.7
7ff1df620000-7ff1df63f000 r-xp 00004000 08:20 6475                       /usr/lib/x86_64-linux-gnu/libexpat.so.1.8.7
7ff1df63f000-7ff1df649000 r--p 00023000 08:20 6475                       /usr/lib/x86_64-linux-gnu/libexpat.so.1.8.7
7ff1df649000-7ff1df64a000 ---p 0002d000 08:20 6475                       /usr/lib/x86_64-linux-gnu/libexpat.so.1.8.7
7ff1df64a000-7ff1df64c000 r--p 0002d000 08:20 6475                       /usr/lib/x86_64-linux-gnu/libexpat.so.1.8.7
7ff1df64c000-7ff1df64d000 rw-p 0002f000 08:20 6475                       /usr/lib/x86_64-linux-gnu/libexpat.so.1.8.7
7ff1df64d000-7ff1df64e000 r--p 00000000 08:20 353677                     /usr/lib/x86_64-linux-gnu/libXxf86vm.so.1.0.0
7ff1df64e000-7ff1df651000 r-xp 00001000 08:20 353677                     /usr/lib/x86_64-linux-gnu/libXxf86vm.so.1.0.0
7ff1df651000-7ff1df652000 r--p 00004000 08:20 353677                     /usr/lib/x86_64-linux-gnu/libXxf86vm.so.1.0.0
7ff1df652000-7ff1df653000 r--p 00004000 08:20 353677                     /usr/lib/x86_64-linux-gnu/libXxf86vm.so.1.0.0
7ff1df653000-7ff1df654000 rw-p 00005000 08:20 353677                     /usr/lib/x86_64-linux-gnu/libXxf86vm.so.1.0.0
7ff1df654000-7ff1df658000 r--p 00000000 08:20 6386                       /usr/lib/x86_64-linux-gnu/libXext.so.6.4.0
7ff1df658000-7ff1df663000 r-xp 00004000 08:20 6386                       /usr/lib/x86_64-linux-gnu/libXext.so.6.4.0
7ff1df663000-7ff1df667000 r--p 0000f000 08:20 6386                       /usr/lib/x86_64-linux-gnu/libXext.so.6.4.0
7ff1df667000-7ff1df668000 r--p 00012000 08:20 6386                       /usr/lib/x86_64-linux-gnu/libXext.so.6.4.0
7ff1df668000-7ff1df669000 rw-p 00013000 08:20 6386                       /usr/lib/x86_64-linux-gnu/libXext.so.6.4.0
7ff1df669000-7ff1df674000 r--p 00000000 08:20 353618                     /usr/lib/x86_64-linux-gnu/libxcb-glx.so.0.0.0
7ff1df674000-7ff1df67d000 r-xp 0000b000 08:20 353618                     /usr/lib/x86_64-linux-gnu/libxcb-glx.so.0.0.0
7ff1df67d000-7ff1df682000 r--p 00014000 08:20 353618                     /usr/lib/x86_64-linux-gnu/libxcb-glx.so.0.0.0
7ff1df682000-7ff1df683000 ---p 00019000 08:20 353618                     /usr/lib/x86_64-linux-gnu/libxcb-glx.so.0.0.0
7ff1df683000-7ff1df685000 r--p 00019000 08:20 353618                     /usr/lib/x86_64-linux-gnu/libxcb-glx.so.0.0.0
7ff1df685000-7ff1df686000 rw-p 0001b000 08:20 353618                     /usr/lib/x86_64-linux-gnu/libxcb-glx.so.0.0.0
7ff1df686000-7ff1df68b000 r--p 00000000 08:20 6461                       /usr/lib/x86_64-linux-gnu/libdrm.so.2.4.0
7ff1df68b000-7ff1df696000 r-xp 00005000 08:20 6461                       /usr/lib/x86_64-linux-gnu/libdrm.so.2.4.0
7ff1df696000-7ff1df69a000 r--p 00010000 08:20 6461                       /usr/lib/x86_64-linux-gnu/libdrm.so.2.4.0
7ff1df69a000-7ff1df69b000 r--p 00013000 08:20 6461                       /usr/lib/x86_64-linux-gnu/libdrm.so.2.4.0
7ff1df69b000-7ff1df69c000 rw-p 00014000 08:20 6461                       /usr/lib/x86_64-linux-gnu/libdrm.so.2.4.0
7ff1df69c000-7ff1df6a9000 r--p 00000000 08:20 353576                     /usr/lib/x86_64-linux-gnu/libglapi.so.0.0.0
7ff1df6a9000-7ff1df6b7000 r-xp 0000d000 08:20 353576                     /usr/lib/x86_64-linux-gnu/libglapi.so.0.0.0
7ff1df6b7000-7ff1df6d0000 r--p 0001b000 08:20 353576                     /usr/lib/x86_64-linux-gnu/libglapi.so.0.0.0
7ff1df6d0000-7ff1df6d1000 ---p 00034000 08:20 353576                     /usr/lib/x86_64-linux-gnu/libglapi.so.0.0.0
7ff1df6d1000-7ff1df6d5000 r--p 00034000 08:20 353576                     /usr/lib/x86_64-linux-gnu/libglapi.so.0.0.0
7ff1df6d5000-7ff1df6d6000 rw-p 00038000 08:20 353576                     /usr/lib/x86_64-linux-gnu/libglapi.so.0.0.0
7ff1df6d6000-7ff1df6d7000 rw-p 00000000 00:00 0 
7ff1df6d7000-7ff1df6f0000 r--p 00000000 08:20 353777                     /usr/lib/x86_64-linux-gnu/libGLX_mesa.so.0.0.0
7ff1df6f0000-7ff1df72e000 r-xp 00019000 08:20 353777                     /usr/lib/x86_64-linux-gnu/libGLX_mesa.so.0.0.0
7ff1df72e000-7ff1df743000 r--p 00057000 08:20 353777                     /usr/lib/x86_64-linux-gnu/libGLX_mesa.so.0.0.0
7ff1df743000-7ff1df744000 ---p 0006c000 08:20 353777                     /usr/lib/x86_64-linux-gnu/libGLX_mesa.so.0.0.0
7ff1df744000-7ff1df746000 r--p 0006c000 08:20 353777                     /usr/lib/x86_64-linux-gnu/libGLX_mesa.so.0.0.0
7ff1df746000-7ff1df747000 rw-p 0006e000 08:20 353777                     /usr/lib/x86_64-linux-gnu/libGLX_mesa.so.0.0.0
7ff1df747000-7ff1df748000 rw-p 00000000 00:00 0 
7ff1df748000-7ff1df788000 r--p 00000000 08:20 353565                     /usr/lib/x86_64-linux-gnu/libGLdispatch.so.0.0.0
7ff1df788000-7ff1df7c7000 r-xp 00040000 08:20 353565                     /usr/lib/x86_64-linux-gnu/libGLdispatch.so.0.0.0
7ff1df7c7000-7ff1df7da000 r--p 0007f000 08:20 353565                     /usr/lib/x86_64-linux-gnu/libGLdispatch.so.0.0.0
7ff1df7da000-7ff1df7db000 ---p 00092000 08:20 353565                     /usr/lib/x86_64-linux-gnu/libGLdispatch.so.0.0.0
7ff1df7db000-7ff1df7f7000 r--p 00092000 08:20 353565                     /usr/lib/x86_64-linux-gnu/libGLdispatch.so.0.0.0
7ff1df7f7000-7ff1df7f8000 rw-p 000ae000 08:20 353565                     /usr/lib/x86_64-linux-gnu/libGLdispatch.so.0.0.0
7ff1df7f8000-7ff1df800000 rw-p 00000000 00:00 0 
7ff1df800000-7ff1df80c000 r-xp 00000000 08:20 371130                     /home/owenyap/.openjfx/cache/11/libprism_es2.so
7ff1df80c000-7ff1dfa0b000 ---p 0000c000 08:20 371130                     /home/owenyap/.openjfx/cache/11/libprism_es2.so
7ff1dfa0b000-7ff1dfa0c000 r--p 0000b000 08:20 371130                     /home/owenyap/.openjfx/cache/11/libprism_es2.so
7ff1dfa0c000-7ff1dfa0d000 rw-p 0000c000 08:20 371130                     /home/owenyap/.openjfx/cache/11/libprism_es2.so
7ff1dfa0d000-7ff1dfa0e000 r--p 00000000 08:20 353638                     /usr/lib/x86_64-linux-gnu/libxcb-shm.so.0.0.0
7ff1dfa0e000-7ff1dfa0f000 r-xp 00001000 08:20 353638                     /usr/lib/x86_64-linux-gnu/libxcb-shm.so.0.0.0
7ff1dfa0f000-7ff1dfa10000 r--p 00002000 08:20 353638                     /usr/lib/x86_64-linux-gnu/libxcb-shm.so.0.0.0
7ff1dfa10000-7ff1dfa11000 r--p 00002000 08:20 353638                     /usr/lib/x86_64-linux-gnu/libxcb-shm.so.0.0.0
7ff1dfa11000-7ff1dfa12000 rw-p 00003000 08:20 353638                     /usr/lib/x86_64-linux-gnu/libxcb-shm.so.0.0.0
7ff1dfa12000-7ff1dfa14000 r--p 00000000 08:20 351763                     /usr/lib/x86_64-linux-gnu/libXfixes.so.3.1.0
7ff1dfa14000-7ff1dfa17000 r-xp 00002000 08:20 351763                     /usr/lib/x86_64-linux-gnu/libXfixes.so.3.1.0
7ff1dfa17000-7ff1dfa18000 r--p 00005000 08:20 351763                     /usr/lib/x86_64-linux-gnu/libXfixes.so.3.1.0
7ff1dfa18000-7ff1dfa19000 r--p 00006000 08:20 351763                     /usr/lib/x86_64-linux-gnu/libXfixes.so.3.1.0
7ff1dfa19000-7ff1dfa1a000 rw-p 00007000 08:20 351763                     /usr/lib/x86_64-linux-gnu/libXfixes.so.3.1.0
7ff1dfa1a000-7ff1dfa1c000 r--p 00000000 08:20 353598                     /usr/lib/x86_64-linux-gnu/libxcb-dri2.so.0.0.0
7ff1dfa1c000-7ff1dfa1e000 r-xp 00002000 08:20 353598                     /usr/lib/x86_64-linux-gnu/libxcb-dri2.so.0.0.0
7ff1dfa1e000-7ff1dfa1f000 r--p 00004000 08:20 353598                     /usr/lib/x86_64-linux-gnu/libxcb-dri2.so.0.0.0
7ff1dfa1f000-7ff1dfa20000 r--p 00004000 08:20 353598                     /usr/lib/x86_64-linux-gnu/libxcb-dri2.so.0.0.0
7ff1dfa20000-7ff1dfa21000 rw-p 00005000 08:20 353598                     /usr/lib/x86_64-linux-gnu/libxcb-dri2.so.0.0.0
7ff1dfa21000-7ff1dfa25000 r--p 00000000 08:20 6422                       /usr/lib/x86_64-linux-gnu/libbsd.so.0.11.5
7ff1dfa25000-7ff1dfa32000 r-xp 00004000 08:20 6422                       /usr/lib/x86_64-linux-gnu/libbsd.so.0.11.5
7ff1dfa32000-7ff1dfa35000 r--p 00011000 08:20 6422                       /usr/lib/x86_64-linux-gnu/libbsd.so.0.11.5
7ff1dfa35000-7ff1dfa36000 ---p 00014000 08:20 6422                       /usr/lib/x86_64-linux-gnu/libbsd.so.0.11.5
7ff1dfa36000-7ff1dfa37000 r--p 00014000 08:20 6422                       /usr/lib/x86_64-linux-gnu/libbsd.so.0.11.5
7ff1dfa37000-7ff1dfa38000 rw-p 00015000 08:20 6422                       /usr/lib/x86_64-linux-gnu/libbsd.so.0.11.5
7ff1dfa38000-7ff1dfa39000 rw-p 00000000 00:00 0 
7ff1dfa39000-7ff1dfa7c000 r--p 00000000 08:20 353803                     /usr/lib/x86_64-linux-gnu/libGL.so.1.7.0
7ff1dfa7c000-7ff1dfa9b000 r-xp 00043000 08:20 353803                     /usr/lib/x86_64-linux-gnu/libGL.so.1.7.0
7ff1dfa9b000-7ff1dfab0000 r--p 00062000 08:20 353803                     /usr/lib/x86_64-linux-gnu/libGL.so.1.7.0
7ff1dfab0000-7ff1dfabe000 r--p 00076000 08:20 353803                     /usr/lib/x86_64-linux-gnu/libGL.so.1.7.0
7ff1dfabe000-7ff1dfabf000 rw-p 00084000 08:20 353803                     /usr/lib/x86_64-linux-gnu/libGL.so.1.7.0
7ff1dfabf000-7ff1dfac0000 rw-p 00000000 00:00 0 
7ff1dfac0000-7ff1dfad9000 r--p 00000000 08:20 6380                       /usr/lib/x86_64-linux-gnu/libX11.so.6.4.0
7ff1dfad9000-7ff1dfb65000 r-xp 00019000 08:20 6380                       /usr/lib/x86_64-linux-gnu/libX11.so.6.4.0
7ff1dfb65000-7ff1dfbfa000 r--p 000a5000 08:20 6380                       /usr/lib/x86_64-linux-gnu/libX11.so.6.4.0
7ff1dfbfa000-7ff1dfbfb000 ---p 0013a000 08:20 6380                       /usr/lib/x86_64-linux-gnu/libX11.so.6.4.0
7ff1dfbfb000-7ff1dfbfc000 r--p 0013a000 08:20 6380                       /usr/lib/x86_64-linux-gnu/libX11.so.6.4.0
7ff1dfbfc000-7ff1dfc00000 rw-p 0013b000 08:20 6380                       /usr/lib/x86_64-linux-gnu/libX11.so.6.4.0
7ff1dfc00000-7ff1dfc04000 ---p 00000000 00:00 0 
7ff1dfc04000-7ff1dfd00000 rw-p 00000000 00:00 0 
7ff1dfd00000-7ff1dfd04000 ---p 00000000 00:00 0 
7ff1dfd04000-7ff1dfe00000 rw-p 00000000 00:00 0 
7ff1dfe00000-7ff1dfe04000 ---p 00000000 00:00 0 
7ff1dfe04000-7ff1dff00000 rw-p 00000000 00:00 0 
7ff1dff00000-7ff1dff04000 ---p 00000000 00:00 0 
7ff1dff04000-7ff1e0000000 rw-p 00000000 00:00 0 
7ff1e0000000-7ff1e0021000 rw-p 00000000 00:00 0 
7ff1e0021000-7ff1e4000000 ---p 00000000 00:00 0 
7ff1e4000000-7ff1e4021000 rw-p 00000000 00:00 0 
7ff1e4021000-7ff1e8000000 ---p 00000000 00:00 0 
7ff1e8000000-7ff1e83cb000 rw-p 00000000 00:00 0 
7ff1e83cb000-7ff1ec000000 ---p 00000000 00:00 0 
7ff1ec000000-7ff1ec31e000 rw-p 00000000 00:00 0 
7ff1ec31e000-7ff1f0000000 ---p 00000000 00:00 0 
7ff1f0000000-7ff1f0021000 rw-p 00000000 00:00 0 
7ff1f0021000-7ff1f4000000 ---p 00000000 00:00 0 
7ff1f4000000-7ff1f4021000 rw-p 00000000 00:00 0 
7ff1f4021000-7ff1f8000000 ---p 00000000 00:00 0 
7ff1f8000000-7ff1f8021000 rw-p 00000000 00:00 0 
7ff1f8021000-7ff1fc000000 ---p 00000000 00:00 0 
7ff1fc000000-7ff1fc021000 rw-p 00000000 00:00 0 
7ff1fc021000-7ff200000000 ---p 00000000 00:00 0 
7ff200000000-7ff200021000 rw-p 00000000 00:00 0 
7ff200021000-7ff204000000 ---p 00000000 00:00 0 
7ff204000000-7ff204021000 rw-p 00000000 00:00 0 
7ff204021000-7ff208000000 ---p 00000000 00:00 0 
7ff208000000-7ff208021000 rw-p 00000000 00:00 0 
7ff208021000-7ff20c000000 ---p 00000000 00:00 0 
7ff20c000000-7ff20c021000 rw-p 00000000 00:00 0 
7ff20c021000-7ff210000000 ---p 00000000 00:00 0 
7ff210000000-7ff210021000 rw-p 00000000 00:00 0 
7ff210021000-7ff214000000 ---p 00000000 00:00 0 
7ff214002000-7ff214004000 r--p 00000000 08:20 6594                       /usr/lib/x86_64-linux-gnu/libmd.so.0.0.5
7ff214004000-7ff21400b000 r-xp 00002000 08:20 6594                       /usr/lib/x86_64-linux-gnu/libmd.so.0.0.5
7ff21400b000-7ff21400d000 r--p 00009000 08:20 6594                       /usr/lib/x86_64-linux-gnu/libmd.so.0.0.5
7ff21400d000-7ff21400e000 r--p 0000a000 08:20 6594                       /usr/lib/x86_64-linux-gnu/libmd.so.0.0.5
7ff21400e000-7ff21400f000 rw-p 0000b000 08:20 6594                       /usr/lib/x86_64-linux-gnu/libmd.so.0.0.5
7ff21400f000-7ff214012000 r--p 00000000 08:20 353791                     /usr/lib/x86_64-linux-gnu/libGLX.so.0.0.0
7ff214012000-7ff21402d000 r-xp 00003000 08:20 353791                     /usr/lib/x86_64-linux-gnu/libGLX.so.0.0.0
7ff21402d000-7ff214030000 r--p 0001e000 08:20 353791                     /usr/lib/x86_64-linux-gnu/libGLX.so.0.0.0
7ff214030000-7ff214031000 ---p 00021000 08:20 353791                     /usr/lib/x86_64-linux-gnu/libGLX.so.0.0.0
7ff214031000-7ff214032000 r--p 00021000 08:20 353791                     /usr/lib/x86_64-linux-gnu/libGLX.so.0.0.0
7ff214032000-7ff214033000 rw-p 00022000 08:20 353791                     /usr/lib/x86_64-linux-gnu/libGLX.so.0.0.0
7ff214033000-7ff214043000 rw-p 00000000 00:00 0 
7ff214043000-7ff21404e000 r--p 00000000 08:20 6770                       /usr/lib/x86_64-linux-gnu/libxcb.so.1.1.0
7ff21404e000-7ff214062000 r-xp 0000b000 08:20 6770                       /usr/lib/x86_64-linux-gnu/libxcb.so.1.1.0
7ff214062000-7ff21406b000 r--p 0001f000 08:20 6770                       /usr/lib/x86_64-linux-gnu/libxcb.so.1.1.0
7ff21406b000-7ff21406c000 r--p 00027000 08:20 6770                       /usr/lib/x86_64-linux-gnu/libxcb.so.1.1.0
7ff21406c000-7ff21406d000 rw-p 00028000 08:20 6770                       /usr/lib/x86_64-linux-gnu/libxcb.so.1.1.0
7ff21406d000-7ff21409e000 rw-p 00000000 00:00 0 
7ff21409e000-7ff2140a2000 r--p 00000000 08:20 353364                     /usr/lib/jvm/java-11-openjdk-amd64/lib/libnet.so
7ff2140a2000-7ff2140b0000 r-xp 00004000 08:20 353364                     /usr/lib/jvm/java-11-openjdk-amd64/lib/libnet.so
7ff2140b0000-7ff2140b4000 r--p 00012000 08:20 353364                     /usr/lib/jvm/java-11-openjdk-amd64/lib/libnet.so
7ff2140b4000-7ff2140b5000 r--p 00015000 08:20 353364                     /usr/lib/jvm/java-11-openjdk-amd64/lib/libnet.so
7ff2140b5000-7ff2140b6000 rw-p 00016000 08:20 353364                     /usr/lib/jvm/java-11-openjdk-amd64/lib/libnet.so
7ff2140b6000-7ff2140bd000 r--p 00000000 08:20 353365                     /usr/lib/jvm/java-11-openjdk-amd64/lib/libnio.so
7ff2140bd000-7ff2140c5000 r-xp 00007000 08:20 353365                     /usr/lib/jvm/java-11-openjdk-amd64/lib/libnio.so
7ff2140c5000-7ff2140c8000 r--p 0000f000 08:20 353365                     /usr/lib/jvm/java-11-openjdk-amd64/lib/libnio.so
7ff2140c8000-7ff2140c9000 r--p 00011000 08:20 353365                     /usr/lib/jvm/java-11-openjdk-amd64/lib/libnio.so
7ff2140c9000-7ff2140ca000 rw-p 00012000 08:20 353365                     /usr/lib/jvm/java-11-openjdk-amd64/lib/libnio.so
7ff2140ca000-7ff2140ce000 ---p 00000000 00:00 0 
7ff2140ce000-7ff2141ca000 rw-p 00000000 00:00 0 
7ff2141ca000-7ff2141cb000 ---p 00000000 00:00 0 
7ff2141cb000-7ff2142cc000 rw-p 00000000 00:00 0 
7ff2142cc000-7ff2142d0000 ---p 00000000 00:00 0 
7ff2142d0000-7ff2143cc000 rw-p 00000000 00:00 0 
7ff2143cc000-7ff2143d0000 ---p 00000000 00:00 0 
7ff2143d0000-7ff2144cc000 rw-p 00000000 00:00 0 
7ff2144cc000-7ff2144d0000 ---p 00000000 00:00 0 
7ff2144d0000-7ff2145cc000 rw-p 00000000 00:00 0 
7ff2145cc000-7ff2145d0000 ---p 00000000 00:00 0 
7ff2145d0000-7ff2146cc000 rw-p 00000000 00:00 0 
7ff2146cc000-7ff2146d0000 ---p 00000000 00:00 0 
7ff2146d0000-7ff2147cc000 rw-p 00000000 00:00 0 
7ff2147cc000-7ff214823000 r--p 00000000 08:20 2336                       /usr/lib/locale/C.utf8/LC_CTYPE
7ff214823000-7ff214827000 ---p 00000000 00:00 0 
7ff214827000-7ff214923000 rw-p 00000000 00:00 0 
7ff214923000-7ff214927000 ---p 00000000 00:00 0 
7ff214927000-7ff214a23000 rw-p 00000000 00:00 0 
7ff214a23000-7ff214a24000 ---p 00000000 00:00 0 
7ff214a24000-7ff215181000 rw-p 00000000 00:00 0 
7ff215181000-7ff215401000 ---p 00000000 00:00 0 
7ff215401000-7ff215402000 ---p 00000000 00:00 0 
7ff215402000-7ff215503000 rw-p 00000000 00:00 0 
7ff215503000-7ff215504000 ---p 00000000 00:00 0 
7ff215504000-7ff2180fe000 rw-p 00000000 00:00 0 
7ff2180fe000-7ff219d96000 ---p 00000000 00:00 0 
7ff219d96000-7ff219f8e000 rw-p 00000000 00:00 0 
7ff219f8e000-7ff21bc26000 ---p 00000000 00:00 0 
7ff21bc26000-7ff21bc6c000 rw-p 00000000 00:00 0 
7ff21bc6c000-7ff21bfff000 ---p 00000000 00:00 0 
7ff21bfff000-7ff21c000000 rw-p 00000000 00:00 0 
7ff21c000000-7ff21c021000 rw-p 00000000 00:00 0 
7ff21c021000-7ff220000000 ---p 00000000 00:00 0 
7ff220003000-7ff220004000 r--p 00000000 08:20 353588                     /usr/lib/x86_64-linux-gnu/libX11-xcb.so.1.0.0
7ff220004000-7ff220005000 r-xp 00001000 08:20 353588                     /usr/lib/x86_64-linux-gnu/libX11-xcb.so.1.0.0
7ff220005000-7ff220006000 r--p 00002000 08:20 353588                     /usr/lib/x86_64-linux-gnu/libX11-xcb.so.1.0.0
7ff220006000-7ff220007000 r--p 00002000 08:20 353588                     /usr/lib/x86_64-linux-gnu/libX11-xcb.so.1.0.0
7ff220007000-7ff220008000 rw-p 00003000 08:20 353588                     /usr/lib/x86_64-linux-gnu/libX11-xcb.so.1.0.0
7ff220008000-7ff22000a000 r--p 00000000 08:20 6384                       /usr/lib/x86_64-linux-gnu/libXdmcp.so.6.0.0
7ff22000a000-7ff22000c000 r-xp 00002000 08:20 6384                       /usr/lib/x86_64-linux-gnu/libXdmcp.so.6.0.0
7ff22000c000-7ff22000e000 r--p 00004000 08:20 6384                       /usr/lib/x86_64-linux-gnu/libXdmcp.so.6.0.0
7ff22000e000-7ff22000f000 r--p 00005000 08:20 6384                       /usr/lib/x86_64-linux-gnu/libXdmcp.so.6.0.0
7ff22000f000-7ff220010000 rw-p 00006000 08:20 6384                       /usr/lib/x86_64-linux-gnu/libXdmcp.so.6.0.0
7ff220010000-7ff220097000 rw-p 00000000 00:00 0 
7ff220097000-7ff22042a000 ---p 00000000 00:00 0 
7ff22042a000-7ff220469000 rw-p 00000000 00:00 0 
7ff220469000-7ff2207fc000 ---p 00000000 00:00 0 
7ff2207fc000-7ff2207fd000 rw-p 00000000 00:00 0 
7ff2207fd000-7ff220a6d000 rwxp 00000000 00:00 0 
7ff220a6d000-7ff220d8e000 ---p 00000000 00:00 0 
7ff220d8e000-7ff220ffe000 rwxp 00000000 00:00 0 
7ff220ffe000-7ff2282c5000 ---p 00000000 00:00 0 
7ff2282c5000-7ff228535000 rwxp 00000000 00:00 0 
7ff228535000-7ff22f7fd000 ---p 00000000 00:00 0 
7ff22f7fd000-7ff238000000 r--s 00000000 08:20 353374                     /usr/lib/jvm/java-11-openjdk-amd64/lib/modules
7ff238000000-7ff2381f8000 rw-p 00000000 00:00 0 
7ff2381f8000-7ff23c000000 ---p 00000000 00:00 0 
7ff23c002000-7ff23c003000 r--p 00000000 08:20 6382                       /usr/lib/x86_64-linux-gnu/libXau.so.6.0.0
7ff23c003000-7ff23c005000 r-xp 00001000 08:20 6382                       /usr/lib/x86_64-linux-gnu/libXau.so.6.0.0
7ff23c005000-7ff23c006000 r--p 00003000 08:20 6382                       /usr/lib/x86_64-linux-gnu/libXau.so.6.0.0
7ff23c006000-7ff23c007000 r--p 00003000 08:20 6382                       /usr/lib/x86_64-linux-gnu/libXau.so.6.0.0
7ff23c007000-7ff23c008000 rw-p 00004000 08:20 6382                       /usr/lib/x86_64-linux-gnu/libXau.so.6.0.0
7ff23c00e000-7ff23c00f000 r--p 00000000 08:20 2343                       /usr/lib/locale/C.utf8/LC_NUMERIC
7ff23c00f000-7ff23c010000 r--p 00000000 08:20 2346                       /usr/lib/locale/C.utf8/LC_TIME
7ff23c010000-7ff23c011000 r--p 00000000 08:20 2335                       /usr/lib/locale/C.utf8/LC_COLLATE
7ff23c011000-7ff23c012000 r--p 00000000 08:20 2341                       /usr/lib/locale/C.utf8/LC_MONETARY
7ff23c012000-7ff23c013000 r--p 00000000 08:20 2340                       /usr/lib/locale/C.utf8/LC_MESSAGES/SYS_LC_MESSAGES
7ff23c013000-7ff23c014000 r--p 00000000 08:20 2344                       /usr/lib/locale/C.utf8/LC_PAPER
7ff23c014000-7ff23c015000 r--p 00000000 08:20 2342                       /usr/lib/locale/C.utf8/LC_NAME
7ff23c015000-7ff23c016000 r--p 00000000 08:20 2334                       /usr/lib/locale/C.utf8/LC_ADDRESS
7ff23c016000-7ff23c01d000 r--s 00000000 08:20 6197                       /usr/lib/x86_64-linux-gnu/gconv/gconv-modules.cache
7ff23c01d000-7ff23c13f000 rw-p 00000000 00:00 0 
7ff23c13f000-7ff23c140000 ---p 00000000 00:00 0 
7ff23c140000-7ff23c241000 rw-p 00000000 00:00 0 
7ff23c241000-7ff23c242000 ---p 00000000 00:00 0 
7ff23c242000-7ff23cdcc000 rw-p 00000000 00:00 0 
7ff23cdcc000-7ff23cdcd000 ---p 00000000 00:00 0 
7ff23cdcd000-7ff23ced3000 rw-p 00000000 00:00 0 
7ff23ced3000-7ff23cfb9000 ---p 00000000 00:00 0 
7ff23cfb9000-7ff23cfbe000 rw-p 00000000 00:00 0 
7ff23cfbe000-7ff23d0a4000 ---p 00000000 00:00 0 
7ff23d0a4000-7ff23d0a9000 rw-p 00000000 00:00 0 
7ff23d0a9000-7ff23d0b0000 ---p 00000000 00:00 0 
7ff23d0b0000-7ff23d0b2000 r--p 00000000 08:20 353373                     /usr/lib/jvm/java-11-openjdk-amd64/lib/libzip.so
7ff23d0b2000-7ff23d0b7000 r-xp 00002000 08:20 353373                     /usr/lib/jvm/java-11-openjdk-amd64/lib/libzip.so
7ff23d0b7000-7ff23d0b9000 r--p 00007000 08:20 353373                     /usr/lib/jvm/java-11-openjdk-amd64/lib/libzip.so
7ff23d0b9000-7ff23d0ba000 r--p 00008000 08:20 353373                     /usr/lib/jvm/java-11-openjdk-amd64/lib/libzip.so
7ff23d0ba000-7ff23d0bb000 rw-p 00009000 08:20 353373                     /usr/lib/jvm/java-11-openjdk-amd64/lib/libzip.so
7ff23d0bb000-7ff23d0c3000 rw-s 00000000 08:20 372130                     /tmp/hsperfdata_owenyap/13247 (deleted)
7ff23d0c3000-7ff23d0c5000 r--p 00000000 08:20 353356                     /usr/lib/jvm/java-11-openjdk-amd64/lib/libjimage.so
7ff23d0c5000-7ff23d0c8000 r-xp 00002000 08:20 353356                     /usr/lib/jvm/java-11-openjdk-amd64/lib/libjimage.so
7ff23d0c8000-7ff23d0c9000 r--p 00005000 08:20 353356                     /usr/lib/jvm/java-11-openjdk-amd64/lib/libjimage.so
7ff23d0c9000-7ff23d0ca000 ---p 00006000 08:20 353356                     /usr/lib/jvm/java-11-openjdk-amd64/lib/libjimage.so
7ff23d0ca000-7ff23d0cb000 r--p 00006000 08:20 353356                     /usr/lib/jvm/java-11-openjdk-amd64/lib/libjimage.so
7ff23d0cb000-7ff23d0cc000 rw-p 00007000 08:20 353356                     /usr/lib/jvm/java-11-openjdk-amd64/lib/libjimage.so
7ff23d0cc000-7ff23d0d9000 r--p 00000000 08:20 353353                     /usr/lib/jvm/java-11-openjdk-amd64/lib/libjava.so
7ff23d0d9000-7ff23d0ef000 r-xp 0000d000 08:20 353353                     /usr/lib/jvm/java-11-openjdk-amd64/lib/libjava.so
7ff23d0ef000-7ff23d0f6000 r--p 00023000 08:20 353353                     /usr/lib/jvm/java-11-openjdk-amd64/lib/libjava.so
7ff23d0f6000-7ff23d0f7000 r--p 00029000 08:20 353353                     /usr/lib/jvm/java-11-openjdk-amd64/lib/libjava.so
7ff23d0f7000-7ff23d0f8000 rw-p 0002a000 08:20 353353                     /usr/lib/jvm/java-11-openjdk-amd64/lib/libjava.so
7ff23d0f8000-7ff23d0f9000 rw-p 00000000 00:00 0 
7ff23d0f9000-7ff23d0fe000 r--p 00000000 08:20 353372                     /usr/lib/jvm/java-11-openjdk-amd64/lib/libverify.so
7ff23d0fe000-7ff23d105000 r-xp 00005000 08:20 353372                     /usr/lib/jvm/java-11-openjdk-amd64/lib/libverify.so
7ff23d105000-7ff23d107000 r--p 0000c000 08:20 353372                     /usr/lib/jvm/java-11-openjdk-amd64/lib/libverify.so
7ff23d107000-7ff23d109000 r--p 0000d000 08:20 353372                     /usr/lib/jvm/java-11-openjdk-amd64/lib/libverify.so
7ff23d109000-7ff23d10a000 rw-p 0000f000 08:20 353372                     /usr/lib/jvm/java-11-openjdk-amd64/lib/libverify.so
7ff23d10a000-7ff23d10b000 r--p 00000000 08:20 6707                       /usr/lib/x86_64-linux-gnu/librt.so.1
7ff23d10b000-7ff23d10c000 r-xp 00001000 08:20 6707                       /usr/lib/x86_64-linux-gnu/librt.so.1
7ff23d10c000-7ff23d10d000 r--p 00002000 08:20 6707                       /usr/lib/x86_64-linux-gnu/librt.so.1
7ff23d10d000-7ff23d10e000 r--p 00002000 08:20 6707                       /usr/lib/x86_64-linux-gnu/librt.so.1
7ff23d10e000-7ff23d10f000 rw-p 00003000 08:20 6707                       /usr/lib/x86_64-linux-gnu/librt.so.1
7ff23d10f000-7ff23d113000 ---p 00000000 00:00 0 
7ff23d113000-7ff23d20f000 rw-p 00000000 00:00 0 
7ff23d20f000-7ff23d212000 r--p 00000000 08:20 6494                       /usr/lib/x86_64-linux-gnu/libgcc_s.so.1
7ff23d212000-7ff23d229000 r-xp 00003000 08:20 6494                       /usr/lib/x86_64-linux-gnu/libgcc_s.so.1
7ff23d229000-7ff23d22d000 r--p 0001a000 08:20 6494                       /usr/lib/x86_64-linux-gnu/libgcc_s.so.1
7ff23d22d000-7ff23d22e000 r--p 0001d000 08:20 6494                       /usr/lib/x86_64-linux-gnu/libgcc_s.so.1
7ff23d22e000-7ff23d22f000 rw-p 0001e000 08:20 6494                       /usr/lib/x86_64-linux-gnu/libgcc_s.so.1
7ff23d22f000-7ff23d23d000 r--p 00000000 08:20 6588                       /usr/lib/x86_64-linux-gnu/libm.so.6
7ff23d23d000-7ff23d2b9000 r-xp 0000e000 08:20 6588                       /usr/lib/x86_64-linux-gnu/libm.so.6
7ff23d2b9000-7ff23d314000 r--p 0008a000 08:20 6588                       /usr/lib/x86_64-linux-gnu/libm.so.6
7ff23d314000-7ff23d315000 r--p 000e4000 08:20 6588                       /usr/lib/x86_64-linux-gnu/libm.so.6
7ff23d315000-7ff23d316000 rw-p 000e5000 08:20 6588                       /usr/lib/x86_64-linux-gnu/libm.so.6
7ff23d316000-7ff23d3b0000 r--p 00000000 08:20 6732                       /usr/lib/x86_64-linux-gnu/libstdc++.so.6.0.30
7ff23d3b0000-7ff23d4c0000 r-xp 0009a000 08:20 6732                       /usr/lib/x86_64-linux-gnu/libstdc++.so.6.0.30
7ff23d4c0000-7ff23d52f000 r--p 001aa000 08:20 6732                       /usr/lib/x86_64-linux-gnu/libstdc++.so.6.0.30
7ff23d52f000-7ff23d53a000 r--p 00218000 08:20 6732                       /usr/lib/x86_64-linux-gnu/libstdc++.so.6.0.30
7ff23d53a000-7ff23d53d000 rw-p 00223000 08:20 6732                       /usr/lib/x86_64-linux-gnu/libstdc++.so.6.0.30
7ff23d53d000-7ff23d540000 rw-p 00000000 00:00 0 
7ff23d540000-7ff23d7c2000 r--p 00000000 08:20 353379                     /usr/lib/jvm/java-11-openjdk-amd64/lib/server/libjvm.so
7ff23d7c2000-7ff23e455000 r-xp 00282000 08:20 353379                     /usr/lib/jvm/java-11-openjdk-amd64/lib/server/libjvm.so
7ff23e455000-7ff23e6af000 r--p 00f15000 08:20 353379                     /usr/lib/jvm/java-11-openjdk-amd64/lib/server/libjvm.so
7ff23e6af000-7ff23e773000 r--p 0116e000 08:20 353379                     /usr/lib/jvm/java-11-openjdk-amd64/lib/server/libjvm.so
7ff23e773000-7ff23e7ae000 rw-p 01232000 08:20 353379                     /usr/lib/jvm/java-11-openjdk-amd64/lib/server/libjvm.so
7ff23e7ae000-7ff23e807000 rw-p 00000000 00:00 0 
7ff23e807000-7ff23e809000 r--p 00000000 08:20 6782                       /usr/lib/x86_64-linux-gnu/libz.so.1.2.11
7ff23e809000-7ff23e81a000 r-xp 00002000 08:20 6782                       /usr/lib/x86_64-linux-gnu/libz.so.1.2.11
7ff23e81a000-7ff23e820000 r--p 00013000 08:20 6782                       /usr/lib/x86_64-linux-gnu/libz.so.1.2.11
7ff23e820000-7ff23e821000 ---p 00019000 08:20 6782                       /usr/lib/x86_64-linux-gnu/libz.so.1.2.11
7ff23e821000-7ff23e822000 r--p 00019000 08:20 6782                       /usr/lib/x86_64-linux-gnu/libz.so.1.2.11
7ff23e822000-7ff23e823000 rw-p 0001a000 08:20 6782                       /usr/lib/x86_64-linux-gnu/libz.so.1.2.11
7ff23e823000-7ff23e84b000 r--p 00000000 08:20 6426                       /usr/lib/x86_64-linux-gnu/libc.so.6
7ff23e84b000-7ff23e9e0000 r-xp 00028000 08:20 6426                       /usr/lib/x86_64-linux-gnu/libc.so.6
7ff23e9e0000-7ff23ea38000 r--p 001bd000 08:20 6426                       /usr/lib/x86_64-linux-gnu/libc.so.6
7ff23ea38000-7ff23ea3c000 r--p 00214000 08:20 6426                       /usr/lib/x86_64-linux-gnu/libc.so.6
7ff23ea3c000-7ff23ea3e000 rw-p 00218000 08:20 6426                       /usr/lib/x86_64-linux-gnu/libc.so.6
7ff23ea3e000-7ff23ea4b000 rw-p 00000000 00:00 0 
7ff23ea4b000-7ff23ea4c000 r--p 00000000 08:20 2345                       /usr/lib/locale/C.utf8/LC_TELEPHONE
7ff23ea4c000-7ff23ea4d000 r--p 00000000 08:20 2338                       /usr/lib/locale/C.utf8/LC_MEASUREMENT
7ff23ea4d000-7ff23ea4f000 r--s 0000c000 08:20 33573563                   /usr/share/java/java-atk-wrapper.jar
7ff23ea4f000-7ff23ea50000 ---p 00000000 00:00 0 
7ff23ea50000-7ff23ea51000 r--p 00000000 00:00 0 
7ff23ea51000-7ff23ea54000 r--p 00000000 08:20 353338                     /usr/lib/jvm/java-11-openjdk-amd64/lib/jli/libjli.so
7ff23ea54000-7ff23ea5e000 r-xp 00003000 08:20 353338                     /usr/lib/jvm/java-11-openjdk-amd64/lib/jli/libjli.so
7ff23ea5e000-7ff23ea61000 r--p 0000d000 08:20 353338                     /usr/lib/jvm/java-11-openjdk-amd64/lib/jli/libjli.so
7ff23ea61000-7ff23ea62000 ---p 00010000 08:20 353338                     /usr/lib/jvm/java-11-openjdk-amd64/lib/jli/libjli.so
7ff23ea62000-7ff23ea63000 r--p 00010000 08:20 353338                     /usr/lib/jvm/java-11-openjdk-amd64/lib/jli/libjli.so
7ff23ea63000-7ff23ea64000 rw-p 00011000 08:20 353338                     /usr/lib/jvm/java-11-openjdk-amd64/lib/jli/libjli.so
7ff23ea64000-7ff23ea66000 rw-p 00000000 00:00 0 
7ff23ea66000-7ff23ea68000 r--p 00000000 08:20 6230                       /usr/lib/x86_64-linux-gnu/ld-linux-x86-64.so.2
7ff23ea68000-7ff23ea92000 r-xp 00002000 08:20 6230                       /usr/lib/x86_64-linux-gnu/ld-linux-x86-64.so.2
7ff23ea92000-7ff23ea9d000 r--p 0002c000 08:20 6230                       /usr/lib/x86_64-linux-gnu/ld-linux-x86-64.so.2
7ff23ea9d000-7ff23ea9e000 r--p 00000000 08:20 2337                       /usr/lib/locale/C.utf8/LC_IDENTIFICATION
7ff23ea9e000-7ff23eaa0000 r--p 00037000 08:20 6230                       /usr/lib/x86_64-linux-gnu/ld-linux-x86-64.so.2
7ff23eaa0000-7ff23eaa2000 rw-p 00039000 08:20 6230                       /usr/lib/x86_64-linux-gnu/ld-linux-x86-64.so.2
7ffdeaf61000-7ffdeaf83000 rw-p 00000000 00:00 0                          [stack]
7ffdeafa4000-7ffdeafa8000 r--p 00000000 00:00 0                          [vvar]
7ffdeafa8000-7ffdeafa9000 r-xp 00000000 00:00 0                          [vdso]


VM Arguments:
jvm_args: -Dfile.encoding=UTF-8 -Duser.country -Duser.language=en -Duser.variant 
java_command: duke.Launcher
java_class_path (initial): /home/owenyap/course-work/cs2103/ip/build/classes/java/main:/home/owenyap/course-work/cs2103/ip/build/resources/main:/home/owenyap/.gradle/caches/modules-2/files-2.1/org.openjfx/javafx-fxml/11/d5ff9262ef49d166db658d15f37e3ecff38fde4b/javafx-fxml-11-win.jar:/home/owenyap/.gradle/caches/modules-2/files-2.1/org.openjfx/javafx-fxml/11/e0f5bb81e21054b59f2ebfa727d40a90ee0260d3/javafx-fxml-11-mac.jar:/home/owenyap/.gradle/caches/modules-2/files-2.1/org.openjfx/javafx-fxml/11/e7a757b580fc3e2e1a121768606c7836eef418c/javafx-fxml-11-linux.jar:/home/owenyap/.gradle/caches/modules-2/files-2.1/org.openjfx/javafx-controls/11/af8d24de44e16a19ae959028eb23a48c145fb682/javafx-controls-11-win.jar:/home/owenyap/.gradle/caches/modules-2/files-2.1/org.openjfx/javafx-controls/11/e3a24a14e8732abc6dc173f15872dc63e2a32e16/javafx-controls-11-mac.jar:/home/owenyap/.gradle/caches/modules-2/files-2.1/org.openjfx/javafx-controls/11/794488e3b1f4635d9a1b842bdc872a5eb8fd54ca/javafx-controls-11-linux.jar:/home/owenyap/.gradle/caches/modules-2/files-2.1/org.openjfx/javafx-controls/11/58d961774262ec972bf304e16c154a8e18c2050b/javafx-controls-11.jar:/home/owenyap/.gradle/caches/modules-2/files-2.1/org.openjfx/javafx-graphics/11/9345c7ea43dbcc73a62eca5332717b4ce617e6c6/javafx-graphics-11-win.jar:/home/owenyap/.gradle/caches/modules-2/files-2.1/org.openjfx/javafx-graphics/11/af47a6d3668d3ce1c61e1fe13c44471b6f8d469/javafx-graphics-11-mac.jar:/home/owenyap/.gradle/caches/modules-2/files-2.1/org.openjfx/javafx-graphics/11/4ab9edd8d481a420044c473fdb5718ccdd35c836/javafx-graphics-11-linux.jar:/home/owenyap/.gradle/caches/modules-2/files-2.1/org.openjfx/javafx-graphics/11/a736dd079047ec0b72b8c4970842a5c5e0c19f2f/javafx-graphics-11.jar:/home/owenyap/.gradle/caches/modules-2/files-2.1/org.openjfx/javafx-base/11/ad3a4acfaa28b484d30c40c1f009445cc3f6e68b/javafx-base-11-win.jar:/home/owenyap/.gradle/caches/modules-2/files-2.1/org.openjfx/javafx-base/11/4b060dad0affd866df9d959e064faa8a1a2f4a
Launcher Type: SUN_STANDARD

[Global flags]
     intx CICompilerCount                          = 4                                         {product} {ergonomic}
     uint ConcGCThreads                            = 3                                         {product} {ergonomic}
     uint G1ConcRefinementThreads                  = 10                                        {product} {ergonomic}
   size_t G1HeapRegionSize                         = 1048576                                   {product} {ergonomic}
    uintx GCDrainStackTargetSize                   = 64                                        {product} {ergonomic}
   size_t InitialHeapSize                          = 130023424                                 {product} {ergonomic}
   size_t MarkStackSize                            = 4194304                                   {product} {ergonomic}
   size_t MaxHeapSize                              = 2051014656                                {product} {ergonomic}
   size_t MaxNewSize                               = 1229979648                                {product} {ergonomic}
   size_t MinHeapDeltaBytes                        = 1048576                                   {product} {ergonomic}
    uintx NonNMethodCodeHeapSize                   = 5836300                                {pd product} {ergonomic}
    uintx NonProfiledCodeHeapSize                  = 122910970                              {pd product} {ergonomic}
    uintx ProfiledCodeHeapSize                     = 122910970                              {pd product} {ergonomic}
    uintx ReservedCodeCacheSize                    = 251658240                              {pd product} {ergonomic}
     bool SegmentedCodeCache                       = true                                      {product} {ergonomic}
     bool UseCompressedClassPointers               = true                                 {lp64_product} {ergonomic}
     bool UseCompressedOops                        = true                                 {lp64_product} {ergonomic}
     bool UseG1GC                                  = true                                      {product} {ergonomic}

Logging:
Log output configuration:
 #0: 
[error occurred during error reporting (printing log configuration), id 0xb, SIGSEGV (0xb) at pc=0x00007ff23dfae30e]

Environment Variables:
JAVA_HOME=/usr/bin/java
PATH=/home/owenyap/Downloads/idea-IC-223.8214.52/bin:/home/owenyap/anaconda3/bin:/home/owenyap/anaconda3/condabin:/home/owenyap/.nvm/versions/node/v19.2.0/bin:/usr/local/sbin:/usr/local/bin:/usr/sbin:/usr/bin:/sbin:/bin:/usr/games:/usr/local/games:/usr/lib/wsl/lib:/mnt/c/WINDOWS/system32:/mnt/c/WINDOWS:/mnt/c/WINDOWS/System32/Wbem:/mnt/c/WINDOWS/System32/WindowsPowerShell/v1.0:/mnt/c/WINDOWS/System32/OpenSSH:/mnt/c/Program Files/dotnet:/mnt/c/Program Files/NVIDIA Corporation/NVIDIA NvDLISR:/mnt/c/Program Files (x86)/NVIDIA Corporation/PhysX/Common:/mnt/c/Program Files/Git/cmd:/mnt/c/ProgramData/chocolatey/bin:/mnt/c/Users/oweny/AppData/Local/Microsoft/WindowsApps:/mnt/c/Users/oweny/AppData/Local/Programs/Microsoft VS Code/bin
SHELL=/usr/bin/zsh
DISPLAY=:0
HOSTTYPE=x86_64
LANG=C.UTF-8
TERM=xterm-256color

Signal Handlers:
SIGSEGV: [libjvm.so+0xea2e90], sa_mask[0]=11111111011111111101111111111110, sa_flags=SA_RESTART|SA_SIGINFO
SIGBUS: [libjvm.so+0xea2e90], sa_mask[0]=11111111011111111101111111111110, sa_flags=SA_RESTART|SA_SIGINFO
SIGFPE: [libjvm.so+0xea2e90], sa_mask[0]=11111111011111111101111111111110, sa_flags=SA_RESTART|SA_SIGINFO
SIGPIPE: [libjvm.so+0xbe6fe0], sa_mask[0]=11111111011111111101111111111110, sa_flags=SA_RESTART|SA_SIGINFO
SIGXFSZ: [libjvm.so+0xbe6fe0], sa_mask[0]=11111111011111111101111111111110, sa_flags=SA_RESTART|SA_SIGINFO
SIGILL: [libjvm.so+0xea2e90], sa_mask[0]=11111111011111111101111111111110, sa_flags=SA_RESTART|SA_SIGINFO
SIGUSR2: [libjvm.so+0xbe6e80], sa_mask[0]=00100000000000000000000000000000, sa_flags=SA_RESTART|SA_SIGINFO
SIGHUP: [libjvm.so+0xbe7260], sa_mask[0]=11111111011111111101111111111110, sa_flags=SA_RESTART|SA_SIGINFO
SIGINT: [libjvm.so+0xbe7260], sa_mask[0]=11111111011111111101111111111110, sa_flags=SA_RESTART|SA_SIGINFO
SIGTERM: [libjvm.so+0xbe7260], sa_mask[0]=11111111011111111101111111111110, sa_flags=SA_RESTART|SA_SIGINFO
SIGQUIT: [libjvm.so+0xbe7260], sa_mask[0]=11111111011111111101111111111110, sa_flags=SA_RESTART|SA_SIGINFO


---------------  S Y S T E M  ---------------

OS:DISTRIB_ID=Ubuntu
DISTRIB_RELEASE=22.04
DISTRIB_CODENAME=jammy
DISTRIB_DESCRIPTION="Ubuntu 22.04.1 LTS"
uname:Linux 5.15.79.1-microsoft-standard-WSL2 #1 SMP Wed Nov 23 01:01:46 UTC 2022 x86_64
OS uptime: 0 days 2:55 hours
libc:glibc 2.35 NPTL 2.35 
rlimit (soft/hard): STACK 8192k/infinity , CORE 0k/infinity , NPROC 31251/31251 , NOFILE 1048576/1048576 , AS infinity/infinity , CPU infinity/infinity , DATA infinity/infinity , FSIZE infinity/infinity , MEMLOCK 65536k/65536k
load average:1.37 0.70 0.46

/proc/meminfo:
MemTotal:        8006800 kB
MemFree:         1013756 kB
MemAvailable:    2701660 kB
Buffers:           81544 kB
Cached:          1846944 kB
SwapCached:            0 kB
Active:          1178484 kB
Inactive:        5382900 kB
Active(anon):       2040 kB
Inactive(anon):  4702216 kB
Active(file):    1176444 kB
Inactive(file):   680684 kB
Unevictable:           0 kB
Mlocked:               0 kB
SwapTotal:       2097152 kB
SwapFree:        2097152 kB
Dirty:              8668 kB
Writeback:             0 kB
AnonPages:       4631268 kB
Mapped:           709992 kB
Shmem:             71360 kB
KReclaimable:      93172 kB
Slab:             151524 kB
SReclaimable:      93172 kB
SUnreclaim:        58352 kB
KernelStack:       12624 kB
PageTables:        18944 kB
NFS_Unstable:          0 kB
Bounce:                0 kB
WritebackTmp:          0 kB
CommitLimit:     6100552 kB
Committed_AS:    5629176 kB
VmallocTotal:   34359738367 kB
VmallocUsed:       32740 kB
VmallocChunk:          0 kB
Percpu:             4352 kB
AnonHugePages:   3745792 kB
ShmemHugePages:        0 kB
ShmemPmdMapped:        0 kB
FileHugePages:         0 kB
FilePmdMapped:         0 kB
HugePages_Total:       0
HugePages_Free:        0
HugePages_Rsvd:        0
HugePages_Surp:        0
Hugepagesize:       2048 kB
Hugetlb:               0 kB
DirectMap4k:       21504 kB
DirectMap2M:     4040704 kB
DirectMap1G:    14680064 kB

/sys/kernel/mm/transparent_hugepage/enabled:
[always] madvise never
/sys/kernel/mm/transparent_hugepage/defrag (defrag/compaction efforts parameter):
always defer defer+madvise [madvise] never

Process Memory:
Virtual Size: 5421488K (peak: 13439944K)
Resident Set Size: 143388K (peak: 145668K) (anon: 56428K, file: 86960K, shmem: 0K)
Swapped out: 0K
C-Heap outstanding allocations: 37382K, retained: 7565K
glibc malloc tunables: (default)

/proc/sys/kernel/threads-max (system-wide limit on the number of threads):
62502
/proc/sys/vm/max_map_count (maximum number of memory map areas a process may have):
65530
/proc/sys/kernel/pid_max (system-wide limit on number of process identifiers):
32768

container (cgroup) information:
container_type: cgroupv1
cpu_cpuset_cpus: 0-11
cpu_memory_nodes: 0
active_processor_count: 12
cpu_quota: no quota
cpu_period: 100000
cpu_shares: no shares
memory_limit_in_bytes: unlimited
memory_and_swap_limit_in_bytes: unlimited
memory_soft_limit_in_bytes: unlimited
memory_usage_in_bytes: 6559652 k
memory_max_usage_in_bytes: unlimited
maximum number of tasks: not supported
current number of tasks: not supported

Hyper-V virtualization detected
Steal ticks since vm start: 0
Steal ticks percentage since vm start:  0.000

CPU:total 12 (initial active 12) (8 cores per cpu, 2 threads per core) family 6 model 165 stepping 2 microcode 0xffffffff, cmov, cx8, fxsr, mmx, sse, sse2, sse3, ssse3, sse4.1, sse4.2, popcnt, avx, avx2, aes, clmul, erms, 3dnowpref, lzcnt, ht, tsc, bmi1, bmi2, adx, fma
CPU Model and flags from /proc/cpuinfo:
model name	: Intel(R) Core(TM) i7-10750H CPU @ 2.60GHz
flags		: fpu vme de pse tsc msr pae mce cx8 apic sep mtrr pge mca cmov pat pse36 clflush mmx fxsr sse sse2 ss ht syscall nx pdpe1gb rdtscp lm constant_tsc arch_perfmon rep_good nopl xtopology cpuid pni pclmulqdq vmx ssse3 fma cx16 pdcm pcid sse4_1 sse4_2 x2apic movbe popcnt aes xsave avx f16c rdrand hypervisor lahf_lm abm 3dnowprefetch invpcid_single ssbd ibrs ibpb stibp ibrs_enhanced tpr_shadow vnmi ept vpid ept_ad fsgsbase bmi1 avx2 smep bmi2 erms invpcid rdseed adx smap clflushopt xsaveopt xsavec xgetbv1 xsaves flush_l1d arch_capabilities
Online cpus:
0-11
Offline cpus:

BIOS frequency limitation:
<Not Available>
Frequency switch latency (ns):
<Not Available>
Available cpu frequencies:
<Not Available>
Current governor:
<Not Available>
Core performance/turbo boost:
<Not Available>

Memory: 4k page, physical 8006800k(1013756k free), swap 2097152k(2097152k free)

vm_info: OpenJDK 64-Bit Server VM (11.0.17+8-post-Ubuntu-1ubuntu222.04) for linux-amd64 JRE (11.0.17+8-post-Ubuntu-1ubuntu222.04), built on Oct 24 2022 16:41:58 by "unknown" with gcc 11.2.0

END.
