#
# A fatal error has been detected by the Java Runtime Environment:
#
#  SIGSEGV (0xb) at pc=0x00007fdda8f10f1a, pid=11818, tid=11846
#
# JRE version: OpenJDK Runtime Environment (11.0.17+8) (build 11.0.17+8-post-Ubuntu-1ubuntu222.04)
# Java VM: OpenJDK 64-Bit Server VM (11.0.17+8-post-Ubuntu-1ubuntu222.04, mixed mode, sharing, tiered, compressed oops, g1 gc, linux-amd64)
# Problematic frame:
# C  [libnvwgf2umx.so+0x286bf1a]
#
# No core dump will be written. Core dumps have been disabled. To enable core dumping, try "ulimit -c unlimited" before starting Java again
#
# If you would like to submit a bug report, please visit:
#   https://bugs.launchpad.net/ubuntu/+source/openjdk-lts
#

---------------  S U M M A R Y ------------

Command Line: -Dfile.encoding=UTF-8 -Duser.country -Duser.language=en -Duser.variant duke.Launcher

Host: Intel(R) Core(TM) i7-10750H CPU @ 2.60GHz, 12 cores, 7G, Ubuntu 22.04.1 LTS
Time: Fri Feb 17 11:30:23 2023 +08 elapsed time: 1.141868 seconds (0d 0h 0m 1s)

---------------  T H R E A D  ---------------

Current thread is native thread

Stack: [0x00007fddb5015000,0x00007fddb5814000],  sp=0x00007fddb5812d90,  free space=8183k
Native frames: (J=compiled Java code, A=aot compiled Java code, j=interpreted, Vv=VM code, C=native code)
C  [libnvwgf2umx.so+0x286bf1a]

[error occurred during error reporting (printing native stack), id 0xb, SIGSEGV (0xb) at pc=0x00007fde288e2a17]


siginfo: si_signo: 11 (SIGSEGV), si_code: 1 (SEGV_MAPERR), si_addr: 0x00007fddb5814000

Register to memory mapping:

RAX=
[error occurred during error reporting (printing register info), id 0xb, SIGSEGV (0xb) at pc=0x00007fde28b3c4fc]

Registers:
RAX=0x0000000000000010, RBX=0x0000000000000000, RCX=0x00007fddb5812d98, RDX=0x0000000000000000
RSP=0x00007fddb5812d90, RBP=0x0000000000000000, RSI=0x00007fddbc287ee0, RDI=0x00007fddbc20afc0
R8 =0x00007fdda0000b70, R9 =0x00007ffcff9ba080, R10=0x000000000015d586, R11=0x7f56b1a3d305b72f
R12=0x00007fddbc287e01, R13=0x00007fddb5814000, R14=0x00007fddbc20b0c8, R15=0x00007fddb5812e06
RIP=0x00007fdda8f10f1a, EFLAGS=0x0000000000010246, CSGSFS=0x002b000000000033, ERR=0x0000000000000004
  TRAPNO=0x000000000000000e

Top of Stack: (sp=0x00007fddb5812d90)
0x00007fddb5812d90:   0000000063eef4cf 000000000009c273
0x00007fddb5812da0:   00007fddbc20afc0 00007fddbc20b0c8
0x00007fddb5812db0:   00007fddbc287ee0 00007fddb5812d98
0x00007fddb5812dc0:   00007fddb5812e07 00007fddbc20afc0 

Instructions: (pc=0x00007fdda8f10f1a)
0x00007fdda8f10e1a:   60 48 83 ec 08 4c 8d 64 24 10 4c 89 e7 4c 89 fe
0x00007fdda8f10e2a:   48 89 da 48 8b 4c 24 28 44 8b 44 24 20 44 8b 4c
0x00007fdda8f10e3a:   24 24 41 55 41 56 50 e8 ba fa ff ff 48 83 c4 20
0x00007fdda8f10e4a:   48 89 ef 4c 89 e6 e8 bb ad a5 fe 4c 89 e7 e8 13
0x00007fdda8f10e5a:   a2 a5 fe 48 89 e8 48 83 c4 28 5b 41 5c 41 5d 41
0x00007fdda8f10e6a:   5e 41 5f 5d c3 eb 0a eb 19 eb 06 eb 15 eb 02 eb
0x00007fdda8f10e7a:   11 48 89 c3 48 8d 7c 24 08 e8 e8 a1 a5 fe eb 05
0x00007fdda8f10e8a:   eb 00 48 89 c3 48 8b 7c 24 10 e8 d7 a1 a5 fe 48
0x00007fdda8f10e9a:   89 df e8 cf 0a 90 fe cc cc cc cc cc cc cc cc cc
0x00007fdda8f10eaa:   cc cc cc cc cc cc 55 41 57 41 56 41 55 41 54 53
0x00007fdda8f10eba:   48 83 ec 38 48 89 54 24 30 48 89 7c 24 10 f6 47
0x00007fdda8f10eca:   28 10 0f 84 41 01 00 00 8b 46 10 85 c0 0f 84 36
0x00007fdda8f10eda:   01 00 00 4c 8b 6e 28 41 b4 01 31 db 48 8d 4c 24
0x00007fdda8f10eea:   08 48 89 4c 24 28 31 d2 48 89 74 24 20 eb 21 90
0x00007fdda8f10efa:   90 90 90 90 90 90 8b 46 10 48 8b 54 24 18 48 83
0x00007fdda8f10f0a:   c2 01 89 c1 83 c3 01 48 39 ca 0f 83 f9 00 00 00
0x00007fdda8f10f1a:   41 8b 4c 95 00 0f b7 c9 3b 8c 96 4c 04 00 00 74
0x00007fdda8f10f2a:   dd 89 8c 96 4c 04 00 00 8b 4e 0c 85 c9 74 cf 48
0x00007fdda8f10f3a:   89 54 24 18 31 ed eb 18 90 90 90 90 90 90 90 90
0x00007fdda8f10f4a:   90 90 90 90 90 90 83 c5 01 8b 4e 0c 39 cd 73 a6
0x00007fdda8f10f5a:   0f af cb 01 e9 41 0f b6 84 0d 80 90 00 00 24 7f
0x00007fdda8f10f6a:   8d 50 e0 80 fa 14 77 de 48 8b 96 50 08 00 00 3a
0x00007fdda8f10f7a:   04 0a 74 d2 88 04 0a 48 8b 44 24 30 c6 00 01 41
0x00007fdda8f10f8a:   f6 c4 01 75 0d 48 8b 44 24 10 f6 40 28 20 75 b6
0x00007fdda8f10f9a:   eb 33 4c 8d 7c 24 08 4c 89 ff 31 d2 31 c9 45 31
0x00007fdda8f10faa:   c0 e8 a0 06 00 00 48 8b 7c 24 10 4c 89 fe e8 b3
0x00007fdda8f10fba:   e1 ff ff 48 8d 7c 24 08 e8 a9 a0 a5 fe 45 31 e4
0x00007fdda8f10fca:   48 8b 74 24 20 8b 56 04 4c 8b 7c 24 10 45 0f b6
0x00007fdda8f10fda:   4f 2c 4c 8d 74 24 08 4c 89 f7 4c 89 fe 48 8b 4c
0x00007fdda8f10fea:   24 18 41 89 e8 e8 0c fe 02 00 4c 89 ff 4c 89 f6
0x00007fdda8f10ffa:   e8 71 e1 ff ff 48 8d 7c 24 08 e8 67 a0 a5 fe 48
0x00007fdda8f1100a:   8b 74 24 20 e9 3d ff ff ff 48 83 c4 38 5b 41 5c 


Stack slot to memory mapping:
stack at sp + 0 slots: 
[error occurred during error reporting (inspecting top of stack), id 0xb, SIGSEGV (0xb) at pc=0x00007fde28b3c4fc]


---------------  P R O C E S S  ---------------

VM state:at safepoint (shutting down)

VM Mutex/Monitor currently owned by a thread:  ([mutex/lock_event])
[0x00007fde20013f40] Threads_lock - owner thread: 0x00007fde20128000

Heap address: 0x0000000085c00000, size: 1956 MB, Compressed Oops mode: 32-bit
Narrow klass base: 0x0000000800000000, Narrow klass shift: 3
Compressed class space size: 1073741824 Address: 0x0000000840000000

Heap:
 garbage-first heap   total 129024K, used 10956K [0x0000000085c00000, 0x0000000100000000)
  region size 1024K, 12 young (12288K), 0 survivors (0K)
 Metaspace       used 2977K, capacity 6145K, committed 6400K, reserved 1056768K
  class space    used 339K, capacity 694K, committed 768K, reserved 1048576K
Heap Regions: E=young(eden), S=young(survivor), O=old, HS=humongous(starts), HC=humongous(continues), CS=collection set, F=free, A=archive, TAMS=top-at-mark-start (previous, next)
|   0|0x0000000085c00000, 0x0000000085c00000, 0x0000000085d00000|  0%| F|  |TAMS 0x0000000085c00000, 0x0000000085c00000| Untracked 
|   1|0x0000000085d00000, 0x0000000085d00000, 0x0000000085e00000|  0%| F|  |TAMS 0x0000000085d00000, 0x0000000085d00000| Untracked 
|   2|0x0000000085e00000, 0x0000000085e00000, 0x0000000085f00000|  0%| F|  |TAMS 0x0000000085e00000, 0x0000000085e00000| Untracked 
|   3|0x0000000085f00000, 0x0000000085f00000, 0x0000000086000000|  0%| F|  |TAMS 0x0000000085f00000, 0x0000000085f00000| Untracked 
|   4|0x0000000086000000, 0x0000000086000000, 0x0000000086100000|  0%| F|  |TAMS 0x0000000086000000, 0x0000000086000000| Untracked 
|   5|0x0000000086100000, 0x0000000086100000, 0x0000000086200000|  0%| F|  |TAMS 0x0000000086100000, 0x0000000086100000| Untracked 
|   6|0x0000000086200000, 0x0000000086200000, 0x0000000086300000|  0%| F|  |TAMS 0x0000000086200000, 0x0000000086200000| Untracked 
|   7|0x0000000086300000, 0x0000000086300000, 0x0000000086400000|  0%| F|  |TAMS 0x0000000086300000, 0x0000000086300000| Untracked 
|   8|0x0000000086400000, 0x0000000086400000, 0x0000000086500000|  0%| F|  |TAMS 0x0000000086400000, 0x0000000086400000| Untracked 
|   9|0x0000000086500000, 0x0000000086500000, 0x0000000086600000|  0%| F|  |TAMS 0x0000000086500000, 0x0000000086500000| Untracked 
|  10|0x0000000086600000, 0x0000000086600000, 0x0000000086700000|  0%| F|  |TAMS 0x0000000086600000, 0x0000000086600000| Untracked 
|  11|0x0000000086700000, 0x0000000086700000, 0x0000000086800000|  0%| F|  |TAMS 0x0000000086700000, 0x0000000086700000| Untracked 
|  12|0x0000000086800000, 0x0000000086800000, 0x0000000086900000|  0%| F|  |TAMS 0x0000000086800000, 0x0000000086800000| Untracked 
|  13|0x0000000086900000, 0x0000000086900000, 0x0000000086a00000|  0%| F|  |TAMS 0x0000000086900000, 0x0000000086900000| Untracked 
|  14|0x0000000086a00000, 0x0000000086a00000, 0x0000000086b00000|  0%| F|  |TAMS 0x0000000086a00000, 0x0000000086a00000| Untracked 
|  15|0x0000000086b00000, 0x0000000086b00000, 0x0000000086c00000|  0%| F|  |TAMS 0x0000000086b00000, 0x0000000086b00000| Untracked 
|  16|0x0000000086c00000, 0x0000000086c00000, 0x0000000086d00000|  0%| F|  |TAMS 0x0000000086c00000, 0x0000000086c00000| Untracked 
|  17|0x0000000086d00000, 0x0000000086d00000, 0x0000000086e00000|  0%| F|  |TAMS 0x0000000086d00000, 0x0000000086d00000| Untracked 
|  18|0x0000000086e00000, 0x0000000086e00000, 0x0000000086f00000|  0%| F|  |TAMS 0x0000000086e00000, 0x0000000086e00000| Untracked 
|  19|0x0000000086f00000, 0x0000000086f00000, 0x0000000087000000|  0%| F|  |TAMS 0x0000000086f00000, 0x0000000086f00000| Untracked 
|  20|0x0000000087000000, 0x0000000087000000, 0x0000000087100000|  0%| F|  |TAMS 0x0000000087000000, 0x0000000087000000| Untracked 
|  21|0x0000000087100000, 0x0000000087100000, 0x0000000087200000|  0%| F|  |TAMS 0x0000000087100000, 0x0000000087100000| Untracked 
|  22|0x0000000087200000, 0x0000000087200000, 0x0000000087300000|  0%| F|  |TAMS 0x0000000087200000, 0x0000000087200000| Untracked 
|  23|0x0000000087300000, 0x0000000087300000, 0x0000000087400000|  0%| F|  |TAMS 0x0000000087300000, 0x0000000087300000| Untracked 
|  24|0x0000000087400000, 0x0000000087400000, 0x0000000087500000|  0%| F|  |TAMS 0x0000000087400000, 0x0000000087400000| Untracked 
|  25|0x0000000087500000, 0x0000000087500000, 0x0000000087600000|  0%| F|  |TAMS 0x0000000087500000, 0x0000000087500000| Untracked 
|  26|0x0000000087600000, 0x0000000087600000, 0x0000000087700000|  0%| F|  |TAMS 0x0000000087600000, 0x0000000087600000| Untracked 
|  27|0x0000000087700000, 0x0000000087700000, 0x0000000087800000|  0%| F|  |TAMS 0x0000000087700000, 0x0000000087700000| Untracked 
|  28|0x0000000087800000, 0x0000000087800000, 0x0000000087900000|  0%| F|  |TAMS 0x0000000087800000, 0x0000000087800000| Untracked 
|  29|0x0000000087900000, 0x0000000087900000, 0x0000000087a00000|  0%| F|  |TAMS 0x0000000087900000, 0x0000000087900000| Untracked 
|  30|0x0000000087a00000, 0x0000000087a00000, 0x0000000087b00000|  0%| F|  |TAMS 0x0000000087a00000, 0x0000000087a00000| Untracked 
|  31|0x0000000087b00000, 0x0000000087b00000, 0x0000000087c00000|  0%| F|  |TAMS 0x0000000087b00000, 0x0000000087b00000| Untracked 
|  32|0x0000000087c00000, 0x0000000087c00000, 0x0000000087d00000|  0%| F|  |TAMS 0x0000000087c00000, 0x0000000087c00000| Untracked 
|  33|0x0000000087d00000, 0x0000000087d00000, 0x0000000087e00000|  0%| F|  |TAMS 0x0000000087d00000, 0x0000000087d00000| Untracked 
|  34|0x0000000087e00000, 0x0000000087e00000, 0x0000000087f00000|  0%| F|  |TAMS 0x0000000087e00000, 0x0000000087e00000| Untracked 
|  35|0x0000000087f00000, 0x0000000087f00000, 0x0000000088000000|  0%| F|  |TAMS 0x0000000087f00000, 0x0000000087f00000| Untracked 
|  36|0x0000000088000000, 0x0000000088000000, 0x0000000088100000|  0%| F|  |TAMS 0x0000000088000000, 0x0000000088000000| Untracked 
|  37|0x0000000088100000, 0x0000000088100000, 0x0000000088200000|  0%| F|  |TAMS 0x0000000088100000, 0x0000000088100000| Untracked 
|  38|0x0000000088200000, 0x0000000088200000, 0x0000000088300000|  0%| F|  |TAMS 0x0000000088200000, 0x0000000088200000| Untracked 
|  39|0x0000000088300000, 0x0000000088300000, 0x0000000088400000|  0%| F|  |TAMS 0x0000000088300000, 0x0000000088300000| Untracked 
|  40|0x0000000088400000, 0x0000000088400000, 0x0000000088500000|  0%| F|  |TAMS 0x0000000088400000, 0x0000000088400000| Untracked 
|  41|0x0000000088500000, 0x0000000088500000, 0x0000000088600000|  0%| F|  |TAMS 0x0000000088500000, 0x0000000088500000| Untracked 
|  42|0x0000000088600000, 0x0000000088600000, 0x0000000088700000|  0%| F|  |TAMS 0x0000000088600000, 0x0000000088600000| Untracked 
|  43|0x0000000088700000, 0x0000000088700000, 0x0000000088800000|  0%| F|  |TAMS 0x0000000088700000, 0x0000000088700000| Untracked 
|  44|0x0000000088800000, 0x0000000088800000, 0x0000000088900000|  0%| F|  |TAMS 0x0000000088800000, 0x0000000088800000| Untracked 
|  45|0x0000000088900000, 0x0000000088900000, 0x0000000088a00000|  0%| F|  |TAMS 0x0000000088900000, 0x0000000088900000| Untracked 
|  46|0x0000000088a00000, 0x0000000088a00000, 0x0000000088b00000|  0%| F|  |TAMS 0x0000000088a00000, 0x0000000088a00000| Untracked 
|  47|0x0000000088b00000, 0x0000000088b00000, 0x0000000088c00000|  0%| F|  |TAMS 0x0000000088b00000, 0x0000000088b00000| Untracked 
|  48|0x0000000088c00000, 0x0000000088c00000, 0x0000000088d00000|  0%| F|  |TAMS 0x0000000088c00000, 0x0000000088c00000| Untracked 
|  49|0x0000000088d00000, 0x0000000088d00000, 0x0000000088e00000|  0%| F|  |TAMS 0x0000000088d00000, 0x0000000088d00000| Untracked 
|  50|0x0000000088e00000, 0x0000000088e00000, 0x0000000088f00000|  0%| F|  |TAMS 0x0000000088e00000, 0x0000000088e00000| Untracked 
|  51|0x0000000088f00000, 0x0000000088f00000, 0x0000000089000000|  0%| F|  |TAMS 0x0000000088f00000, 0x0000000088f00000| Untracked 
|  52|0x0000000089000000, 0x0000000089000000, 0x0000000089100000|  0%| F|  |TAMS 0x0000000089000000, 0x0000000089000000| Untracked 
|  53|0x0000000089100000, 0x0000000089100000, 0x0000000089200000|  0%| F|  |TAMS 0x0000000089100000, 0x0000000089100000| Untracked 
|  54|0x0000000089200000, 0x0000000089200000, 0x0000000089300000|  0%| F|  |TAMS 0x0000000089200000, 0x0000000089200000| Untracked 
|  55|0x0000000089300000, 0x0000000089300000, 0x0000000089400000|  0%| F|  |TAMS 0x0000000089300000, 0x0000000089300000| Untracked 
|  56|0x0000000089400000, 0x0000000089400000, 0x0000000089500000|  0%| F|  |TAMS 0x0000000089400000, 0x0000000089400000| Untracked 
|  57|0x0000000089500000, 0x0000000089500000, 0x0000000089600000|  0%| F|  |TAMS 0x0000000089500000, 0x0000000089500000| Untracked 
|  58|0x0000000089600000, 0x0000000089600000, 0x0000000089700000|  0%| F|  |TAMS 0x0000000089600000, 0x0000000089600000| Untracked 
|  59|0x0000000089700000, 0x0000000089700000, 0x0000000089800000|  0%| F|  |TAMS 0x0000000089700000, 0x0000000089700000| Untracked 
|  60|0x0000000089800000, 0x0000000089800000, 0x0000000089900000|  0%| F|  |TAMS 0x0000000089800000, 0x0000000089800000| Untracked 
|  61|0x0000000089900000, 0x0000000089900000, 0x0000000089a00000|  0%| F|  |TAMS 0x0000000089900000, 0x0000000089900000| Untracked 
|  62|0x0000000089a00000, 0x0000000089a00000, 0x0000000089b00000|  0%| F|  |TAMS 0x0000000089a00000, 0x0000000089a00000| Untracked 
|  63|0x0000000089b00000, 0x0000000089b00000, 0x0000000089c00000|  0%| F|  |TAMS 0x0000000089b00000, 0x0000000089b00000| Untracked 
|  64|0x0000000089c00000, 0x0000000089c00000, 0x0000000089d00000|  0%| F|  |TAMS 0x0000000089c00000, 0x0000000089c00000| Untracked 
|  65|0x0000000089d00000, 0x0000000089d00000, 0x0000000089e00000|  0%| F|  |TAMS 0x0000000089d00000, 0x0000000089d00000| Untracked 
|  66|0x0000000089e00000, 0x0000000089e00000, 0x0000000089f00000|  0%| F|  |TAMS 0x0000000089e00000, 0x0000000089e00000| Untracked 
|  67|0x0000000089f00000, 0x0000000089f00000, 0x000000008a000000|  0%| F|  |TAMS 0x0000000089f00000, 0x0000000089f00000| Untracked 
|  68|0x000000008a000000, 0x000000008a000000, 0x000000008a100000|  0%| F|  |TAMS 0x000000008a000000, 0x000000008a000000| Untracked 
|  69|0x000000008a100000, 0x000000008a100000, 0x000000008a200000|  0%| F|  |TAMS 0x000000008a100000, 0x000000008a100000| Untracked 
|  70|0x000000008a200000, 0x000000008a200000, 0x000000008a300000|  0%| F|  |TAMS 0x000000008a200000, 0x000000008a200000| Untracked 
|  71|0x000000008a300000, 0x000000008a300000, 0x000000008a400000|  0%| F|  |TAMS 0x000000008a300000, 0x000000008a300000| Untracked 
|  72|0x000000008a400000, 0x000000008a400000, 0x000000008a500000|  0%| F|  |TAMS 0x000000008a400000, 0x000000008a400000| Untracked 
|  73|0x000000008a500000, 0x000000008a500000, 0x000000008a600000|  0%| F|  |TAMS 0x000000008a500000, 0x000000008a500000| Untracked 
|  74|0x000000008a600000, 0x000000008a600000, 0x000000008a700000|  0%| F|  |TAMS 0x000000008a600000, 0x000000008a600000| Untracked 
|  75|0x000000008a700000, 0x000000008a700000, 0x000000008a800000|  0%| F|  |TAMS 0x000000008a700000, 0x000000008a700000| Untracked 
|  76|0x000000008a800000, 0x000000008a800000, 0x000000008a900000|  0%| F|  |TAMS 0x000000008a800000, 0x000000008a800000| Untracked 
|  77|0x000000008a900000, 0x000000008a900000, 0x000000008aa00000|  0%| F|  |TAMS 0x000000008a900000, 0x000000008a900000| Untracked 
|  78|0x000000008aa00000, 0x000000008aa00000, 0x000000008ab00000|  0%| F|  |TAMS 0x000000008aa00000, 0x000000008aa00000| Untracked 
|  79|0x000000008ab00000, 0x000000008ab00000, 0x000000008ac00000|  0%| F|  |TAMS 0x000000008ab00000, 0x000000008ab00000| Untracked 
|  80|0x000000008ac00000, 0x000000008ac00000, 0x000000008ad00000|  0%| F|  |TAMS 0x000000008ac00000, 0x000000008ac00000| Untracked 
|  81|0x000000008ad00000, 0x000000008ad00000, 0x000000008ae00000|  0%| F|  |TAMS 0x000000008ad00000, 0x000000008ad00000| Untracked 
|  82|0x000000008ae00000, 0x000000008ae00000, 0x000000008af00000|  0%| F|  |TAMS 0x000000008ae00000, 0x000000008ae00000| Untracked 
|  83|0x000000008af00000, 0x000000008af00000, 0x000000008b000000|  0%| F|  |TAMS 0x000000008af00000, 0x000000008af00000| Untracked 
|  84|0x000000008b000000, 0x000000008b000000, 0x000000008b100000|  0%| F|  |TAMS 0x000000008b000000, 0x000000008b000000| Untracked 
|  85|0x000000008b100000, 0x000000008b100000, 0x000000008b200000|  0%| F|  |TAMS 0x000000008b100000, 0x000000008b100000| Untracked 
|  86|0x000000008b200000, 0x000000008b200000, 0x000000008b300000|  0%| F|  |TAMS 0x000000008b200000, 0x000000008b200000| Untracked 
|  87|0x000000008b300000, 0x000000008b300000, 0x000000008b400000|  0%| F|  |TAMS 0x000000008b300000, 0x000000008b300000| Untracked 
|  88|0x000000008b400000, 0x000000008b400000, 0x000000008b500000|  0%| F|  |TAMS 0x000000008b400000, 0x000000008b400000| Untracked 
|  89|0x000000008b500000, 0x000000008b500000, 0x000000008b600000|  0%| F|  |TAMS 0x000000008b500000, 0x000000008b500000| Untracked 
|  90|0x000000008b600000, 0x000000008b600000, 0x000000008b700000|  0%| F|  |TAMS 0x000000008b600000, 0x000000008b600000| Untracked 
|  91|0x000000008b700000, 0x000000008b700000, 0x000000008b800000|  0%| F|  |TAMS 0x000000008b700000, 0x000000008b700000| Untracked 
|  92|0x000000008b800000, 0x000000008b800000, 0x000000008b900000|  0%| F|  |TAMS 0x000000008b800000, 0x000000008b800000| Untracked 
|  93|0x000000008b900000, 0x000000008b900000, 0x000000008ba00000|  0%| F|  |TAMS 0x000000008b900000, 0x000000008b900000| Untracked 
|  94|0x000000008ba00000, 0x000000008ba00000, 0x000000008bb00000|  0%| F|  |TAMS 0x000000008ba00000, 0x000000008ba00000| Untracked 
|  95|0x000000008bb00000, 0x000000008bb00000, 0x000000008bc00000|  0%| F|  |TAMS 0x000000008bb00000, 0x000000008bb00000| Untracked 
|  96|0x000000008bc00000, 0x000000008bc00000, 0x000000008bd00000|  0%| F|  |TAMS 0x000000008bc00000, 0x000000008bc00000| Untracked 
|  97|0x000000008bd00000, 0x000000008bd00000, 0x000000008be00000|  0%| F|  |TAMS 0x000000008bd00000, 0x000000008bd00000| Untracked 
|  98|0x000000008be00000, 0x000000008be00000, 0x000000008bf00000|  0%| F|  |TAMS 0x000000008be00000, 0x000000008be00000| Untracked 
|  99|0x000000008bf00000, 0x000000008bf00000, 0x000000008c000000|  0%| F|  |TAMS 0x000000008bf00000, 0x000000008bf00000| Untracked 
| 100|0x000000008c000000, 0x000000008c000000, 0x000000008c100000|  0%| F|  |TAMS 0x000000008c000000, 0x000000008c000000| Untracked 
| 101|0x000000008c100000, 0x000000008c100000, 0x000000008c200000|  0%| F|  |TAMS 0x000000008c100000, 0x000000008c100000| Untracked 
| 102|0x000000008c200000, 0x000000008c200000, 0x000000008c300000|  0%| F|  |TAMS 0x000000008c200000, 0x000000008c200000| Untracked 
| 103|0x000000008c300000, 0x000000008c300000, 0x000000008c400000|  0%| F|  |TAMS 0x000000008c300000, 0x000000008c300000| Untracked 
| 104|0x000000008c400000, 0x000000008c400000, 0x000000008c500000|  0%| F|  |TAMS 0x000000008c400000, 0x000000008c400000| Untracked 
| 105|0x000000008c500000, 0x000000008c500000, 0x000000008c600000|  0%| F|  |TAMS 0x000000008c500000, 0x000000008c500000| Untracked 
| 106|0x000000008c600000, 0x000000008c600000, 0x000000008c700000|  0%| F|  |TAMS 0x000000008c600000, 0x000000008c600000| Untracked 
| 107|0x000000008c700000, 0x000000008c700000, 0x000000008c800000|  0%| F|  |TAMS 0x000000008c700000, 0x000000008c700000| Untracked 
| 108|0x000000008c800000, 0x000000008c800000, 0x000000008c900000|  0%| F|  |TAMS 0x000000008c800000, 0x000000008c800000| Untracked 
| 109|0x000000008c900000, 0x000000008c900000, 0x000000008ca00000|  0%| F|  |TAMS 0x000000008c900000, 0x000000008c900000| Untracked 
| 110|0x000000008ca00000, 0x000000008ca00000, 0x000000008cb00000|  0%| F|  |TAMS 0x000000008ca00000, 0x000000008ca00000| Untracked 
| 111|0x000000008cb00000, 0x000000008cb00000, 0x000000008cc00000|  0%| F|  |TAMS 0x000000008cb00000, 0x000000008cb00000| Untracked 
| 112|0x000000008cc00000, 0x000000008cc00800, 0x000000008cd00000|  0%| E|  |TAMS 0x000000008cc00000, 0x000000008cc00000| Complete 
| 113|0x000000008cd00000, 0x000000008ce00000, 0x000000008ce00000|100%| E|CS|TAMS 0x000000008cd00000, 0x000000008cd00000| Complete 
| 114|0x000000008ce00000, 0x000000008cf00000, 0x000000008cf00000|100%| E|CS|TAMS 0x000000008ce00000, 0x000000008ce00000| Complete 
| 115|0x000000008cf00000, 0x000000008d000000, 0x000000008d000000|100%| E|CS|TAMS 0x000000008cf00000, 0x000000008cf00000| Complete 
| 116|0x000000008d000000, 0x000000008d100000, 0x000000008d100000|100%| E|CS|TAMS 0x000000008d000000, 0x000000008d000000| Complete 
| 117|0x000000008d100000, 0x000000008d200000, 0x000000008d200000|100%| E|CS|TAMS 0x000000008d100000, 0x000000008d100000| Complete 
| 118|0x000000008d200000, 0x000000008d300000, 0x000000008d300000|100%| E|CS|TAMS 0x000000008d200000, 0x000000008d200000| Complete 
| 119|0x000000008d300000, 0x000000008d400000, 0x000000008d400000|100%| E|CS|TAMS 0x000000008d300000, 0x000000008d300000| Complete 
| 120|0x000000008d400000, 0x000000008d500000, 0x000000008d500000|100%| E|CS|TAMS 0x000000008d400000, 0x000000008d400000| Complete 
| 121|0x000000008d500000, 0x000000008d600000, 0x000000008d600000|100%| E|  |TAMS 0x000000008d500000, 0x000000008d500000| Complete 
| 122|0x000000008d600000, 0x000000008d700000, 0x000000008d700000|100%| E|CS|TAMS 0x000000008d600000, 0x000000008d600000| Complete 
| 123|0x000000008d700000, 0x000000008d800000, 0x000000008d800000|100%| E|CS|TAMS 0x000000008d700000, 0x000000008d700000| Complete 
|1954|0x00000000ffe00000, 0x00000000ffe48000, 0x00000000fff00000| 28%|OA|  |TAMS 0x00000000ffe00000, 0x00000000ffe00000| Untracked 
|1955|0x00000000fff00000, 0x00000000fff6b000, 0x0000000100000000| 41%|CA|  |TAMS 0x00000000fff00000, 0x00000000fff00000| Untracked 

Card table byte_map: [0x00007fde263dd000,0x00007fde267af000] _byte_map_base: 0x00007fde25faf000

Marking Bits (Prev, Next): (CMBitMap*) 0x00007fde20058758, (CMBitMap*) 0x00007fde20058790
 Prev Bits: [0x00007fde2417b000, 0x00007fde2600b000)
 Next Bits: [0x00007fde02170000, 0x00007fde04000000)

Polling page: 0x00007fde2920e000

Metaspace:

Usage:
  Non-class:      5.32 MB capacity,     2.58 MB ( 48%) used,     2.73 MB ( 51%) free+waste,    21.19 KB ( <1%) overhead. 
      Class:    694.00 KB capacity,   339.70 KB ( 49%) used,   342.86 KB ( 49%) free+waste,    11.44 KB (  2%) overhead. 
       Both:      6.00 MB capacity,     2.91 MB ( 48%) used,     3.06 MB ( 51%) free+waste,    32.62 KB ( <1%) overhead. 

Virtual space:
  Non-class space:        8.00 MB reserved,       5.50 MB ( 69%) committed 
      Class space:        1.00 GB reserved,     768.00 KB ( <1%) committed 
             Both:        1.01 GB reserved,       6.25 MB ( <1%) committed 

Chunk freelists:
   Non-Class:  21.00 KB
       Class:  10.00 KB
        Both:  31.00 KB

MaxMetaspaceSize: unlimited
CompressedClassSpaceSize: 1.00 GB
Initial GC threshold: 20.80 MB
Current GC threshold: 20.80 MB
CDS: on

CodeHeap 'non-profiled nmethods': size=120032Kb used=262Kb max_used=262Kb free=119769Kb
 bounds [0x00007fde102c5000, 0x00007fde10535000, 0x00007fde177fd000]
CodeHeap 'profiled nmethods': size=120028Kb used=1141Kb max_used=1141Kb free=118886Kb
 bounds [0x00007fde08d8e000, 0x00007fde08ffe000, 0x00007fde102c5000]
CodeHeap 'non-nmethods': size=5700Kb used=1147Kb max_used=1172Kb free=4552Kb
 bounds [0x00007fde087fd000, 0x00007fde08a6d000, 0x00007fde08d8e000]
 total_blobs=1133 nmethods=726 adapters=321
 compilation: enabled
              stopped_count=0, restarted_count=0
 full_count=0

Compilation events (20 events):
Event: 1.095 Thread 0x00007fde2013b800 nmethod 716 0x00007fde08ea6210 code [0x00007fde08ea6400, 0x00007fde08ea65b0]
Event: 1.095 Thread 0x00007fde2013b800  719       3       jdk.internal.jimage.ImageLocation::decompress (153 bytes)
Event: 1.096 Thread 0x00007fde2013b800 nmethod 719 0x00007fde08ea6690 code [0x00007fde08ea69a0, 0x00007fde08ea7b30]
Event: 1.097 Thread 0x00007fde2013b800  720       3       java.util.concurrent.ConcurrentHashMap$ValueIterator::next (34 bytes)
Event: 1.097 Thread 0x00007fde2013b800 nmethod 720 0x00007fde08ea8110 code [0x00007fde08ea82e0, 0x00007fde08ea8550]
Event: 1.097 Thread 0x00007fde2013b800  721       3       java.lang.String::<init> (74 bytes)
Event: 1.098 Thread 0x00007fde20139000 nmethod 714 0x00007fde10305810 code [0x00007fde103059c0, 0x00007fde10305e78]
Event: 1.098 Thread 0x00007fde20139000  718       4       java.util.Objects::requireNonNull (14 bytes)
Event: 1.098 Thread 0x00007fde20139000 nmethod 718 0x00007fde10306010 code [0x00007fde103061a0, 0x00007fde103061f8]
Event: 1.098 Thread 0x00007fde20139000  717   !   4       java.nio.DirectByteBuffer::get (28 bytes)
Event: 1.098 Thread 0x00007fde2013b800 nmethod 721 0x00007fde08ea8690 code [0x00007fde08ea88a0, 0x00007fde08ea8f30]
Event: 1.099 Thread 0x00007fde20139000 nmethod 717 0x00007fde10306310 code [0x00007fde103064a0, 0x00007fde10306558]
Event: 1.105 Thread 0x00007fde2013b800  723       3       java.nio.Buffer::<init> (99 bytes)
Event: 1.106 Thread 0x00007fde2013b800 nmethod 723 0x00007fde08ea9190 code [0x00007fde08ea9480, 0x00007fde08eaa210]
Event: 1.106 Thread 0x00007fde2013b800  724       3       java.util.HashMap$HashIterator::nextNode (100 bytes)
Event: 1.106 Thread 0x00007fde2013b800 nmethod 724 0x00007fde08eaa690 code [0x00007fde08eaa880, 0x00007fde08eaadd0]
Event: 1.106 Thread 0x00007fde2013b800  725       3       java.lang.Module::isNamed (13 bytes)
Event: 1.107 Thread 0x00007fde2013b800 nmethod 725 0x00007fde08eaaf90 code [0x00007fde08eab140, 0x00007fde08eab2b0]
Event: 1.107 Thread 0x00007fde2013b800  726       3       java.lang.String::toString (2 bytes)
Event: 1.107 Thread 0x00007fde2013b800 nmethod 726 0x00007fde08eab310 code [0x00007fde08eab4c0, 0x00007fde08eab5d0]

GC Heap History (0 events):
No events

Deoptimization events (20 events):
Event: 0.116 Thread 0x00007fde20016000 DEOPT PACKING pc=0x00007fde08da2e43 sp=0x00007fde279c7280
Event: 0.116 Thread 0x00007fde20016000 DEOPT UNPACKING pc=0x00007fde0884764a sp=0x00007fde279c6770 mode 0
Event: 0.117 Thread 0x00007fde20016000 DEOPT PACKING pc=0x00007fde08da2e43 sp=0x00007fde279c7280
Event: 0.117 Thread 0x00007fde20016000 DEOPT UNPACKING pc=0x00007fde0884764a sp=0x00007fde279c6770 mode 0
Event: 0.117 Thread 0x00007fde20016000 DEOPT PACKING pc=0x00007fde08da2e43 sp=0x00007fde279c7280
Event: 0.117 Thread 0x00007fde20016000 DEOPT UNPACKING pc=0x00007fde0884764a sp=0x00007fde279c6770 mode 0
Event: 0.117 Thread 0x00007fde20016000 DEOPT PACKING pc=0x00007fde08da2e43 sp=0x00007fde279c7280
Event: 0.117 Thread 0x00007fde20016000 DEOPT UNPACKING pc=0x00007fde0884764a sp=0x00007fde279c6770 mode 0
Event: 0.117 Thread 0x00007fde20016000 DEOPT PACKING pc=0x00007fde08da2e43 sp=0x00007fde279c7280
Event: 0.117 Thread 0x00007fde20016000 DEOPT UNPACKING pc=0x00007fde0884764a sp=0x00007fde279c6770 mode 0
Event: 0.409 Thread 0x00007fddb809d000 DEOPT PACKING pc=0x00007fde08dbe4c2 sp=0x00007fddfa5f1420
Event: 0.409 Thread 0x00007fddb809d000 DEOPT UNPACKING pc=0x00007fde0884764a sp=0x00007fddfa5f08a8 mode 0
Event: 0.502 Thread 0x00007fddb809d000 Uncommon trap: trap_request=0xffffff4d fr.pc=0x00007fde102e7ef0 relative=0x00000000000001d0
Event: 0.502 Thread 0x00007fddb809d000 Uncommon trap: reason=unstable_if action=reinterpret pc=0x00007fde102e7ef0 method=java.lang.String.startsWith(Ljava/lang/String;I)Z @ 1 c2
Event: 0.502 Thread 0x00007fddb809d000 DEOPT PACKING pc=0x00007fde102e7ef0 sp=0x00007fddfa5ee2d0
Event: 0.502 Thread 0x00007fddb809d000 DEOPT UNPACKING pc=0x00007fde08846ea5 sp=0x00007fddfa5ee260 mode 2
Event: 1.061 Thread 0x00007fddb809d000 DEOPT PACKING pc=0x00007fde08db8608 sp=0x00007fddfa5ee650
Event: 1.061 Thread 0x00007fddb809d000 DEOPT UNPACKING pc=0x00007fde0884764a sp=0x00007fddfa5edac0 mode 0
Event: 1.069 Thread 0x00007fddb809d000 DEOPT PACKING pc=0x00007fde08db544f sp=0x00007fddfa5f19d0
Event: 1.069 Thread 0x00007fddb809d000 DEOPT UNPACKING pc=0x00007fde0884764a sp=0x00007fddfa5f0e78 mode 0

Classes redefined (0 events):
No events

Internal exceptions (12 events):
Event: 0.090 Thread 0x00007fde20016000 Exception <a 'java/security/PrivilegedActionException'{0x000000008d755768}> (0x000000008d755768) thrown at [./src/hotspot/share/prims/jvm.cpp, line 1304]
Event: 0.091 Thread 0x00007fde20016000 Exception <a 'java/security/PrivilegedActionException'{0x000000008d755a38}> (0x000000008d755a38) thrown at [./src/hotspot/share/prims/jvm.cpp, line 1304]
Event: 0.266 Thread 0x00007fde201fa000 Exception <a 'java/lang/NoSuchMethodError'{0x000000008d395388}: 'java.lang.Object java.lang.invoke.DirectMethodHandle$Holder.invokeStatic(java.lang.Object, java.lang.Object, java.lang.Object, java.lang.Object, java.lang.Object, java.lang.Object, java.lang.Object, java.lang.Object, int)'> (0x000000008d395388) thrown at [./src/hotspot/share/interpreter/linkResolver.cpp, line 772]
Event: 0.272 Thread 0x00007fde201fa000 Exception <a 'java/lang/NoSuchMethodError'{0x000000008d3b0700}: 'java.lang.Object java.lang.invoke.DirectMethodHandle$Holder.invokeStatic(java.lang.Object, java.lang.Object, java.lang.Object, java.lang.Object, java.lang.Object, java.lang.Object, java.lang.Object, java.lang.Object, int, int)'> (0x000000008d3b0700) thrown at [./src/hotspot/share/interpreter/linkResolver.cpp, line 772]
Event: 0.283 Thread 0x00007fde201fa000 Exception <a 'java/lang/NoSuchMethodError'{0x000000008d3cbc10}: 'java.lang.Object java.lang.invoke.DirectMethodHandle$Holder.invokeStatic(java.lang.Object, java.lang.Object, java.lang.Object, java.lang.Object, java.lang.Object, java.lang.Object, java.lang.Object, java.lang.Object, int, int, java.lang.Object)'> (0x000000008d3cbc10) thrown at [./src/hotspot/share/interpreter/linkResolver.cpp, line 772]
Event: 0.470 Thread 0x00007fddb809d000 Exception <a 'java/lang/NoSuchMethodError'{0x000000008cfb4ca8}: 'java.lang.Object java.lang.invoke.DirectMethodHandle$Holder.invokeStatic(java.lang.Object, java.lang.Object, java.lang.Object, java.lang.Object, java.lang.Object, java.lang.Object, java.lang.Object, java.lang.Object, java.lang.Object, java.lang.Object, java.lang.Object, int)'> (0x000000008cfb4ca8) thrown at [./src/hotspot/share/interpreter/linkResolver.cpp, line 772]
Event: 0.473 Thread 0x00007fddb809d000 Exception <a 'java/lang/NoSuchMethodError'{0x000000008cfd2ba8}: 'java.lang.Object java.lang.invoke.DirectMethodHandle$Holder.invokeStatic(java.lang.Object, java.lang.Object, java.lang.Object, java.lang.Object, java.lang.Object, java.lang.Object, java.lang.Object, java.lang.Object, java.lang.Object, java.lang.Object, java.lang.Object, int, int)'> (0x000000008cfd2ba8) thrown at [./src/hotspot/share/interpreter/linkResolver.cpp, line 772]
Event: 0.476 Thread 0x00007fddb809d000 Exception <a 'java/lang/NoSuchMethodError'{0x000000008cff1938}: 'java.lang.Object java.lang.invoke.DirectMethodHandle$Holder.invokeStatic(java.lang.Object, java.lang.Object, java.lang.Object, java.lang.Object, java.lang.Object, java.lang.Object, java.lang.Object, java.lang.Object, java.lang.Object, java.lang.Object, java.lang.Object, int, int, java.lang.Object)'> (0x000000008cff1938) thrown at [./src/hotspot/share/interpreter/linkResolver.cpp, line 772]
Event: 0.480 Thread 0x00007fddb809d000 Exception <a 'java/lang/NoSuchMethodError'{0x000000008ce12438}: 'java.lang.Object java.lang.invoke.DirectMethodHandle$Holder.invokeStatic(java.lang.Object, java.lang.Object, java.lang.Object, java.lang.Object, java.lang.Object, java.lang.Object, java.lang.Object, java.lang.Object, java.lang.Object, java.lang.Object, java.lang.Object, int, int, java.lang.Object, java.lang.Object)'> (0x000000008ce12438) thrown at [./src/hotspot/share/interpreter/linkResolver.cpp, line 772]
Event: 1.074 Thread 0x00007fde201fa000 Exception <a 'java/lang/NoSuchMethodError'{0x000000008d19ff38}: 'int java.lang.invoke.DirectMethodHandle$Holder.invokeStaticInit(java.lang.Object, java.lang.Object, java.lang.Object)'> (0x000000008d19ff38) thrown at [./src/hotspot/share/interpreter/linkResolver.cpp, line 772]
Event: 1.076 Thread 0x00007fde201fa000 Exception <a 'java/lang/NoSuchMethodError'{0x000000008d1ab658}: 'void java.lang.invoke.DirectMethodHandle$Holder.invokeSpecial(java.lang.Object, java.lang.Object)'> (0x000000008d1ab658) thrown at [./src/hotspot/share/interpreter/linkResolver.cpp, line 772]
Event: 1.104 Thread 0x00007fde201fa000 Exception <a 'java/lang/UnsupportedOperationException'{0x000000008cdf2570}> (0x000000008cdf2570) thrown at [./src/hotspot/share/prims/jvm.cpp, line 1310]

Events (20 events):
Event: 1.104 Executing VM operation: RevokeBias done
Event: 1.105 Thread 0x00007fde201fa000 Thread exited: 0x00007fde201fa000
Event: 1.105 loading class java/lang/Throwable$WrappedPrintStream
Event: 1.105 loading class java/lang/Throwable$PrintStreamOrWriter
Event: 1.105 loading class java/lang/Throwable$PrintStreamOrWriter done
Event: 1.105 loading class java/lang/Throwable$WrappedPrintStream done
Event: 1.105 Executing VM operation: RevokeBias
Event: 1.105 Executing VM operation: RevokeBias done
Event: 1.105 loading class java/lang/StackTraceElement$HashedModules
Event: 1.106 loading class java/lang/StackTraceElement$HashedModules done
Event: 1.107 Thread 0x00007fde20016000 Thread exited: 0x00007fde20016000
Event: 1.107 Protecting memory [0x00007fde278ce000,0x00007fde278d2000] with protection modes 0
Event: 1.107 Thread 0x00007fde20016000 Thread added: 0x00007fde20016000
Event: 1.107 Executing VM operation: RevokeBias
Event: 1.107 Executing VM operation: RevokeBias done
Event: 1.107 Thread 0x00007fde201fa000 Thread added: 0x00007fde201fa000
Event: 1.107 Protecting memory [0x00007fddfa5f4000,0x00007fddfa5f8000] with protection modes 0
Event: 1.108 Thread 0x00007fde201fa000 Thread exited: 0x00007fde201fa000
Event: 1.109 Thread 0x00007fde20016000 Thread exited: 0x00007fde20016000
Event: 1.109 Thread 0x00007fde20135000 Thread exited: 0x00007fde20135000


Dynamic libraries:
85c00000-8d800000 rw-p 00000000 00:00 0 
8d800000-ffe00000 ---p 00000000 00:00 0 
ffe00000-ffe48000 rw-p 00b0a000 08:20 353163                             /usr/lib/jvm/java-11-openjdk-amd64/lib/server/classes.jsa
ffe48000-fff00000 rw-p 00000000 00:00 0 
fff00000-fff6b000 rw-p 00a9f000 08:20 353163                             /usr/lib/jvm/java-11-openjdk-amd64/lib/server/classes.jsa
fff6b000-100000000 rw-p 00000000 00:00 0 
800000000-800002000 rwxp 00001000 08:20 353163                           /usr/lib/jvm/java-11-openjdk-amd64/lib/server/classes.jsa
800002000-8003cc000 rw-p 00003000 08:20 353163                           /usr/lib/jvm/java-11-openjdk-amd64/lib/server/classes.jsa
8003cc000-800a9d000 r--p 003cd000 08:20 353163                           /usr/lib/jvm/java-11-openjdk-amd64/lib/server/classes.jsa
800a9d000-800a9e000 rw-p 00a9e000 08:20 353163                           /usr/lib/jvm/java-11-openjdk-amd64/lib/server/classes.jsa
840000000-8400c0000 rw-p 00000000 00:00 0 
8400c0000-880000000 ---p 00000000 00:00 0 
55674d4cc000-55674d4cd000 r--p 00000000 08:20 353215                     /usr/lib/jvm/java-11-openjdk-amd64/bin/java
55674d4cd000-55674d4ce000 r-xp 00001000 08:20 353215                     /usr/lib/jvm/java-11-openjdk-amd64/bin/java
55674d4ce000-55674d4cf000 r--p 00002000 08:20 353215                     /usr/lib/jvm/java-11-openjdk-amd64/bin/java
55674d4cf000-55674d4d0000 r--p 00002000 08:20 353215                     /usr/lib/jvm/java-11-openjdk-amd64/bin/java
55674d4d0000-55674d4d1000 rw-p 00003000 08:20 353215                     /usr/lib/jvm/java-11-openjdk-amd64/bin/java
55674eff3000-55674f014000 rw-p 00000000 00:00 0                          [heap]
7fdd94000000-7fdd94021000 rw-p 00000000 00:00 0 
7fdd94021000-7fdd98000000 ---p 00000000 00:00 0 
7fdd98000000-7fdd98021000 rw-p 00000000 00:00 0 
7fdd98021000-7fdd9c000000 ---p 00000000 00:00 0 
7fdd9f000000-7fdd9f001000 r-xp 00000000 08:20 371133                     /home/owenyap/.openjfx/cache/11/libglass.so
7fdd9f001000-7fdd9f201000 ---p 00001000 08:20 371133                     /home/owenyap/.openjfx/cache/11/libglass.so
7fdd9f201000-7fdd9f202000 r--p 00001000 08:20 371133                     /home/owenyap/.openjfx/cache/11/libglass.so
7fdd9f202000-7fdd9f203000 rw-p 00002000 08:20 371133                     /home/owenyap/.openjfx/cache/11/libglass.so
7fdd9f400000-7fdd9f40f000 r-xp 00000000 08:20 371132                     /home/owenyap/.openjfx/cache/11/libprism_sw.so
7fdd9f40f000-7fdd9f60e000 ---p 0000f000 08:20 371132                     /home/owenyap/.openjfx/cache/11/libprism_sw.so
7fdd9f60e000-7fdd9f60f000 r--p 0000e000 08:20 371132                     /home/owenyap/.openjfx/cache/11/libprism_sw.so
7fdd9f60f000-7fdd9f610000 rw-p 0000f000 08:20 371132                     /home/owenyap/.openjfx/cache/11/libprism_sw.so
7fdd9f6ff000-7fdd9f700000 ---p 00000000 00:00 0 
7fdd9f700000-7fdd9ff00000 rw-p 00000000 00:00 0 
7fdda0000000-7fdda002a000 rw-p 00000000 00:00 0 
7fdda002a000-7fdda4000000 ---p 00000000 00:00 0 
7fdda40e0000-7fdda40e1000 rw-s 00000000 00:01 163851                     /SYSV00000000 (deleted)
7fdda40e1000-7fdda40e2000 rwxp 00000000 00:00 0 
7fdda4ea2000-7fdda4ea3000 ---p 00000000 00:00 0 
7fdda4ea3000-7fdda56a3000 rw-p 00000000 00:00 0 
7fdda56a3000-7fdda56a4000 ---p 00000000 00:00 0 
7fdda56a4000-7fdda5ea4000 rw-p 00000000 00:00 0 
7fdda5ea4000-7fdda5ea5000 ---p 00000000 00:00 0 
7fdda5ea5000-7fdda66a5000 rw-p 00000000 00:00 0 
7fdda66a5000-7fdda7810000 r--p 00000000 00:1d 1407374883818579           /usr/lib/wsl/drivers/nvdmi.inf_amd64_b5a59c8b6c2a9964/libnvwgf2umx.so
7fdda7810000-7fdda92a3000 r-xp 0116b000 00:1d 1407374883818579           /usr/lib/wsl/drivers/nvdmi.inf_amd64_b5a59c8b6c2a9964/libnvwgf2umx.so
7fdda92a3000-7fdda93a5000 r--p 02bfe000 00:1d 1407374883818579           /usr/lib/wsl/drivers/nvdmi.inf_amd64_b5a59c8b6c2a9964/libnvwgf2umx.so
7fdda93a5000-7fddaa00d000 rw-p 02d00000 00:1d 1407374883818579           /usr/lib/wsl/drivers/nvdmi.inf_amd64_b5a59c8b6c2a9964/libnvwgf2umx.so
7fddaa00d000-7fddaa05c000 rw-p 00000000 00:00 0 
7fddaa05c000-7fddaf8f3000 r-xp 00000000 08:20 353716                     /usr/lib/x86_64-linux-gnu/libLLVM-13.so.1
7fddaf8f3000-7fddaff85000 r--p 05896000 08:20 353716                     /usr/lib/x86_64-linux-gnu/libLLVM-13.so.1
7fddaff85000-7fddaff8e000 rw-p 05f28000 08:20 353716                     /usr/lib/x86_64-linux-gnu/libLLVM-13.so.1
7fddaff8e000-7fddb0000000 rw-p 00000000 00:00 0 
7fddb0000000-7fddb0063000 rw-p 00000000 00:00 0 
7fddb0063000-7fddb4000000 ---p 00000000 00:00 0 
7fddb419a000-7fddb419b000 ---p 00000000 00:00 0 
7fddb419b000-7fddb499b000 rw-p 00000000 00:00 0 
7fddb5013000-7fddb5014000 ---p 00000000 00:00 0 
7fddb5014000-7fddb5814000 rw-p 00000000 00:00 0 
7fddb5f3b000-7fddb5f7f000 r--p 00000000 00:1f 1407374883613435           /usr/lib/wsl/lib/libd3d12.so
7fddb5f7f000-7fddb5ff8000 r-xp 00043000 00:1f 1407374883613435           /usr/lib/wsl/lib/libd3d12.so
7fddb5ff8000-7fddb6000000 r--p 000bb000 00:1f 1407374883613435           /usr/lib/wsl/lib/libd3d12.so
7fddb6000000-7fddb6002000 rw-p 000c2000 00:1f 1407374883613435           /usr/lib/wsl/lib/libd3d12.so
7fddb6002000-7fddb6005000 rw-p 00000000 00:00 0 
7fddb6005000-7fddb6006000 r--p 00000000 08:20 6537                       /usr/lib/x86_64-linux-gnu/libicudata.so.70.1
7fddb6006000-7fddb6007000 r-xp 00001000 08:20 6537                       /usr/lib/x86_64-linux-gnu/libicudata.so.70.1
7fddb6007000-7fddb7c21000 r--p 00002000 08:20 6537                       /usr/lib/x86_64-linux-gnu/libicudata.so.70.1
7fddb7c21000-7fddb7c22000 r--p 01c1b000 08:20 6537                       /usr/lib/x86_64-linux-gnu/libicudata.so.70.1
7fddb7c22000-7fddb7c23000 rw-p 01c1c000 08:20 6537                       /usr/lib/x86_64-linux-gnu/libicudata.so.70.1
7fddb7c23000-7fddb7c89000 r--p 00000000 08:20 6547                       /usr/lib/x86_64-linux-gnu/libicuuc.so.70.1
7fddb7c89000-7fddb7d7c000 r-xp 00066000 08:20 6547                       /usr/lib/x86_64-linux-gnu/libicuuc.so.70.1
7fddb7d7c000-7fddb7e08000 r--p 00159000 08:20 6547                       /usr/lib/x86_64-linux-gnu/libicuuc.so.70.1
7fddb7e08000-7fddb7e1b000 r--p 001e4000 08:20 6547                       /usr/lib/x86_64-linux-gnu/libicuuc.so.70.1
7fddb7e1b000-7fddb7e1c000 rw-p 001f7000 08:20 6547                       /usr/lib/x86_64-linux-gnu/libicuuc.so.70.1
7fddb7e1c000-7fddb7e1e000 rw-p 00000000 00:00 0 
7fddb7e1e000-7fddb7e4d000 r--p 00000000 08:20 6772                       /usr/lib/x86_64-linux-gnu/libxml2.so.2.9.13
7fddb7e4d000-7fddb7fa0000 r-xp 0002f000 08:20 6772                       /usr/lib/x86_64-linux-gnu/libxml2.so.2.9.13
7fddb7fa0000-7fddb7ff4000 r--p 00182000 08:20 6772                       /usr/lib/x86_64-linux-gnu/libxml2.so.2.9.13
7fddb7ff4000-7fddb7ff5000 ---p 001d6000 08:20 6772                       /usr/lib/x86_64-linux-gnu/libxml2.so.2.9.13
7fddb7ff5000-7fddb7ffe000 r--p 001d6000 08:20 6772                       /usr/lib/x86_64-linux-gnu/libxml2.so.2.9.13
7fddb7ffe000-7fddb7fff000 rw-p 001df000 08:20 6772                       /usr/lib/x86_64-linux-gnu/libxml2.so.2.9.13
7fddb7fff000-7fddb8000000 rw-p 00000000 00:00 0 
7fddb8000000-7fddb80e8000 rw-p 00000000 00:00 0 
7fddb80e8000-7fddbc000000 ---p 00000000 00:00 0 
7fddbc000000-7fddbc5d6000 rw-p 00000000 00:00 0 
7fddbc5d6000-7fddc0000000 ---p 00000000 00:00 0 
7fddc0000000-7fddc0021000 rw-p 00000000 00:00 0 
7fddc0021000-7fddc4000000 ---p 00000000 00:00 0 
7fddc4000000-7fddc4249000 rw-p 00000000 00:00 0 
7fddc4249000-7fddc8000000 ---p 00000000 00:00 0 
7fddc8000000-7fddc8021000 rw-p 00000000 00:00 0 
7fddc8021000-7fddcc000000 ---p 00000000 00:00 0 
7fddcc000000-7fddcc021000 rw-p 00000000 00:00 0 
7fddcc021000-7fddd0000000 ---p 00000000 00:00 0 
7fddd0000000-7fddd063b000 rw-p 00000000 00:00 0 
7fddd063b000-7fddd4000000 ---p 00000000 00:00 0 
7fddd4000000-7fddd425a000 rw-p 00000000 00:00 0 
7fddd425a000-7fddd8000000 ---p 00000000 00:00 0 
7fddd8000000-7fddd8021000 rw-p 00000000 00:00 0 
7fddd8021000-7fdddc000000 ---p 00000000 00:00 0 
7fdddc000000-7fdddc021000 rw-p 00000000 00:00 0 
7fdddc021000-7fdde0000000 ---p 00000000 00:00 0 
7fdde0000000-7fdde0021000 rw-p 00000000 00:00 0 
7fdde0021000-7fdde4000000 ---p 00000000 00:00 0 
7fdde4000000-7fdde4021000 rw-p 00000000 00:00 0 
7fdde4021000-7fdde8000000 ---p 00000000 00:00 0 
7fdde8000000-7fdde8021000 rw-p 00000000 00:00 0 
7fdde8021000-7fddec000000 ---p 00000000 00:00 0 
7fddec000000-7fddec021000 rw-p 00000000 00:00 0 
7fddec021000-7fddf0000000 ---p 00000000 00:00 0 
7fddf0000000-7fddf0021000 rw-p 00000000 00:00 0 
7fddf0021000-7fddf4000000 ---p 00000000 00:00 0 
7fddf4000000-7fddf4021000 rw-p 00000000 00:00 0 
7fddf4021000-7fddf8000000 ---p 00000000 00:00 0 
7fddf807d000-7fddf80c0000 r--p 00000000 00:1f 1407374883613437           /usr/lib/wsl/lib/libdxcore.so
7fddf80c0000-7fddf8141000 r-xp 00042000 00:1f 1407374883613437           /usr/lib/wsl/lib/libdxcore.so
7fddf8141000-7fddf8149000 r--p 000c2000 00:1f 1407374883613437           /usr/lib/wsl/lib/libdxcore.so
7fddf8149000-7fddf814b000 rw-p 000c9000 00:1f 1407374883613437           /usr/lib/wsl/lib/libdxcore.so
7fddf814b000-7fddf814e000 rw-p 00000000 00:00 0 
7fddf814e000-7fddf8151000 r--p 00000000 08:20 6585                       /usr/lib/x86_64-linux-gnu/liblzma.so.5.2.5
7fddf8151000-7fddf816c000 r-xp 00003000 08:20 6585                       /usr/lib/x86_64-linux-gnu/liblzma.so.5.2.5
7fddf816c000-7fddf8177000 r--p 0001e000 08:20 6585                       /usr/lib/x86_64-linux-gnu/liblzma.so.5.2.5
7fddf8177000-7fddf8178000 r--p 00028000 08:20 6585                       /usr/lib/x86_64-linux-gnu/liblzma.so.5.2.5
7fddf8178000-7fddf8179000 rw-p 00029000 08:20 6585                       /usr/lib/x86_64-linux-gnu/liblzma.so.5.2.5
7fddf8179000-7fddf8187000 r--p 00000000 08:20 6743                       /usr/lib/x86_64-linux-gnu/libtinfo.so.6.3
7fddf8187000-7fddf8198000 r-xp 0000e000 08:20 6743                       /usr/lib/x86_64-linux-gnu/libtinfo.so.6.3
7fddf8198000-7fddf81a6000 r--p 0001f000 08:20 6743                       /usr/lib/x86_64-linux-gnu/libtinfo.so.6.3
7fddf81a6000-7fddf81aa000 r--p 0002c000 08:20 6743                       /usr/lib/x86_64-linux-gnu/libtinfo.so.6.3
7fddf81aa000-7fddf81ab000 rw-p 00030000 08:20 6743                       /usr/lib/x86_64-linux-gnu/libtinfo.so.6.3
7fddf823a000-7fddf8242000 r--p 00000000 08:20 6467                       /usr/lib/x86_64-linux-gnu/libedit.so.2.0.68
7fddf8242000-7fddf8260000 r-xp 00008000 08:20 6467                       /usr/lib/x86_64-linux-gnu/libedit.so.2.0.68
7fddf8260000-7fddf826d000 r--p 00026000 08:20 6467                       /usr/lib/x86_64-linux-gnu/libedit.so.2.0.68
7fddf826d000-7fddf826f000 r--p 00032000 08:20 6467                       /usr/lib/x86_64-linux-gnu/libedit.so.2.0.68
7fddf826f000-7fddf8270000 rw-p 00034000 08:20 6467                       /usr/lib/x86_64-linux-gnu/libedit.so.2.0.68
7fddf8270000-7fddf8274000 rw-p 00000000 00:00 0 
7fddf8274000-7fddf8276000 r--p 00000000 08:20 6483                       /usr/lib/x86_64-linux-gnu/libffi.so.8.1.0
7fddf8276000-7fddf827d000 r-xp 00002000 08:20 6483                       /usr/lib/x86_64-linux-gnu/libffi.so.8.1.0
7fddf827d000-7fddf827e000 r--p 00009000 08:20 6483                       /usr/lib/x86_64-linux-gnu/libffi.so.8.1.0
7fddf827e000-7fddf827f000 ---p 0000a000 08:20 6483                       /usr/lib/x86_64-linux-gnu/libffi.so.8.1.0
7fddf827f000-7fddf8280000 r--p 0000a000 08:20 6483                       /usr/lib/x86_64-linux-gnu/libffi.so.8.1.0
7fddf8280000-7fddf8281000 rw-p 0000b000 08:20 6483                       /usr/lib/x86_64-linux-gnu/libffi.so.8.1.0
7fddf8281000-7fddf8290000 r--p 00000000 08:20 353751                     /usr/lib/x86_64-linux-gnu/libvulkan.so.1.3.204
7fddf8290000-7fddf82cd000 r-xp 0000f000 08:20 353751                     /usr/lib/x86_64-linux-gnu/libvulkan.so.1.3.204
7fddf82cd000-7fddf82ed000 r--p 0004c000 08:20 353751                     /usr/lib/x86_64-linux-gnu/libvulkan.so.1.3.204
7fddf82ed000-7fddf82ee000 r--p 0006b000 08:20 353751                     /usr/lib/x86_64-linux-gnu/libvulkan.so.1.3.204
7fddf82ee000-7fddf82ef000 rw-p 0006c000 08:20 353751                     /usr/lib/x86_64-linux-gnu/libvulkan.so.1.3.204
7fddf82ef000-7fddf82f1000 r--p 00000000 08:20 353697                     /usr/lib/x86_64-linux-gnu/libdrm_nouveau.so.2.0.0
7fddf82f1000-7fddf82f6000 r-xp 00002000 08:20 353697                     /usr/lib/x86_64-linux-gnu/libdrm_nouveau.so.2.0.0
7fddf82f6000-7fddf82f8000 r--p 00007000 08:20 353697                     /usr/lib/x86_64-linux-gnu/libdrm_nouveau.so.2.0.0
7fddf82f8000-7fddf82f9000 r--p 00008000 08:20 353697                     /usr/lib/x86_64-linux-gnu/libdrm_nouveau.so.2.0.0
7fddf82f9000-7fddf82fa000 rw-p 00009000 08:20 353697                     /usr/lib/x86_64-linux-gnu/libdrm_nouveau.so.2.0.0
7fddf82fa000-7fddf82fd000 r--p 00000000 08:20 353687                     /usr/lib/x86_64-linux-gnu/libdrm_amdgpu.so.1.0.0
7fddf82fd000-7fddf8302000 r-xp 00003000 08:20 353687                     /usr/lib/x86_64-linux-gnu/libdrm_amdgpu.so.1.0.0
7fddf8302000-7fddf8304000 r--p 00008000 08:20 353687                     /usr/lib/x86_64-linux-gnu/libdrm_amdgpu.so.1.0.0
7fddf8304000-7fddf8305000 r--p 00009000 08:20 353687                     /usr/lib/x86_64-linux-gnu/libdrm_amdgpu.so.1.0.0
7fddf8305000-7fddf8306000 rw-p 0000a000 08:20 353687                     /usr/lib/x86_64-linux-gnu/libdrm_amdgpu.so.1.0.0
7fddf8306000-7fddf8309000 r--p 00000000 08:20 6468                       /usr/lib/x86_64-linux-gnu/libelf-0.186.so
7fddf8309000-7fddf831d000 r-xp 00003000 08:20 6468                       /usr/lib/x86_64-linux-gnu/libelf-0.186.so
7fddf831d000-7fddf8321000 r--p 00017000 08:20 6468                       /usr/lib/x86_64-linux-gnu/libelf-0.186.so
7fddf8321000-7fddf8322000 ---p 0001b000 08:20 6468                       /usr/lib/x86_64-linux-gnu/libelf-0.186.so
7fddf8322000-7fddf8323000 r--p 0001b000 08:20 6468                       /usr/lib/x86_64-linux-gnu/libelf-0.186.so
7fddf8323000-7fddf8324000 rw-p 0001c000 08:20 6468                       /usr/lib/x86_64-linux-gnu/libelf-0.186.so
7fddf8324000-7fddf8326000 r--p 00000000 08:20 353707                     /usr/lib/x86_64-linux-gnu/libdrm_radeon.so.1.0.1
7fddf8326000-7fddf832d000 r-xp 00002000 08:20 353707                     /usr/lib/x86_64-linux-gnu/libdrm_radeon.so.1.0.1
7fddf832d000-7fddf8331000 r--p 00009000 08:20 353707                     /usr/lib/x86_64-linux-gnu/libdrm_radeon.so.1.0.1
7fddf8331000-7fddf8332000 r--p 0000c000 08:20 353707                     /usr/lib/x86_64-linux-gnu/libdrm_radeon.so.1.0.1
7fddf8332000-7fddf8333000 rw-p 0000d000 08:20 353707                     /usr/lib/x86_64-linux-gnu/libdrm_radeon.so.1.0.1
7fddf8333000-7fddf8335000 r--p 00000000 08:20 12231                      /usr/lib/x86_64-linux-gnu/libsensors.so.5.0.0
7fddf8335000-7fddf833c000 r-xp 00002000 08:20 12231                      /usr/lib/x86_64-linux-gnu/libsensors.so.5.0.0
7fddf833c000-7fddf8340000 r--p 00009000 08:20 12231                      /usr/lib/x86_64-linux-gnu/libsensors.so.5.0.0
7fddf8340000-7fddf8341000 ---p 0000d000 08:20 12231                      /usr/lib/x86_64-linux-gnu/libsensors.so.5.0.0
7fddf8341000-7fddf8342000 r--p 0000d000 08:20 12231                      /usr/lib/x86_64-linux-gnu/libsensors.so.5.0.0
7fddf8342000-7fddf8343000 rw-p 0000e000 08:20 12231                      /usr/lib/x86_64-linux-gnu/libsensors.so.5.0.0
7fddf8343000-7fddf834d000 r--p 00000000 08:20 6784                       /usr/lib/x86_64-linux-gnu/libzstd.so.1.4.8
7fddf834d000-7fddf83ff000 r-xp 0000a000 08:20 6784                       /usr/lib/x86_64-linux-gnu/libzstd.so.1.4.8
7fddf83ff000-7fddf8410000 r--p 000bc000 08:20 6784                       /usr/lib/x86_64-linux-gnu/libzstd.so.1.4.8
7fddf8410000-7fddf8411000 r--p 000cc000 08:20 6784                       /usr/lib/x86_64-linux-gnu/libzstd.so.1.4.8
7fddf8411000-7fddf8412000 rw-p 000cd000 08:20 6784                       /usr/lib/x86_64-linux-gnu/libzstd.so.1.4.8
7fddf8412000-7fddf84a2000 r--p 00000000 08:20 353763                     /usr/lib/x86_64-linux-gnu/dri/swrast_dri.so
7fddf84a2000-7fddf94e8000 r-xp 00090000 08:20 353763                     /usr/lib/x86_64-linux-gnu/dri/swrast_dri.so
7fddf94e8000-7fddf9b6b000 r--p 010d6000 08:20 353763                     /usr/lib/x86_64-linux-gnu/dri/swrast_dri.so
7fddf9b6b000-7fddf9be0000 r--p 01758000 08:20 353763                     /usr/lib/x86_64-linux-gnu/dri/swrast_dri.so
7fddf9be0000-7fddf9bed000 rw-p 017cd000 08:20 353763                     /usr/lib/x86_64-linux-gnu/dri/swrast_dri.so
7fddf9bed000-7fddf9daa000 rw-p 00000000 00:00 0 
7fddf9daa000-7fddf9db5000 r--p 00000000 08:20 353618                     /usr/lib/x86_64-linux-gnu/libxcb-glx.so.0.0.0
7fddf9db5000-7fddf9dbe000 r-xp 0000b000 08:20 353618                     /usr/lib/x86_64-linux-gnu/libxcb-glx.so.0.0.0
7fddf9dbe000-7fddf9dc3000 r--p 00014000 08:20 353618                     /usr/lib/x86_64-linux-gnu/libxcb-glx.so.0.0.0
7fddf9dc3000-7fddf9dc4000 ---p 00019000 08:20 353618                     /usr/lib/x86_64-linux-gnu/libxcb-glx.so.0.0.0
7fddf9dc4000-7fddf9dc6000 r--p 00019000 08:20 353618                     /usr/lib/x86_64-linux-gnu/libxcb-glx.so.0.0.0
7fddf9dc6000-7fddf9dc7000 rw-p 0001b000 08:20 353618                     /usr/lib/x86_64-linux-gnu/libxcb-glx.so.0.0.0
7fddf9dc7000-7fddf9dd4000 r--p 00000000 08:20 353576                     /usr/lib/x86_64-linux-gnu/libglapi.so.0.0.0
7fddf9dd4000-7fddf9de2000 r-xp 0000d000 08:20 353576                     /usr/lib/x86_64-linux-gnu/libglapi.so.0.0.0
7fddf9de2000-7fddf9dfb000 r--p 0001b000 08:20 353576                     /usr/lib/x86_64-linux-gnu/libglapi.so.0.0.0
7fddf9dfb000-7fddf9dfc000 ---p 00034000 08:20 353576                     /usr/lib/x86_64-linux-gnu/libglapi.so.0.0.0
7fddf9dfc000-7fddf9e00000 r--p 00034000 08:20 353576                     /usr/lib/x86_64-linux-gnu/libglapi.so.0.0.0
7fddf9e00000-7fddf9e01000 rw-p 00038000 08:20 353576                     /usr/lib/x86_64-linux-gnu/libglapi.so.0.0.0
7fddf9e01000-7fddf9e02000 rw-p 00000000 00:00 0 
7fddf9e02000-7fddf9e03000 r--p 00000000 08:20 6456                       /usr/lib/x86_64-linux-gnu/libdl.so.2
7fddf9e03000-7fddf9e04000 r-xp 00001000 08:20 6456                       /usr/lib/x86_64-linux-gnu/libdl.so.2
7fddf9e04000-7fddf9e05000 r--p 00002000 08:20 6456                       /usr/lib/x86_64-linux-gnu/libdl.so.2
7fddf9e05000-7fddf9e06000 r--p 00002000 08:20 6456                       /usr/lib/x86_64-linux-gnu/libdl.so.2
7fddf9e06000-7fddf9e07000 rw-p 00003000 08:20 6456                       /usr/lib/x86_64-linux-gnu/libdl.so.2
7fddf9e07000-7fddf9e08000 r--p 00000000 08:20 6701                       /usr/lib/x86_64-linux-gnu/libpthread.so.0
7fddf9e08000-7fddf9e09000 r-xp 00001000 08:20 6701                       /usr/lib/x86_64-linux-gnu/libpthread.so.0
7fddf9e09000-7fddf9e0a000 r--p 00002000 08:20 6701                       /usr/lib/x86_64-linux-gnu/libpthread.so.0
7fddf9e0a000-7fddf9e0b000 r--p 00002000 08:20 6701                       /usr/lib/x86_64-linux-gnu/libpthread.so.0
7fddf9e0b000-7fddf9e0c000 rw-p 00003000 08:20 6701                       /usr/lib/x86_64-linux-gnu/libpthread.so.0
7fddf9e0c000-7fddf9e0f000 r--p 00000000 08:20 353658                     /usr/lib/x86_64-linux-gnu/libxcb-xfixes.so.0.0.0
7fddf9e0f000-7fddf9e12000 r-xp 00003000 08:20 353658                     /usr/lib/x86_64-linux-gnu/libxcb-xfixes.so.0.0.0
7fddf9e12000-7fddf9e13000 r--p 00006000 08:20 353658                     /usr/lib/x86_64-linux-gnu/libxcb-xfixes.so.0.0.0
7fddf9e13000-7fddf9e14000 ---p 00007000 08:20 353658                     /usr/lib/x86_64-linux-gnu/libxcb-xfixes.so.0.0.0
7fddf9e14000-7fddf9e15000 r--p 00007000 08:20 353658                     /usr/lib/x86_64-linux-gnu/libxcb-xfixes.so.0.0.0
7fddf9e15000-7fddf9e16000 rw-p 00008000 08:20 353658                     /usr/lib/x86_64-linux-gnu/libxcb-xfixes.so.0.0.0
7fddf9e16000-7fddf9e17000 r--p 00000000 08:20 353668                     /usr/lib/x86_64-linux-gnu/libxshmfence.so.1.0.0
7fddf9e17000-7fddf9e18000 r-xp 00001000 08:20 353668                     /usr/lib/x86_64-linux-gnu/libxshmfence.so.1.0.0
7fddf9e18000-7fddf9e19000 r--p 00002000 08:20 353668                     /usr/lib/x86_64-linux-gnu/libxshmfence.so.1.0.0
7fddf9e19000-7fddf9e1a000 r--p 00002000 08:20 353668                     /usr/lib/x86_64-linux-gnu/libxshmfence.so.1.0.0
7fddf9e1a000-7fddf9e1b000 rw-p 00003000 08:20 353668                     /usr/lib/x86_64-linux-gnu/libxshmfence.so.1.0.0
7fddf9e1b000-7fddf9e1e000 r--p 00000000 08:20 353648                     /usr/lib/x86_64-linux-gnu/libxcb-sync.so.1.0.0
7fddf9e1e000-7fddf9e21000 r-xp 00003000 08:20 353648                     /usr/lib/x86_64-linux-gnu/libxcb-sync.so.1.0.0
7fddf9e21000-7fddf9e22000 r--p 00006000 08:20 353648                     /usr/lib/x86_64-linux-gnu/libxcb-sync.so.1.0.0
7fddf9e22000-7fddf9e23000 ---p 00007000 08:20 353648                     /usr/lib/x86_64-linux-gnu/libxcb-sync.so.1.0.0
7fddf9e23000-7fddf9e24000 r--p 00007000 08:20 353648                     /usr/lib/x86_64-linux-gnu/libxcb-sync.so.1.0.0
7fddf9e24000-7fddf9e25000 rw-p 00008000 08:20 353648                     /usr/lib/x86_64-linux-gnu/libxcb-sync.so.1.0.0
7fddf9e25000-7fddf9e26000 r--p 00000000 08:20 353628                     /usr/lib/x86_64-linux-gnu/libxcb-present.so.0.0.0
7fddf9e26000-7fddf9e27000 r-xp 00001000 08:20 353628                     /usr/lib/x86_64-linux-gnu/libxcb-present.so.0.0.0
7fddf9e27000-7fddf9e28000 r--p 00002000 08:20 353628                     /usr/lib/x86_64-linux-gnu/libxcb-present.so.0.0.0
7fddf9e28000-7fddf9e29000 r--p 00002000 08:20 353628                     /usr/lib/x86_64-linux-gnu/libxcb-present.so.0.0.0
7fddf9e29000-7fddf9e2a000 rw-p 00003000 08:20 353628                     /usr/lib/x86_64-linux-gnu/libxcb-present.so.0.0.0
7fddf9e2a000-7fddf9e2c000 r--p 00000000 08:20 353608                     /usr/lib/x86_64-linux-gnu/libxcb-dri3.so.0.0.0
7fddf9e2c000-7fddf9e2e000 r-xp 00002000 08:20 353608                     /usr/lib/x86_64-linux-gnu/libxcb-dri3.so.0.0.0
7fddf9e2e000-7fddf9e2f000 r--p 00004000 08:20 353608                     /usr/lib/x86_64-linux-gnu/libxcb-dri3.so.0.0.0
7fddf9e2f000-7fddf9e30000 r--p 00004000 08:20 353608                     /usr/lib/x86_64-linux-gnu/libxcb-dri3.so.0.0.0
7fddf9e30000-7fddf9e31000 rw-p 00005000 08:20 353608                     /usr/lib/x86_64-linux-gnu/libxcb-dri3.so.0.0.0
7fddf9e31000-7fddf9e35000 r--p 00000000 08:20 6475                       /usr/lib/x86_64-linux-gnu/libexpat.so.1.8.7
7fddf9e35000-7fddf9e54000 r-xp 00004000 08:20 6475                       /usr/lib/x86_64-linux-gnu/libexpat.so.1.8.7
7fddf9e54000-7fddf9e5e000 r--p 00023000 08:20 6475                       /usr/lib/x86_64-linux-gnu/libexpat.so.1.8.7
7fddf9e5e000-7fddf9e5f000 ---p 0002d000 08:20 6475                       /usr/lib/x86_64-linux-gnu/libexpat.so.1.8.7
7fddf9e5f000-7fddf9e61000 r--p 0002d000 08:20 6475                       /usr/lib/x86_64-linux-gnu/libexpat.so.1.8.7
7fddf9e61000-7fddf9e62000 rw-p 0002f000 08:20 6475                       /usr/lib/x86_64-linux-gnu/libexpat.so.1.8.7
7fddf9e62000-7fddf9e63000 r--p 00000000 08:20 353677                     /usr/lib/x86_64-linux-gnu/libXxf86vm.so.1.0.0
7fddf9e63000-7fddf9e66000 r-xp 00001000 08:20 353677                     /usr/lib/x86_64-linux-gnu/libXxf86vm.so.1.0.0
7fddf9e66000-7fddf9e67000 r--p 00004000 08:20 353677                     /usr/lib/x86_64-linux-gnu/libXxf86vm.so.1.0.0
7fddf9e67000-7fddf9e68000 r--p 00004000 08:20 353677                     /usr/lib/x86_64-linux-gnu/libXxf86vm.so.1.0.0
7fddf9e68000-7fddf9e69000 rw-p 00005000 08:20 353677                     /usr/lib/x86_64-linux-gnu/libXxf86vm.so.1.0.0
7fddf9e69000-7fddf9e6b000 r--p 00000000 08:20 351763                     /usr/lib/x86_64-linux-gnu/libXfixes.so.3.1.0
7fddf9e6b000-7fddf9e6e000 r-xp 00002000 08:20 351763                     /usr/lib/x86_64-linux-gnu/libXfixes.so.3.1.0
7fddf9e6e000-7fddf9e6f000 r--p 00005000 08:20 351763                     /usr/lib/x86_64-linux-gnu/libXfixes.so.3.1.0
7fddf9e6f000-7fddf9e70000 r--p 00006000 08:20 351763                     /usr/lib/x86_64-linux-gnu/libXfixes.so.3.1.0
7fddf9e70000-7fddf9e71000 rw-p 00007000 08:20 351763                     /usr/lib/x86_64-linux-gnu/libXfixes.so.3.1.0
7fddf9e71000-7fddf9e75000 r--p 00000000 08:20 6386                       /usr/lib/x86_64-linux-gnu/libXext.so.6.4.0
7fddf9e75000-7fddf9e80000 r-xp 00004000 08:20 6386                       /usr/lib/x86_64-linux-gnu/libXext.so.6.4.0
7fddf9e80000-7fddf9e84000 r--p 0000f000 08:20 6386                       /usr/lib/x86_64-linux-gnu/libXext.so.6.4.0
7fddf9e84000-7fddf9e85000 r--p 00012000 08:20 6386                       /usr/lib/x86_64-linux-gnu/libXext.so.6.4.0
7fddf9e85000-7fddf9e86000 rw-p 00013000 08:20 6386                       /usr/lib/x86_64-linux-gnu/libXext.so.6.4.0
7fddf9e86000-7fddf9e88000 r--p 00000000 08:20 353598                     /usr/lib/x86_64-linux-gnu/libxcb-dri2.so.0.0.0
7fddf9e88000-7fddf9e8a000 r-xp 00002000 08:20 353598                     /usr/lib/x86_64-linux-gnu/libxcb-dri2.so.0.0.0
7fddf9e8a000-7fddf9e8b000 r--p 00004000 08:20 353598                     /usr/lib/x86_64-linux-gnu/libxcb-dri2.so.0.0.0
7fddf9e8b000-7fddf9e8c000 r--p 00004000 08:20 353598                     /usr/lib/x86_64-linux-gnu/libxcb-dri2.so.0.0.0
7fddf9e8c000-7fddf9e8d000 rw-p 00005000 08:20 353598                     /usr/lib/x86_64-linux-gnu/libxcb-dri2.so.0.0.0
7fddf9e8d000-7fddf9e90000 r--p 00000000 08:20 353791                     /usr/lib/x86_64-linux-gnu/libGLX.so.0.0.0
7fddf9e90000-7fddf9eab000 r-xp 00003000 08:20 353791                     /usr/lib/x86_64-linux-gnu/libGLX.so.0.0.0
7fddf9eab000-7fddf9eae000 r--p 0001e000 08:20 353791                     /usr/lib/x86_64-linux-gnu/libGLX.so.0.0.0
7fddf9eae000-7fddf9eaf000 ---p 00021000 08:20 353791                     /usr/lib/x86_64-linux-gnu/libGLX.so.0.0.0
7fddf9eaf000-7fddf9eb0000 r--p 00021000 08:20 353791                     /usr/lib/x86_64-linux-gnu/libGLX.so.0.0.0
7fddf9eb0000-7fddf9eb1000 rw-p 00022000 08:20 353791                     /usr/lib/x86_64-linux-gnu/libGLX.so.0.0.0
7fddf9eb1000-7fddf9ec1000 rw-p 00000000 00:00 0 
7fddf9ec1000-7fddf9f01000 r--p 00000000 08:20 353565                     /usr/lib/x86_64-linux-gnu/libGLdispatch.so.0.0.0
7fddf9f01000-7fddf9f40000 r-xp 00040000 08:20 353565                     /usr/lib/x86_64-linux-gnu/libGLdispatch.so.0.0.0
7fddf9f40000-7fddf9f53000 r--p 0007f000 08:20 353565                     /usr/lib/x86_64-linux-gnu/libGLdispatch.so.0.0.0
7fddf9f53000-7fddf9f54000 ---p 00092000 08:20 353565                     /usr/lib/x86_64-linux-gnu/libGLdispatch.so.0.0.0
7fddf9f54000-7fddf9f70000 r--p 00092000 08:20 353565                     /usr/lib/x86_64-linux-gnu/libGLdispatch.so.0.0.0
7fddf9f70000-7fddf9f71000 rw-p 000ae000 08:20 353565                     /usr/lib/x86_64-linux-gnu/libGLdispatch.so.0.0.0
7fddf9f71000-7fddf9f79000 rw-p 00000000 00:00 0 
7fddf9f79000-7fddf9fbc000 r--p 00000000 08:20 353803                     /usr/lib/x86_64-linux-gnu/libGL.so.1.7.0
7fddf9fbc000-7fddf9fdb000 r-xp 00043000 08:20 353803                     /usr/lib/x86_64-linux-gnu/libGL.so.1.7.0
7fddf9fdb000-7fddf9ff0000 r--p 00062000 08:20 353803                     /usr/lib/x86_64-linux-gnu/libGL.so.1.7.0
7fddf9ff0000-7fddf9ffe000 r--p 00076000 08:20 353803                     /usr/lib/x86_64-linux-gnu/libGL.so.1.7.0
7fddf9ffe000-7fddf9fff000 rw-p 00084000 08:20 353803                     /usr/lib/x86_64-linux-gnu/libGL.so.1.7.0
7fddf9fff000-7fddfa000000 rw-p 00000000 00:00 0 
7fddfa000000-7fddfa00c000 r-xp 00000000 08:20 371130                     /home/owenyap/.openjfx/cache/11/libprism_es2.so
7fddfa00c000-7fddfa20b000 ---p 0000c000 08:20 371130                     /home/owenyap/.openjfx/cache/11/libprism_es2.so
7fddfa20b000-7fddfa20c000 r--p 0000b000 08:20 371130                     /home/owenyap/.openjfx/cache/11/libprism_es2.so
7fddfa20c000-7fddfa20d000 rw-p 0000c000 08:20 371130                     /home/owenyap/.openjfx/cache/11/libprism_es2.so
7fddfa20d000-7fddfa20e000 r--p 00000000 08:20 353638                     /usr/lib/x86_64-linux-gnu/libxcb-shm.so.0.0.0
7fddfa20e000-7fddfa20f000 r-xp 00001000 08:20 353638                     /usr/lib/x86_64-linux-gnu/libxcb-shm.so.0.0.0
7fddfa20f000-7fddfa210000 r--p 00002000 08:20 353638                     /usr/lib/x86_64-linux-gnu/libxcb-shm.so.0.0.0
7fddfa210000-7fddfa211000 r--p 00002000 08:20 353638                     /usr/lib/x86_64-linux-gnu/libxcb-shm.so.0.0.0
7fddfa211000-7fddfa212000 rw-p 00003000 08:20 353638                     /usr/lib/x86_64-linux-gnu/libxcb-shm.so.0.0.0
7fddfa212000-7fddfa216000 r--p 00000000 08:20 6422                       /usr/lib/x86_64-linux-gnu/libbsd.so.0.11.5
7fddfa216000-7fddfa223000 r-xp 00004000 08:20 6422                       /usr/lib/x86_64-linux-gnu/libbsd.so.0.11.5
7fddfa223000-7fddfa226000 r--p 00011000 08:20 6422                       /usr/lib/x86_64-linux-gnu/libbsd.so.0.11.5
7fddfa226000-7fddfa227000 ---p 00014000 08:20 6422                       /usr/lib/x86_64-linux-gnu/libbsd.so.0.11.5
7fddfa227000-7fddfa228000 r--p 00014000 08:20 6422                       /usr/lib/x86_64-linux-gnu/libbsd.so.0.11.5
7fddfa228000-7fddfa229000 rw-p 00015000 08:20 6422                       /usr/lib/x86_64-linux-gnu/libbsd.so.0.11.5
7fddfa229000-7fddfa22a000 rw-p 00000000 00:00 0 
7fddfa22d000-7fddfa232000 r--p 00000000 08:20 6461                       /usr/lib/x86_64-linux-gnu/libdrm.so.2.4.0
7fddfa232000-7fddfa23d000 r-xp 00005000 08:20 6461                       /usr/lib/x86_64-linux-gnu/libdrm.so.2.4.0
7fddfa23d000-7fddfa241000 r--p 00010000 08:20 6461                       /usr/lib/x86_64-linux-gnu/libdrm.so.2.4.0
7fddfa241000-7fddfa242000 r--p 00013000 08:20 6461                       /usr/lib/x86_64-linux-gnu/libdrm.so.2.4.0
7fddfa242000-7fddfa243000 rw-p 00014000 08:20 6461                       /usr/lib/x86_64-linux-gnu/libdrm.so.2.4.0
7fddfa243000-7fddfa25c000 r--p 00000000 08:20 353777                     /usr/lib/x86_64-linux-gnu/libGLX_mesa.so.0.0.0
7fddfa25c000-7fddfa29a000 r-xp 00019000 08:20 353777                     /usr/lib/x86_64-linux-gnu/libGLX_mesa.so.0.0.0
7fddfa29a000-7fddfa2af000 r--p 00057000 08:20 353777                     /usr/lib/x86_64-linux-gnu/libGLX_mesa.so.0.0.0
7fddfa2af000-7fddfa2b0000 ---p 0006c000 08:20 353777                     /usr/lib/x86_64-linux-gnu/libGLX_mesa.so.0.0.0
7fddfa2b0000-7fddfa2b2000 r--p 0006c000 08:20 353777                     /usr/lib/x86_64-linux-gnu/libGLX_mesa.so.0.0.0
7fddfa2b2000-7fddfa2b3000 rw-p 0006e000 08:20 353777                     /usr/lib/x86_64-linux-gnu/libGLX_mesa.so.0.0.0
7fddfa2b3000-7fddfa2b4000 rw-p 00000000 00:00 0 
7fddfa2b4000-7fddfa2cd000 r--p 00000000 08:20 6380                       /usr/lib/x86_64-linux-gnu/libX11.so.6.4.0
7fddfa2cd000-7fddfa359000 r-xp 00019000 08:20 6380                       /usr/lib/x86_64-linux-gnu/libX11.so.6.4.0
7fddfa359000-7fddfa3ee000 r--p 000a5000 08:20 6380                       /usr/lib/x86_64-linux-gnu/libX11.so.6.4.0
7fddfa3ee000-7fddfa3ef000 ---p 0013a000 08:20 6380                       /usr/lib/x86_64-linux-gnu/libX11.so.6.4.0
7fddfa3ef000-7fddfa3f0000 r--p 0013a000 08:20 6380                       /usr/lib/x86_64-linux-gnu/libX11.so.6.4.0
7fddfa3f0000-7fddfa3f4000 rw-p 0013b000 08:20 6380                       /usr/lib/x86_64-linux-gnu/libX11.so.6.4.0
7fddfa3f4000-7fddfa3f8000 ---p 00000000 00:00 0 
7fddfa3f8000-7fddfa4f4000 rw-p 00000000 00:00 0 
7fddfa4f4000-7fddfa4f8000 ---p 00000000 00:00 0 
7fddfa4f8000-7fddfa5f4000 rw-p 00000000 00:00 0 
7fddfa5f4000-7fddfa5f8000 ---p 00000000 00:00 0 
7fddfa5f8000-7fddfa6f4000 rw-p 00000000 00:00 0 
7fddfa6f4000-7fddfa6f8000 ---p 00000000 00:00 0 
7fddfa6f8000-7fddfa7f4000 rw-p 00000000 00:00 0 
7fddfa7f4000-7fddfa7f8000 ---p 00000000 00:00 0 
7fddfa7f8000-7fddfa8f4000 rw-p 00000000 00:00 0 
7fddfa8f4000-7fddfa8f5000 ---p 00000000 00:00 0 
7fddfa8f5000-7fddfa9f6000 rw-p 00000000 00:00 0 
7fddfa9f6000-7fddfa9fa000 ---p 00000000 00:00 0 
7fddfa9fa000-7fddfaaf6000 rw-p 00000000 00:00 0 
7fddfaaf6000-7fddfaafa000 ---p 00000000 00:00 0 
7fddfaafa000-7fddfabf6000 rw-p 00000000 00:00 0 
7fddfabf6000-7fddfabfa000 ---p 00000000 00:00 0 
7fddfabfa000-7fddfacf6000 rw-p 00000000 00:00 0 
7fddfacf6000-7fddfacfa000 ---p 00000000 00:00 0 
7fddfacfa000-7fddfadf6000 rw-p 00000000 00:00 0 
7fddfadf6000-7fddfadfa000 ---p 00000000 00:00 0 
7fddfadfa000-7fddfaef6000 rw-p 00000000 00:00 0 
7fddfaef6000-7fddfaefa000 ---p 00000000 00:00 0 
7fddfaefa000-7fddfaff6000 rw-p 00000000 00:00 0 
7fddfaff6000-7fddfaffa000 ---p 00000000 00:00 0 
7fddfaffa000-7fddfb0f6000 rw-p 00000000 00:00 0 
7fddfb0f6000-7fddfb0f7000 ---p 00000000 00:00 0 
7fddfb0f7000-7fddfb778000 rw-p 00000000 00:00 0 
7fddfb778000-7fddfb9f8000 ---p 00000000 00:00 0 
7fddfb9f8000-7fddfb9f9000 ---p 00000000 00:00 0 
7fddfb9f9000-7fddfbafa000 rw-p 00000000 00:00 0 
7fddfbafa000-7fddfbafb000 ---p 00000000 00:00 0 
7fddfbafb000-7fddfc000000 rw-p 00000000 00:00 0 
7fddfc000000-7fddfc021000 rw-p 00000000 00:00 0 
7fddfc021000-7fde00000000 ---p 00000000 00:00 0 
7fde00002000-7fde00003000 r--p 00000000 08:20 353588                     /usr/lib/x86_64-linux-gnu/libX11-xcb.so.1.0.0
7fde00003000-7fde00004000 r-xp 00001000 08:20 353588                     /usr/lib/x86_64-linux-gnu/libX11-xcb.so.1.0.0
7fde00004000-7fde00005000 r--p 00002000 08:20 353588                     /usr/lib/x86_64-linux-gnu/libX11-xcb.so.1.0.0
7fde00005000-7fde00006000 r--p 00002000 08:20 353588                     /usr/lib/x86_64-linux-gnu/libX11-xcb.so.1.0.0
7fde00006000-7fde00007000 rw-p 00003000 08:20 353588                     /usr/lib/x86_64-linux-gnu/libX11-xcb.so.1.0.0
7fde00007000-7fde00009000 r--p 00000000 08:20 6594                       /usr/lib/x86_64-linux-gnu/libmd.so.0.0.5
7fde00009000-7fde00010000 r-xp 00002000 08:20 6594                       /usr/lib/x86_64-linux-gnu/libmd.so.0.0.5
7fde00010000-7fde00012000 r--p 00009000 08:20 6594                       /usr/lib/x86_64-linux-gnu/libmd.so.0.0.5
7fde00012000-7fde00013000 r--p 0000a000 08:20 6594                       /usr/lib/x86_64-linux-gnu/libmd.so.0.0.5
7fde00013000-7fde00014000 rw-p 0000b000 08:20 6594                       /usr/lib/x86_64-linux-gnu/libmd.so.0.0.5
7fde00014000-7fde0001f000 r--p 00000000 08:20 6770                       /usr/lib/x86_64-linux-gnu/libxcb.so.1.1.0
7fde0001f000-7fde00033000 r-xp 0000b000 08:20 6770                       /usr/lib/x86_64-linux-gnu/libxcb.so.1.1.0
7fde00033000-7fde0003c000 r--p 0001f000 08:20 6770                       /usr/lib/x86_64-linux-gnu/libxcb.so.1.1.0
7fde0003c000-7fde0003d000 r--p 00027000 08:20 6770                       /usr/lib/x86_64-linux-gnu/libxcb.so.1.1.0
7fde0003d000-7fde0003e000 rw-p 00028000 08:20 6770                       /usr/lib/x86_64-linux-gnu/libxcb.so.1.1.0
7fde0003e000-7fde02360000 rw-p 00000000 00:00 0 
7fde02360000-7fde03ff8000 ---p 00000000 00:00 0 
7fde03ff8000-7fde04000000 rw-p 00000000 00:00 0 
7fde04000000-7fde04021000 rw-p 00000000 00:00 0 
7fde04021000-7fde08000000 ---p 00000000 00:00 0 
7fde08004000-7fde08008000 r--p 00000000 08:20 353364                     /usr/lib/jvm/java-11-openjdk-amd64/lib/libnet.so
7fde08008000-7fde08016000 r-xp 00004000 08:20 353364                     /usr/lib/jvm/java-11-openjdk-amd64/lib/libnet.so
7fde08016000-7fde0801a000 r--p 00012000 08:20 353364                     /usr/lib/jvm/java-11-openjdk-amd64/lib/libnet.so
7fde0801a000-7fde0801b000 r--p 00015000 08:20 353364                     /usr/lib/jvm/java-11-openjdk-amd64/lib/libnet.so
7fde0801b000-7fde0801c000 rw-p 00016000 08:20 353364                     /usr/lib/jvm/java-11-openjdk-amd64/lib/libnet.so
7fde0801c000-7fde08073000 r--p 00000000 08:20 2336                       /usr/lib/locale/C.utf8/LC_CTYPE
7fde08073000-7fde085f9000 rw-p 00000000 00:00 0 
7fde085f9000-7fde085fa000 ---p 00000000 00:00 0 
7fde085fa000-7fde086fb000 rw-p 00000000 00:00 0 
7fde086fb000-7fde086fc000 ---p 00000000 00:00 0 
7fde086fc000-7fde087fd000 rw-p 00000000 00:00 0 
7fde087fd000-7fde08a6d000 rwxp 00000000 00:00 0 
7fde08a6d000-7fde08d8e000 ---p 00000000 00:00 0 
7fde08d8e000-7fde08ffe000 rwxp 00000000 00:00 0 
7fde08ffe000-7fde102c5000 ---p 00000000 00:00 0 
7fde102c5000-7fde10535000 rwxp 00000000 00:00 0 
7fde10535000-7fde177fd000 ---p 00000000 00:00 0 
7fde177fd000-7fde20000000 r--s 00000000 08:20 353374                     /usr/lib/jvm/java-11-openjdk-amd64/lib/modules
7fde20000000-7fde20200000 rw-p 00000000 00:00 0 
7fde20200000-7fde24000000 ---p 00000000 00:00 0 
7fde24000000-7fde24002000 r--p 00000000 08:20 6384                       /usr/lib/x86_64-linux-gnu/libXdmcp.so.6.0.0
7fde24002000-7fde24004000 r-xp 00002000 08:20 6384                       /usr/lib/x86_64-linux-gnu/libXdmcp.so.6.0.0
7fde24004000-7fde24006000 r--p 00004000 08:20 6384                       /usr/lib/x86_64-linux-gnu/libXdmcp.so.6.0.0
7fde24006000-7fde24007000 r--p 00005000 08:20 6384                       /usr/lib/x86_64-linux-gnu/libXdmcp.so.6.0.0
7fde24007000-7fde24008000 rw-p 00006000 08:20 6384                       /usr/lib/x86_64-linux-gnu/libXdmcp.so.6.0.0
7fde24008000-7fde24009000 r--p 00000000 08:20 6382                       /usr/lib/x86_64-linux-gnu/libXau.so.6.0.0
7fde24009000-7fde2400b000 r-xp 00001000 08:20 6382                       /usr/lib/x86_64-linux-gnu/libXau.so.6.0.0
7fde2400b000-7fde2400c000 r--p 00003000 08:20 6382                       /usr/lib/x86_64-linux-gnu/libXau.so.6.0.0
7fde2400c000-7fde2400d000 r--p 00003000 08:20 6382                       /usr/lib/x86_64-linux-gnu/libXau.so.6.0.0
7fde2400d000-7fde2400e000 rw-p 00004000 08:20 6382                       /usr/lib/x86_64-linux-gnu/libXau.so.6.0.0
7fde24014000-7fde2401b000 r--p 00000000 08:20 353365                     /usr/lib/jvm/java-11-openjdk-amd64/lib/libnio.so
7fde2401b000-7fde24023000 r-xp 00007000 08:20 353365                     /usr/lib/jvm/java-11-openjdk-amd64/lib/libnio.so
7fde24023000-7fde24026000 r--p 0000f000 08:20 353365                     /usr/lib/jvm/java-11-openjdk-amd64/lib/libnio.so
7fde24026000-7fde24027000 r--p 00011000 08:20 353365                     /usr/lib/jvm/java-11-openjdk-amd64/lib/libnio.so
7fde24027000-7fde24028000 rw-p 00012000 08:20 353365                     /usr/lib/jvm/java-11-openjdk-amd64/lib/libnio.so
7fde24028000-7fde24029000 r--p 00000000 08:20 2343                       /usr/lib/locale/C.utf8/LC_NUMERIC
7fde24029000-7fde2402a000 r--p 00000000 08:20 2346                       /usr/lib/locale/C.utf8/LC_TIME
7fde2402a000-7fde2402b000 r--p 00000000 08:20 2335                       /usr/lib/locale/C.utf8/LC_COLLATE
7fde2402b000-7fde2402c000 r--p 00000000 08:20 2341                       /usr/lib/locale/C.utf8/LC_MONETARY
7fde2402c000-7fde2402d000 r--p 00000000 08:20 2340                       /usr/lib/locale/C.utf8/LC_MESSAGES/SYS_LC_MESSAGES
7fde2402d000-7fde2402e000 r--p 00000000 08:20 2344                       /usr/lib/locale/C.utf8/LC_PAPER
7fde2402e000-7fde2402f000 r--p 00000000 08:20 2342                       /usr/lib/locale/C.utf8/LC_NAME
7fde2402f000-7fde24030000 r--p 00000000 08:20 2334                       /usr/lib/locale/C.utf8/LC_ADDRESS
7fde24030000-7fde24037000 r--s 00000000 08:20 6197                       /usr/lib/x86_64-linux-gnu/gconv/gconv-modules.cache
7fde24037000-7fde2436b000 rw-p 00000000 00:00 0 
7fde2436b000-7fde26003000 ---p 00000000 00:00 0 
7fde26003000-7fde26049000 rw-p 00000000 00:00 0 
7fde26049000-7fde263dc000 ---p 00000000 00:00 0 
7fde263dc000-7fde2641b000 rw-p 00000000 00:00 0 
7fde2641b000-7fde267ae000 ---p 00000000 00:00 0 
7fde267ae000-7fde267ed000 rw-p 00000000 00:00 0 
7fde267ed000-7fde26b80000 ---p 00000000 00:00 0 
7fde26b80000-7fde2758b000 rw-p 00000000 00:00 0 
7fde2758b000-7fde2758c000 ---p 00000000 00:00 0 
7fde2758c000-7fde27692000 rw-p 00000000 00:00 0 
7fde27692000-7fde27778000 ---p 00000000 00:00 0 
7fde27778000-7fde2777d000 rw-p 00000000 00:00 0 
7fde2777d000-7fde27863000 ---p 00000000 00:00 0 
7fde27863000-7fde27868000 rw-p 00000000 00:00 0 
7fde27868000-7fde2786f000 ---p 00000000 00:00 0 
7fde2786f000-7fde27871000 r--p 00000000 08:20 353373                     /usr/lib/jvm/java-11-openjdk-amd64/lib/libzip.so
7fde27871000-7fde27876000 r-xp 00002000 08:20 353373                     /usr/lib/jvm/java-11-openjdk-amd64/lib/libzip.so
7fde27876000-7fde27878000 r--p 00007000 08:20 353373                     /usr/lib/jvm/java-11-openjdk-amd64/lib/libzip.so
7fde27878000-7fde27879000 r--p 00008000 08:20 353373                     /usr/lib/jvm/java-11-openjdk-amd64/lib/libzip.so
7fde27879000-7fde2787a000 rw-p 00009000 08:20 353373                     /usr/lib/jvm/java-11-openjdk-amd64/lib/libzip.so
7fde2787a000-7fde27882000 rw-s 00000000 08:20 360566                     /tmp/hsperfdata_owenyap/11818 (deleted)
7fde27882000-7fde27884000 r--p 00000000 08:20 353356                     /usr/lib/jvm/java-11-openjdk-amd64/lib/libjimage.so
7fde27884000-7fde27887000 r-xp 00002000 08:20 353356                     /usr/lib/jvm/java-11-openjdk-amd64/lib/libjimage.so
7fde27887000-7fde27888000 r--p 00005000 08:20 353356                     /usr/lib/jvm/java-11-openjdk-amd64/lib/libjimage.so
7fde27888000-7fde27889000 ---p 00006000 08:20 353356                     /usr/lib/jvm/java-11-openjdk-amd64/lib/libjimage.so
7fde27889000-7fde2788a000 r--p 00006000 08:20 353356                     /usr/lib/jvm/java-11-openjdk-amd64/lib/libjimage.so
7fde2788a000-7fde2788b000 rw-p 00007000 08:20 353356                     /usr/lib/jvm/java-11-openjdk-amd64/lib/libjimage.so
7fde2788b000-7fde27898000 r--p 00000000 08:20 353353                     /usr/lib/jvm/java-11-openjdk-amd64/lib/libjava.so
7fde27898000-7fde278ae000 r-xp 0000d000 08:20 353353                     /usr/lib/jvm/java-11-openjdk-amd64/lib/libjava.so
7fde278ae000-7fde278b5000 r--p 00023000 08:20 353353                     /usr/lib/jvm/java-11-openjdk-amd64/lib/libjava.so
7fde278b5000-7fde278b6000 r--p 00029000 08:20 353353                     /usr/lib/jvm/java-11-openjdk-amd64/lib/libjava.so
7fde278b6000-7fde278b7000 rw-p 0002a000 08:20 353353                     /usr/lib/jvm/java-11-openjdk-amd64/lib/libjava.so
7fde278b7000-7fde278b8000 rw-p 00000000 00:00 0 
7fde278b8000-7fde278bd000 r--p 00000000 08:20 353372                     /usr/lib/jvm/java-11-openjdk-amd64/lib/libverify.so
7fde278bd000-7fde278c4000 r-xp 00005000 08:20 353372                     /usr/lib/jvm/java-11-openjdk-amd64/lib/libverify.so
7fde278c4000-7fde278c6000 r--p 0000c000 08:20 353372                     /usr/lib/jvm/java-11-openjdk-amd64/lib/libverify.so
7fde278c6000-7fde278c8000 r--p 0000d000 08:20 353372                     /usr/lib/jvm/java-11-openjdk-amd64/lib/libverify.so
7fde278c8000-7fde278c9000 rw-p 0000f000 08:20 353372                     /usr/lib/jvm/java-11-openjdk-amd64/lib/libverify.so
7fde278c9000-7fde278ca000 r--p 00000000 08:20 6707                       /usr/lib/x86_64-linux-gnu/librt.so.1
7fde278ca000-7fde278cb000 r-xp 00001000 08:20 6707                       /usr/lib/x86_64-linux-gnu/librt.so.1
7fde278cb000-7fde278cc000 r--p 00002000 08:20 6707                       /usr/lib/x86_64-linux-gnu/librt.so.1
7fde278cc000-7fde278cd000 r--p 00002000 08:20 6707                       /usr/lib/x86_64-linux-gnu/librt.so.1
7fde278cd000-7fde278ce000 rw-p 00003000 08:20 6707                       /usr/lib/x86_64-linux-gnu/librt.so.1
7fde278ce000-7fde278d2000 ---p 00000000 00:00 0 
7fde278d2000-7fde279ce000 rw-p 00000000 00:00 0 
7fde279ce000-7fde279d1000 r--p 00000000 08:20 6494                       /usr/lib/x86_64-linux-gnu/libgcc_s.so.1
7fde279d1000-7fde279e8000 r-xp 00003000 08:20 6494                       /usr/lib/x86_64-linux-gnu/libgcc_s.so.1
7fde279e8000-7fde279ec000 r--p 0001a000 08:20 6494                       /usr/lib/x86_64-linux-gnu/libgcc_s.so.1
7fde279ec000-7fde279ed000 r--p 0001d000 08:20 6494                       /usr/lib/x86_64-linux-gnu/libgcc_s.so.1
7fde279ed000-7fde279ee000 rw-p 0001e000 08:20 6494                       /usr/lib/x86_64-linux-gnu/libgcc_s.so.1
7fde279ee000-7fde279fc000 r--p 00000000 08:20 6588                       /usr/lib/x86_64-linux-gnu/libm.so.6
7fde279fc000-7fde27a78000 r-xp 0000e000 08:20 6588                       /usr/lib/x86_64-linux-gnu/libm.so.6
7fde27a78000-7fde27ad3000 r--p 0008a000 08:20 6588                       /usr/lib/x86_64-linux-gnu/libm.so.6
7fde27ad3000-7fde27ad4000 r--p 000e4000 08:20 6588                       /usr/lib/x86_64-linux-gnu/libm.so.6
7fde27ad4000-7fde27ad5000 rw-p 000e5000 08:20 6588                       /usr/lib/x86_64-linux-gnu/libm.so.6
7fde27ad5000-7fde27b6f000 r--p 00000000 08:20 6732                       /usr/lib/x86_64-linux-gnu/libstdc++.so.6.0.30
7fde27b6f000-7fde27c7f000 r-xp 0009a000 08:20 6732                       /usr/lib/x86_64-linux-gnu/libstdc++.so.6.0.30
7fde27c7f000-7fde27cee000 r--p 001aa000 08:20 6732                       /usr/lib/x86_64-linux-gnu/libstdc++.so.6.0.30
7fde27cee000-7fde27cf9000 r--p 00218000 08:20 6732                       /usr/lib/x86_64-linux-gnu/libstdc++.so.6.0.30
7fde27cf9000-7fde27cfc000 rw-p 00223000 08:20 6732                       /usr/lib/x86_64-linux-gnu/libstdc++.so.6.0.30
7fde27cfc000-7fde27cff000 rw-p 00000000 00:00 0 
7fde27cff000-7fde27f81000 r--p 00000000 08:20 353379                     /usr/lib/jvm/java-11-openjdk-amd64/lib/server/libjvm.so
7fde27f81000-7fde28c14000 r-xp 00282000 08:20 353379                     /usr/lib/jvm/java-11-openjdk-amd64/lib/server/libjvm.so
7fde28c14000-7fde28e6e000 r--p 00f15000 08:20 353379                     /usr/lib/jvm/java-11-openjdk-amd64/lib/server/libjvm.so
7fde28e6e000-7fde28f32000 r--p 0116e000 08:20 353379                     /usr/lib/jvm/java-11-openjdk-amd64/lib/server/libjvm.so
7fde28f32000-7fde28f6d000 rw-p 01232000 08:20 353379                     /usr/lib/jvm/java-11-openjdk-amd64/lib/server/libjvm.so
7fde28f6d000-7fde28fc6000 rw-p 00000000 00:00 0 
7fde28fc6000-7fde28fc8000 r--p 00000000 08:20 6782                       /usr/lib/x86_64-linux-gnu/libz.so.1.2.11
7fde28fc8000-7fde28fd9000 r-xp 00002000 08:20 6782                       /usr/lib/x86_64-linux-gnu/libz.so.1.2.11
7fde28fd9000-7fde28fdf000 r--p 00013000 08:20 6782                       /usr/lib/x86_64-linux-gnu/libz.so.1.2.11
7fde28fdf000-7fde28fe0000 ---p 00019000 08:20 6782                       /usr/lib/x86_64-linux-gnu/libz.so.1.2.11
7fde28fe0000-7fde28fe1000 r--p 00019000 08:20 6782                       /usr/lib/x86_64-linux-gnu/libz.so.1.2.11
7fde28fe1000-7fde28fe2000 rw-p 0001a000 08:20 6782                       /usr/lib/x86_64-linux-gnu/libz.so.1.2.11
7fde28fe2000-7fde2900a000 r--p 00000000 08:20 6426                       /usr/lib/x86_64-linux-gnu/libc.so.6
7fde2900a000-7fde2919f000 r-xp 00028000 08:20 6426                       /usr/lib/x86_64-linux-gnu/libc.so.6
7fde2919f000-7fde291f7000 r--p 001bd000 08:20 6426                       /usr/lib/x86_64-linux-gnu/libc.so.6
7fde291f7000-7fde291fb000 r--p 00214000 08:20 6426                       /usr/lib/x86_64-linux-gnu/libc.so.6
7fde291fb000-7fde291fd000 rw-p 00218000 08:20 6426                       /usr/lib/x86_64-linux-gnu/libc.so.6
7fde291fd000-7fde2920a000 rw-p 00000000 00:00 0 
7fde2920a000-7fde2920b000 r--p 00000000 08:20 2345                       /usr/lib/locale/C.utf8/LC_TELEPHONE
7fde2920b000-7fde2920c000 r--p 00000000 08:20 2338                       /usr/lib/locale/C.utf8/LC_MEASUREMENT
7fde2920c000-7fde2920e000 r--s 0000c000 08:20 33573563                   /usr/share/java/java-atk-wrapper.jar
7fde2920e000-7fde2920f000 ---p 00000000 00:00 0 
7fde2920f000-7fde29210000 r--p 00000000 00:00 0 
7fde29210000-7fde29213000 r--p 00000000 08:20 353338                     /usr/lib/jvm/java-11-openjdk-amd64/lib/jli/libjli.so
7fde29213000-7fde2921d000 r-xp 00003000 08:20 353338                     /usr/lib/jvm/java-11-openjdk-amd64/lib/jli/libjli.so
7fde2921d000-7fde29220000 r--p 0000d000 08:20 353338                     /usr/lib/jvm/java-11-openjdk-amd64/lib/jli/libjli.so
7fde29220000-7fde29221000 ---p 00010000 08:20 353338                     /usr/lib/jvm/java-11-openjdk-amd64/lib/jli/libjli.so
7fde29221000-7fde29222000 r--p 00010000 08:20 353338                     /usr/lib/jvm/java-11-openjdk-amd64/lib/jli/libjli.so
7fde29222000-7fde29223000 rw-p 00011000 08:20 353338                     /usr/lib/jvm/java-11-openjdk-amd64/lib/jli/libjli.so
7fde29223000-7fde29225000 rw-p 00000000 00:00 0 
7fde29225000-7fde29227000 r--p 00000000 08:20 6230                       /usr/lib/x86_64-linux-gnu/ld-linux-x86-64.so.2
7fde29227000-7fde29251000 r-xp 00002000 08:20 6230                       /usr/lib/x86_64-linux-gnu/ld-linux-x86-64.so.2
7fde29251000-7fde2925c000 r--p 0002c000 08:20 6230                       /usr/lib/x86_64-linux-gnu/ld-linux-x86-64.so.2
7fde2925c000-7fde2925d000 r--p 00000000 08:20 2337                       /usr/lib/locale/C.utf8/LC_IDENTIFICATION
7fde2925d000-7fde2925f000 r--p 00037000 08:20 6230                       /usr/lib/x86_64-linux-gnu/ld-linux-x86-64.so.2
7fde2925f000-7fde29261000 rw-p 00039000 08:20 6230                       /usr/lib/x86_64-linux-gnu/ld-linux-x86-64.so.2
7ffcff992000-7ffcff9b4000 rw-p 00000000 00:00 0                          [stack]
7ffcff9ba000-7ffcff9be000 r--p 00000000 00:00 0                          [vvar]
7ffcff9be000-7ffcff9bf000 r-xp 00000000 00:00 0                          [vdso]


VM Arguments:
jvm_args: -Dfile.encoding=UTF-8 -Duser.country -Duser.language=en -Duser.variant 
java_command: duke.Launcher
java_class_path (initial): /home/owenyap/course-work/cs2103/ip/build/classes/java/main:/home/owenyap/course-work/cs2103/ip/build/resources/main:/home/owenyap/.gradle/caches/modules-2/files-2.1/org.openjfx/javafx-fxml/11/d5ff9262ef49d166db658d15f37e3ecff38fde4b/javafx-fxml-11-win.jar:/home/owenyap/.gradle/caches/modules-2/files-2.1/org.openjfx/javafx-fxml/11/e0f5bb81e21054b59f2ebfa727d40a90ee0260d3/javafx-fxml-11-mac.jar:/home/owenyap/.gradle/caches/modules-2/files-2.1/org.openjfx/javafx-fxml/11/e7a757b580fc3e2e1a121768606c7836eef418c/javafx-fxml-11-linux.jar:/home/owenyap/.gradle/caches/modules-2/files-2.1/org.openjfx/javafx-controls/11/af8d24de44e16a19ae959028eb23a48c145fb682/javafx-controls-11-win.jar:/home/owenyap/.gradle/caches/modules-2/files-2.1/org.openjfx/javafx-controls/11/e3a24a14e8732abc6dc173f15872dc63e2a32e16/javafx-controls-11-mac.jar:/home/owenyap/.gradle/caches/modules-2/files-2.1/org.openjfx/javafx-controls/11/794488e3b1f4635d9a1b842bdc872a5eb8fd54ca/javafx-controls-11-linux.jar:/home/owenyap/.gradle/caches/modules-2/files-2.1/org.openjfx/javafx-controls/11/58d961774262ec972bf304e16c154a8e18c2050b/javafx-controls-11.jar:/home/owenyap/.gradle/caches/modules-2/files-2.1/org.openjfx/javafx-graphics/11/9345c7ea43dbcc73a62eca5332717b4ce617e6c6/javafx-graphics-11-win.jar:/home/owenyap/.gradle/caches/modules-2/files-2.1/org.openjfx/javafx-graphics/11/af47a6d3668d3ce1c61e1fe13c44471b6f8d469/javafx-graphics-11-mac.jar:/home/owenyap/.gradle/caches/modules-2/files-2.1/org.openjfx/javafx-graphics/11/4ab9edd8d481a420044c473fdb5718ccdd35c836/javafx-graphics-11-linux.jar:/home/owenyap/.gradle/caches/modules-2/files-2.1/org.openjfx/javafx-graphics/11/a736dd079047ec0b72b8c4970842a5c5e0c19f2f/javafx-graphics-11.jar:/home/owenyap/.gradle/caches/modules-2/files-2.1/org.openjfx/javafx-base/11/ad3a4acfaa28b484d30c40c1f009445cc3f6e68b/javafx-base-11-win.jar:/home/owenyap/.gradle/caches/modules-2/files-2.1/org.openjfx/javafx-base/11/4b060dad0affd866df9d959e064faa8a1a2f4a
Launcher Type: SUN_STANDARD

[Global flags]
     intx CICompilerCount                          = 4                                         {product} {ergonomic}
     uint ConcGCThreads                            = 3                                         {product} {ergonomic}
     uint G1ConcRefinementThreads                  = 10                                        {product} {ergonomic}
   size_t G1HeapRegionSize                         = 1048576                                   {product} {ergonomic}
    uintx GCDrainStackTargetSize                   = 64                                        {product} {ergonomic}
   size_t InitialHeapSize                          = 130023424                                 {product} {ergonomic}
   size_t MarkStackSize                            = 4194304                                   {product} {ergonomic}
   size_t MaxHeapSize                              = 2051014656                                {product} {ergonomic}
   size_t MaxNewSize                               = 1229979648                                {product} {ergonomic}
   size_t MinHeapDeltaBytes                        = 1048576                                   {product} {ergonomic}
    uintx NonNMethodCodeHeapSize                   = 5836300                                {pd product} {ergonomic}
    uintx NonProfiledCodeHeapSize                  = 122910970                              {pd product} {ergonomic}
    uintx ProfiledCodeHeapSize                     = 122910970                              {pd product} {ergonomic}
    uintx ReservedCodeCacheSize                    = 251658240                              {pd product} {ergonomic}
     bool SegmentedCodeCache                       = true                                      {product} {ergonomic}
     bool UseCompressedClassPointers               = true                                 {lp64_product} {ergonomic}
     bool UseCompressedOops                        = true                                 {lp64_product} {ergonomic}
     bool UseG1GC                                  = true                                      {product} {ergonomic}

Logging:
Log output configuration:
 #0: 
[error occurred during error reporting (printing log configuration), id 0xb, SIGSEGV (0xb) at pc=0x00007fde2876d30e]

Environment Variables:
JAVA_HOME=/usr/bin/java
PATH=/home/owenyap/Downloads/idea-IC-223.8214.52/bin:/home/owenyap/anaconda3/bin:/home/owenyap/anaconda3/condabin:/home/owenyap/.nvm/versions/node/v19.2.0/bin:/usr/local/sbin:/usr/local/bin:/usr/sbin:/usr/bin:/sbin:/bin:/usr/games:/usr/local/games:/usr/lib/wsl/lib:/mnt/c/WINDOWS/system32:/mnt/c/WINDOWS:/mnt/c/WINDOWS/System32/Wbem:/mnt/c/WINDOWS/System32/WindowsPowerShell/v1.0:/mnt/c/WINDOWS/System32/OpenSSH:/mnt/c/Program Files/dotnet:/mnt/c/Program Files/NVIDIA Corporation/NVIDIA NvDLISR:/mnt/c/Program Files (x86)/NVIDIA Corporation/PhysX/Common:/mnt/c/Program Files/Git/cmd:/mnt/c/ProgramData/chocolatey/bin:/mnt/c/Users/oweny/AppData/Local/Microsoft/WindowsApps:/mnt/c/Users/oweny/AppData/Local/Programs/Microsoft VS Code/bin
SHELL=/usr/bin/zsh
DISPLAY=:0
HOSTTYPE=x86_64
LANG=C.UTF-8
TERM=xterm-256color

Signal Handlers:
SIGSEGV: [libjvm.so+0xea2e90], sa_mask[0]=11111111011111111101111111111110, sa_flags=SA_RESTART|SA_SIGINFO
SIGBUS: [libjvm.so+0xea2e90], sa_mask[0]=11111111011111111101111111111110, sa_flags=SA_RESTART|SA_SIGINFO
SIGFPE: [libjvm.so+0xea2e90], sa_mask[0]=11111111011111111101111111111110, sa_flags=SA_RESTART|SA_SIGINFO
SIGPIPE: [libjvm.so+0xbe6fe0], sa_mask[0]=11111111011111111101111111111110, sa_flags=SA_RESTART|SA_SIGINFO
SIGXFSZ: [libjvm.so+0xbe6fe0], sa_mask[0]=11111111011111111101111111111110, sa_flags=SA_RESTART|SA_SIGINFO
SIGILL: [libjvm.so+0xea2e90], sa_mask[0]=11111111011111111101111111111110, sa_flags=SA_RESTART|SA_SIGINFO
SIGUSR2: [libjvm.so+0xbe6e80], sa_mask[0]=00100000000000000000000000000000, sa_flags=SA_RESTART|SA_SIGINFO
SIGHUP: [libjvm.so+0xbe7260], sa_mask[0]=11111111011111111101111111111110, sa_flags=SA_RESTART|SA_SIGINFO
SIGINT: [libjvm.so+0xbe7260], sa_mask[0]=11111111011111111101111111111110, sa_flags=SA_RESTART|SA_SIGINFO
SIGTERM: [libjvm.so+0xbe7260], sa_mask[0]=11111111011111111101111111111110, sa_flags=SA_RESTART|SA_SIGINFO
SIGQUIT: [libjvm.so+0xbe7260], sa_mask[0]=11111111011111111101111111111110, sa_flags=SA_RESTART|SA_SIGINFO


---------------  S Y S T E M  ---------------

OS:DISTRIB_ID=Ubuntu
DISTRIB_RELEASE=22.04
DISTRIB_CODENAME=jammy
DISTRIB_DESCRIPTION="Ubuntu 22.04.1 LTS"
uname:Linux 5.15.79.1-microsoft-standard-WSL2 #1 SMP Wed Nov 23 01:01:46 UTC 2022 x86_64
OS uptime: 0 days 2:05 hours
libc:glibc 2.35 NPTL 2.35 
rlimit (soft/hard): STACK 8192k/infinity , CORE 0k/infinity , NPROC 31251/31251 , NOFILE 1048576/1048576 , AS infinity/infinity , CPU infinity/infinity , DATA infinity/infinity , FSIZE infinity/infinity , MEMLOCK 65536k/65536k
load average:2.85 1.13 0.58

/proc/meminfo:
MemTotal:        8006800 kB
MemFree:         2858192 kB
MemAvailable:    4525608 kB
Buffers:           77928 kB
Cached:          1829572 kB
SwapCached:            0 kB
Active:          1140828 kB
Inactive:        3592624 kB
Active(anon):       2012 kB
Inactive(anon):  2893420 kB
Active(file):    1138816 kB
Inactive(file):   699204 kB
Unevictable:           0 kB
Mlocked:               0 kB
SwapTotal:       2097152 kB
SwapFree:        2097152 kB
Dirty:               864 kB
Writeback:             0 kB
AnonPages:       2822424 kB
Mapped:           747460 kB
Shmem:             69480 kB
KReclaimable:      90416 kB
Slab:             146020 kB
SReclaimable:      90416 kB
SUnreclaim:        55604 kB
KernelStack:        8028 kB
PageTables:        12368 kB
NFS_Unstable:          0 kB
Bounce:                0 kB
WritebackTmp:          0 kB
CommitLimit:     6100552 kB
Committed_AS:    3089952 kB
VmallocTotal:   34359738367 kB
VmallocUsed:       28228 kB
VmallocChunk:          0 kB
Percpu:             4352 kB
AnonHugePages:   1480704 kB
ShmemHugePages:        0 kB
ShmemPmdMapped:        0 kB
FileHugePages:         0 kB
FilePmdMapped:         0 kB
HugePages_Total:       0
HugePages_Free:        0
HugePages_Rsvd:        0
HugePages_Surp:        0
Hugepagesize:       2048 kB
Hugetlb:               0 kB
DirectMap4k:       21504 kB
DirectMap2M:     4040704 kB
DirectMap1G:    14680064 kB

/sys/kernel/mm/transparent_hugepage/enabled:
[always] madvise never
/sys/kernel/mm/transparent_hugepage/defrag (defrag/compaction efforts parameter):
always defer defer+madvise [madvise] never

Process Memory:
Virtual Size: 5421488K (peak: 13439944K)
Resident Set Size: 145316K (peak: 147392K) (anon: 58348K, file: 86968K, shmem: 0K)
Swapped out: 0K
C-Heap outstanding allocations: 37350K, retained: 7485K
glibc malloc tunables: (default)

/proc/sys/kernel/threads-max (system-wide limit on the number of threads):
62502
/proc/sys/vm/max_map_count (maximum number of memory map areas a process may have):
65530
/proc/sys/kernel/pid_max (system-wide limit on number of process identifiers):
32768

container (cgroup) information:
container_type: cgroupv1
cpu_cpuset_cpus: 0-11
cpu_memory_nodes: 0
active_processor_count: 12
cpu_quota: no quota
cpu_period: 100000
cpu_shares: no shares
memory_limit_in_bytes: unlimited
memory_and_swap_limit_in_bytes: unlimited
memory_soft_limit_in_bytes: unlimited
memory_usage_in_bytes: 4729832 k
memory_max_usage_in_bytes: unlimited
maximum number of tasks: not supported
current number of tasks: not supported

Hyper-V virtualization detected
Steal ticks since vm start: 0
Steal ticks percentage since vm start:  0.000

CPU:total 12 (initial active 12) (8 cores per cpu, 2 threads per core) family 6 model 165 stepping 2 microcode 0xffffffff, cmov, cx8, fxsr, mmx, sse, sse2, sse3, ssse3, sse4.1, sse4.2, popcnt, avx, avx2, aes, clmul, erms, 3dnowpref, lzcnt, ht, tsc, bmi1, bmi2, adx, fma
CPU Model and flags from /proc/cpuinfo:
model name	: Intel(R) Core(TM) i7-10750H CPU @ 2.60GHz
flags		: fpu vme de pse tsc msr pae mce cx8 apic sep mtrr pge mca cmov pat pse36 clflush mmx fxsr sse sse2 ss ht syscall nx pdpe1gb rdtscp lm constant_tsc arch_perfmon rep_good nopl xtopology cpuid pni pclmulqdq vmx ssse3 fma cx16 pdcm pcid sse4_1 sse4_2 x2apic movbe popcnt aes xsave avx f16c rdrand hypervisor lahf_lm abm 3dnowprefetch invpcid_single ssbd ibrs ibpb stibp ibrs_enhanced tpr_shadow vnmi ept vpid ept_ad fsgsbase bmi1 avx2 smep bmi2 erms invpcid rdseed adx smap clflushopt xsaveopt xsavec xgetbv1 xsaves flush_l1d arch_capabilities
Online cpus:
0-11
Offline cpus:

BIOS frequency limitation:
<Not Available>
Frequency switch latency (ns):
<Not Available>
Available cpu frequencies:
<Not Available>
Current governor:
<Not Available>
Core performance/turbo boost:
<Not Available>

Memory: 4k page, physical 8006800k(2858192k free), swap 2097152k(2097152k free)

vm_info: OpenJDK 64-Bit Server VM (11.0.17+8-post-Ubuntu-1ubuntu222.04) for linux-amd64 JRE (11.0.17+8-post-Ubuntu-1ubuntu222.04), built on Oct 24 2022 16:41:58 by "unknown" with gcc 11.2.0

END.
