#
# A fatal error has been detected by the Java Runtime Environment:
#
#  SIGSEGV (0xb) at pc=0x00007f5ca284ff1a, pid=11982, tid=12009
#
# JRE version: OpenJDK Runtime Environment (11.0.17+8) (build 11.0.17+8-post-Ubuntu-1ubuntu222.04)
# Java VM: OpenJDK 64-Bit Server VM (11.0.17+8-post-Ubuntu-1ubuntu222.04, mixed mode, sharing, tiered, compressed oops, g1 gc, linux-amd64)
# Problematic frame:
# C  [libnvwgf2umx.so+0x286bf1a]
#
# No core dump will be written. Core dumps have been disabled. To enable core dumping, try "ulimit -c unlimited" before starting Java again
#
# If you would like to submit a bug report, please visit:
#   https://bugs.launchpad.net/ubuntu/+source/openjdk-lts
#

---------------  S U M M A R Y ------------

Command Line: -Dfile.encoding=UTF-8 -Duser.country -Duser.language=en -Duser.variant duke.Launcher

Host: Intel(R) Core(TM) i7-10750H CPU @ 2.60GHz, 12 cores, 7G, Ubuntu 22.04.1 LTS
Time: Fri Feb 17 11:31:40 2023 +08 elapsed time: 0.998644 seconds (0d 0h 0m 0s)

---------------  T H R E A D  ---------------

Current thread is native thread

Stack: [0x00007f5c9f67a000,0x00007f5c9fe79000],  sp=0x00007f5c9fe77d90,  free space=8183k
Native frames: (J=compiled Java code, A=aot compiled Java code, j=interpreted, Vv=VM code, C=native code)
C  [libnvwgf2umx.so+0x286bf1a]

[error occurred during error reporting (printing native stack), id 0xb, SIGSEGV (0xb) at pc=0x00007f5d1c7a3a17]


siginfo: si_signo: 11 (SIGSEGV), si_code: 1 (SEGV_MAPERR), si_addr: 0x00007f5c9fe79000

Register to memory mapping:

RAX=
[error occurred during error reporting (printing register info), id 0xb, SIGSEGV (0xb) at pc=0x00007f5d1c9fd4fc]

Registers:
RAX=0x0000000000000010, RBX=0x0000000000000000, RCX=0x00007f5c9fe77d98, RDX=0x0000000000000000
RSP=0x00007f5c9fe77d90, RBP=0x0000000000000000, RSI=0x00007f5cb02472f0, RDI=0x00007f5cb01ca6c0
R8 =0x00007f5c98000b70, R9 =0x00007ffd1a304080, R10=0x0000000000160a34, R11=0x0ef39fe0af8b889c
R12=0x00007f5cb0247201, R13=0x00007f5c9fe79000, R14=0x00007f5cb01ca7c8, R15=0x00007f5c9fe77e06
RIP=0x00007f5ca284ff1a, EFLAGS=0x0000000000010246, CSGSFS=0x002b000000000033, ERR=0x0000000000000004
  TRAPNO=0x000000000000000e

Top of Stack: (sp=0x00007f5c9fe77d90)
0x00007f5c9fe77d90:   0000000063eef51c 000000000003aa8f
0x00007f5c9fe77da0:   00007f5cb01ca6c0 00007f5cb01ca7c8
0x00007f5c9fe77db0:   00007f5cb02472f0 00007f5c9fe77d98
0x00007f5c9fe77dc0:   00007f5c9fe77e07 00007f5cb01ca6c0 

Instructions: (pc=0x00007f5ca284ff1a)
0x00007f5ca284fe1a:   60 48 83 ec 08 4c 8d 64 24 10 4c 89 e7 4c 89 fe
0x00007f5ca284fe2a:   48 89 da 48 8b 4c 24 28 44 8b 44 24 20 44 8b 4c
0x00007f5ca284fe3a:   24 24 41 55 41 56 50 e8 ba fa ff ff 48 83 c4 20
0x00007f5ca284fe4a:   48 89 ef 4c 89 e6 e8 bb ad a5 fe 4c 89 e7 e8 13
0x00007f5ca284fe5a:   a2 a5 fe 48 89 e8 48 83 c4 28 5b 41 5c 41 5d 41
0x00007f5ca284fe6a:   5e 41 5f 5d c3 eb 0a eb 19 eb 06 eb 15 eb 02 eb
0x00007f5ca284fe7a:   11 48 89 c3 48 8d 7c 24 08 e8 e8 a1 a5 fe eb 05
0x00007f5ca284fe8a:   eb 00 48 89 c3 48 8b 7c 24 10 e8 d7 a1 a5 fe 48
0x00007f5ca284fe9a:   89 df e8 cf 0a 90 fe cc cc cc cc cc cc cc cc cc
0x00007f5ca284feaa:   cc cc cc cc cc cc 55 41 57 41 56 41 55 41 54 53
0x00007f5ca284feba:   48 83 ec 38 48 89 54 24 30 48 89 7c 24 10 f6 47
0x00007f5ca284feca:   28 10 0f 84 41 01 00 00 8b 46 10 85 c0 0f 84 36
0x00007f5ca284feda:   01 00 00 4c 8b 6e 28 41 b4 01 31 db 48 8d 4c 24
0x00007f5ca284feea:   08 48 89 4c 24 28 31 d2 48 89 74 24 20 eb 21 90
0x00007f5ca284fefa:   90 90 90 90 90 90 8b 46 10 48 8b 54 24 18 48 83
0x00007f5ca284ff0a:   c2 01 89 c1 83 c3 01 48 39 ca 0f 83 f9 00 00 00
0x00007f5ca284ff1a:   41 8b 4c 95 00 0f b7 c9 3b 8c 96 4c 04 00 00 74
0x00007f5ca284ff2a:   dd 89 8c 96 4c 04 00 00 8b 4e 0c 85 c9 74 cf 48
0x00007f5ca284ff3a:   89 54 24 18 31 ed eb 18 90 90 90 90 90 90 90 90
0x00007f5ca284ff4a:   90 90 90 90 90 90 83 c5 01 8b 4e 0c 39 cd 73 a6
0x00007f5ca284ff5a:   0f af cb 01 e9 41 0f b6 84 0d 80 90 00 00 24 7f
0x00007f5ca284ff6a:   8d 50 e0 80 fa 14 77 de 48 8b 96 50 08 00 00 3a
0x00007f5ca284ff7a:   04 0a 74 d2 88 04 0a 48 8b 44 24 30 c6 00 01 41
0x00007f5ca284ff8a:   f6 c4 01 75 0d 48 8b 44 24 10 f6 40 28 20 75 b6
0x00007f5ca284ff9a:   eb 33 4c 8d 7c 24 08 4c 89 ff 31 d2 31 c9 45 31
0x00007f5ca284ffaa:   c0 e8 a0 06 00 00 48 8b 7c 24 10 4c 89 fe e8 b3
0x00007f5ca284ffba:   e1 ff ff 48 8d 7c 24 08 e8 a9 a0 a5 fe 45 31 e4
0x00007f5ca284ffca:   48 8b 74 24 20 8b 56 04 4c 8b 7c 24 10 45 0f b6
0x00007f5ca284ffda:   4f 2c 4c 8d 74 24 08 4c 89 f7 4c 89 fe 48 8b 4c
0x00007f5ca284ffea:   24 18 41 89 e8 e8 0c fe 02 00 4c 89 ff 4c 89 f6
0x00007f5ca284fffa:   e8 71 e1 ff ff 48 8d 7c 24 08 e8 67 a0 a5 fe 48
0x00007f5ca285000a:   8b 74 24 20 e9 3d ff ff ff 48 83 c4 38 5b 41 5c 


Stack slot to memory mapping:
stack at sp + 0 slots: 
[error occurred during error reporting (inspecting top of stack), id 0xb, SIGSEGV (0xb) at pc=0x00007f5d1c9fd4fc]


---------------  P R O C E S S  ---------------

VM state:at safepoint (shutting down)

VM Mutex/Monitor currently owned by a thread:  ([mutex/lock_event])
[0x00007f5d14013f40] Threads_lock - owner thread: 0x00007f5d14128000

Heap address: 0x0000000085c00000, size: 1956 MB, Compressed Oops mode: 32-bit
Narrow klass base: 0x0000000800000000, Narrow klass shift: 3
Compressed class space size: 1073741824 Address: 0x0000000840000000

Heap:
 garbage-first heap   total 129024K, used 10956K [0x0000000085c00000, 0x0000000100000000)
  region size 1024K, 12 young (12288K), 0 survivors (0K)
 Metaspace       used 2977K, capacity 6145K, committed 6400K, reserved 1056768K
  class space    used 339K, capacity 694K, committed 768K, reserved 1048576K
Heap Regions: E=young(eden), S=young(survivor), O=old, HS=humongous(starts), HC=humongous(continues), CS=collection set, F=free, A=archive, TAMS=top-at-mark-start (previous, next)
|   0|0x0000000085c00000, 0x0000000085c00000, 0x0000000085d00000|  0%| F|  |TAMS 0x0000000085c00000, 0x0000000085c00000| Untracked 
|   1|0x0000000085d00000, 0x0000000085d00000, 0x0000000085e00000|  0%| F|  |TAMS 0x0000000085d00000, 0x0000000085d00000| Untracked 
|   2|0x0000000085e00000, 0x0000000085e00000, 0x0000000085f00000|  0%| F|  |TAMS 0x0000000085e00000, 0x0000000085e00000| Untracked 
|   3|0x0000000085f00000, 0x0000000085f00000, 0x0000000086000000|  0%| F|  |TAMS 0x0000000085f00000, 0x0000000085f00000| Untracked 
|   4|0x0000000086000000, 0x0000000086000000, 0x0000000086100000|  0%| F|  |TAMS 0x0000000086000000, 0x0000000086000000| Untracked 
|   5|0x0000000086100000, 0x0000000086100000, 0x0000000086200000|  0%| F|  |TAMS 0x0000000086100000, 0x0000000086100000| Untracked 
|   6|0x0000000086200000, 0x0000000086200000, 0x0000000086300000|  0%| F|  |TAMS 0x0000000086200000, 0x0000000086200000| Untracked 
|   7|0x0000000086300000, 0x0000000086300000, 0x0000000086400000|  0%| F|  |TAMS 0x0000000086300000, 0x0000000086300000| Untracked 
|   8|0x0000000086400000, 0x0000000086400000, 0x0000000086500000|  0%| F|  |TAMS 0x0000000086400000, 0x0000000086400000| Untracked 
|   9|0x0000000086500000, 0x0000000086500000, 0x0000000086600000|  0%| F|  |TAMS 0x0000000086500000, 0x0000000086500000| Untracked 
|  10|0x0000000086600000, 0x0000000086600000, 0x0000000086700000|  0%| F|  |TAMS 0x0000000086600000, 0x0000000086600000| Untracked 
|  11|0x0000000086700000, 0x0000000086700000, 0x0000000086800000|  0%| F|  |TAMS 0x0000000086700000, 0x0000000086700000| Untracked 
|  12|0x0000000086800000, 0x0000000086800000, 0x0000000086900000|  0%| F|  |TAMS 0x0000000086800000, 0x0000000086800000| Untracked 
|  13|0x0000000086900000, 0x0000000086900000, 0x0000000086a00000|  0%| F|  |TAMS 0x0000000086900000, 0x0000000086900000| Untracked 
|  14|0x0000000086a00000, 0x0000000086a00000, 0x0000000086b00000|  0%| F|  |TAMS 0x0000000086a00000, 0x0000000086a00000| Untracked 
|  15|0x0000000086b00000, 0x0000000086b00000, 0x0000000086c00000|  0%| F|  |TAMS 0x0000000086b00000, 0x0000000086b00000| Untracked 
|  16|0x0000000086c00000, 0x0000000086c00000, 0x0000000086d00000|  0%| F|  |TAMS 0x0000000086c00000, 0x0000000086c00000| Untracked 
|  17|0x0000000086d00000, 0x0000000086d00000, 0x0000000086e00000|  0%| F|  |TAMS 0x0000000086d00000, 0x0000000086d00000| Untracked 
|  18|0x0000000086e00000, 0x0000000086e00000, 0x0000000086f00000|  0%| F|  |TAMS 0x0000000086e00000, 0x0000000086e00000| Untracked 
|  19|0x0000000086f00000, 0x0000000086f00000, 0x0000000087000000|  0%| F|  |TAMS 0x0000000086f00000, 0x0000000086f00000| Untracked 
|  20|0x0000000087000000, 0x0000000087000000, 0x0000000087100000|  0%| F|  |TAMS 0x0000000087000000, 0x0000000087000000| Untracked 
|  21|0x0000000087100000, 0x0000000087100000, 0x0000000087200000|  0%| F|  |TAMS 0x0000000087100000, 0x0000000087100000| Untracked 
|  22|0x0000000087200000, 0x0000000087200000, 0x0000000087300000|  0%| F|  |TAMS 0x0000000087200000, 0x0000000087200000| Untracked 
|  23|0x0000000087300000, 0x0000000087300000, 0x0000000087400000|  0%| F|  |TAMS 0x0000000087300000, 0x0000000087300000| Untracked 
|  24|0x0000000087400000, 0x0000000087400000, 0x0000000087500000|  0%| F|  |TAMS 0x0000000087400000, 0x0000000087400000| Untracked 
|  25|0x0000000087500000, 0x0000000087500000, 0x0000000087600000|  0%| F|  |TAMS 0x0000000087500000, 0x0000000087500000| Untracked 
|  26|0x0000000087600000, 0x0000000087600000, 0x0000000087700000|  0%| F|  |TAMS 0x0000000087600000, 0x0000000087600000| Untracked 
|  27|0x0000000087700000, 0x0000000087700000, 0x0000000087800000|  0%| F|  |TAMS 0x0000000087700000, 0x0000000087700000| Untracked 
|  28|0x0000000087800000, 0x0000000087800000, 0x0000000087900000|  0%| F|  |TAMS 0x0000000087800000, 0x0000000087800000| Untracked 
|  29|0x0000000087900000, 0x0000000087900000, 0x0000000087a00000|  0%| F|  |TAMS 0x0000000087900000, 0x0000000087900000| Untracked 
|  30|0x0000000087a00000, 0x0000000087a00000, 0x0000000087b00000|  0%| F|  |TAMS 0x0000000087a00000, 0x0000000087a00000| Untracked 
|  31|0x0000000087b00000, 0x0000000087b00000, 0x0000000087c00000|  0%| F|  |TAMS 0x0000000087b00000, 0x0000000087b00000| Untracked 
|  32|0x0000000087c00000, 0x0000000087c00000, 0x0000000087d00000|  0%| F|  |TAMS 0x0000000087c00000, 0x0000000087c00000| Untracked 
|  33|0x0000000087d00000, 0x0000000087d00000, 0x0000000087e00000|  0%| F|  |TAMS 0x0000000087d00000, 0x0000000087d00000| Untracked 
|  34|0x0000000087e00000, 0x0000000087e00000, 0x0000000087f00000|  0%| F|  |TAMS 0x0000000087e00000, 0x0000000087e00000| Untracked 
|  35|0x0000000087f00000, 0x0000000087f00000, 0x0000000088000000|  0%| F|  |TAMS 0x0000000087f00000, 0x0000000087f00000| Untracked 
|  36|0x0000000088000000, 0x0000000088000000, 0x0000000088100000|  0%| F|  |TAMS 0x0000000088000000, 0x0000000088000000| Untracked 
|  37|0x0000000088100000, 0x0000000088100000, 0x0000000088200000|  0%| F|  |TAMS 0x0000000088100000, 0x0000000088100000| Untracked 
|  38|0x0000000088200000, 0x0000000088200000, 0x0000000088300000|  0%| F|  |TAMS 0x0000000088200000, 0x0000000088200000| Untracked 
|  39|0x0000000088300000, 0x0000000088300000, 0x0000000088400000|  0%| F|  |TAMS 0x0000000088300000, 0x0000000088300000| Untracked 
|  40|0x0000000088400000, 0x0000000088400000, 0x0000000088500000|  0%| F|  |TAMS 0x0000000088400000, 0x0000000088400000| Untracked 
|  41|0x0000000088500000, 0x0000000088500000, 0x0000000088600000|  0%| F|  |TAMS 0x0000000088500000, 0x0000000088500000| Untracked 
|  42|0x0000000088600000, 0x0000000088600000, 0x0000000088700000|  0%| F|  |TAMS 0x0000000088600000, 0x0000000088600000| Untracked 
|  43|0x0000000088700000, 0x0000000088700000, 0x0000000088800000|  0%| F|  |TAMS 0x0000000088700000, 0x0000000088700000| Untracked 
|  44|0x0000000088800000, 0x0000000088800000, 0x0000000088900000|  0%| F|  |TAMS 0x0000000088800000, 0x0000000088800000| Untracked 
|  45|0x0000000088900000, 0x0000000088900000, 0x0000000088a00000|  0%| F|  |TAMS 0x0000000088900000, 0x0000000088900000| Untracked 
|  46|0x0000000088a00000, 0x0000000088a00000, 0x0000000088b00000|  0%| F|  |TAMS 0x0000000088a00000, 0x0000000088a00000| Untracked 
|  47|0x0000000088b00000, 0x0000000088b00000, 0x0000000088c00000|  0%| F|  |TAMS 0x0000000088b00000, 0x0000000088b00000| Untracked 
|  48|0x0000000088c00000, 0x0000000088c00000, 0x0000000088d00000|  0%| F|  |TAMS 0x0000000088c00000, 0x0000000088c00000| Untracked 
|  49|0x0000000088d00000, 0x0000000088d00000, 0x0000000088e00000|  0%| F|  |TAMS 0x0000000088d00000, 0x0000000088d00000| Untracked 
|  50|0x0000000088e00000, 0x0000000088e00000, 0x0000000088f00000|  0%| F|  |TAMS 0x0000000088e00000, 0x0000000088e00000| Untracked 
|  51|0x0000000088f00000, 0x0000000088f00000, 0x0000000089000000|  0%| F|  |TAMS 0x0000000088f00000, 0x0000000088f00000| Untracked 
|  52|0x0000000089000000, 0x0000000089000000, 0x0000000089100000|  0%| F|  |TAMS 0x0000000089000000, 0x0000000089000000| Untracked 
|  53|0x0000000089100000, 0x0000000089100000, 0x0000000089200000|  0%| F|  |TAMS 0x0000000089100000, 0x0000000089100000| Untracked 
|  54|0x0000000089200000, 0x0000000089200000, 0x0000000089300000|  0%| F|  |TAMS 0x0000000089200000, 0x0000000089200000| Untracked 
|  55|0x0000000089300000, 0x0000000089300000, 0x0000000089400000|  0%| F|  |TAMS 0x0000000089300000, 0x0000000089300000| Untracked 
|  56|0x0000000089400000, 0x0000000089400000, 0x0000000089500000|  0%| F|  |TAMS 0x0000000089400000, 0x0000000089400000| Untracked 
|  57|0x0000000089500000, 0x0000000089500000, 0x0000000089600000|  0%| F|  |TAMS 0x0000000089500000, 0x0000000089500000| Untracked 
|  58|0x0000000089600000, 0x0000000089600000, 0x0000000089700000|  0%| F|  |TAMS 0x0000000089600000, 0x0000000089600000| Untracked 
|  59|0x0000000089700000, 0x0000000089700000, 0x0000000089800000|  0%| F|  |TAMS 0x0000000089700000, 0x0000000089700000| Untracked 
|  60|0x0000000089800000, 0x0000000089800000, 0x0000000089900000|  0%| F|  |TAMS 0x0000000089800000, 0x0000000089800000| Untracked 
|  61|0x0000000089900000, 0x0000000089900000, 0x0000000089a00000|  0%| F|  |TAMS 0x0000000089900000, 0x0000000089900000| Untracked 
|  62|0x0000000089a00000, 0x0000000089a00000, 0x0000000089b00000|  0%| F|  |TAMS 0x0000000089a00000, 0x0000000089a00000| Untracked 
|  63|0x0000000089b00000, 0x0000000089b00000, 0x0000000089c00000|  0%| F|  |TAMS 0x0000000089b00000, 0x0000000089b00000| Untracked 
|  64|0x0000000089c00000, 0x0000000089c00000, 0x0000000089d00000|  0%| F|  |TAMS 0x0000000089c00000, 0x0000000089c00000| Untracked 
|  65|0x0000000089d00000, 0x0000000089d00000, 0x0000000089e00000|  0%| F|  |TAMS 0x0000000089d00000, 0x0000000089d00000| Untracked 
|  66|0x0000000089e00000, 0x0000000089e00000, 0x0000000089f00000|  0%| F|  |TAMS 0x0000000089e00000, 0x0000000089e00000| Untracked 
|  67|0x0000000089f00000, 0x0000000089f00000, 0x000000008a000000|  0%| F|  |TAMS 0x0000000089f00000, 0x0000000089f00000| Untracked 
|  68|0x000000008a000000, 0x000000008a000000, 0x000000008a100000|  0%| F|  |TAMS 0x000000008a000000, 0x000000008a000000| Untracked 
|  69|0x000000008a100000, 0x000000008a100000, 0x000000008a200000|  0%| F|  |TAMS 0x000000008a100000, 0x000000008a100000| Untracked 
|  70|0x000000008a200000, 0x000000008a200000, 0x000000008a300000|  0%| F|  |TAMS 0x000000008a200000, 0x000000008a200000| Untracked 
|  71|0x000000008a300000, 0x000000008a300000, 0x000000008a400000|  0%| F|  |TAMS 0x000000008a300000, 0x000000008a300000| Untracked 
|  72|0x000000008a400000, 0x000000008a400000, 0x000000008a500000|  0%| F|  |TAMS 0x000000008a400000, 0x000000008a400000| Untracked 
|  73|0x000000008a500000, 0x000000008a500000, 0x000000008a600000|  0%| F|  |TAMS 0x000000008a500000, 0x000000008a500000| Untracked 
|  74|0x000000008a600000, 0x000000008a600000, 0x000000008a700000|  0%| F|  |TAMS 0x000000008a600000, 0x000000008a600000| Untracked 
|  75|0x000000008a700000, 0x000000008a700000, 0x000000008a800000|  0%| F|  |TAMS 0x000000008a700000, 0x000000008a700000| Untracked 
|  76|0x000000008a800000, 0x000000008a800000, 0x000000008a900000|  0%| F|  |TAMS 0x000000008a800000, 0x000000008a800000| Untracked 
|  77|0x000000008a900000, 0x000000008a900000, 0x000000008aa00000|  0%| F|  |TAMS 0x000000008a900000, 0x000000008a900000| Untracked 
|  78|0x000000008aa00000, 0x000000008aa00000, 0x000000008ab00000|  0%| F|  |TAMS 0x000000008aa00000, 0x000000008aa00000| Untracked 
|  79|0x000000008ab00000, 0x000000008ab00000, 0x000000008ac00000|  0%| F|  |TAMS 0x000000008ab00000, 0x000000008ab00000| Untracked 
|  80|0x000000008ac00000, 0x000000008ac00000, 0x000000008ad00000|  0%| F|  |TAMS 0x000000008ac00000, 0x000000008ac00000| Untracked 
|  81|0x000000008ad00000, 0x000000008ad00000, 0x000000008ae00000|  0%| F|  |TAMS 0x000000008ad00000, 0x000000008ad00000| Untracked 
|  82|0x000000008ae00000, 0x000000008ae00000, 0x000000008af00000|  0%| F|  |TAMS 0x000000008ae00000, 0x000000008ae00000| Untracked 
|  83|0x000000008af00000, 0x000000008af00000, 0x000000008b000000|  0%| F|  |TAMS 0x000000008af00000, 0x000000008af00000| Untracked 
|  84|0x000000008b000000, 0x000000008b000000, 0x000000008b100000|  0%| F|  |TAMS 0x000000008b000000, 0x000000008b000000| Untracked 
|  85|0x000000008b100000, 0x000000008b100000, 0x000000008b200000|  0%| F|  |TAMS 0x000000008b100000, 0x000000008b100000| Untracked 
|  86|0x000000008b200000, 0x000000008b200000, 0x000000008b300000|  0%| F|  |TAMS 0x000000008b200000, 0x000000008b200000| Untracked 
|  87|0x000000008b300000, 0x000000008b300000, 0x000000008b400000|  0%| F|  |TAMS 0x000000008b300000, 0x000000008b300000| Untracked 
|  88|0x000000008b400000, 0x000000008b400000, 0x000000008b500000|  0%| F|  |TAMS 0x000000008b400000, 0x000000008b400000| Untracked 
|  89|0x000000008b500000, 0x000000008b500000, 0x000000008b600000|  0%| F|  |TAMS 0x000000008b500000, 0x000000008b500000| Untracked 
|  90|0x000000008b600000, 0x000000008b600000, 0x000000008b700000|  0%| F|  |TAMS 0x000000008b600000, 0x000000008b600000| Untracked 
|  91|0x000000008b700000, 0x000000008b700000, 0x000000008b800000|  0%| F|  |TAMS 0x000000008b700000, 0x000000008b700000| Untracked 
|  92|0x000000008b800000, 0x000000008b800000, 0x000000008b900000|  0%| F|  |TAMS 0x000000008b800000, 0x000000008b800000| Untracked 
|  93|0x000000008b900000, 0x000000008b900000, 0x000000008ba00000|  0%| F|  |TAMS 0x000000008b900000, 0x000000008b900000| Untracked 
|  94|0x000000008ba00000, 0x000000008ba00000, 0x000000008bb00000|  0%| F|  |TAMS 0x000000008ba00000, 0x000000008ba00000| Untracked 
|  95|0x000000008bb00000, 0x000000008bb00000, 0x000000008bc00000|  0%| F|  |TAMS 0x000000008bb00000, 0x000000008bb00000| Untracked 
|  96|0x000000008bc00000, 0x000000008bc00000, 0x000000008bd00000|  0%| F|  |TAMS 0x000000008bc00000, 0x000000008bc00000| Untracked 
|  97|0x000000008bd00000, 0x000000008bd00000, 0x000000008be00000|  0%| F|  |TAMS 0x000000008bd00000, 0x000000008bd00000| Untracked 
|  98|0x000000008be00000, 0x000000008be00000, 0x000000008bf00000|  0%| F|  |TAMS 0x000000008be00000, 0x000000008be00000| Untracked 
|  99|0x000000008bf00000, 0x000000008bf00000, 0x000000008c000000|  0%| F|  |TAMS 0x000000008bf00000, 0x000000008bf00000| Untracked 
| 100|0x000000008c000000, 0x000000008c000000, 0x000000008c100000|  0%| F|  |TAMS 0x000000008c000000, 0x000000008c000000| Untracked 
| 101|0x000000008c100000, 0x000000008c100000, 0x000000008c200000|  0%| F|  |TAMS 0x000000008c100000, 0x000000008c100000| Untracked 
| 102|0x000000008c200000, 0x000000008c200000, 0x000000008c300000|  0%| F|  |TAMS 0x000000008c200000, 0x000000008c200000| Untracked 
| 103|0x000000008c300000, 0x000000008c300000, 0x000000008c400000|  0%| F|  |TAMS 0x000000008c300000, 0x000000008c300000| Untracked 
| 104|0x000000008c400000, 0x000000008c400000, 0x000000008c500000|  0%| F|  |TAMS 0x000000008c400000, 0x000000008c400000| Untracked 
| 105|0x000000008c500000, 0x000000008c500000, 0x000000008c600000|  0%| F|  |TAMS 0x000000008c500000, 0x000000008c500000| Untracked 
| 106|0x000000008c600000, 0x000000008c600000, 0x000000008c700000|  0%| F|  |TAMS 0x000000008c600000, 0x000000008c600000| Untracked 
| 107|0x000000008c700000, 0x000000008c700000, 0x000000008c800000|  0%| F|  |TAMS 0x000000008c700000, 0x000000008c700000| Untracked 
| 108|0x000000008c800000, 0x000000008c800000, 0x000000008c900000|  0%| F|  |TAMS 0x000000008c800000, 0x000000008c800000| Untracked 
| 109|0x000000008c900000, 0x000000008c900000, 0x000000008ca00000|  0%| F|  |TAMS 0x000000008c900000, 0x000000008c900000| Untracked 
| 110|0x000000008ca00000, 0x000000008ca00000, 0x000000008cb00000|  0%| F|  |TAMS 0x000000008ca00000, 0x000000008ca00000| Untracked 
| 111|0x000000008cb00000, 0x000000008cb00000, 0x000000008cc00000|  0%| F|  |TAMS 0x000000008cb00000, 0x000000008cb00000| Untracked 
| 112|0x000000008cc00000, 0x000000008cc00800, 0x000000008cd00000|  0%| E|  |TAMS 0x000000008cc00000, 0x000000008cc00000| Complete 
| 113|0x000000008cd00000, 0x000000008ce00000, 0x000000008ce00000|100%| E|CS|TAMS 0x000000008cd00000, 0x000000008cd00000| Complete 
| 114|0x000000008ce00000, 0x000000008cf00000, 0x000000008cf00000|100%| E|CS|TAMS 0x000000008ce00000, 0x000000008ce00000| Complete 
| 115|0x000000008cf00000, 0x000000008d000000, 0x000000008d000000|100%| E|CS|TAMS 0x000000008cf00000, 0x000000008cf00000| Complete 
| 116|0x000000008d000000, 0x000000008d100000, 0x000000008d100000|100%| E|CS|TAMS 0x000000008d000000, 0x000000008d000000| Complete 
| 117|0x000000008d100000, 0x000000008d200000, 0x000000008d200000|100%| E|CS|TAMS 0x000000008d100000, 0x000000008d100000| Complete 
| 118|0x000000008d200000, 0x000000008d300000, 0x000000008d300000|100%| E|CS|TAMS 0x000000008d200000, 0x000000008d200000| Complete 
| 119|0x000000008d300000, 0x000000008d400000, 0x000000008d400000|100%| E|CS|TAMS 0x000000008d300000, 0x000000008d300000| Complete 
| 120|0x000000008d400000, 0x000000008d500000, 0x000000008d500000|100%| E|CS|TAMS 0x000000008d400000, 0x000000008d400000| Complete 
| 121|0x000000008d500000, 0x000000008d600000, 0x000000008d600000|100%| E|  |TAMS 0x000000008d500000, 0x000000008d500000| Complete 
| 122|0x000000008d600000, 0x000000008d700000, 0x000000008d700000|100%| E|CS|TAMS 0x000000008d600000, 0x000000008d600000| Complete 
| 123|0x000000008d700000, 0x000000008d800000, 0x000000008d800000|100%| E|CS|TAMS 0x000000008d700000, 0x000000008d700000| Complete 
|1954|0x00000000ffe00000, 0x00000000ffe48000, 0x00000000fff00000| 28%|OA|  |TAMS 0x00000000ffe00000, 0x00000000ffe00000| Untracked 
|1955|0x00000000fff00000, 0x00000000fff6b000, 0x0000000100000000| 41%|CA|  |TAMS 0x00000000fff00000, 0x00000000fff00000| Untracked 

Card table byte_map: [0x00007f5d1a29e000,0x00007f5d1a670000] _byte_map_base: 0x00007f5d19e70000

Marking Bits (Prev, Next): (CMBitMap*) 0x00007f5d14058758, (CMBitMap*) 0x00007f5d14058790
 Prev Bits: [0x00007f5d1803c000, 0x00007f5d19ecc000)
 Next Bits: [0x00007f5cf6170000, 0x00007f5cf8000000)

Polling page: 0x00007f5d1d0cf000

Metaspace:

Usage:
  Non-class:      5.32 MB capacity,     2.58 MB ( 48%) used,     2.73 MB ( 51%) free+waste,    21.19 KB ( <1%) overhead. 
      Class:    694.00 KB capacity,   339.70 KB ( 49%) used,   342.86 KB ( 49%) free+waste,    11.44 KB (  2%) overhead. 
       Both:      6.00 MB capacity,     2.91 MB ( 48%) used,     3.06 MB ( 51%) free+waste,    32.62 KB ( <1%) overhead. 

Virtual space:
  Non-class space:        8.00 MB reserved,       5.50 MB ( 69%) committed 
      Class space:        1.00 GB reserved,     768.00 KB ( <1%) committed 
             Both:        1.01 GB reserved,       6.25 MB ( <1%) committed 

Chunk freelists:
   Non-Class:  21.00 KB
       Class:  10.00 KB
        Both:  31.00 KB

MaxMetaspaceSize: unlimited
CompressedClassSpaceSize: 1.00 GB
Initial GC threshold: 20.80 MB
Current GC threshold: 20.80 MB
CDS: on

CodeHeap 'non-profiled nmethods': size=120032Kb used=262Kb max_used=262Kb free=119769Kb
 bounds [0x00007f5d042c5000, 0x00007f5d04535000, 0x00007f5d0b7fd000]
CodeHeap 'profiled nmethods': size=120028Kb used=1195Kb max_used=1195Kb free=118832Kb
 bounds [0x00007f5cfcd8e000, 0x00007f5cfcffe000, 0x00007f5d042c5000]
CodeHeap 'non-nmethods': size=5700Kb used=1148Kb max_used=1173Kb free=4551Kb
 bounds [0x00007f5cfc7fd000, 0x00007f5cfca6d000, 0x00007f5cfcd8e000]
 total_blobs=1118 nmethods=711 adapters=321
 compilation: enabled
              stopped_count=0, restarted_count=0
 full_count=0

Compilation events (20 events):
Event: 0.953 Thread 0x00007f5d14141000  703       4       java.util.Objects::requireNonNull (14 bytes)
Event: 0.953 Thread 0x00007f5d14141000 nmethod 703 0x00007f5d04305d10 code [0x00007f5d04305ea0, 0x00007f5d04305ef8]
Event: 0.954 Thread 0x00007f5d14141000  702   !   4       java.nio.DirectByteBuffer::get (28 bytes)
Event: 0.954 Thread 0x00007f5d14143800  704       3       jdk.internal.jimage.ImageLocation::decompress (153 bytes)
Event: 0.958 Thread 0x00007f5d14141000 nmethod 702 0x00007f5d04306010 code [0x00007f5d043061a0, 0x00007f5d04306258]
Event: 0.959 Thread 0x00007f5d14143800 nmethod 704 0x00007f5cfceb3890 code [0x00007f5cfceb3ba0, 0x00007f5cfceb4d30]
Event: 0.959 Thread 0x00007f5d14143800  705       3       java.util.concurrent.ConcurrentHashMap$ValueIterator::next (34 bytes)
Event: 0.960 Thread 0x00007f5d14143800 nmethod 705 0x00007f5cfceb5310 code [0x00007f5cfceb54e0, 0x00007f5cfceb5750]
Event: 0.960 Thread 0x00007f5d14143800  706       3       java.lang.String::<init> (74 bytes)
Event: 0.961 Thread 0x00007f5d14143800 nmethod 706 0x00007f5cfceb5890 code [0x00007f5cfceb5aa0, 0x00007f5cfceb6130]
Event: 0.963 Thread 0x00007f5d14141000  707       4       jdk.internal.org.objectweb.asm.ByteVector::put12 (64 bytes)
Event: 0.970 Thread 0x00007f5d14143800  708       3       java.util.HashMap$HashIterator::nextNode (100 bytes)
Event: 0.971 Thread 0x00007f5d14143800 nmethod 708 0x00007f5cfceb6390 code [0x00007f5cfceb6580, 0x00007f5cfceb6ad0]
Event: 0.971 Thread 0x00007f5d14143800  710       3       java.nio.Buffer::<init> (99 bytes)
Event: 0.973 Thread 0x00007f5d14143800 nmethod 710 0x00007f5cfceb6c90 code [0x00007f5cfceb6f80, 0x00007f5cfceb7d10]
Event: 0.973 Thread 0x00007f5d14143800  711       3       java.lang.Integer::getChars (131 bytes)
Event: 0.973 Thread 0x00007f5d14141000 nmethod 707 0x00007f5d04306310 code [0x00007f5d043064c0, 0x00007f5d04306978]
Event: 0.973 Thread 0x00007f5d14143800 nmethod 711 0x00007f5cfceb8190 code [0x00007f5cfceb8380, 0x00007f5cfceb87b0]
Event: 0.973 Thread 0x00007f5d14143800  709       3       java.lang.Module::isNamed (13 bytes)
Event: 0.974 Thread 0x00007f5d14143800 nmethod 709 0x00007f5cfceb8a10 code [0x00007f5cfceb8bc0, 0x00007f5cfceb8d30]

GC Heap History (0 events):
No events

Deoptimization events (20 events):
Event: 0.119 Thread 0x00007f5d14016000 DEOPT PACKING pc=0x00007f5cfcda69c3 sp=0x00007f5d1b888280
Event: 0.119 Thread 0x00007f5d14016000 DEOPT UNPACKING pc=0x00007f5cfc84764a sp=0x00007f5d1b887770 mode 0
Event: 0.120 Thread 0x00007f5d14016000 DEOPT PACKING pc=0x00007f5cfcda630b sp=0x00007f5d1b8882b0
Event: 0.120 Thread 0x00007f5d14016000 DEOPT UNPACKING pc=0x00007f5cfc84764a sp=0x00007f5d1b887770 mode 0
Event: 0.120 Thread 0x00007f5d14016000 DEOPT PACKING pc=0x00007f5cfcda69c3 sp=0x00007f5d1b888280
Event: 0.120 Thread 0x00007f5d14016000 DEOPT UNPACKING pc=0x00007f5cfc84764a sp=0x00007f5d1b887770 mode 0
Event: 0.120 Thread 0x00007f5d14016000 DEOPT PACKING pc=0x00007f5cfcda630b sp=0x00007f5d1b8882b0
Event: 0.120 Thread 0x00007f5d14016000 DEOPT UNPACKING pc=0x00007f5cfc84764a sp=0x00007f5d1b887770 mode 0
Event: 0.120 Thread 0x00007f5d14016000 DEOPT PACKING pc=0x00007f5cfcda69c3 sp=0x00007f5d1b888280
Event: 0.120 Thread 0x00007f5d14016000 DEOPT UNPACKING pc=0x00007f5cfc84764a sp=0x00007f5d1b887770 mode 0
Event: 0.360 Thread 0x00007f5cac0ad000 DEOPT PACKING pc=0x00007f5cfcdc32c2 sp=0x00007f5cee4e8420
Event: 0.360 Thread 0x00007f5cac0ad000 DEOPT UNPACKING pc=0x00007f5cfc84764a sp=0x00007f5cee4e78a8 mode 0
Event: 0.438 Thread 0x00007f5cac0ad000 Uncommon trap: trap_request=0xffffff4d fr.pc=0x00007f5d042e69f0 relative=0x00000000000001d0
Event: 0.438 Thread 0x00007f5cac0ad000 Uncommon trap: reason=unstable_if action=reinterpret pc=0x00007f5d042e69f0 method=java.lang.String.startsWith(Ljava/lang/String;I)Z @ 1 c2
Event: 0.438 Thread 0x00007f5cac0ad000 DEOPT PACKING pc=0x00007f5d042e69f0 sp=0x00007f5cee4e52d0
Event: 0.438 Thread 0x00007f5cac0ad000 DEOPT UNPACKING pc=0x00007f5cfc846ea5 sp=0x00007f5cee4e5260 mode 2
Event: 0.925 Thread 0x00007f5cac0ad000 DEOPT PACKING pc=0x00007f5cfcdbca88 sp=0x00007f5cee4e53d0
Event: 0.925 Thread 0x00007f5cac0ad000 DEOPT UNPACKING pc=0x00007f5cfc84764a sp=0x00007f5cee4e4868 mode 0
Event: 0.932 Thread 0x00007f5cac0ad000 DEOPT PACKING pc=0x00007f5cfcdb98cf sp=0x00007f5cee4e89d0
Event: 0.932 Thread 0x00007f5cac0ad000 DEOPT UNPACKING pc=0x00007f5cfc84764a sp=0x00007f5cee4e7e78 mode 0

Classes redefined (0 events):
No events

Internal exceptions (12 events):
Event: 0.086 Thread 0x00007f5d14016000 Exception <a 'java/security/PrivilegedActionException'{0x000000008d755788}> (0x000000008d755788) thrown at [./src/hotspot/share/prims/jvm.cpp, line 1304]
Event: 0.086 Thread 0x00007f5d14016000 Exception <a 'java/security/PrivilegedActionException'{0x000000008d755a58}> (0x000000008d755a58) thrown at [./src/hotspot/share/prims/jvm.cpp, line 1304]
Event: 0.229 Thread 0x00007f5d1420a000 Exception <a 'java/lang/NoSuchMethodError'{0x000000008d395388}: 'java.lang.Object java.lang.invoke.DirectMethodHandle$Holder.invokeStatic(java.lang.Object, java.lang.Object, java.lang.Object, java.lang.Object, java.lang.Object, java.lang.Object, java.lang.Object, java.lang.Object, int)'> (0x000000008d395388) thrown at [./src/hotspot/share/interpreter/linkResolver.cpp, line 772]
Event: 0.234 Thread 0x00007f5d1420a000 Exception <a 'java/lang/NoSuchMethodError'{0x000000008d3b0700}: 'java.lang.Object java.lang.invoke.DirectMethodHandle$Holder.invokeStatic(java.lang.Object, java.lang.Object, java.lang.Object, java.lang.Object, java.lang.Object, java.lang.Object, java.lang.Object, java.lang.Object, int, int)'> (0x000000008d3b0700) thrown at [./src/hotspot/share/interpreter/linkResolver.cpp, line 772]
Event: 0.237 Thread 0x00007f5d1420a000 Exception <a 'java/lang/NoSuchMethodError'{0x000000008d3cbc10}: 'java.lang.Object java.lang.invoke.DirectMethodHandle$Holder.invokeStatic(java.lang.Object, java.lang.Object, java.lang.Object, java.lang.Object, java.lang.Object, java.lang.Object, java.lang.Object, java.lang.Object, int, int, java.lang.Object)'> (0x000000008d3cbc10) thrown at [./src/hotspot/share/interpreter/linkResolver.cpp, line 772]
Event: 0.409 Thread 0x00007f5cac0ad000 Exception <a 'java/lang/NoSuchMethodError'{0x000000008cfb4ca8}: 'java.lang.Object java.lang.invoke.DirectMethodHandle$Holder.invokeStatic(java.lang.Object, java.lang.Object, java.lang.Object, java.lang.Object, java.lang.Object, java.lang.Object, java.lang.Object, java.lang.Object, java.lang.Object, java.lang.Object, java.lang.Object, int)'> (0x000000008cfb4ca8) thrown at [./src/hotspot/share/interpreter/linkResolver.cpp, line 772]
Event: 0.412 Thread 0x00007f5cac0ad000 Exception <a 'java/lang/NoSuchMethodError'{0x000000008cfd2ba8}: 'java.lang.Object java.lang.invoke.DirectMethodHandle$Holder.invokeStatic(java.lang.Object, java.lang.Object, java.lang.Object, java.lang.Object, java.lang.Object, java.lang.Object, java.lang.Object, java.lang.Object, java.lang.Object, java.lang.Object, java.lang.Object, int, int)'> (0x000000008cfd2ba8) thrown at [./src/hotspot/share/interpreter/linkResolver.cpp, line 772]
Event: 0.415 Thread 0x00007f5cac0ad000 Exception <a 'java/lang/NoSuchMethodError'{0x000000008cff1938}: 'java.lang.Object java.lang.invoke.DirectMethodHandle$Holder.invokeStatic(java.lang.Object, java.lang.Object, java.lang.Object, java.lang.Object, java.lang.Object, java.lang.Object, java.lang.Object, java.lang.Object, java.lang.Object, java.lang.Object, java.lang.Object, int, int, java.lang.Object)'> (0x000000008cff1938) thrown at [./src/hotspot/share/interpreter/linkResolver.cpp, line 772]
Event: 0.418 Thread 0x00007f5cac0ad000 Exception <a 'java/lang/NoSuchMethodError'{0x000000008ce12438}: 'java.lang.Object java.lang.invoke.DirectMethodHandle$Holder.invokeStatic(java.lang.Object, java.lang.Object, java.lang.Object, java.lang.Object, java.lang.Object, java.lang.Object, java.lang.Object, java.lang.Object, java.lang.Object, java.lang.Object, java.lang.Object, int, int, java.lang.Object, java.lang.Object)'> (0x000000008ce12438) thrown at [./src/hotspot/share/interpreter/linkResolver.cpp, line 772]
Event: 0.936 Thread 0x00007f5d1420a000 Exception <a 'java/lang/NoSuchMethodError'{0x000000008d19ff38}: 'int java.lang.invoke.DirectMethodHandle$Holder.invokeStaticInit(java.lang.Object, java.lang.Object, java.lang.Object)'> (0x000000008d19ff38) thrown at [./src/hotspot/share/interpreter/linkResolver.cpp, line 772]
Event: 0.938 Thread 0x00007f5d1420a000 Exception <a 'java/lang/NoSuchMethodError'{0x000000008d1ab658}: 'void java.lang.invoke.DirectMethodHandle$Holder.invokeSpecial(java.lang.Object, java.lang.Object)'> (0x000000008d1ab658) thrown at [./src/hotspot/share/interpreter/linkResolver.cpp, line 772]
Event: 0.968 Thread 0x00007f5d1420a000 Exception <a 'java/lang/UnsupportedOperationException'{0x000000008cdf2530}> (0x000000008cdf2530) thrown at [./src/hotspot/share/prims/jvm.cpp, line 1310]

Events (20 events):
Event: 0.969 Executing VM operation: RevokeBias
Event: 0.969 loading class java/lang/Throwable$WrappedPrintStream
Event: 0.969 loading class java/lang/Throwable$PrintStreamOrWriter
Event: 0.969 loading class java/lang/Throwable$PrintStreamOrWriter done
Event: 0.969 loading class java/lang/Throwable$WrappedPrintStream done
Event: 0.969 Executing VM operation: RevokeBias done
Event: 0.969 Thread 0x00007f5d1420a000 Thread exited: 0x00007f5d1420a000
Event: 0.969 Executing VM operation: RevokeBias
Event: 0.970 Executing VM operation: RevokeBias done
Event: 0.970 loading class java/lang/StackTraceElement$HashedModules
Event: 0.970 loading class java/lang/StackTraceElement$HashedModules done
Event: 0.972 Thread 0x00007f5d14016000 Thread exited: 0x00007f5d14016000
Event: 0.972 Protecting memory [0x00007f5d1b78f000,0x00007f5d1b793000] with protection modes 0
Event: 0.972 Thread 0x00007f5d14016000 Thread added: 0x00007f5d14016000
Event: 0.972 Executing VM operation: RevokeBias
Event: 0.972 Executing VM operation: RevokeBias done
Event: 0.973 Thread 0x00007f5d1420a000 Thread added: 0x00007f5d1420a000
Event: 0.973 Protecting memory [0x00007f5cee4eb000,0x00007f5cee4ef000] with protection modes 0
Event: 0.973 Thread 0x00007f5d1420a000 Thread exited: 0x00007f5d1420a000
Event: 0.974 Thread 0x00007f5d14016000 Thread exited: 0x00007f5d14016000


Dynamic libraries:
85c00000-8d800000 rw-p 00000000 00:00 0 
8d800000-ffe00000 ---p 00000000 00:00 0 
ffe00000-ffe48000 rw-p 00b0a000 08:20 353163                             /usr/lib/jvm/java-11-openjdk-amd64/lib/server/classes.jsa
ffe48000-fff00000 rw-p 00000000 00:00 0 
fff00000-fff6b000 rw-p 00a9f000 08:20 353163                             /usr/lib/jvm/java-11-openjdk-amd64/lib/server/classes.jsa
fff6b000-100000000 rw-p 00000000 00:00 0 
800000000-800002000 rwxp 00001000 08:20 353163                           /usr/lib/jvm/java-11-openjdk-amd64/lib/server/classes.jsa
800002000-8003cc000 rw-p 00003000 08:20 353163                           /usr/lib/jvm/java-11-openjdk-amd64/lib/server/classes.jsa
8003cc000-800a9d000 r--p 003cd000 08:20 353163                           /usr/lib/jvm/java-11-openjdk-amd64/lib/server/classes.jsa
800a9d000-800a9e000 rw-p 00a9e000 08:20 353163                           /usr/lib/jvm/java-11-openjdk-amd64/lib/server/classes.jsa
840000000-8400c0000 rw-p 00000000 00:00 0 
8400c0000-880000000 ---p 00000000 00:00 0 
55825a9b7000-55825a9b8000 r--p 00000000 08:20 353215                     /usr/lib/jvm/java-11-openjdk-amd64/bin/java
55825a9b8000-55825a9b9000 r-xp 00001000 08:20 353215                     /usr/lib/jvm/java-11-openjdk-amd64/bin/java
55825a9b9000-55825a9ba000 r--p 00002000 08:20 353215                     /usr/lib/jvm/java-11-openjdk-amd64/bin/java
55825a9ba000-55825a9bb000 r--p 00002000 08:20 353215                     /usr/lib/jvm/java-11-openjdk-amd64/bin/java
55825a9bb000-55825a9bc000 rw-p 00003000 08:20 353215                     /usr/lib/jvm/java-11-openjdk-amd64/bin/java
55825bf05000-55825bf26000 rw-p 00000000 00:00 0                          [heap]
7f5c8c000000-7f5c8c021000 rw-p 00000000 00:00 0 
7f5c8c021000-7f5c90000000 ---p 00000000 00:00 0 
7f5c90000000-7f5c90021000 rw-p 00000000 00:00 0 
7f5c90021000-7f5c94000000 ---p 00000000 00:00 0 
7f5c97000000-7f5c97001000 r-xp 00000000 08:20 371133                     /home/owenyap/.openjfx/cache/11/libglass.so
7f5c97001000-7f5c97201000 ---p 00001000 08:20 371133                     /home/owenyap/.openjfx/cache/11/libglass.so
7f5c97201000-7f5c97202000 r--p 00001000 08:20 371133                     /home/owenyap/.openjfx/cache/11/libglass.so
7f5c97202000-7f5c97203000 rw-p 00002000 08:20 371133                     /home/owenyap/.openjfx/cache/11/libglass.so
7f5c97400000-7f5c9740f000 r-xp 00000000 08:20 371132                     /home/owenyap/.openjfx/cache/11/libprism_sw.so
7f5c9740f000-7f5c9760e000 ---p 0000f000 08:20 371132                     /home/owenyap/.openjfx/cache/11/libprism_sw.so
7f5c9760e000-7f5c9760f000 r--p 0000e000 08:20 371132                     /home/owenyap/.openjfx/cache/11/libprism_sw.so
7f5c9760f000-7f5c97610000 rw-p 0000f000 08:20 371132                     /home/owenyap/.openjfx/cache/11/libprism_sw.so
7f5c976ff000-7f5c97700000 ---p 00000000 00:00 0 
7f5c97700000-7f5c97f00000 rw-p 00000000 00:00 0 
7f5c98000000-7f5c9802a000 rw-p 00000000 00:00 0 
7f5c9802a000-7f5c9c000000 ---p 00000000 00:00 0 
7f5c9c0a1000-7f5c9c0a2000 rw-s 00000000 00:01 163855                     /SYSV00000000 (deleted)
7f5c9c0a2000-7f5c9c0a3000 rwxp 00000000 00:00 0 
7f5c9cfc4000-7f5c9cfc5000 rw-s a03e99000 00:01 411                       /dev/zero (deleted)
7f5c9cfd5000-7f5c9cfd6000 rw-s a03e97000 00:01 409                       /dev/zero (deleted)
7f5c9cfe6000-7f5c9cfe7000 rw-s a03e95000 00:01 407                       /dev/zero (deleted)
7f5c9cffd000-7f5c9cffe000 ---p 00000000 00:00 0 
7f5c9cffe000-7f5c9d7fe000 rw-p 00000000 00:00 0 
7f5c9d7fe000-7f5c9d7ff000 ---p 00000000 00:00 0 
7f5c9d7ff000-7f5c9dfff000 rw-p 00000000 00:00 0 
7f5c9dfff000-7f5c9e000000 ---p 00000000 00:00 0 
7f5c9e000000-7f5c9e800000 rw-p 00000000 00:00 0 
7f5c9e800000-7f5c9e801000 ---p 00000000 00:00 0 
7f5c9e801000-7f5c9f001000 rw-p 00000000 00:00 0 
7f5c9f678000-7f5c9f679000 ---p 00000000 00:00 0 
7f5c9f679000-7f5c9fe79000 rw-p 00000000 00:00 0 
7f5c9ffe4000-7f5ca114f000 r--p 00000000 00:1d 1407374883818579           /usr/lib/wsl/drivers/nvdmi.inf_amd64_b5a59c8b6c2a9964/libnvwgf2umx.so
7f5ca114f000-7f5ca2be2000 r-xp 0116b000 00:1d 1407374883818579           /usr/lib/wsl/drivers/nvdmi.inf_amd64_b5a59c8b6c2a9964/libnvwgf2umx.so
7f5ca2be2000-7f5ca2ce4000 r--p 02bfe000 00:1d 1407374883818579           /usr/lib/wsl/drivers/nvdmi.inf_amd64_b5a59c8b6c2a9964/libnvwgf2umx.so
7f5ca2ce4000-7f5ca394c000 rw-p 02d00000 00:1d 1407374883818579           /usr/lib/wsl/drivers/nvdmi.inf_amd64_b5a59c8b6c2a9964/libnvwgf2umx.so
7f5ca394c000-7f5ca399b000 rw-p 00000000 00:00 0 
7f5ca3f97000-7f5ca3fdb000 r--p 00000000 00:1f 1407374883613435           /usr/lib/wsl/lib/libd3d12.so
7f5ca3fdb000-7f5ca4054000 r-xp 00043000 00:1f 1407374883613435           /usr/lib/wsl/lib/libd3d12.so
7f5ca4054000-7f5ca405c000 r--p 000bb000 00:1f 1407374883613435           /usr/lib/wsl/lib/libd3d12.so
7f5ca405c000-7f5ca405e000 rw-p 000c2000 00:1f 1407374883613435           /usr/lib/wsl/lib/libd3d12.so
7f5ca405e000-7f5ca4061000 rw-p 00000000 00:00 0 
7f5ca4061000-7f5ca4062000 r--p 00000000 08:20 6537                       /usr/lib/x86_64-linux-gnu/libicudata.so.70.1
7f5ca4062000-7f5ca4063000 r-xp 00001000 08:20 6537                       /usr/lib/x86_64-linux-gnu/libicudata.so.70.1
7f5ca4063000-7f5ca5c7d000 r--p 00002000 08:20 6537                       /usr/lib/x86_64-linux-gnu/libicudata.so.70.1
7f5ca5c7d000-7f5ca5c7e000 r--p 01c1b000 08:20 6537                       /usr/lib/x86_64-linux-gnu/libicudata.so.70.1
7f5ca5c7e000-7f5ca5c7f000 rw-p 01c1c000 08:20 6537                       /usr/lib/x86_64-linux-gnu/libicudata.so.70.1
7f5ca5c7f000-7f5ca5ce5000 r--p 00000000 08:20 6547                       /usr/lib/x86_64-linux-gnu/libicuuc.so.70.1
7f5ca5ce5000-7f5ca5dd8000 r-xp 00066000 08:20 6547                       /usr/lib/x86_64-linux-gnu/libicuuc.so.70.1
7f5ca5dd8000-7f5ca5e64000 r--p 00159000 08:20 6547                       /usr/lib/x86_64-linux-gnu/libicuuc.so.70.1
7f5ca5e64000-7f5ca5e77000 r--p 001e4000 08:20 6547                       /usr/lib/x86_64-linux-gnu/libicuuc.so.70.1
7f5ca5e77000-7f5ca5e78000 rw-p 001f7000 08:20 6547                       /usr/lib/x86_64-linux-gnu/libicuuc.so.70.1
7f5ca5e78000-7f5ca5e7a000 rw-p 00000000 00:00 0 
7f5ca5e7a000-7f5ca5ea9000 r--p 00000000 08:20 6772                       /usr/lib/x86_64-linux-gnu/libxml2.so.2.9.13
7f5ca5ea9000-7f5ca5ffc000 r-xp 0002f000 08:20 6772                       /usr/lib/x86_64-linux-gnu/libxml2.so.2.9.13
7f5ca5ffc000-7f5ca6050000 r--p 00182000 08:20 6772                       /usr/lib/x86_64-linux-gnu/libxml2.so.2.9.13
7f5ca6050000-7f5ca6051000 ---p 001d6000 08:20 6772                       /usr/lib/x86_64-linux-gnu/libxml2.so.2.9.13
7f5ca6051000-7f5ca605a000 r--p 001d6000 08:20 6772                       /usr/lib/x86_64-linux-gnu/libxml2.so.2.9.13
7f5ca605a000-7f5ca605b000 rw-p 001df000 08:20 6772                       /usr/lib/x86_64-linux-gnu/libxml2.so.2.9.13
7f5ca605b000-7f5ca605c000 rw-p 00000000 00:00 0 
7f5ca605c000-7f5cab8f3000 r-xp 00000000 08:20 353716                     /usr/lib/x86_64-linux-gnu/libLLVM-13.so.1
7f5cab8f3000-7f5cabf85000 r--p 05896000 08:20 353716                     /usr/lib/x86_64-linux-gnu/libLLVM-13.so.1
7f5cabf85000-7f5cabf8e000 rw-p 05f28000 08:20 353716                     /usr/lib/x86_64-linux-gnu/libLLVM-13.so.1
7f5cabf8e000-7f5cac000000 rw-p 00000000 00:00 0 
7f5cac000000-7f5cac0f8000 rw-p 00000000 00:00 0 
7f5cac0f8000-7f5cb0000000 ---p 00000000 00:00 0 
7f5cb0000000-7f5cb0596000 rw-p 00000000 00:00 0 
7f5cb0596000-7f5cb4000000 ---p 00000000 00:00 0 
7f5cb4000000-7f5cb4021000 rw-p 00000000 00:00 0 
7f5cb4021000-7f5cb8000000 ---p 00000000 00:00 0 
7f5cb8000000-7f5cb85b6000 rw-p 00000000 00:00 0 
7f5cb85b6000-7f5cbc000000 ---p 00000000 00:00 0 
7f5cbc000000-7f5cbc021000 rw-p 00000000 00:00 0 
7f5cbc021000-7f5cc0000000 ---p 00000000 00:00 0 
7f5cc0000000-7f5cc0021000 rw-p 00000000 00:00 0 
7f5cc0021000-7f5cc4000000 ---p 00000000 00:00 0 
7f5cc4000000-7f5cc4376000 rw-p 00000000 00:00 0 
7f5cc4376000-7f5cc8000000 ---p 00000000 00:00 0 
7f5cc8000000-7f5cc82d3000 rw-p 00000000 00:00 0 
7f5cc82d3000-7f5ccc000000 ---p 00000000 00:00 0 
7f5ccc000000-7f5ccc021000 rw-p 00000000 00:00 0 
7f5ccc021000-7f5cd0000000 ---p 00000000 00:00 0 
7f5cd0000000-7f5cd0021000 rw-p 00000000 00:00 0 
7f5cd0021000-7f5cd4000000 ---p 00000000 00:00 0 
7f5cd4000000-7f5cd4021000 rw-p 00000000 00:00 0 
7f5cd4021000-7f5cd8000000 ---p 00000000 00:00 0 
7f5cd8000000-7f5cd8021000 rw-p 00000000 00:00 0 
7f5cd8021000-7f5cdc000000 ---p 00000000 00:00 0 
7f5cdc000000-7f5cdc021000 rw-p 00000000 00:00 0 
7f5cdc021000-7f5ce0000000 ---p 00000000 00:00 0 
7f5ce0000000-7f5ce0039000 rw-p 00000000 00:00 0 
7f5ce0039000-7f5ce4000000 ---p 00000000 00:00 0 
7f5ce4000000-7f5ce4021000 rw-p 00000000 00:00 0 
7f5ce4021000-7f5ce8000000 ---p 00000000 00:00 0 
7f5ce8000000-7f5ce8021000 rw-p 00000000 00:00 0 
7f5ce8021000-7f5cec000000 ---p 00000000 00:00 0 
7f5cec04b000-7f5cec08e000 r--p 00000000 00:1f 1407374883613437           /usr/lib/wsl/lib/libdxcore.so
7f5cec08e000-7f5cec10f000 r-xp 00042000 00:1f 1407374883613437           /usr/lib/wsl/lib/libdxcore.so
7f5cec10f000-7f5cec117000 r--p 000c2000 00:1f 1407374883613437           /usr/lib/wsl/lib/libdxcore.so
7f5cec117000-7f5cec119000 rw-p 000c9000 00:1f 1407374883613437           /usr/lib/wsl/lib/libdxcore.so
7f5cec119000-7f5cec11c000 rw-p 00000000 00:00 0 
7f5cec11c000-7f5cec11f000 r--p 00000000 08:20 6585                       /usr/lib/x86_64-linux-gnu/liblzma.so.5.2.5
7f5cec11f000-7f5cec13a000 r-xp 00003000 08:20 6585                       /usr/lib/x86_64-linux-gnu/liblzma.so.5.2.5
7f5cec13a000-7f5cec145000 r--p 0001e000 08:20 6585                       /usr/lib/x86_64-linux-gnu/liblzma.so.5.2.5
7f5cec145000-7f5cec146000 r--p 00028000 08:20 6585                       /usr/lib/x86_64-linux-gnu/liblzma.so.5.2.5
7f5cec146000-7f5cec147000 rw-p 00029000 08:20 6585                       /usr/lib/x86_64-linux-gnu/liblzma.so.5.2.5
7f5cec14d000-7f5cec14e000 rw-s a03e68000 00:01 344                       /dev/zero (deleted)
7f5cec18a000-7f5cec18b000 rw-s a03e60000 00:01 328                       /dev/zero (deleted)
7f5cec1d0000-7f5cec1d1000 r--p 00000000 08:20 6456                       /usr/lib/x86_64-linux-gnu/libdl.so.2
7f5cec1d1000-7f5cec1d2000 r-xp 00001000 08:20 6456                       /usr/lib/x86_64-linux-gnu/libdl.so.2
7f5cec1d2000-7f5cec1d3000 r--p 00002000 08:20 6456                       /usr/lib/x86_64-linux-gnu/libdl.so.2
7f5cec1d3000-7f5cec1d4000 r--p 00002000 08:20 6456                       /usr/lib/x86_64-linux-gnu/libdl.so.2
7f5cec1d4000-7f5cec1d5000 rw-p 00003000 08:20 6456                       /usr/lib/x86_64-linux-gnu/libdl.so.2
7f5cec1d5000-7f5cec1d6000 r--p 00000000 08:20 6701                       /usr/lib/x86_64-linux-gnu/libpthread.so.0
7f5cec1d6000-7f5cec1d7000 r-xp 00001000 08:20 6701                       /usr/lib/x86_64-linux-gnu/libpthread.so.0
7f5cec1d7000-7f5cec1d8000 r--p 00002000 08:20 6701                       /usr/lib/x86_64-linux-gnu/libpthread.so.0
7f5cec1d8000-7f5cec1d9000 r--p 00002000 08:20 6701                       /usr/lib/x86_64-linux-gnu/libpthread.so.0
7f5cec1d9000-7f5cec1da000 rw-p 00003000 08:20 6701                       /usr/lib/x86_64-linux-gnu/libpthread.so.0
7f5cec1da000-7f5cec1e8000 r--p 00000000 08:20 6743                       /usr/lib/x86_64-linux-gnu/libtinfo.so.6.3
7f5cec1e8000-7f5cec1f9000 r-xp 0000e000 08:20 6743                       /usr/lib/x86_64-linux-gnu/libtinfo.so.6.3
7f5cec1f9000-7f5cec207000 r--p 0001f000 08:20 6743                       /usr/lib/x86_64-linux-gnu/libtinfo.so.6.3
7f5cec207000-7f5cec20b000 r--p 0002c000 08:20 6743                       /usr/lib/x86_64-linux-gnu/libtinfo.so.6.3
7f5cec20b000-7f5cec20c000 rw-p 00030000 08:20 6743                       /usr/lib/x86_64-linux-gnu/libtinfo.so.6.3
7f5cec20c000-7f5cec214000 r--p 00000000 08:20 6467                       /usr/lib/x86_64-linux-gnu/libedit.so.2.0.68
7f5cec214000-7f5cec232000 r-xp 00008000 08:20 6467                       /usr/lib/x86_64-linux-gnu/libedit.so.2.0.68
7f5cec232000-7f5cec23f000 r--p 00026000 08:20 6467                       /usr/lib/x86_64-linux-gnu/libedit.so.2.0.68
7f5cec23f000-7f5cec241000 r--p 00032000 08:20 6467                       /usr/lib/x86_64-linux-gnu/libedit.so.2.0.68
7f5cec241000-7f5cec242000 rw-p 00034000 08:20 6467                       /usr/lib/x86_64-linux-gnu/libedit.so.2.0.68
7f5cec242000-7f5cec246000 rw-p 00000000 00:00 0 
7f5cec246000-7f5cec248000 r--p 00000000 08:20 6483                       /usr/lib/x86_64-linux-gnu/libffi.so.8.1.0
7f5cec248000-7f5cec24f000 r-xp 00002000 08:20 6483                       /usr/lib/x86_64-linux-gnu/libffi.so.8.1.0
7f5cec24f000-7f5cec250000 r--p 00009000 08:20 6483                       /usr/lib/x86_64-linux-gnu/libffi.so.8.1.0
7f5cec250000-7f5cec251000 ---p 0000a000 08:20 6483                       /usr/lib/x86_64-linux-gnu/libffi.so.8.1.0
7f5cec251000-7f5cec252000 r--p 0000a000 08:20 6483                       /usr/lib/x86_64-linux-gnu/libffi.so.8.1.0
7f5cec252000-7f5cec253000 rw-p 0000b000 08:20 6483                       /usr/lib/x86_64-linux-gnu/libffi.so.8.1.0
7f5cec253000-7f5cec262000 r--p 00000000 08:20 353751                     /usr/lib/x86_64-linux-gnu/libvulkan.so.1.3.204
7f5cec262000-7f5cec29f000 r-xp 0000f000 08:20 353751                     /usr/lib/x86_64-linux-gnu/libvulkan.so.1.3.204
7f5cec29f000-7f5cec2bf000 r--p 0004c000 08:20 353751                     /usr/lib/x86_64-linux-gnu/libvulkan.so.1.3.204
7f5cec2bf000-7f5cec2c0000 r--p 0006b000 08:20 353751                     /usr/lib/x86_64-linux-gnu/libvulkan.so.1.3.204
7f5cec2c0000-7f5cec2c1000 rw-p 0006c000 08:20 353751                     /usr/lib/x86_64-linux-gnu/libvulkan.so.1.3.204
7f5cec2c1000-7f5cec2c3000 r--p 00000000 08:20 353697                     /usr/lib/x86_64-linux-gnu/libdrm_nouveau.so.2.0.0
7f5cec2c3000-7f5cec2c8000 r-xp 00002000 08:20 353697                     /usr/lib/x86_64-linux-gnu/libdrm_nouveau.so.2.0.0
7f5cec2c8000-7f5cec2ca000 r--p 00007000 08:20 353697                     /usr/lib/x86_64-linux-gnu/libdrm_nouveau.so.2.0.0
7f5cec2ca000-7f5cec2cb000 r--p 00008000 08:20 353697                     /usr/lib/x86_64-linux-gnu/libdrm_nouveau.so.2.0.0
7f5cec2cb000-7f5cec2cc000 rw-p 00009000 08:20 353697                     /usr/lib/x86_64-linux-gnu/libdrm_nouveau.so.2.0.0
7f5cec2cc000-7f5cec2cf000 r--p 00000000 08:20 353687                     /usr/lib/x86_64-linux-gnu/libdrm_amdgpu.so.1.0.0
7f5cec2cf000-7f5cec2d4000 r-xp 00003000 08:20 353687                     /usr/lib/x86_64-linux-gnu/libdrm_amdgpu.so.1.0.0
7f5cec2d4000-7f5cec2d6000 r--p 00008000 08:20 353687                     /usr/lib/x86_64-linux-gnu/libdrm_amdgpu.so.1.0.0
7f5cec2d6000-7f5cec2d7000 r--p 00009000 08:20 353687                     /usr/lib/x86_64-linux-gnu/libdrm_amdgpu.so.1.0.0
7f5cec2d7000-7f5cec2d8000 rw-p 0000a000 08:20 353687                     /usr/lib/x86_64-linux-gnu/libdrm_amdgpu.so.1.0.0
7f5cec2d8000-7f5cec2db000 r--p 00000000 08:20 6468                       /usr/lib/x86_64-linux-gnu/libelf-0.186.so
7f5cec2db000-7f5cec2ef000 r-xp 00003000 08:20 6468                       /usr/lib/x86_64-linux-gnu/libelf-0.186.so
7f5cec2ef000-7f5cec2f3000 r--p 00017000 08:20 6468                       /usr/lib/x86_64-linux-gnu/libelf-0.186.so
7f5cec2f3000-7f5cec2f4000 ---p 0001b000 08:20 6468                       /usr/lib/x86_64-linux-gnu/libelf-0.186.so
7f5cec2f4000-7f5cec2f5000 r--p 0001b000 08:20 6468                       /usr/lib/x86_64-linux-gnu/libelf-0.186.so
7f5cec2f5000-7f5cec2f6000 rw-p 0001c000 08:20 6468                       /usr/lib/x86_64-linux-gnu/libelf-0.186.so
7f5cec2f6000-7f5cec2f8000 r--p 00000000 08:20 353707                     /usr/lib/x86_64-linux-gnu/libdrm_radeon.so.1.0.1
7f5cec2f8000-7f5cec2ff000 r-xp 00002000 08:20 353707                     /usr/lib/x86_64-linux-gnu/libdrm_radeon.so.1.0.1
7f5cec2ff000-7f5cec303000 r--p 00009000 08:20 353707                     /usr/lib/x86_64-linux-gnu/libdrm_radeon.so.1.0.1
7f5cec303000-7f5cec304000 r--p 0000c000 08:20 353707                     /usr/lib/x86_64-linux-gnu/libdrm_radeon.so.1.0.1
7f5cec304000-7f5cec305000 rw-p 0000d000 08:20 353707                     /usr/lib/x86_64-linux-gnu/libdrm_radeon.so.1.0.1
7f5cec305000-7f5cec307000 r--p 00000000 08:20 12231                      /usr/lib/x86_64-linux-gnu/libsensors.so.5.0.0
7f5cec307000-7f5cec30e000 r-xp 00002000 08:20 12231                      /usr/lib/x86_64-linux-gnu/libsensors.so.5.0.0
7f5cec30e000-7f5cec312000 r--p 00009000 08:20 12231                      /usr/lib/x86_64-linux-gnu/libsensors.so.5.0.0
7f5cec312000-7f5cec313000 ---p 0000d000 08:20 12231                      /usr/lib/x86_64-linux-gnu/libsensors.so.5.0.0
7f5cec313000-7f5cec314000 r--p 0000d000 08:20 12231                      /usr/lib/x86_64-linux-gnu/libsensors.so.5.0.0
7f5cec314000-7f5cec315000 rw-p 0000e000 08:20 12231                      /usr/lib/x86_64-linux-gnu/libsensors.so.5.0.0
7f5cec315000-7f5cec31f000 r--p 00000000 08:20 6784                       /usr/lib/x86_64-linux-gnu/libzstd.so.1.4.8
7f5cec31f000-7f5cec3d1000 r-xp 0000a000 08:20 6784                       /usr/lib/x86_64-linux-gnu/libzstd.so.1.4.8
7f5cec3d1000-7f5cec3e2000 r--p 000bc000 08:20 6784                       /usr/lib/x86_64-linux-gnu/libzstd.so.1.4.8
7f5cec3e2000-7f5cec3e3000 r--p 000cc000 08:20 6784                       /usr/lib/x86_64-linux-gnu/libzstd.so.1.4.8
7f5cec3e3000-7f5cec3e4000 rw-p 000cd000 08:20 6784                       /usr/lib/x86_64-linux-gnu/libzstd.so.1.4.8
7f5cec3e4000-7f5cec474000 r--p 00000000 08:20 353763                     /usr/lib/x86_64-linux-gnu/dri/swrast_dri.so
7f5cec474000-7f5ced4ba000 r-xp 00090000 08:20 353763                     /usr/lib/x86_64-linux-gnu/dri/swrast_dri.so
7f5ced4ba000-7f5cedb3d000 r--p 010d6000 08:20 353763                     /usr/lib/x86_64-linux-gnu/dri/swrast_dri.so
7f5cedb3d000-7f5cedbb2000 r--p 01758000 08:20 353763                     /usr/lib/x86_64-linux-gnu/dri/swrast_dri.so
7f5cedbb2000-7f5cedbbf000 rw-p 017cd000 08:20 353763                     /usr/lib/x86_64-linux-gnu/dri/swrast_dri.so
7f5cedbbf000-7f5cedd7c000 rw-p 00000000 00:00 0 
7f5cedd7c000-7f5cedd7f000 r--p 00000000 08:20 353658                     /usr/lib/x86_64-linux-gnu/libxcb-xfixes.so.0.0.0
7f5cedd7f000-7f5cedd82000 r-xp 00003000 08:20 353658                     /usr/lib/x86_64-linux-gnu/libxcb-xfixes.so.0.0.0
7f5cedd82000-7f5cedd83000 r--p 00006000 08:20 353658                     /usr/lib/x86_64-linux-gnu/libxcb-xfixes.so.0.0.0
7f5cedd83000-7f5cedd84000 ---p 00007000 08:20 353658                     /usr/lib/x86_64-linux-gnu/libxcb-xfixes.so.0.0.0
7f5cedd84000-7f5cedd85000 r--p 00007000 08:20 353658                     /usr/lib/x86_64-linux-gnu/libxcb-xfixes.so.0.0.0
7f5cedd85000-7f5cedd86000 rw-p 00008000 08:20 353658                     /usr/lib/x86_64-linux-gnu/libxcb-xfixes.so.0.0.0
7f5cedd86000-7f5cedd87000 r--p 00000000 08:20 353668                     /usr/lib/x86_64-linux-gnu/libxshmfence.so.1.0.0
7f5cedd87000-7f5cedd88000 r-xp 00001000 08:20 353668                     /usr/lib/x86_64-linux-gnu/libxshmfence.so.1.0.0
7f5cedd88000-7f5cedd89000 r--p 00002000 08:20 353668                     /usr/lib/x86_64-linux-gnu/libxshmfence.so.1.0.0
7f5cedd89000-7f5cedd8a000 r--p 00002000 08:20 353668                     /usr/lib/x86_64-linux-gnu/libxshmfence.so.1.0.0
7f5cedd8a000-7f5cedd8b000 rw-p 00003000 08:20 353668                     /usr/lib/x86_64-linux-gnu/libxshmfence.so.1.0.0
7f5cedd8b000-7f5cedd8e000 r--p 00000000 08:20 353648                     /usr/lib/x86_64-linux-gnu/libxcb-sync.so.1.0.0
7f5cedd8e000-7f5cedd91000 r-xp 00003000 08:20 353648                     /usr/lib/x86_64-linux-gnu/libxcb-sync.so.1.0.0
7f5cedd91000-7f5cedd92000 r--p 00006000 08:20 353648                     /usr/lib/x86_64-linux-gnu/libxcb-sync.so.1.0.0
7f5cedd92000-7f5cedd93000 ---p 00007000 08:20 353648                     /usr/lib/x86_64-linux-gnu/libxcb-sync.so.1.0.0
7f5cedd93000-7f5cedd94000 r--p 00007000 08:20 353648                     /usr/lib/x86_64-linux-gnu/libxcb-sync.so.1.0.0
7f5cedd94000-7f5cedd95000 rw-p 00008000 08:20 353648                     /usr/lib/x86_64-linux-gnu/libxcb-sync.so.1.0.0
7f5cedd95000-7f5cedd96000 r--p 00000000 08:20 353628                     /usr/lib/x86_64-linux-gnu/libxcb-present.so.0.0.0
7f5cedd96000-7f5cedd97000 r-xp 00001000 08:20 353628                     /usr/lib/x86_64-linux-gnu/libxcb-present.so.0.0.0
7f5cedd97000-7f5cedd98000 r--p 00002000 08:20 353628                     /usr/lib/x86_64-linux-gnu/libxcb-present.so.0.0.0
7f5cedd98000-7f5cedd99000 r--p 00002000 08:20 353628                     /usr/lib/x86_64-linux-gnu/libxcb-present.so.0.0.0
7f5cedd99000-7f5cedd9a000 rw-p 00003000 08:20 353628                     /usr/lib/x86_64-linux-gnu/libxcb-present.so.0.0.0
7f5cedd9a000-7f5cedd9c000 r--p 00000000 08:20 353608                     /usr/lib/x86_64-linux-gnu/libxcb-dri3.so.0.0.0
7f5cedd9c000-7f5cedd9e000 r-xp 00002000 08:20 353608                     /usr/lib/x86_64-linux-gnu/libxcb-dri3.so.0.0.0
7f5cedd9e000-7f5cedd9f000 r--p 00004000 08:20 353608                     /usr/lib/x86_64-linux-gnu/libxcb-dri3.so.0.0.0
7f5cedd9f000-7f5cedda0000 r--p 00004000 08:20 353608                     /usr/lib/x86_64-linux-gnu/libxcb-dri3.so.0.0.0
7f5cedda0000-7f5cedda1000 rw-p 00005000 08:20 353608                     /usr/lib/x86_64-linux-gnu/libxcb-dri3.so.0.0.0
7f5cedda1000-7f5cedda5000 r--p 00000000 08:20 6475                       /usr/lib/x86_64-linux-gnu/libexpat.so.1.8.7
7f5cedda5000-7f5ceddc4000 r-xp 00004000 08:20 6475                       /usr/lib/x86_64-linux-gnu/libexpat.so.1.8.7
7f5ceddc4000-7f5ceddce000 r--p 00023000 08:20 6475                       /usr/lib/x86_64-linux-gnu/libexpat.so.1.8.7
7f5ceddce000-7f5ceddcf000 ---p 0002d000 08:20 6475                       /usr/lib/x86_64-linux-gnu/libexpat.so.1.8.7
7f5ceddcf000-7f5ceddd1000 r--p 0002d000 08:20 6475                       /usr/lib/x86_64-linux-gnu/libexpat.so.1.8.7
7f5ceddd1000-7f5ceddd2000 rw-p 0002f000 08:20 6475                       /usr/lib/x86_64-linux-gnu/libexpat.so.1.8.7
7f5ceddd2000-7f5ceddd3000 r--p 00000000 08:20 353638                     /usr/lib/x86_64-linux-gnu/libxcb-shm.so.0.0.0
7f5ceddd3000-7f5ceddd4000 r-xp 00001000 08:20 353638                     /usr/lib/x86_64-linux-gnu/libxcb-shm.so.0.0.0
7f5ceddd4000-7f5ceddd5000 r--p 00002000 08:20 353638                     /usr/lib/x86_64-linux-gnu/libxcb-shm.so.0.0.0
7f5ceddd5000-7f5ceddd6000 r--p 00002000 08:20 353638                     /usr/lib/x86_64-linux-gnu/libxcb-shm.so.0.0.0
7f5ceddd6000-7f5ceddd7000 rw-p 00003000 08:20 353638                     /usr/lib/x86_64-linux-gnu/libxcb-shm.so.0.0.0
7f5ceddd7000-7f5ceddd8000 r--p 00000000 08:20 353677                     /usr/lib/x86_64-linux-gnu/libXxf86vm.so.1.0.0
7f5ceddd8000-7f5cedddb000 r-xp 00001000 08:20 353677                     /usr/lib/x86_64-linux-gnu/libXxf86vm.so.1.0.0
7f5cedddb000-7f5cedddc000 r--p 00004000 08:20 353677                     /usr/lib/x86_64-linux-gnu/libXxf86vm.so.1.0.0
7f5cedddc000-7f5cedddd000 r--p 00004000 08:20 353677                     /usr/lib/x86_64-linux-gnu/libXxf86vm.so.1.0.0
7f5cedddd000-7f5ceddde000 rw-p 00005000 08:20 353677                     /usr/lib/x86_64-linux-gnu/libXxf86vm.so.1.0.0
7f5ceddde000-7f5cedde2000 r--p 00000000 08:20 6386                       /usr/lib/x86_64-linux-gnu/libXext.so.6.4.0
7f5cedde2000-7f5cedded000 r-xp 00004000 08:20 6386                       /usr/lib/x86_64-linux-gnu/libXext.so.6.4.0
7f5cedded000-7f5ceddf1000 r--p 0000f000 08:20 6386                       /usr/lib/x86_64-linux-gnu/libXext.so.6.4.0
7f5ceddf1000-7f5ceddf2000 r--p 00012000 08:20 6386                       /usr/lib/x86_64-linux-gnu/libXext.so.6.4.0
7f5ceddf2000-7f5ceddf3000 rw-p 00013000 08:20 6386                       /usr/lib/x86_64-linux-gnu/libXext.so.6.4.0
7f5ceddf3000-7f5ceddfe000 r--p 00000000 08:20 353618                     /usr/lib/x86_64-linux-gnu/libxcb-glx.so.0.0.0
7f5ceddfe000-7f5cede07000 r-xp 0000b000 08:20 353618                     /usr/lib/x86_64-linux-gnu/libxcb-glx.so.0.0.0
7f5cede07000-7f5cede0c000 r--p 00014000 08:20 353618                     /usr/lib/x86_64-linux-gnu/libxcb-glx.so.0.0.0
7f5cede0c000-7f5cede0d000 ---p 00019000 08:20 353618                     /usr/lib/x86_64-linux-gnu/libxcb-glx.so.0.0.0
7f5cede0d000-7f5cede0f000 r--p 00019000 08:20 353618                     /usr/lib/x86_64-linux-gnu/libxcb-glx.so.0.0.0
7f5cede0f000-7f5cede10000 rw-p 0001b000 08:20 353618                     /usr/lib/x86_64-linux-gnu/libxcb-glx.so.0.0.0
7f5cede10000-7f5cede15000 r--p 00000000 08:20 6461                       /usr/lib/x86_64-linux-gnu/libdrm.so.2.4.0
7f5cede15000-7f5cede20000 r-xp 00005000 08:20 6461                       /usr/lib/x86_64-linux-gnu/libdrm.so.2.4.0
7f5cede20000-7f5cede24000 r--p 00010000 08:20 6461                       /usr/lib/x86_64-linux-gnu/libdrm.so.2.4.0
7f5cede24000-7f5cede25000 r--p 00013000 08:20 6461                       /usr/lib/x86_64-linux-gnu/libdrm.so.2.4.0
7f5cede25000-7f5cede26000 rw-p 00014000 08:20 6461                       /usr/lib/x86_64-linux-gnu/libdrm.so.2.4.0
7f5cede26000-7f5cede33000 r--p 00000000 08:20 353576                     /usr/lib/x86_64-linux-gnu/libglapi.so.0.0.0
7f5cede33000-7f5cede41000 r-xp 0000d000 08:20 353576                     /usr/lib/x86_64-linux-gnu/libglapi.so.0.0.0
7f5cede41000-7f5cede5a000 r--p 0001b000 08:20 353576                     /usr/lib/x86_64-linux-gnu/libglapi.so.0.0.0
7f5cede5a000-7f5cede5b000 ---p 00034000 08:20 353576                     /usr/lib/x86_64-linux-gnu/libglapi.so.0.0.0
7f5cede5b000-7f5cede5f000 r--p 00034000 08:20 353576                     /usr/lib/x86_64-linux-gnu/libglapi.so.0.0.0
7f5cede5f000-7f5cede60000 rw-p 00038000 08:20 353576                     /usr/lib/x86_64-linux-gnu/libglapi.so.0.0.0
7f5cede60000-7f5cede61000 rw-p 00000000 00:00 0 
7f5cede61000-7f5cede7a000 r--p 00000000 08:20 353777                     /usr/lib/x86_64-linux-gnu/libGLX_mesa.so.0.0.0
7f5cede7a000-7f5cedeb8000 r-xp 00019000 08:20 353777                     /usr/lib/x86_64-linux-gnu/libGLX_mesa.so.0.0.0
7f5cedeb8000-7f5cedecd000 r--p 00057000 08:20 353777                     /usr/lib/x86_64-linux-gnu/libGLX_mesa.so.0.0.0
7f5cedecd000-7f5cedece000 ---p 0006c000 08:20 353777                     /usr/lib/x86_64-linux-gnu/libGLX_mesa.so.0.0.0
7f5cedece000-7f5ceded0000 r--p 0006c000 08:20 353777                     /usr/lib/x86_64-linux-gnu/libGLX_mesa.so.0.0.0
7f5ceded0000-7f5ceded1000 rw-p 0006e000 08:20 353777                     /usr/lib/x86_64-linux-gnu/libGLX_mesa.so.0.0.0
7f5ceded1000-7f5ceded2000 rw-p 00000000 00:00 0 
7f5ceded2000-7f5ceded6000 r--p 00000000 08:20 6422                       /usr/lib/x86_64-linux-gnu/libbsd.so.0.11.5
7f5ceded6000-7f5cedee3000 r-xp 00004000 08:20 6422                       /usr/lib/x86_64-linux-gnu/libbsd.so.0.11.5
7f5cedee3000-7f5cedee6000 r--p 00011000 08:20 6422                       /usr/lib/x86_64-linux-gnu/libbsd.so.0.11.5
7f5cedee6000-7f5cedee7000 ---p 00014000 08:20 6422                       /usr/lib/x86_64-linux-gnu/libbsd.so.0.11.5
7f5cedee7000-7f5cedee8000 r--p 00014000 08:20 6422                       /usr/lib/x86_64-linux-gnu/libbsd.so.0.11.5
7f5cedee8000-7f5cedee9000 rw-p 00015000 08:20 6422                       /usr/lib/x86_64-linux-gnu/libbsd.so.0.11.5
7f5cedee9000-7f5cedeea000 rw-p 00000000 00:00 0 
7f5cedeea000-7f5cedeed000 r--p 00000000 08:20 353791                     /usr/lib/x86_64-linux-gnu/libGLX.so.0.0.0
7f5cedeed000-7f5cedf08000 r-xp 00003000 08:20 353791                     /usr/lib/x86_64-linux-gnu/libGLX.so.0.0.0
7f5cedf08000-7f5cedf0b000 r--p 0001e000 08:20 353791                     /usr/lib/x86_64-linux-gnu/libGLX.so.0.0.0
7f5cedf0b000-7f5cedf0c000 ---p 00021000 08:20 353791                     /usr/lib/x86_64-linux-gnu/libGLX.so.0.0.0
7f5cedf0c000-7f5cedf0d000 r--p 00021000 08:20 353791                     /usr/lib/x86_64-linux-gnu/libGLX.so.0.0.0
7f5cedf0d000-7f5cedf0e000 rw-p 00022000 08:20 353791                     /usr/lib/x86_64-linux-gnu/libGLX.so.0.0.0
7f5cedf0e000-7f5cedf1e000 rw-p 00000000 00:00 0 
7f5cedf1e000-7f5cedf5e000 r--p 00000000 08:20 353565                     /usr/lib/x86_64-linux-gnu/libGLdispatch.so.0.0.0
7f5cedf5e000-7f5cedf9d000 r-xp 00040000 08:20 353565                     /usr/lib/x86_64-linux-gnu/libGLdispatch.so.0.0.0
7f5cedf9d000-7f5cedfb0000 r--p 0007f000 08:20 353565                     /usr/lib/x86_64-linux-gnu/libGLdispatch.so.0.0.0
7f5cedfb0000-7f5cedfb1000 ---p 00092000 08:20 353565                     /usr/lib/x86_64-linux-gnu/libGLdispatch.so.0.0.0
7f5cedfb1000-7f5cedfcd000 r--p 00092000 08:20 353565                     /usr/lib/x86_64-linux-gnu/libGLdispatch.so.0.0.0
7f5cedfcd000-7f5cedfce000 rw-p 000ae000 08:20 353565                     /usr/lib/x86_64-linux-gnu/libGLdispatch.so.0.0.0
7f5cedfce000-7f5cedfd6000 rw-p 00000000 00:00 0 
7f5cedfd6000-7f5cedfe1000 r--p 00000000 08:20 6770                       /usr/lib/x86_64-linux-gnu/libxcb.so.1.1.0
7f5cedfe1000-7f5cedff5000 r-xp 0000b000 08:20 6770                       /usr/lib/x86_64-linux-gnu/libxcb.so.1.1.0
7f5cedff5000-7f5cedffe000 r--p 0001f000 08:20 6770                       /usr/lib/x86_64-linux-gnu/libxcb.so.1.1.0
7f5cedffe000-7f5cedfff000 r--p 00027000 08:20 6770                       /usr/lib/x86_64-linux-gnu/libxcb.so.1.1.0
7f5cedfff000-7f5cee000000 rw-p 00028000 08:20 6770                       /usr/lib/x86_64-linux-gnu/libxcb.so.1.1.0
7f5cee000000-7f5cee00c000 r-xp 00000000 08:20 371130                     /home/owenyap/.openjfx/cache/11/libprism_es2.so
7f5cee00c000-7f5cee20b000 ---p 0000c000 08:20 371130                     /home/owenyap/.openjfx/cache/11/libprism_es2.so
7f5cee20b000-7f5cee20c000 r--p 0000b000 08:20 371130                     /home/owenyap/.openjfx/cache/11/libprism_es2.so
7f5cee20c000-7f5cee20d000 rw-p 0000c000 08:20 371130                     /home/owenyap/.openjfx/cache/11/libprism_es2.so
7f5cee20f000-7f5cee211000 r--p 00000000 08:20 351763                     /usr/lib/x86_64-linux-gnu/libXfixes.so.3.1.0
7f5cee211000-7f5cee214000 r-xp 00002000 08:20 351763                     /usr/lib/x86_64-linux-gnu/libXfixes.so.3.1.0
7f5cee214000-7f5cee215000 r--p 00005000 08:20 351763                     /usr/lib/x86_64-linux-gnu/libXfixes.so.3.1.0
7f5cee215000-7f5cee216000 r--p 00006000 08:20 351763                     /usr/lib/x86_64-linux-gnu/libXfixes.so.3.1.0
7f5cee216000-7f5cee217000 rw-p 00007000 08:20 351763                     /usr/lib/x86_64-linux-gnu/libXfixes.so.3.1.0
7f5cee217000-7f5cee219000 r--p 00000000 08:20 6594                       /usr/lib/x86_64-linux-gnu/libmd.so.0.0.5
7f5cee219000-7f5cee220000 r-xp 00002000 08:20 6594                       /usr/lib/x86_64-linux-gnu/libmd.so.0.0.5
7f5cee220000-7f5cee222000 r--p 00009000 08:20 6594                       /usr/lib/x86_64-linux-gnu/libmd.so.0.0.5
7f5cee222000-7f5cee223000 r--p 0000a000 08:20 6594                       /usr/lib/x86_64-linux-gnu/libmd.so.0.0.5
7f5cee223000-7f5cee224000 rw-p 0000b000 08:20 6594                       /usr/lib/x86_64-linux-gnu/libmd.so.0.0.5
7f5cee224000-7f5cee267000 r--p 00000000 08:20 353803                     /usr/lib/x86_64-linux-gnu/libGL.so.1.7.0
7f5cee267000-7f5cee286000 r-xp 00043000 08:20 353803                     /usr/lib/x86_64-linux-gnu/libGL.so.1.7.0
7f5cee286000-7f5cee29b000 r--p 00062000 08:20 353803                     /usr/lib/x86_64-linux-gnu/libGL.so.1.7.0
7f5cee29b000-7f5cee2a9000 r--p 00076000 08:20 353803                     /usr/lib/x86_64-linux-gnu/libGL.so.1.7.0
7f5cee2a9000-7f5cee2aa000 rw-p 00084000 08:20 353803                     /usr/lib/x86_64-linux-gnu/libGL.so.1.7.0
7f5cee2aa000-7f5cee2ab000 rw-p 00000000 00:00 0 
7f5cee2ab000-7f5cee2c4000 r--p 00000000 08:20 6380                       /usr/lib/x86_64-linux-gnu/libX11.so.6.4.0
7f5cee2c4000-7f5cee350000 r-xp 00019000 08:20 6380                       /usr/lib/x86_64-linux-gnu/libX11.so.6.4.0
7f5cee350000-7f5cee3e5000 r--p 000a5000 08:20 6380                       /usr/lib/x86_64-linux-gnu/libX11.so.6.4.0
7f5cee3e5000-7f5cee3e6000 ---p 0013a000 08:20 6380                       /usr/lib/x86_64-linux-gnu/libX11.so.6.4.0
7f5cee3e6000-7f5cee3e7000 r--p 0013a000 08:20 6380                       /usr/lib/x86_64-linux-gnu/libX11.so.6.4.0
7f5cee3e7000-7f5cee3eb000 rw-p 0013b000 08:20 6380                       /usr/lib/x86_64-linux-gnu/libX11.so.6.4.0
7f5cee3eb000-7f5cee3ef000 ---p 00000000 00:00 0 
7f5cee3ef000-7f5cee4eb000 rw-p 00000000 00:00 0 
7f5cee4eb000-7f5cee4ef000 ---p 00000000 00:00 0 
7f5cee4ef000-7f5cee5eb000 rw-p 00000000 00:00 0 
7f5cee5eb000-7f5cee5ef000 ---p 00000000 00:00 0 
7f5cee5ef000-7f5cee71c000 rw-p 00000000 00:00 0 
7f5cee71c000-7f5cee720000 ---p 00000000 00:00 0 
7f5cee720000-7f5cee81c000 rw-p 00000000 00:00 0 
7f5cee81c000-7f5cee81d000 ---p 00000000 00:00 0 
7f5cee81d000-7f5cee91e000 rw-p 00000000 00:00 0 
7f5cee91e000-7f5cee922000 ---p 00000000 00:00 0 
7f5cee922000-7f5ceea1e000 rw-p 00000000 00:00 0 
7f5ceea1e000-7f5ceea22000 ---p 00000000 00:00 0 
7f5ceea22000-7f5ceeb1e000 rw-p 00000000 00:00 0 
7f5ceeb1e000-7f5ceeb22000 ---p 00000000 00:00 0 
7f5ceeb22000-7f5ceec1e000 rw-p 00000000 00:00 0 
7f5ceec1e000-7f5ceec22000 ---p 00000000 00:00 0 
7f5ceec22000-7f5ceed1e000 rw-p 00000000 00:00 0 
7f5ceed1e000-7f5ceed22000 ---p 00000000 00:00 0 
7f5ceed22000-7f5ceee1e000 rw-p 00000000 00:00 0 
7f5ceee1e000-7f5ceee75000 r--p 00000000 08:20 2336                       /usr/lib/locale/C.utf8/LC_CTYPE
7f5ceee75000-7f5ceee79000 ---p 00000000 00:00 0 
7f5ceee79000-7f5ceef75000 rw-p 00000000 00:00 0 
7f5ceef75000-7f5ceef79000 ---p 00000000 00:00 0 
7f5ceef79000-7f5cef075000 rw-p 00000000 00:00 0 
7f5cef075000-7f5cef076000 ---p 00000000 00:00 0 
7f5cef076000-7f5cef778000 rw-p 00000000 00:00 0 
7f5cef778000-7f5cef9f8000 ---p 00000000 00:00 0 
7f5cef9f8000-7f5cef9f9000 ---p 00000000 00:00 0 
7f5cef9f9000-7f5cefafa000 rw-p 00000000 00:00 0 
7f5cefafa000-7f5cefafb000 ---p 00000000 00:00 0 
7f5cefafb000-7f5cf0000000 rw-p 00000000 00:00 0 
7f5cf0000000-7f5cf0021000 rw-p 00000000 00:00 0 
7f5cf0021000-7f5cf4000000 ---p 00000000 00:00 0 
7f5cf4000000-7f5cf4002000 r--p 00000000 08:20 353598                     /usr/lib/x86_64-linux-gnu/libxcb-dri2.so.0.0.0
7f5cf4002000-7f5cf4004000 r-xp 00002000 08:20 353598                     /usr/lib/x86_64-linux-gnu/libxcb-dri2.so.0.0.0
7f5cf4004000-7f5cf4005000 r--p 00004000 08:20 353598                     /usr/lib/x86_64-linux-gnu/libxcb-dri2.so.0.0.0
7f5cf4005000-7f5cf4006000 r--p 00004000 08:20 353598                     /usr/lib/x86_64-linux-gnu/libxcb-dri2.so.0.0.0
7f5cf4006000-7f5cf4007000 rw-p 00005000 08:20 353598                     /usr/lib/x86_64-linux-gnu/libxcb-dri2.so.0.0.0
7f5cf4007000-7f5cf4008000 r--p 00000000 08:20 353588                     /usr/lib/x86_64-linux-gnu/libX11-xcb.so.1.0.0
7f5cf4008000-7f5cf4009000 r-xp 00001000 08:20 353588                     /usr/lib/x86_64-linux-gnu/libX11-xcb.so.1.0.0
7f5cf4009000-7f5cf400a000 r--p 00002000 08:20 353588                     /usr/lib/x86_64-linux-gnu/libX11-xcb.so.1.0.0
7f5cf400a000-7f5cf400b000 r--p 00002000 08:20 353588                     /usr/lib/x86_64-linux-gnu/libX11-xcb.so.1.0.0
7f5cf400b000-7f5cf400c000 rw-p 00003000 08:20 353588                     /usr/lib/x86_64-linux-gnu/libX11-xcb.so.1.0.0
7f5cf400c000-7f5cf400e000 r--p 00000000 08:20 6384                       /usr/lib/x86_64-linux-gnu/libXdmcp.so.6.0.0
7f5cf400e000-7f5cf4010000 r-xp 00002000 08:20 6384                       /usr/lib/x86_64-linux-gnu/libXdmcp.so.6.0.0
7f5cf4010000-7f5cf4012000 r--p 00004000 08:20 6384                       /usr/lib/x86_64-linux-gnu/libXdmcp.so.6.0.0
7f5cf4012000-7f5cf4013000 r--p 00005000 08:20 6384                       /usr/lib/x86_64-linux-gnu/libXdmcp.so.6.0.0
7f5cf4013000-7f5cf4014000 rw-p 00006000 08:20 6384                       /usr/lib/x86_64-linux-gnu/libXdmcp.so.6.0.0
7f5cf4014000-7f5cf6360000 rw-p 00000000 00:00 0 
7f5cf6360000-7f5cf7ff8000 ---p 00000000 00:00 0 
7f5cf7ff8000-7f5cf8000000 rw-p 00000000 00:00 0 
7f5cf8000000-7f5cf8021000 rw-p 00000000 00:00 0 
7f5cf8021000-7f5cfc000000 ---p 00000000 00:00 0 
7f5cfc000000-7f5cfc004000 r--p 00000000 08:20 353364                     /usr/lib/jvm/java-11-openjdk-amd64/lib/libnet.so
7f5cfc004000-7f5cfc012000 r-xp 00004000 08:20 353364                     /usr/lib/jvm/java-11-openjdk-amd64/lib/libnet.so
7f5cfc012000-7f5cfc016000 r--p 00012000 08:20 353364                     /usr/lib/jvm/java-11-openjdk-amd64/lib/libnet.so
7f5cfc016000-7f5cfc017000 r--p 00015000 08:20 353364                     /usr/lib/jvm/java-11-openjdk-amd64/lib/libnet.so
7f5cfc017000-7f5cfc018000 rw-p 00016000 08:20 353364                     /usr/lib/jvm/java-11-openjdk-amd64/lib/libnet.so
7f5cfc018000-7f5cfc01f000 r--p 00000000 08:20 353365                     /usr/lib/jvm/java-11-openjdk-amd64/lib/libnio.so
7f5cfc01f000-7f5cfc027000 r-xp 00007000 08:20 353365                     /usr/lib/jvm/java-11-openjdk-amd64/lib/libnio.so
7f5cfc027000-7f5cfc02a000 r--p 0000f000 08:20 353365                     /usr/lib/jvm/java-11-openjdk-amd64/lib/libnio.so
7f5cfc02a000-7f5cfc02b000 r--p 00011000 08:20 353365                     /usr/lib/jvm/java-11-openjdk-amd64/lib/libnio.so
7f5cfc02b000-7f5cfc02c000 rw-p 00012000 08:20 353365                     /usr/lib/jvm/java-11-openjdk-amd64/lib/libnio.so
7f5cfc02c000-7f5cfc57a000 rw-p 00000000 00:00 0 
7f5cfc57a000-7f5cfc57b000 ---p 00000000 00:00 0 
7f5cfc57b000-7f5cfc67c000 rw-p 00000000 00:00 0 
7f5cfc67c000-7f5cfc67d000 ---p 00000000 00:00 0 
7f5cfc67d000-7f5cfc7fd000 rw-p 00000000 00:00 0 
7f5cfc7fd000-7f5cfca6d000 rwxp 00000000 00:00 0 
7f5cfca6d000-7f5cfcd8e000 ---p 00000000 00:00 0 
7f5cfcd8e000-7f5cfcffe000 rwxp 00000000 00:00 0 
7f5cfcffe000-7f5d042c5000 ---p 00000000 00:00 0 
7f5d042c5000-7f5d04535000 rwxp 00000000 00:00 0 
7f5d04535000-7f5d0b7fd000 ---p 00000000 00:00 0 
7f5d0b7fd000-7f5d14000000 r--s 00000000 08:20 353374                     /usr/lib/jvm/java-11-openjdk-amd64/lib/modules
7f5d14000000-7f5d14210000 rw-p 00000000 00:00 0 
7f5d14210000-7f5d18000000 ---p 00000000 00:00 0 
7f5d18000000-7f5d18001000 r--p 00000000 08:20 6382                       /usr/lib/x86_64-linux-gnu/libXau.so.6.0.0
7f5d18001000-7f5d18003000 r-xp 00001000 08:20 6382                       /usr/lib/x86_64-linux-gnu/libXau.so.6.0.0
7f5d18003000-7f5d18004000 r--p 00003000 08:20 6382                       /usr/lib/x86_64-linux-gnu/libXau.so.6.0.0
7f5d18004000-7f5d18005000 r--p 00003000 08:20 6382                       /usr/lib/x86_64-linux-gnu/libXau.so.6.0.0
7f5d18005000-7f5d18006000 rw-p 00004000 08:20 6382                       /usr/lib/x86_64-linux-gnu/libXau.so.6.0.0
7f5d1800c000-7f5d1800d000 r--p 00000000 08:20 2343                       /usr/lib/locale/C.utf8/LC_NUMERIC
7f5d1800d000-7f5d1800e000 r--p 00000000 08:20 2346                       /usr/lib/locale/C.utf8/LC_TIME
7f5d1800e000-7f5d1800f000 r--p 00000000 08:20 2335                       /usr/lib/locale/C.utf8/LC_COLLATE
7f5d1800f000-7f5d18010000 r--p 00000000 08:20 2341                       /usr/lib/locale/C.utf8/LC_MONETARY
7f5d18010000-7f5d18011000 r--p 00000000 08:20 2340                       /usr/lib/locale/C.utf8/LC_MESSAGES/SYS_LC_MESSAGES
7f5d18011000-7f5d18012000 r--p 00000000 08:20 2344                       /usr/lib/locale/C.utf8/LC_PAPER
7f5d18012000-7f5d18013000 r--p 00000000 08:20 2342                       /usr/lib/locale/C.utf8/LC_NAME
7f5d18013000-7f5d18014000 r--p 00000000 08:20 2334                       /usr/lib/locale/C.utf8/LC_ADDRESS
7f5d18014000-7f5d1801b000 r--s 00000000 08:20 6197                       /usr/lib/x86_64-linux-gnu/gconv/gconv-modules.cache
7f5d1801b000-7f5d1822c000 rw-p 00000000 00:00 0 
7f5d1822c000-7f5d19ec4000 ---p 00000000 00:00 0 
7f5d19ec4000-7f5d19f0a000 rw-p 00000000 00:00 0 
7f5d19f0a000-7f5d1a29d000 ---p 00000000 00:00 0 
7f5d1a29d000-7f5d1a2dc000 rw-p 00000000 00:00 0 
7f5d1a2dc000-7f5d1a66f000 ---p 00000000 00:00 0 
7f5d1a66f000-7f5d1a6ae000 rw-p 00000000 00:00 0 
7f5d1a6ae000-7f5d1aa41000 ---p 00000000 00:00 0 
7f5d1aa41000-7f5d1b44c000 rw-p 00000000 00:00 0 
7f5d1b44c000-7f5d1b44d000 ---p 00000000 00:00 0 
7f5d1b44d000-7f5d1b553000 rw-p 00000000 00:00 0 
7f5d1b553000-7f5d1b639000 ---p 00000000 00:00 0 
7f5d1b639000-7f5d1b63e000 rw-p 00000000 00:00 0 
7f5d1b63e000-7f5d1b724000 ---p 00000000 00:00 0 
7f5d1b724000-7f5d1b729000 rw-p 00000000 00:00 0 
7f5d1b729000-7f5d1b730000 ---p 00000000 00:00 0 
7f5d1b730000-7f5d1b732000 r--p 00000000 08:20 353373                     /usr/lib/jvm/java-11-openjdk-amd64/lib/libzip.so
7f5d1b732000-7f5d1b737000 r-xp 00002000 08:20 353373                     /usr/lib/jvm/java-11-openjdk-amd64/lib/libzip.so
7f5d1b737000-7f5d1b739000 r--p 00007000 08:20 353373                     /usr/lib/jvm/java-11-openjdk-amd64/lib/libzip.so
7f5d1b739000-7f5d1b73a000 r--p 00008000 08:20 353373                     /usr/lib/jvm/java-11-openjdk-amd64/lib/libzip.so
7f5d1b73a000-7f5d1b73b000 rw-p 00009000 08:20 353373                     /usr/lib/jvm/java-11-openjdk-amd64/lib/libzip.so
7f5d1b73b000-7f5d1b743000 rw-s 00000000 08:20 360570                     /tmp/hsperfdata_owenyap/11982 (deleted)
7f5d1b743000-7f5d1b745000 r--p 00000000 08:20 353356                     /usr/lib/jvm/java-11-openjdk-amd64/lib/libjimage.so
7f5d1b745000-7f5d1b748000 r-xp 00002000 08:20 353356                     /usr/lib/jvm/java-11-openjdk-amd64/lib/libjimage.so
7f5d1b748000-7f5d1b749000 r--p 00005000 08:20 353356                     /usr/lib/jvm/java-11-openjdk-amd64/lib/libjimage.so
7f5d1b749000-7f5d1b74a000 ---p 00006000 08:20 353356                     /usr/lib/jvm/java-11-openjdk-amd64/lib/libjimage.so
7f5d1b74a000-7f5d1b74b000 r--p 00006000 08:20 353356                     /usr/lib/jvm/java-11-openjdk-amd64/lib/libjimage.so
7f5d1b74b000-7f5d1b74c000 rw-p 00007000 08:20 353356                     /usr/lib/jvm/java-11-openjdk-amd64/lib/libjimage.so
7f5d1b74c000-7f5d1b759000 r--p 00000000 08:20 353353                     /usr/lib/jvm/java-11-openjdk-amd64/lib/libjava.so
7f5d1b759000-7f5d1b76f000 r-xp 0000d000 08:20 353353                     /usr/lib/jvm/java-11-openjdk-amd64/lib/libjava.so
7f5d1b76f000-7f5d1b776000 r--p 00023000 08:20 353353                     /usr/lib/jvm/java-11-openjdk-amd64/lib/libjava.so
7f5d1b776000-7f5d1b777000 r--p 00029000 08:20 353353                     /usr/lib/jvm/java-11-openjdk-amd64/lib/libjava.so
7f5d1b777000-7f5d1b778000 rw-p 0002a000 08:20 353353                     /usr/lib/jvm/java-11-openjdk-amd64/lib/libjava.so
7f5d1b778000-7f5d1b779000 rw-p 00000000 00:00 0 
7f5d1b779000-7f5d1b77e000 r--p 00000000 08:20 353372                     /usr/lib/jvm/java-11-openjdk-amd64/lib/libverify.so
7f5d1b77e000-7f5d1b785000 r-xp 00005000 08:20 353372                     /usr/lib/jvm/java-11-openjdk-amd64/lib/libverify.so
7f5d1b785000-7f5d1b787000 r--p 0000c000 08:20 353372                     /usr/lib/jvm/java-11-openjdk-amd64/lib/libverify.so
7f5d1b787000-7f5d1b789000 r--p 0000d000 08:20 353372                     /usr/lib/jvm/java-11-openjdk-amd64/lib/libverify.so
7f5d1b789000-7f5d1b78a000 rw-p 0000f000 08:20 353372                     /usr/lib/jvm/java-11-openjdk-amd64/lib/libverify.so
7f5d1b78a000-7f5d1b78b000 r--p 00000000 08:20 6707                       /usr/lib/x86_64-linux-gnu/librt.so.1
7f5d1b78b000-7f5d1b78c000 r-xp 00001000 08:20 6707                       /usr/lib/x86_64-linux-gnu/librt.so.1
7f5d1b78c000-7f5d1b78d000 r--p 00002000 08:20 6707                       /usr/lib/x86_64-linux-gnu/librt.so.1
7f5d1b78d000-7f5d1b78e000 r--p 00002000 08:20 6707                       /usr/lib/x86_64-linux-gnu/librt.so.1
7f5d1b78e000-7f5d1b78f000 rw-p 00003000 08:20 6707                       /usr/lib/x86_64-linux-gnu/librt.so.1
7f5d1b78f000-7f5d1b793000 ---p 00000000 00:00 0 
7f5d1b793000-7f5d1b88f000 rw-p 00000000 00:00 0 
7f5d1b88f000-7f5d1b892000 r--p 00000000 08:20 6494                       /usr/lib/x86_64-linux-gnu/libgcc_s.so.1
7f5d1b892000-7f5d1b8a9000 r-xp 00003000 08:20 6494                       /usr/lib/x86_64-linux-gnu/libgcc_s.so.1
7f5d1b8a9000-7f5d1b8ad000 r--p 0001a000 08:20 6494                       /usr/lib/x86_64-linux-gnu/libgcc_s.so.1
7f5d1b8ad000-7f5d1b8ae000 r--p 0001d000 08:20 6494                       /usr/lib/x86_64-linux-gnu/libgcc_s.so.1
7f5d1b8ae000-7f5d1b8af000 rw-p 0001e000 08:20 6494                       /usr/lib/x86_64-linux-gnu/libgcc_s.so.1
7f5d1b8af000-7f5d1b8bd000 r--p 00000000 08:20 6588                       /usr/lib/x86_64-linux-gnu/libm.so.6
7f5d1b8bd000-7f5d1b939000 r-xp 0000e000 08:20 6588                       /usr/lib/x86_64-linux-gnu/libm.so.6
7f5d1b939000-7f5d1b994000 r--p 0008a000 08:20 6588                       /usr/lib/x86_64-linux-gnu/libm.so.6
7f5d1b994000-7f5d1b995000 r--p 000e4000 08:20 6588                       /usr/lib/x86_64-linux-gnu/libm.so.6
7f5d1b995000-7f5d1b996000 rw-p 000e5000 08:20 6588                       /usr/lib/x86_64-linux-gnu/libm.so.6
7f5d1b996000-7f5d1ba30000 r--p 00000000 08:20 6732                       /usr/lib/x86_64-linux-gnu/libstdc++.so.6.0.30
7f5d1ba30000-7f5d1bb40000 r-xp 0009a000 08:20 6732                       /usr/lib/x86_64-linux-gnu/libstdc++.so.6.0.30
7f5d1bb40000-7f5d1bbaf000 r--p 001aa000 08:20 6732                       /usr/lib/x86_64-linux-gnu/libstdc++.so.6.0.30
7f5d1bbaf000-7f5d1bbba000 r--p 00218000 08:20 6732                       /usr/lib/x86_64-linux-gnu/libstdc++.so.6.0.30
7f5d1bbba000-7f5d1bbbd000 rw-p 00223000 08:20 6732                       /usr/lib/x86_64-linux-gnu/libstdc++.so.6.0.30
7f5d1bbbd000-7f5d1bbc0000 rw-p 00000000 00:00 0 
7f5d1bbc0000-7f5d1be42000 r--p 00000000 08:20 353379                     /usr/lib/jvm/java-11-openjdk-amd64/lib/server/libjvm.so
7f5d1be42000-7f5d1cad5000 r-xp 00282000 08:20 353379                     /usr/lib/jvm/java-11-openjdk-amd64/lib/server/libjvm.so
7f5d1cad5000-7f5d1cd2f000 r--p 00f15000 08:20 353379                     /usr/lib/jvm/java-11-openjdk-amd64/lib/server/libjvm.so
7f5d1cd2f000-7f5d1cdf3000 r--p 0116e000 08:20 353379                     /usr/lib/jvm/java-11-openjdk-amd64/lib/server/libjvm.so
7f5d1cdf3000-7f5d1ce2e000 rw-p 01232000 08:20 353379                     /usr/lib/jvm/java-11-openjdk-amd64/lib/server/libjvm.so
7f5d1ce2e000-7f5d1ce87000 rw-p 00000000 00:00 0 
7f5d1ce87000-7f5d1ce89000 r--p 00000000 08:20 6782                       /usr/lib/x86_64-linux-gnu/libz.so.1.2.11
7f5d1ce89000-7f5d1ce9a000 r-xp 00002000 08:20 6782                       /usr/lib/x86_64-linux-gnu/libz.so.1.2.11
7f5d1ce9a000-7f5d1cea0000 r--p 00013000 08:20 6782                       /usr/lib/x86_64-linux-gnu/libz.so.1.2.11
7f5d1cea0000-7f5d1cea1000 ---p 00019000 08:20 6782                       /usr/lib/x86_64-linux-gnu/libz.so.1.2.11
7f5d1cea1000-7f5d1cea2000 r--p 00019000 08:20 6782                       /usr/lib/x86_64-linux-gnu/libz.so.1.2.11
7f5d1cea2000-7f5d1cea3000 rw-p 0001a000 08:20 6782                       /usr/lib/x86_64-linux-gnu/libz.so.1.2.11
7f5d1cea3000-7f5d1cecb000 r--p 00000000 08:20 6426                       /usr/lib/x86_64-linux-gnu/libc.so.6
7f5d1cecb000-7f5d1d060000 r-xp 00028000 08:20 6426                       /usr/lib/x86_64-linux-gnu/libc.so.6
7f5d1d060000-7f5d1d0b8000 r--p 001bd000 08:20 6426                       /usr/lib/x86_64-linux-gnu/libc.so.6
7f5d1d0b8000-7f5d1d0bc000 r--p 00214000 08:20 6426                       /usr/lib/x86_64-linux-gnu/libc.so.6
7f5d1d0bc000-7f5d1d0be000 rw-p 00218000 08:20 6426                       /usr/lib/x86_64-linux-gnu/libc.so.6
7f5d1d0be000-7f5d1d0cb000 rw-p 00000000 00:00 0 
7f5d1d0cb000-7f5d1d0cc000 r--p 00000000 08:20 2345                       /usr/lib/locale/C.utf8/LC_TELEPHONE
7f5d1d0cc000-7f5d1d0cd000 r--p 00000000 08:20 2338                       /usr/lib/locale/C.utf8/LC_MEASUREMENT
7f5d1d0cd000-7f5d1d0cf000 r--s 0000c000 08:20 33573563                   /usr/share/java/java-atk-wrapper.jar
7f5d1d0cf000-7f5d1d0d0000 ---p 00000000 00:00 0 
7f5d1d0d0000-7f5d1d0d1000 r--p 00000000 00:00 0 
7f5d1d0d1000-7f5d1d0d4000 r--p 00000000 08:20 353338                     /usr/lib/jvm/java-11-openjdk-amd64/lib/jli/libjli.so
7f5d1d0d4000-7f5d1d0de000 r-xp 00003000 08:20 353338                     /usr/lib/jvm/java-11-openjdk-amd64/lib/jli/libjli.so
7f5d1d0de000-7f5d1d0e1000 r--p 0000d000 08:20 353338                     /usr/lib/jvm/java-11-openjdk-amd64/lib/jli/libjli.so
7f5d1d0e1000-7f5d1d0e2000 ---p 00010000 08:20 353338                     /usr/lib/jvm/java-11-openjdk-amd64/lib/jli/libjli.so
7f5d1d0e2000-7f5d1d0e3000 r--p 00010000 08:20 353338                     /usr/lib/jvm/java-11-openjdk-amd64/lib/jli/libjli.so
7f5d1d0e3000-7f5d1d0e4000 rw-p 00011000 08:20 353338                     /usr/lib/jvm/java-11-openjdk-amd64/lib/jli/libjli.so
7f5d1d0e4000-7f5d1d0e6000 rw-p 00000000 00:00 0 
7f5d1d0e6000-7f5d1d0e8000 r--p 00000000 08:20 6230                       /usr/lib/x86_64-linux-gnu/ld-linux-x86-64.so.2
7f5d1d0e8000-7f5d1d112000 r-xp 00002000 08:20 6230                       /usr/lib/x86_64-linux-gnu/ld-linux-x86-64.so.2
7f5d1d112000-7f5d1d11d000 r--p 0002c000 08:20 6230                       /usr/lib/x86_64-linux-gnu/ld-linux-x86-64.so.2
7f5d1d11d000-7f5d1d11e000 r--p 00000000 08:20 2337                       /usr/lib/locale/C.utf8/LC_IDENTIFICATION
7f5d1d11e000-7f5d1d120000 r--p 00037000 08:20 6230                       /usr/lib/x86_64-linux-gnu/ld-linux-x86-64.so.2
7f5d1d120000-7f5d1d122000 rw-p 00039000 08:20 6230                       /usr/lib/x86_64-linux-gnu/ld-linux-x86-64.so.2
7ffd1a2cb000-7ffd1a2ed000 rw-p 00000000 00:00 0                          [stack]
7ffd1a304000-7ffd1a308000 r--p 00000000 00:00 0                          [vvar]
7ffd1a308000-7ffd1a309000 r-xp 00000000 00:00 0                          [vdso]


VM Arguments:
jvm_args: -Dfile.encoding=UTF-8 -Duser.country -Duser.language=en -Duser.variant 
java_command: duke.Launcher
java_class_path (initial): /home/owenyap/course-work/cs2103/ip/build/classes/java/main:/home/owenyap/course-work/cs2103/ip/build/resources/main:/home/owenyap/.gradle/caches/modules-2/files-2.1/org.openjfx/javafx-fxml/11/d5ff9262ef49d166db658d15f37e3ecff38fde4b/javafx-fxml-11-win.jar:/home/owenyap/.gradle/caches/modules-2/files-2.1/org.openjfx/javafx-fxml/11/e0f5bb81e21054b59f2ebfa727d40a90ee0260d3/javafx-fxml-11-mac.jar:/home/owenyap/.gradle/caches/modules-2/files-2.1/org.openjfx/javafx-fxml/11/e7a757b580fc3e2e1a121768606c7836eef418c/javafx-fxml-11-linux.jar:/home/owenyap/.gradle/caches/modules-2/files-2.1/org.openjfx/javafx-controls/11/af8d24de44e16a19ae959028eb23a48c145fb682/javafx-controls-11-win.jar:/home/owenyap/.gradle/caches/modules-2/files-2.1/org.openjfx/javafx-controls/11/e3a24a14e8732abc6dc173f15872dc63e2a32e16/javafx-controls-11-mac.jar:/home/owenyap/.gradle/caches/modules-2/files-2.1/org.openjfx/javafx-controls/11/794488e3b1f4635d9a1b842bdc872a5eb8fd54ca/javafx-controls-11-linux.jar:/home/owenyap/.gradle/caches/modules-2/files-2.1/org.openjfx/javafx-controls/11/58d961774262ec972bf304e16c154a8e18c2050b/javafx-controls-11.jar:/home/owenyap/.gradle/caches/modules-2/files-2.1/org.openjfx/javafx-graphics/11/9345c7ea43dbcc73a62eca5332717b4ce617e6c6/javafx-graphics-11-win.jar:/home/owenyap/.gradle/caches/modules-2/files-2.1/org.openjfx/javafx-graphics/11/af47a6d3668d3ce1c61e1fe13c44471b6f8d469/javafx-graphics-11-mac.jar:/home/owenyap/.gradle/caches/modules-2/files-2.1/org.openjfx/javafx-graphics/11/4ab9edd8d481a420044c473fdb5718ccdd35c836/javafx-graphics-11-linux.jar:/home/owenyap/.gradle/caches/modules-2/files-2.1/org.openjfx/javafx-graphics/11/a736dd079047ec0b72b8c4970842a5c5e0c19f2f/javafx-graphics-11.jar:/home/owenyap/.gradle/caches/modules-2/files-2.1/org.openjfx/javafx-base/11/ad3a4acfaa28b484d30c40c1f009445cc3f6e68b/javafx-base-11-win.jar:/home/owenyap/.gradle/caches/modules-2/files-2.1/org.openjfx/javafx-base/11/4b060dad0affd866df9d959e064faa8a1a2f4a
Launcher Type: SUN_STANDARD

[Global flags]
     intx CICompilerCount                          = 4                                         {product} {ergonomic}
     uint ConcGCThreads                            = 3                                         {product} {ergonomic}
     uint G1ConcRefinementThreads                  = 10                                        {product} {ergonomic}
   size_t G1HeapRegionSize                         = 1048576                                   {product} {ergonomic}
    uintx GCDrainStackTargetSize                   = 64                                        {product} {ergonomic}
   size_t InitialHeapSize                          = 130023424                                 {product} {ergonomic}
   size_t MarkStackSize                            = 4194304                                   {product} {ergonomic}
   size_t MaxHeapSize                              = 2051014656                                {product} {ergonomic}
   size_t MaxNewSize                               = 1229979648                                {product} {ergonomic}
   size_t MinHeapDeltaBytes                        = 1048576                                   {product} {ergonomic}
    uintx NonNMethodCodeHeapSize                   = 5836300                                {pd product} {ergonomic}
    uintx NonProfiledCodeHeapSize                  = 122910970                              {pd product} {ergonomic}
    uintx ProfiledCodeHeapSize                     = 122910970                              {pd product} {ergonomic}
    uintx ReservedCodeCacheSize                    = 251658240                              {pd product} {ergonomic}
     bool SegmentedCodeCache                       = true                                      {product} {ergonomic}
     bool UseCompressedClassPointers               = true                                 {lp64_product} {ergonomic}
     bool UseCompressedOops                        = true                                 {lp64_product} {ergonomic}
     bool UseG1GC                                  = true                                      {product} {ergonomic}

Logging:
Log output configuration:
 #0: 
[error occurred during error reporting (printing log configuration), id 0xb, SIGSEGV (0xb) at pc=0x00007f5d1c62e30e]

Environment Variables:
JAVA_HOME=/usr/bin/java
PATH=/home/owenyap/Downloads/idea-IC-223.8214.52/bin:/home/owenyap/anaconda3/bin:/home/owenyap/anaconda3/condabin:/home/owenyap/.nvm/versions/node/v19.2.0/bin:/usr/local/sbin:/usr/local/bin:/usr/sbin:/usr/bin:/sbin:/bin:/usr/games:/usr/local/games:/usr/lib/wsl/lib:/mnt/c/WINDOWS/system32:/mnt/c/WINDOWS:/mnt/c/WINDOWS/System32/Wbem:/mnt/c/WINDOWS/System32/WindowsPowerShell/v1.0:/mnt/c/WINDOWS/System32/OpenSSH:/mnt/c/Program Files/dotnet:/mnt/c/Program Files/NVIDIA Corporation/NVIDIA NvDLISR:/mnt/c/Program Files (x86)/NVIDIA Corporation/PhysX/Common:/mnt/c/Program Files/Git/cmd:/mnt/c/ProgramData/chocolatey/bin:/mnt/c/Users/oweny/AppData/Local/Microsoft/WindowsApps:/mnt/c/Users/oweny/AppData/Local/Programs/Microsoft VS Code/bin
SHELL=/usr/bin/zsh
DISPLAY=:0
HOSTTYPE=x86_64
LANG=C.UTF-8
TERM=xterm-256color

Signal Handlers:
SIGSEGV: [libjvm.so+0xea2e90], sa_mask[0]=11111111011111111101111111111110, sa_flags=SA_RESTART|SA_SIGINFO
SIGBUS: [libjvm.so+0xea2e90], sa_mask[0]=11111111011111111101111111111110, sa_flags=SA_RESTART|SA_SIGINFO
SIGFPE: [libjvm.so+0xea2e90], sa_mask[0]=11111111011111111101111111111110, sa_flags=SA_RESTART|SA_SIGINFO
SIGPIPE: [libjvm.so+0xbe6fe0], sa_mask[0]=11111111011111111101111111111110, sa_flags=SA_RESTART|SA_SIGINFO
SIGXFSZ: [libjvm.so+0xbe6fe0], sa_mask[0]=11111111011111111101111111111110, sa_flags=SA_RESTART|SA_SIGINFO
SIGILL: [libjvm.so+0xea2e90], sa_mask[0]=11111111011111111101111111111110, sa_flags=SA_RESTART|SA_SIGINFO
SIGUSR2: [libjvm.so+0xbe6e80], sa_mask[0]=00100000000000000000000000000000, sa_flags=SA_RESTART|SA_SIGINFO
SIGHUP: [libjvm.so+0xbe7260], sa_mask[0]=11111111011111111101111111111110, sa_flags=SA_RESTART|SA_SIGINFO
SIGINT: [libjvm.so+0xbe7260], sa_mask[0]=11111111011111111101111111111110, sa_flags=SA_RESTART|SA_SIGINFO
SIGTERM: [libjvm.so+0xbe7260], sa_mask[0]=11111111011111111101111111111110, sa_flags=SA_RESTART|SA_SIGINFO
SIGQUIT: [libjvm.so+0xbe7260], sa_mask[0]=11111111011111111101111111111110, sa_flags=SA_RESTART|SA_SIGINFO


---------------  S Y S T E M  ---------------

OS:DISTRIB_ID=Ubuntu
DISTRIB_RELEASE=22.04
DISTRIB_CODENAME=jammy
DISTRIB_DESCRIPTION="Ubuntu 22.04.1 LTS"
uname:Linux 5.15.79.1-microsoft-standard-WSL2 #1 SMP Wed Nov 23 01:01:46 UTC 2022 x86_64
OS uptime: 0 days 2:06 hours
libc:glibc 2.35 NPTL 2.35 
rlimit (soft/hard): STACK 8192k/infinity , CORE 0k/infinity , NPROC 31251/31251 , NOFILE 1048576/1048576 , AS infinity/infinity , CPU infinity/infinity , DATA infinity/infinity , FSIZE infinity/infinity , MEMLOCK 65536k/65536k
load average:1.30 1.03 0.59

/proc/meminfo:
MemTotal:        8006800 kB
MemFree:         2828720 kB
MemAvailable:    4496640 kB
Buffers:           78036 kB
Cached:          1829768 kB
SwapCached:            0 kB
Active:          1141268 kB
Inactive:        3623100 kB
Active(anon):       2012 kB
Inactive(anon):  2923836 kB
Active(file):    1139256 kB
Inactive(file):   699264 kB
Unevictable:           0 kB
Mlocked:               0 kB
SwapTotal:       2097152 kB
SwapFree:        2097152 kB
Dirty:              3712 kB
Writeback:             0 kB
AnonPages:       2852056 kB
Mapped:           750004 kB
Shmem:             69284 kB
KReclaimable:      90420 kB
Slab:             145876 kB
SReclaimable:      90420 kB
SUnreclaim:        55456 kB
KernelStack:        7616 kB
PageTables:        12520 kB
NFS_Unstable:          0 kB
Bounce:                0 kB
WritebackTmp:          0 kB
CommitLimit:     6100552 kB
Committed_AS:    3095888 kB
VmallocTotal:   34359738367 kB
VmallocUsed:       27732 kB
VmallocChunk:          0 kB
Percpu:             4352 kB
AnonHugePages:   1499136 kB
ShmemHugePages:        0 kB
ShmemPmdMapped:        0 kB
FileHugePages:         0 kB
FilePmdMapped:         0 kB
HugePages_Total:       0
HugePages_Free:        0
HugePages_Rsvd:        0
HugePages_Surp:        0
Hugepagesize:       2048 kB
Hugetlb:               0 kB
DirectMap4k:       21504 kB
DirectMap2M:     4040704 kB
DirectMap1G:    14680064 kB

/sys/kernel/mm/transparent_hugepage/enabled:
[always] madvise never
/sys/kernel/mm/transparent_hugepage/defrag (defrag/compaction efforts parameter):
always defer defer+madvise [madvise] never

Process Memory:
Virtual Size: 5354928K (peak: 13439944K)
Resident Set Size: 149896K (peak: 152036K) (anon: 63132K, file: 86764K, shmem: 0K)
Swapped out: 0K
C-Heap outstanding allocations: 37386K, retained: 7741K
glibc malloc tunables: (default)

/proc/sys/kernel/threads-max (system-wide limit on the number of threads):
62502
/proc/sys/vm/max_map_count (maximum number of memory map areas a process may have):
65530
/proc/sys/kernel/pid_max (system-wide limit on number of process identifiers):
32768

container (cgroup) information:
container_type: cgroupv1
cpu_cpuset_cpus: 0-11
cpu_memory_nodes: 0
active_processor_count: 12
cpu_quota: no quota
cpu_period: 100000
cpu_shares: no shares
memory_limit_in_bytes: unlimited
memory_and_swap_limit_in_bytes: unlimited
memory_soft_limit_in_bytes: unlimited
memory_usage_in_bytes: 4759848 k
memory_max_usage_in_bytes: unlimited
maximum number of tasks: not supported
current number of tasks: not supported

Hyper-V virtualization detected
Steal ticks since vm start: 0
Steal ticks percentage since vm start:  0.000

CPU:total 12 (initial active 12) (8 cores per cpu, 2 threads per core) family 6 model 165 stepping 2 microcode 0xffffffff, cmov, cx8, fxsr, mmx, sse, sse2, sse3, ssse3, sse4.1, sse4.2, popcnt, avx, avx2, aes, clmul, erms, 3dnowpref, lzcnt, ht, tsc, bmi1, bmi2, adx, fma
CPU Model and flags from /proc/cpuinfo:
model name	: Intel(R) Core(TM) i7-10750H CPU @ 2.60GHz
flags		: fpu vme de pse tsc msr pae mce cx8 apic sep mtrr pge mca cmov pat pse36 clflush mmx fxsr sse sse2 ss ht syscall nx pdpe1gb rdtscp lm constant_tsc arch_perfmon rep_good nopl xtopology cpuid pni pclmulqdq vmx ssse3 fma cx16 pdcm pcid sse4_1 sse4_2 x2apic movbe popcnt aes xsave avx f16c rdrand hypervisor lahf_lm abm 3dnowprefetch invpcid_single ssbd ibrs ibpb stibp ibrs_enhanced tpr_shadow vnmi ept vpid ept_ad fsgsbase bmi1 avx2 smep bmi2 erms invpcid rdseed adx smap clflushopt xsaveopt xsavec xgetbv1 xsaves flush_l1d arch_capabilities
Online cpus:
0-11
Offline cpus:

BIOS frequency limitation:
<Not Available>
Frequency switch latency (ns):
<Not Available>
Available cpu frequencies:
<Not Available>
Current governor:
<Not Available>
Core performance/turbo boost:
<Not Available>

Memory: 4k page, physical 8006800k(2828720k free), swap 2097152k(2097152k free)

vm_info: OpenJDK 64-Bit Server VM (11.0.17+8-post-Ubuntu-1ubuntu222.04) for linux-amd64 JRE (11.0.17+8-post-Ubuntu-1ubuntu222.04), built on Oct 24 2022 16:41:58 by "unknown" with gcc 11.2.0

END.
