#
# A fatal error has been detected by the Java Runtime Environment:
#
#  Internal Error (safepoint.cpp:919), pid=86925, tid=29187
#  fatal error: Illegal threadstate encountered: 4
#
# JRE version: OpenJDK Runtime Environment Temurin-11.0.13+8 (11.0.13+8) (build 11.0.13+8)
# Java VM: OpenJDK 64-Bit Server VM Temurin-11.0.13+8 (11.0.13+8, mixed mode, tiered, compressed oops, g1 gc, bsd-amd64)
# No core dump will be written. Core dumps have been disabled. To enable core dumping, try "ulimit -c unlimited" before starting Java again
#
# If you would like to submit a bug report, please visit:
#   https://github.com/adoptium/adoptium-support/issues
# The crash happened outside the Java Virtual Machine in native code.
# See problematic frame for where to report the bug.
#

---------------  S U M M A R Y ------------

Command Line: -Dfile.encoding=UTF-8 -Duser.country=GB -Duser.language=en -Duser.variant jane.javafx.Launcher

Host: MacBookAir8,1 x86_64 1600 MHz, 4 cores, 8G, Darwin 21.5.0
Time: Fri Feb 17 22:39:59 2023 +08 elapsed time: 78.707973 seconds (0d 0h 1m 18s)

---------------  T H R E A D  ---------------

Current thread (0x00007fd297a99000):  JavaThread "InvokeLaterDispatcher" daemon [_thread_in_native, id=29187, stack(0x0000700003802000,0x0000700003902000)]

Stack: [0x0000700003802000,0x0000700003902000],  sp=0x0000700003900320,  free space=1016k
Native frames: (J=compiled Java code, A=aot compiled Java code, j=interpreted, Vv=VM code, C=native code)
V  [libjvm.dylib+0x7c3ee8]  _ZN7VMError14report_and_dieEiPKcS1_P13__va_list_tagP6ThreadPhPvS7_S1_im+0x652
V  [libjvm.dylib+0x276925]  _Z12report_fatal11VMErrorTypePKciS1_z+0xc0
V  [libjvm.dylib+0x69a191]  _ZN20SafepointSynchronize5blockEP10JavaThread+0x1d9
V  [libjvm.dylib+0x69b6ff]  _ZN18SafepointMechanism23block_if_requested_slowEP10JavaThread+0x1d
V  [libjvm.dylib+0x77c95a]  _ZN10JavaThread44check_safepoint_and_suspend_for_native_transEPS_+0x9c
V  [libjvm.dylib+0x3f186a]  jni_DeleteGlobalRef+0x93
C  [libglass.dylib+0x8871]  -[GlassRunnable dealloc]+0x31
C  [Foundation+0x818ee]  -[_NSThreadPerformInfo dealloc]+0x2a
C  [Foundation+0x4e466]  -[NSObject(NSThreadPerformAdditions) performSelectorOnMainThread:withObject:waitUntilDone:]+0x7c
J 2468  com.sun.glass.ui.mac.MacApplication._submitForLaterInvocation(Ljava/lang/Runnable;)V (0 bytes) @ 0x000000012001e50f [0x000000012001e440+0x00000000000000cf]
J 2429 c1 com.sun.glass.ui.mac.MacApplication.submitForLaterInvocation(Ljava/lang/Runnable;)V (6 bytes) @ 0x0000000118dbd834 [0x0000000118dbd7c0+0x0000000000000074]
j  com.sun.glass.ui.InvokeLaterDispatcher.run()V+82
v  ~StubRoutines::call_stub
V  [libjvm.dylib+0x3b5a80]  _ZN9JavaCalls11call_helperEP9JavaValueRK12methodHandleP17JavaCallArgumentsP6Thread+0x1fe
V  [libjvm.dylib+0x3b4ee6]  _ZN9JavaCalls12call_virtualEP9JavaValueP5KlassP6SymbolS5_P17JavaCallArgumentsP6Thread+0xee
V  [libjvm.dylib+0x3b4fa2]  _ZN9JavaCalls12call_virtualEP9JavaValue6HandleP5KlassP6SymbolS6_P6Thread+0x62
V  [libjvm.dylib+0x43c182]  _ZL12thread_entryP10JavaThreadP6Thread+0x78
V  [libjvm.dylib+0x77b3e4]  _ZN10JavaThread17thread_main_innerEv+0x82
V  [libjvm.dylib+0x77b22e]  _ZN10JavaThread3runEv+0x122
V  [libjvm.dylib+0x779148]  _ZN6Thread8call_runEv+0x68
V  [libjvm.dylib+0x6277ed]  _ZL19thread_native_entryP6Thread+0x139
C  [libsystem_pthread.dylib+0x64e1]  _pthread_start+0x7d
C  [libsystem_pthread.dylib+0x1f6b]  thread_start+0xf

Java frames: (J=compiled Java code, j=interpreted, Vv=VM code)
J 2468  com.sun.glass.ui.mac.MacApplication._submitForLaterInvocation(Ljava/lang/Runnable;)V (0 bytes) @ 0x000000012001e49c [0x000000012001e440+0x000000000000005c]
J 2429 c1 com.sun.glass.ui.mac.MacApplication.submitForLaterInvocation(Ljava/lang/Runnable;)V (6 bytes) @ 0x0000000118dbd834 [0x0000000118dbd7c0+0x0000000000000074]
j  com.sun.glass.ui.InvokeLaterDispatcher.run()V+82
v  ~StubRoutines::call_stub

---------------  P R O C E S S  ---------------

Threads class SMR info:
_java_thread_list=0x00006000035455e0, length=16, elements={
0x00007fd296811800, 0x00007fd297870000, 0x00007fd296854000, 0x00007fd298047000,
0x00007fd298040000, 0x00007fd29804a000, 0x00007fd29804b000, 0x00007fd29701c800,
0x00007fd29784e000, 0x00007fd2968c3000, 0x00007fd29820b000, 0x00007fd297a99000,
0x00007fd2969b7800, 0x00007fd2982d5000, 0x00007fd2986ae000, 0x00007fd2982e0800
}

Java Threads: ( => current thread )
  0x00007fd296811800 JavaThread "main" [_thread_blocked, id=6147, stack(0x00007000024c6000,0x00007000025c6000)]
  0x00007fd297870000 JavaThread "Reference Handler" daemon [_thread_blocked, id=18691, stack(0x0000700002bdb000,0x0000700002cdb000)]
  0x00007fd296854000 JavaThread "Finalizer" daemon [_thread_blocked, id=14339, stack(0x0000700002cde000,0x0000700002dde000)]
  0x00007fd298047000 JavaThread "Signal Dispatcher" daemon [_thread_blocked, id=16643, stack(0x0000700002ee7000,0x0000700002fe7000)]
  0x00007fd298040000 JavaThread "Service Thread" daemon [_thread_blocked, id=43267, stack(0x0000700002fea000,0x00007000030ea000)]
  0x00007fd29804a000 JavaThread "C2 CompilerThread0" daemon [_thread_blocked, id=22531, stack(0x00007000030ed000,0x00007000031ed000)]
  0x00007fd29804b000 JavaThread "C1 CompilerThread0" daemon [_thread_blocked, id=23043, stack(0x00007000031f0000,0x00007000032f0000)]
  0x00007fd29701c800 JavaThread "Sweeper thread" daemon [_thread_blocked, id=42243, stack(0x00007000032f3000,0x00007000033f3000)]
  0x00007fd29784e000 JavaThread "Common-Cleaner" daemon [_thread_blocked, id=24067, stack(0x00007000034f9000,0x00007000035f9000)]
  0x00007fd2968c3000 JavaThread "JavaFX-Launcher" [_thread_blocked, id=24579, stack(0x00007000035fc000,0x00007000036fc000)]
  0x00007fd29820b000 JavaThread "QuantumRenderer-0" daemon [_thread_blocked, id=25347, stack(0x00007000036ff000,0x00007000037ff000)]
=>0x00007fd297a99000 JavaThread "InvokeLaterDispatcher" daemon [_thread_in_native, id=29187, stack(0x0000700003802000,0x0000700003902000)]
  0x00007fd2969b7800 JavaThread "JavaFX Application Thread" [_thread_in_native, id=259, stack(0x00007ff7b46a0000,0x00007ff7b4ea0000)]
  0x00007fd2982d5000 JavaThread "Thread-3" daemon [_thread_in_native, id=47367, stack(0x0000700003a0b000,0x0000700003a8b000)]
  0x00007fd2986ae000 JavaThread "Prism Font Disposer" daemon [_thread_blocked, id=58635, stack(0x0000700003f20000,0x0000700004020000)]
  0x00007fd2982e0800 JavaThread "Cleaner-0" daemon [_thread_blocked, id=70151, stack(0x00007000040a6000,0x00007000041a6000)]

Other Threads:
  0x00007fd29786f800 VMThread "VM Thread" [stack: 0x0000700002ad8000,0x0000700002bd8000] [id=19203]
  0x00007fd297034000 WatcherThread [stack: 0x00007000033f6000,0x00007000034f6000] [id=23299]
  0x00007fd297811000 GCTaskThread "GC Thread#0" [stack: 0x00007000025c9000,0x00007000026c9000] [id=20483]
  0x00007fd2971f8000 GCTaskThread "GC Thread#1" [stack: 0x0000700003b11000,0x0000700003c11000] [id=50443]
  0x00007fd29829b800 GCTaskThread "GC Thread#2" [stack: 0x0000700003c14000,0x0000700003d14000] [id=82435]
  0x00007fd297ab8000 GCTaskThread "GC Thread#3" [stack: 0x0000700003d17000,0x0000700003e17000] [id=50947]
  0x00007fd296833000 ConcurrentGCThread "G1 Main Marker" [stack: 0x00007000026cc000,0x00007000027cc000] [id=11267]
  0x00007fd298010000 ConcurrentGCThread "G1 Conc#0" [stack: 0x00007000027cf000,0x00007000028cf000] [id=19971]
  0x00007fd297013000 ConcurrentGCThread "G1 Refine#0" [stack: 0x00007000028d2000,0x00007000029d2000] [id=12547]
  0x00007fd297847800 ConcurrentGCThread "G1 Young RemSet Sampling" [stack: 0x00007000029d5000,0x0000700002ad5000] [id=19715]

Threads with active compile tasks:

VM state:not at safepoint (normal execution)

VM Mutex/Monitor currently owned by a thread: None

Heap address: 0x0000000780000000, size: 2048 MB, Compressed Oops mode: Zero based, Oop shift amount: 3
Narrow klass base: 0x0000000800000000, Narrow klass shift: 0
Compressed class space size: 1073741824 Address: 0x0000000800000000

Heap:
 garbage-first heap   total 131072K, used 20637K [0x0000000780000000, 0x0000000800000000)
  region size 1024K, 10 young (10240K), 2 survivors (2048K)
 Metaspace       used 26255K, capacity 27271K, committed 27520K, reserved 1073152K
  class space    used 3252K, capacity 3648K, committed 3712K, reserved 1048576K
Heap Regions: E=young(eden), S=young(survivor), O=old, HS=humongous(starts), HC=humongous(continues), CS=collection set, F=free, A=archive, TAMS=top-at-mark-start (previous, next)
|   0|0x0000000780000000, 0x0000000780100000, 0x0000000780100000|100%| O|  |TAMS 0x0000000780100000, 0x0000000780000000| Untracked 
|   1|0x0000000780100000, 0x0000000780200000, 0x0000000780200000|100%| O|  |TAMS 0x00000007801c4000, 0x0000000780100000| Untracked 
|   2|0x0000000780200000, 0x0000000780300000, 0x0000000780300000|100%|HS|  |TAMS 0x0000000780300000, 0x0000000780200000| Complete 
|   3|0x0000000780300000, 0x0000000780400000, 0x0000000780400000|100%|HS|  |TAMS 0x0000000780300000, 0x0000000780300000| Complete 
|   4|0x0000000780400000, 0x0000000780500000, 0x0000000780500000|100%|HC|  |TAMS 0x0000000780400000, 0x0000000780400000| Complete 
|   5|0x0000000780500000, 0x0000000780600000, 0x0000000780600000|100%| O|  |TAMS 0x0000000780500000, 0x0000000780500000| Untracked 
|   6|0x0000000780600000, 0x0000000780700000, 0x0000000780700000|100%| O|  |TAMS 0x0000000780600000, 0x0000000780600000| Untracked 
|   7|0x0000000780700000, 0x0000000780800000, 0x0000000780800000|100%| O|  |TAMS 0x0000000780700000, 0x0000000780700000| Untracked 
|   8|0x0000000780800000, 0x0000000780900000, 0x0000000780900000|100%| O|  |TAMS 0x0000000780800000, 0x0000000780800000| Untracked 
|   9|0x0000000780900000, 0x0000000780a00000, 0x0000000780a00000|100%| O|  |TAMS 0x0000000780900000, 0x0000000780900000| Untracked 
|  10|0x0000000780a00000, 0x0000000780b00000, 0x0000000780b00000|100%| O|  |TAMS 0x0000000780a00000, 0x0000000780a00000| Untracked 
|  11|0x0000000780b00000, 0x0000000780b27600, 0x0000000780c00000| 15%| O|  |TAMS 0x0000000780b00000, 0x0000000780b00000| Untracked 
|  12|0x0000000780c00000, 0x0000000780c00000, 0x0000000780d00000|  0%| F|  |TAMS 0x0000000780c00000, 0x0000000780c00000| Untracked 
|  13|0x0000000780d00000, 0x0000000780d00000, 0x0000000780e00000|  0%| F|  |TAMS 0x0000000780d00000, 0x0000000780d00000| Untracked 
|  14|0x0000000780e00000, 0x0000000780e00000, 0x0000000780f00000|  0%| F|  |TAMS 0x0000000780e00000, 0x0000000780e00000| Untracked 
|  15|0x0000000780f00000, 0x0000000780f00000, 0x0000000781000000|  0%| F|  |TAMS 0x0000000780f00000, 0x0000000780f00000| Untracked 
|  16|0x0000000781000000, 0x0000000781000000, 0x0000000781100000|  0%| F|  |TAMS 0x0000000781000000, 0x0000000781000000| Untracked 
|  17|0x0000000781100000, 0x0000000781100000, 0x0000000781200000|  0%| F|  |TAMS 0x0000000781100000, 0x0000000781100000| Untracked 
|  18|0x0000000781200000, 0x0000000781200000, 0x0000000781300000|  0%| F|  |TAMS 0x0000000781200000, 0x0000000781200000| Untracked 
|  19|0x0000000781300000, 0x0000000781300000, 0x0000000781400000|  0%| F|  |TAMS 0x0000000781300000, 0x0000000781300000| Untracked 
|  20|0x0000000781400000, 0x0000000781400000, 0x0000000781500000|  0%| F|  |TAMS 0x0000000781400000, 0x0000000781400000| Untracked 
|  21|0x0000000781500000, 0x0000000781500000, 0x0000000781600000|  0%| F|  |TAMS 0x0000000781500000, 0x0000000781500000| Untracked 
|  22|0x0000000781600000, 0x0000000781600000, 0x0000000781700000|  0%| F|  |TAMS 0x0000000781600000, 0x0000000781600000| Untracked 
|  23|0x0000000781700000, 0x0000000781700000, 0x0000000781800000|  0%| F|  |TAMS 0x0000000781700000, 0x0000000781700000| Untracked 
|  24|0x0000000781800000, 0x0000000781800000, 0x0000000781900000|  0%| F|  |TAMS 0x0000000781800000, 0x0000000781800000| Untracked 
|  25|0x0000000781900000, 0x0000000781900000, 0x0000000781a00000|  0%| F|  |TAMS 0x0000000781900000, 0x0000000781900000| Untracked 
|  26|0x0000000781a00000, 0x0000000781a00000, 0x0000000781b00000|  0%| F|  |TAMS 0x0000000781a00000, 0x0000000781a00000| Untracked 
|  27|0x0000000781b00000, 0x0000000781b00000, 0x0000000781c00000|  0%| F|  |TAMS 0x0000000781b00000, 0x0000000781b00000| Untracked 
|  28|0x0000000781c00000, 0x0000000781c00000, 0x0000000781d00000|  0%| F|  |TAMS 0x0000000781c00000, 0x0000000781c00000| Untracked 
|  29|0x0000000781d00000, 0x0000000781d00000, 0x0000000781e00000|  0%| F|  |TAMS 0x0000000781d00000, 0x0000000781d00000| Untracked 
|  30|0x0000000781e00000, 0x0000000781e00000, 0x0000000781f00000|  0%| F|  |TAMS 0x0000000781e00000, 0x0000000781e00000| Untracked 
|  31|0x0000000781f00000, 0x0000000781f00000, 0x0000000782000000|  0%| F|  |TAMS 0x0000000781f00000, 0x0000000781f00000| Untracked 
|  32|0x0000000782000000, 0x0000000782000000, 0x0000000782100000|  0%| F|  |TAMS 0x0000000782000000, 0x0000000782000000| Untracked 
|  33|0x0000000782100000, 0x0000000782100000, 0x0000000782200000|  0%| F|  |TAMS 0x0000000782100000, 0x0000000782100000| Untracked 
|  34|0x0000000782200000, 0x0000000782200000, 0x0000000782300000|  0%| F|  |TAMS 0x0000000782200000, 0x0000000782200000| Untracked 
|  35|0x0000000782300000, 0x0000000782300000, 0x0000000782400000|  0%| F|  |TAMS 0x0000000782300000, 0x0000000782300000| Untracked 
|  36|0x0000000782400000, 0x0000000782400000, 0x0000000782500000|  0%| F|  |TAMS 0x0000000782400000, 0x0000000782400000| Untracked 
|  37|0x0000000782500000, 0x0000000782500000, 0x0000000782600000|  0%| F|  |TAMS 0x0000000782500000, 0x0000000782500000| Untracked 
|  38|0x0000000782600000, 0x0000000782600000, 0x0000000782700000|  0%| F|  |TAMS 0x0000000782600000, 0x0000000782600000| Untracked 
|  39|0x0000000782700000, 0x0000000782700000, 0x0000000782800000|  0%| F|  |TAMS 0x0000000782700000, 0x0000000782700000| Untracked 
|  40|0x0000000782800000, 0x0000000782800000, 0x0000000782900000|  0%| F|  |TAMS 0x0000000782800000, 0x0000000782800000| Untracked 
|  41|0x0000000782900000, 0x0000000782900000, 0x0000000782a00000|  0%| F|  |TAMS 0x0000000782900000, 0x0000000782900000| Untracked 
|  42|0x0000000782a00000, 0x0000000782a00000, 0x0000000782b00000|  0%| F|  |TAMS 0x0000000782a00000, 0x0000000782a00000| Untracked 
|  43|0x0000000782b00000, 0x0000000782b00000, 0x0000000782c00000|  0%| F|  |TAMS 0x0000000782b00000, 0x0000000782b00000| Untracked 
|  44|0x0000000782c00000, 0x0000000782c00000, 0x0000000782d00000|  0%| F|  |TAMS 0x0000000782c00000, 0x0000000782c00000| Untracked 
|  45|0x0000000782d00000, 0x0000000782d00000, 0x0000000782e00000|  0%| F|  |TAMS 0x0000000782d00000, 0x0000000782d00000| Untracked 
|  46|0x0000000782e00000, 0x0000000782e00000, 0x0000000782f00000|  0%| F|  |TAMS 0x0000000782e00000, 0x0000000782e00000| Untracked 
|  47|0x0000000782f00000, 0x0000000782f00000, 0x0000000783000000|  0%| F|  |TAMS 0x0000000782f00000, 0x0000000782f00000| Untracked 
|  48|0x0000000783000000, 0x0000000783000000, 0x0000000783100000|  0%| F|  |TAMS 0x0000000783000000, 0x0000000783000000| Untracked 
|  49|0x0000000783100000, 0x0000000783100000, 0x0000000783200000|  0%| F|  |TAMS 0x0000000783100000, 0x0000000783100000| Untracked 
|  50|0x0000000783200000, 0x0000000783200000, 0x0000000783300000|  0%| F|  |TAMS 0x0000000783200000, 0x0000000783200000| Untracked 
|  51|0x0000000783300000, 0x0000000783300000, 0x0000000783400000|  0%| F|  |TAMS 0x0000000783300000, 0x0000000783300000| Untracked 
|  52|0x0000000783400000, 0x0000000783400000, 0x0000000783500000|  0%| F|  |TAMS 0x0000000783400000, 0x0000000783400000| Untracked 
|  53|0x0000000783500000, 0x0000000783500000, 0x0000000783600000|  0%| F|  |TAMS 0x0000000783500000, 0x0000000783500000| Untracked 
|  54|0x0000000783600000, 0x0000000783600000, 0x0000000783700000|  0%| F|  |TAMS 0x0000000783600000, 0x0000000783600000| Untracked 
|  55|0x0000000783700000, 0x0000000783700000, 0x0000000783800000|  0%| F|  |TAMS 0x0000000783700000, 0x0000000783700000| Untracked 
|  56|0x0000000783800000, 0x0000000783800000, 0x0000000783900000|  0%| F|  |TAMS 0x0000000783800000, 0x0000000783800000| Untracked 
|  57|0x0000000783900000, 0x0000000783900000, 0x0000000783a00000|  0%| F|  |TAMS 0x0000000783900000, 0x0000000783900000| Untracked 
|  58|0x0000000783a00000, 0x0000000783a00000, 0x0000000783b00000|  0%| F|  |TAMS 0x0000000783a00000, 0x0000000783a00000| Untracked 
|  59|0x0000000783b00000, 0x0000000783b00000, 0x0000000783c00000|  0%| F|  |TAMS 0x0000000783b00000, 0x0000000783b00000| Untracked 
|  60|0x0000000783c00000, 0x0000000783c00000, 0x0000000783d00000|  0%| F|  |TAMS 0x0000000783c00000, 0x0000000783c00000| Untracked 
|  61|0x0000000783d00000, 0x0000000783d00000, 0x0000000783e00000|  0%| F|  |TAMS 0x0000000783d00000, 0x0000000783d00000| Untracked 
|  62|0x0000000783e00000, 0x0000000783e00000, 0x0000000783f00000|  0%| F|  |TAMS 0x0000000783e00000, 0x0000000783e00000| Untracked 
|  63|0x0000000783f00000, 0x0000000783f00000, 0x0000000784000000|  0%| F|  |TAMS 0x0000000783f00000, 0x0000000783f00000| Untracked 
|  64|0x0000000784000000, 0x0000000784000000, 0x0000000784100000|  0%| F|  |TAMS 0x0000000784000000, 0x0000000784000000| Untracked 
|  65|0x0000000784100000, 0x0000000784100000, 0x0000000784200000|  0%| F|  |TAMS 0x0000000784100000, 0x0000000784100000| Untracked 
|  66|0x0000000784200000, 0x0000000784200000, 0x0000000784300000|  0%| F|  |TAMS 0x0000000784200000, 0x0000000784200000| Untracked 
|  67|0x0000000784300000, 0x0000000784300000, 0x0000000784400000|  0%| F|  |TAMS 0x0000000784300000, 0x0000000784300000| Untracked 
|  68|0x0000000784400000, 0x0000000784400000, 0x0000000784500000|  0%| F|  |TAMS 0x0000000784400000, 0x0000000784400000| Untracked 
|  69|0x0000000784500000, 0x0000000784500000, 0x0000000784600000|  0%| F|  |TAMS 0x0000000784500000, 0x0000000784500000| Untracked 
|  70|0x0000000784600000, 0x0000000784600000, 0x0000000784700000|  0%| F|  |TAMS 0x0000000784600000, 0x0000000784600000| Untracked 
|  71|0x0000000784700000, 0x0000000784700000, 0x0000000784800000|  0%| F|  |TAMS 0x0000000784700000, 0x0000000784700000| Untracked 
|  72|0x0000000784800000, 0x0000000784800000, 0x0000000784900000|  0%| F|  |TAMS 0x0000000784800000, 0x0000000784800000| Untracked 
|  73|0x0000000784900000, 0x0000000784900000, 0x0000000784a00000|  0%| F|  |TAMS 0x0000000784900000, 0x0000000784900000| Untracked 
|  74|0x0000000784a00000, 0x0000000784a00000, 0x0000000784b00000|  0%| F|  |TAMS 0x0000000784a00000, 0x0000000784a00000| Untracked 
|  75|0x0000000784b00000, 0x0000000784b00000, 0x0000000784c00000|  0%| F|  |TAMS 0x0000000784b00000, 0x0000000784b00000| Untracked 
|  76|0x0000000784c00000, 0x0000000784c00000, 0x0000000784d00000|  0%| F|  |TAMS 0x0000000784c00000, 0x0000000784c00000| Untracked 
|  77|0x0000000784d00000, 0x0000000784d00000, 0x0000000784e00000|  0%| F|  |TAMS 0x0000000784d00000, 0x0000000784d00000| Untracked 
|  78|0x0000000784e00000, 0x0000000784e00000, 0x0000000784f00000|  0%| F|  |TAMS 0x0000000784e00000, 0x0000000784e00000| Untracked 
|  79|0x0000000784f00000, 0x0000000784f00000, 0x0000000785000000|  0%| F|  |TAMS 0x0000000784f00000, 0x0000000784f00000| Untracked 
|  80|0x0000000785000000, 0x0000000785000000, 0x0000000785100000|  0%| F|  |TAMS 0x0000000785000000, 0x0000000785000000| Untracked 
|  81|0x0000000785100000, 0x0000000785100000, 0x0000000785200000|  0%| F|  |TAMS 0x0000000785100000, 0x0000000785100000| Untracked 
|  82|0x0000000785200000, 0x0000000785200000, 0x0000000785300000|  0%| F|  |TAMS 0x0000000785200000, 0x0000000785200000| Untracked 
|  83|0x0000000785300000, 0x0000000785300000, 0x0000000785400000|  0%| F|  |TAMS 0x0000000785300000, 0x0000000785300000| Untracked 
|  84|0x0000000785400000, 0x0000000785400000, 0x0000000785500000|  0%| F|  |TAMS 0x0000000785400000, 0x0000000785400000| Untracked 
|  85|0x0000000785500000, 0x0000000785500000, 0x0000000785600000|  0%| F|  |TAMS 0x0000000785500000, 0x0000000785500000| Untracked 
|  86|0x0000000785600000, 0x0000000785600000, 0x0000000785700000|  0%| F|  |TAMS 0x0000000785600000, 0x0000000785600000| Untracked 
|  87|0x0000000785700000, 0x0000000785700000, 0x0000000785800000|  0%| F|  |TAMS 0x0000000785700000, 0x0000000785700000| Untracked 
|  88|0x0000000785800000, 0x0000000785800000, 0x0000000785900000|  0%| F|  |TAMS 0x0000000785800000, 0x0000000785800000| Untracked 
|  89|0x0000000785900000, 0x0000000785900000, 0x0000000785a00000|  0%| F|  |TAMS 0x0000000785900000, 0x0000000785900000| Untracked 
|  90|0x0000000785a00000, 0x0000000785a00000, 0x0000000785b00000|  0%| F|  |TAMS 0x0000000785a00000, 0x0000000785a00000| Untracked 
|  91|0x0000000785b00000, 0x0000000785b00000, 0x0000000785c00000|  0%| F|  |TAMS 0x0000000785b00000, 0x0000000785b00000| Untracked 
|  92|0x0000000785c00000, 0x0000000785c00000, 0x0000000785d00000|  0%| F|  |TAMS 0x0000000785c00000, 0x0000000785c00000| Untracked 
|  93|0x0000000785d00000, 0x0000000785d00000, 0x0000000785e00000|  0%| F|  |TAMS 0x0000000785d00000, 0x0000000785d00000| Untracked 
|  94|0x0000000785e00000, 0x0000000785e00000, 0x0000000785f00000|  0%| F|  |TAMS 0x0000000785e00000, 0x0000000785e00000| Untracked 
|  95|0x0000000785f00000, 0x0000000785f00000, 0x0000000786000000|  0%| F|  |TAMS 0x0000000785f00000, 0x0000000785f00000| Untracked 
|  96|0x0000000786000000, 0x0000000786000000, 0x0000000786100000|  0%| F|  |TAMS 0x0000000786000000, 0x0000000786000000| Untracked 
|  97|0x0000000786100000, 0x0000000786100000, 0x0000000786200000|  0%| F|  |TAMS 0x0000000786100000, 0x0000000786100000| Untracked 
|  98|0x0000000786200000, 0x0000000786200000, 0x0000000786300000|  0%| F|  |TAMS 0x0000000786200000, 0x0000000786200000| Untracked 
|  99|0x0000000786300000, 0x0000000786300000, 0x0000000786400000|  0%| F|  |TAMS 0x0000000786300000, 0x0000000786300000| Untracked 
| 100|0x0000000786400000, 0x0000000786400000, 0x0000000786500000|  0%| F|  |TAMS 0x0000000786400000, 0x0000000786400000| Untracked 
| 101|0x0000000786500000, 0x0000000786500000, 0x0000000786600000|  0%| F|  |TAMS 0x0000000786500000, 0x0000000786500000| Untracked 
| 102|0x0000000786600000, 0x0000000786600000, 0x0000000786700000|  0%| F|  |TAMS 0x0000000786600000, 0x0000000786600000| Untracked 
| 103|0x0000000786700000, 0x0000000786700000, 0x0000000786800000|  0%| F|  |TAMS 0x0000000786700000, 0x0000000786700000| Untracked 
| 104|0x0000000786800000, 0x0000000786800000, 0x0000000786900000|  0%| F|  |TAMS 0x0000000786800000, 0x0000000786800000| Untracked 
| 105|0x0000000786900000, 0x0000000786900000, 0x0000000786a00000|  0%| F|  |TAMS 0x0000000786900000, 0x0000000786900000| Untracked 
| 106|0x0000000786a00000, 0x0000000786a00000, 0x0000000786b00000|  0%| F|  |TAMS 0x0000000786a00000, 0x0000000786a00000| Untracked 
| 107|0x0000000786b00000, 0x0000000786c00000, 0x0000000786c00000|100%| S|CS|TAMS 0x0000000786b00000, 0x0000000786b00000| Complete 
| 108|0x0000000786c00000, 0x0000000786d00000, 0x0000000786d00000|100%| S|CS|TAMS 0x0000000786c00000, 0x0000000786c00000| Complete 
| 109|0x0000000786d00000, 0x0000000786d00000, 0x0000000786e00000|  0%| F|  |TAMS 0x0000000786d00000, 0x0000000786d00000| Untracked 
| 110|0x0000000786e00000, 0x0000000786e00000, 0x0000000786f00000|  0%| F|  |TAMS 0x0000000786e00000, 0x0000000786e00000| Untracked 
| 111|0x0000000786f00000, 0x0000000786f00000, 0x0000000787000000|  0%| F|  |TAMS 0x0000000786f00000, 0x0000000786f00000| Untracked 
| 112|0x0000000787000000, 0x0000000787000000, 0x0000000787100000|  0%| F|  |TAMS 0x0000000787000000, 0x0000000787000000| Untracked 
| 113|0x0000000787100000, 0x0000000787100000, 0x0000000787200000|  0%| F|  |TAMS 0x0000000787100000, 0x0000000787100000| Untracked 
| 114|0x0000000787200000, 0x0000000787200000, 0x0000000787300000|  0%| F|  |TAMS 0x0000000787200000, 0x0000000787200000| Untracked 
| 115|0x0000000787300000, 0x0000000787300000, 0x0000000787400000|  0%| F|  |TAMS 0x0000000787300000, 0x0000000787300000| Untracked 
| 116|0x0000000787400000, 0x0000000787400000, 0x0000000787500000|  0%| F|  |TAMS 0x0000000787400000, 0x0000000787400000| Untracked 
| 117|0x0000000787500000, 0x0000000787500000, 0x0000000787600000|  0%| F|  |TAMS 0x0000000787500000, 0x0000000787500000| Untracked 
| 118|0x0000000787600000, 0x0000000787600000, 0x0000000787700000|  0%| F|  |TAMS 0x0000000787600000, 0x0000000787600000| Untracked 
| 119|0x0000000787700000, 0x0000000787700000, 0x0000000787800000|  0%| F|  |TAMS 0x0000000787700000, 0x0000000787700000| Untracked 
| 120|0x0000000787800000, 0x0000000787876088, 0x0000000787900000| 46%| E|  |TAMS 0x0000000787800000, 0x0000000787800000| Complete 
| 121|0x0000000787900000, 0x0000000787a00000, 0x0000000787a00000|100%| E|CS|TAMS 0x0000000787900000, 0x0000000787900000| Complete 
| 122|0x0000000787a00000, 0x0000000787b00000, 0x0000000787b00000|100%| E|CS|TAMS 0x0000000787a00000, 0x0000000787a00000| Complete 
| 123|0x0000000787b00000, 0x0000000787c00000, 0x0000000787c00000|100%| E|CS|TAMS 0x0000000787b00000, 0x0000000787b00000| Complete 
| 124|0x0000000787c00000, 0x0000000787d00000, 0x0000000787d00000|100%| E|CS|TAMS 0x0000000787c00000, 0x0000000787c00000| Complete 
| 125|0x0000000787d00000, 0x0000000787e00000, 0x0000000787e00000|100%| E|CS|TAMS 0x0000000787d00000, 0x0000000787d00000| Complete 
| 126|0x0000000787e00000, 0x0000000787f00000, 0x0000000787f00000|100%| E|CS|TAMS 0x0000000787e00000, 0x0000000787e00000| Complete 
| 127|0x0000000787f00000, 0x0000000788000000, 0x0000000788000000|100%| E|CS|TAMS 0x0000000787f00000, 0x0000000787f00000| Complete 

Card table byte_map: [0x000000010b82e000,0x000000010bc2e000] _byte_map_base: 0x0000000107c2e000

Marking Bits (Prev, Next): (CMBitMap*) 0x00007fd29682a250, (CMBitMap*) 0x00007fd29682a218
 Prev Bits: [0x000000012746c000, 0x000000012946c000)
 Next Bits: [0x000000010d136000, 0x000000010f136000)

Polling page: 0x000000010b19f000

Metaspace:

Usage:
  Non-class:     23.07 MB capacity,    22.46 MB ( 97%) used,   508.46 KB (  2%) free+waste,   110.69 KB ( <1%) overhead. 
      Class:      3.56 MB capacity,     3.18 MB ( 89%) used,   337.93 KB (  9%) free+waste,    58.00 KB (  2%) overhead. 
       Both:     26.63 MB capacity,    25.64 MB ( 96%) used,   846.39 KB (  3%) free+waste,   168.69 KB ( <1%) overhead. 

Virtual space:
  Non-class space:       24.00 MB reserved,      23.25 MB ( 97%) committed 
      Class space:        1.00 GB reserved,       3.62 MB ( <1%) committed 
             Both:        1.02 GB reserved,      26.88 MB (  3%) committed 

Chunk freelists:
   Non-Class:  21.00 KB
       Class:  0 bytes
        Both:  21.00 KB

MaxMetaspaceSize: unlimited
CompressedClassSpaceSize: 1.00 GB
Initial GC threshold: 20.80 MB
Current GC threshold: 35.00 MB
CDS: off

CodeHeap 'non-profiled nmethods': size=120032Kb used=1389Kb max_used=1389Kb free=118642Kb
 bounds [0x000000011ff34000, 0x00000001201a4000, 0x000000012746c000]
CodeHeap 'profiled nmethods': size=120032Kb used=6606Kb max_used=6606Kb free=113425Kb
 bounds [0x00000001189fc000, 0x000000011907c000, 0x000000011ff34000]
CodeHeap 'non-nmethods': size=5696Kb used=1454Kb max_used=1483Kb free=4241Kb
 bounds [0x000000011846c000, 0x00000001186dc000, 0x00000001189fc000]
 total_blobs=4361 nmethods=3561 adapters=712
 compilation: enabled
              stopped_count=0, restarted_count=0
 full_count=0

Compilation events (20 events):
Event: 78.074 Thread 0x00007fd29804b000 nmethod 3607 0x000000011906b090 code [0x000000011906b320, 0x000000011906b7b0]
Event: 78.074 Thread 0x00007fd29804b000 3608       3       com.sun.marlin.DCurve::set (153 bytes)
Event: 78.075 Thread 0x00007fd29804b000 nmethod 3608 0x000000011906bb10 code [0x000000011906bd20, 0x000000011906beb0]
Event: 78.088 Thread 0x00007fd29804a000 nmethod 3609 0x000000012008dc90 code [0x000000012008de20, 0x000000012008e458]
Event: 78.138 Thread 0x00007fd29804b000 3610       3       com.sun.scenario.animation.shared.InfiniteClipEnvelope::setCycleCount (17 bytes)
Event: 78.138 Thread 0x00007fd29804b000 nmethod 3610 0x000000011906bf90 code [0x000000011906c140, 0x000000011906c2c0]
Event: 78.654 Thread 0x00007fd29804a000 3611       4       com.sun.javafx.geom.transform.AffineBase::doTransform (657 bytes)
Event: 78.662 Thread 0x00007fd29804b000 3612       3       javafx.scene.control.skin.TextFieldSkin$$Lambda$308/0x00000008002ba840::invalidated (13 bytes)
Event: 78.663 Thread 0x00007fd29804b000 nmethod 3612 0x000000011906c390 code [0x000000011906c540, 0x000000011906c680]
Event: 78.663 Thread 0x00007fd29804b000 3613       3       javafx.scene.control.skin.TextFieldSkin::lambda$new$4 (90 bytes)
Event: 78.670 Thread 0x00007fd29804b000 nmethod 3613 0x000000011906c790 code [0x000000011906ca60, 0x000000011906da40]
Event: 78.673 Thread 0x00007fd29804a000 nmethod 3611 0x000000012008e590 code [0x000000012008e720, 0x000000012008ead8]
Event: 78.673 Thread 0x00007fd29804b000 3614       3       javafx.scene.Parent::getChildTransformedBounds (19 bytes)
Event: 78.673 Thread 0x00007fd29804b000 nmethod 3614 0x000000011906df90 code [0x000000011906e160, 0x000000011906e3c0]
Event: 78.674 Thread 0x00007fd29804a000 3615       4       com.sun.javafx.geom.transform.AffineBase::transform (19 bytes)
Event: 78.675 Thread 0x00007fd29804b000 3616       1       com.sun.prism.impl.ps.CachingShapeRepState$MaskTexData::access$600 (5 bytes)
Event: 78.675 Thread 0x00007fd29804b000 nmethod 3616 0x000000012008ed90 code [0x000000012008ef40, 0x000000012008efd0]
Event: 78.675 Thread 0x00007fd29804b000 3617       1       com.sun.prism.impl.ps.CachingShapeRepState$MaskTexData::access$700 (5 bytes)
Event: 78.675 Thread 0x00007fd29804b000 nmethod 3617 0x000000012008f090 code [0x000000012008f240, 0x000000012008f2d0]
Event: 78.676 Thread 0x00007fd29804a000 nmethod 3615 0x000000012008f390 code [0x000000012008f520, 0x000000012008f5a8]

GC Heap History (6 events):
Event: 2.993 GC heap before
{Heap before GC invocations=0 (full 0):
 garbage-first heap   total 131072K, used 13312K [0x0000000780000000, 0x0000000800000000)
  region size 1024K, 14 young (14336K), 0 survivors (0K)
 Metaspace       used 9494K, capacity 9753K, committed 9984K, reserved 1058816K
  class space    used 906K, capacity 1002K, committed 1024K, reserved 1048576K
}
Event: 3.024 GC heap after
{Heap after GC invocations=1 (full 0):
 garbage-first heap   total 131072K, used 3856K [0x0000000780000000, 0x0000000800000000)
  region size 1024K, 2 young (2048K), 2 survivors (2048K)
 Metaspace       used 9494K, capacity 9753K, committed 9984K, reserved 1058816K
  class space    used 906K, capacity 1002K, committed 1024K, reserved 1048576K
}
Event: 6.888 GC heap before
{Heap before GC invocations=1 (full 0):
 garbage-first heap   total 131072K, used 35600K [0x0000000780000000, 0x0000000800000000)
  region size 1024K, 33 young (33792K), 2 survivors (2048K)
 Metaspace       used 20546K, capacity 21143K, committed 21248K, reserved 1067008K
  class space    used 2462K, capacity 2734K, committed 2816K, reserved 1048576K
}
Event: 6.914 GC heap after
{Heap after GC invocations=2 (full 0):
 garbage-first heap   total 131072K, used 9424K [0x0000000780000000, 0x0000000800000000)
  region size 1024K, 7 young (7168K), 7 survivors (7168K)
 Metaspace       used 20546K, capacity 21143K, committed 21248K, reserved 1067008K
  class space    used 2462K, capacity 2734K, committed 2816K, reserved 1048576K
}
Event: 33.792 GC heap before
{Heap before GC invocations=3 (full 0):
 garbage-first heap   total 131072K, used 30928K [0x0000000780000000, 0x0000000800000000)
  region size 1024K, 26 young (26624K), 7 survivors (7168K)
 Metaspace       used 25494K, capacity 26410K, committed 26752K, reserved 1073152K
  class space    used 3227K, capacity 3621K, committed 3712K, reserved 1048576K
}
Event: 33.813 GC heap after
{Heap after GC invocations=4 (full 0):
 garbage-first heap   total 131072K, used 13469K [0x0000000780000000, 0x0000000800000000)
  region size 1024K, 2 young (2048K), 2 survivors (2048K)
 Metaspace       used 25494K, capacity 26410K, committed 26752K, reserved 1073152K
  class space    used 3227K, capacity 3621K, committed 3712K, reserved 1048576K
}

Deoptimization events (20 events):
Event: 67.692 Thread 0x00007fd29820b000 DEOPT PACKING pc=0x0000000118cd3929 sp=0x00007000037fc8e0
Event: 67.692 Thread 0x00007fd29820b000 DEOPT UNPACKING pc=0x00000001184b664a sp=0x00007000037fbcc8 mode 0
Event: 67.696 Thread 0x00007fd29820b000 DEOPT PACKING pc=0x0000000118cd3929 sp=0x00007000037fc8e0
Event: 67.696 Thread 0x00007fd29820b000 DEOPT UNPACKING pc=0x00000001184b664a sp=0x00007000037fbcc8 mode 0
Event: 67.700 Thread 0x00007fd29820b000 DEOPT PACKING pc=0x0000000118cd3929 sp=0x00007000037fc860
Event: 67.700 Thread 0x00007fd29820b000 DEOPT UNPACKING pc=0x00000001184b664a sp=0x00007000037fbc48 mode 0
Event: 67.701 Thread 0x00007fd29820b000 DEOPT PACKING pc=0x0000000118cd3929 sp=0x00007000037fc860
Event: 67.701 Thread 0x00007fd29820b000 DEOPT UNPACKING pc=0x00000001184b664a sp=0x00007000037fbc48 mode 0
Event: 70.338 Thread 0x00007fd29820b000 DEOPT PACKING pc=0x0000000118fbd5f9 sp=0x00007000037fd530
Event: 70.338 Thread 0x00007fd29820b000 DEOPT UNPACKING pc=0x00000001184b664a sp=0x00007000037fc968 mode 0
Event: 70.888 Thread 0x00007fd2969b7800 Uncommon trap: trap_request=0xffffffcc fr.pc=0x0000000120055fec relative=0x00000000000001ac
Event: 70.888 Thread 0x00007fd2969b7800 Uncommon trap: reason=intrinsic_or_type_checked_inlining action=make_not_entrant pc=0x0000000120055fec method=java.util.Arrays.copyOf([Ljava/lang/Object;ILjava/lang/Class;)[Ljava/lang/Object; @ 35 c2
Event: 70.888 Thread 0x00007fd2969b7800 DEOPT PACKING pc=0x0000000120055fec sp=0x00007ff7b4e97e80
Event: 70.888 Thread 0x00007fd2969b7800 DEOPT UNPACKING pc=0x00000001184b5ea5 sp=0x00007ff7b4e97e10 mode 2
Event: 70.920 Thread 0x00007fd2969b7800 DEOPT PACKING pc=0x0000000118ad8859 sp=0x00007ff7b4e98770
Event: 70.920 Thread 0x00007fd2969b7800 DEOPT UNPACKING pc=0x00000001184b664a sp=0x00007ff7b4e97c08 mode 0
Event: 71.775 Thread 0x00007fd2969b7800 Uncommon trap: trap_request=0xffffff4d fr.pc=0x000000012005fb24 relative=0x0000000000000f64
Event: 71.775 Thread 0x00007fd2969b7800 Uncommon trap: reason=unstable_if action=reinterpret pc=0x000000012005fb24 method=javafx.scene.Node.updateBounds()V @ 37 c2
Event: 71.775 Thread 0x00007fd2969b7800 DEOPT PACKING pc=0x000000012005fb24 sp=0x00007ff7b4e99740
Event: 71.775 Thread 0x00007fd2969b7800 DEOPT UNPACKING pc=0x00000001184b5ea5 sp=0x00007ff7b4e996b0 mode 2

Classes redefined (0 events):
No events

Internal exceptions (20 events):
Event: 4.576 Thread 0x00007fd2969b7800 Exception <a 'java/lang/NoSuchMethodError'{0x00000007874bf548}: 'java.lang.Object java.lang.invoke.DirectMethodHandle$Holder.invokeSpecial(java.lang.Object, java.lang.Object, java.lang.Object, int, java.lang.Object)'> (0x00000007874bf548) thrown at [./src/hotspot/share/interpreter/linkResolver.cpp, line 773]
Event: 4.577 Thread 0x00007fd2969b7800 Exception <a 'java/lang/NoSuchMethodError'{0x00000007874c94f0}: 'java.lang.Object java.lang.invoke.Invokers$Holder.linkToTargetMethod(java.lang.Object, int, java.lang.Object, java.lang.Object)'> (0x00000007874c94f0) thrown at [./src/hotspot/share/interpreter/linkResolver.cpp, line 773]
Event: 5.085 Thread 0x00007fd2969b7800 Exception <a 'java/lang/NoSuchMethodError'{0x0000000786c74dd0}: 'void java.lang.invoke.DirectMethodHandle$Holder.invokeStaticInit(java.lang.Object, java.lang.Object)'> (0x0000000786c74dd0) thrown at [./src/hotspot/share/interpreter/linkResolver.cpp, line 773]
Event: 5.109 Thread 0x00007fd2969b7800 Exception <a 'java/lang/NoSuchMethodError'{0x0000000786cecc78}: 'void java.lang.invoke.DirectMethodHandle$Holder.invokeSpecial(java.lang.Object, java.lang.Object, java.lang.Object, java.lang.Object)'> (0x0000000786cecc78) thrown at [./src/hotspot/share/interpreter/linkResolver.cpp, line 773]
Event: 7.672 Thread 0x00007fd2969b7800 Exception <a 'java/lang/NoSuchMethodError'{0x0000000787d0da40}: 'java.lang.Object java.lang.invoke.Invokers$Holder.linkToTargetMethod(java.lang.Object, int, java.lang.Object)'> (0x0000000787d0da40) thrown at [./src/hotspot/share/interpreter/linkResolver.cpp, line 773]
Event: 7.813 Thread 0x00007fd2969b7800 Exception <a 'java/lang/NoSuchMethodError'{0x0000000787b99998}: 'java.lang.Object java.lang.invoke.DirectMethodHandle$Holder.invokeInterface(java.lang.Object, java.lang.Object, java.lang.Object)'> (0x0000000787b99998) thrown at [./src/hotspot/share/interpreter/linkResolver.cpp, line 773]
Event: 7.814 Thread 0x00007fd2969b7800 Exception <a 'java/lang/IncompatibleClassChangeError'{0x0000000787b9cb50}: Found class java.lang.Object, but interface was expected> (0x0000000787b9cb50) thrown at [./src/hotspot/share/interpreter/linkResolver.cpp, line 839]
Event: 8.500 Thread 0x00007fd2969b7800 Exception <a 'java/lang/NoSuchMethodError'{0x0000000787507ac0}: 'long java.lang.invoke.DirectMethodHandle$Holder.invokeStaticInit(java.lang.Object, java.lang.Object, java.lang.Object)'> (0x0000000787507ac0) thrown at [./src/hotspot/share/interpreter/linkResolver.cpp, line 773]
Event: 8.504 Thread 0x00007fd29820b000 Exception <a 'java/lang/NoSuchMethodError'{0x000000078756e418}: 'int java.lang.invoke.DirectMethodHandle$Holder.invokeStaticInit(java.lang.Object, java.lang.Object)'> (0x000000078756e418) thrown at [./src/hotspot/share/interpreter/linkResolver.cpp, line 773]
Event: 8.504 Thread 0x00007fd2969b7800 Exception <a 'java/lang/NoSuchMethodError'{0x0000000787520108}: 'java.lang.Object java.lang.invoke.DirectMethodHandle$Holder.invokeStatic(java.lang.Object, java.lang.Object, long)'> (0x0000000787520108) thrown at [./src/hotspot/share/interpreter/linkResolver.cpp, line 773]
Event: 8.506 Thread 0x00007fd2969b7800 Exception <a 'java/lang/NoSuchMethodError'{0x0000000787526280}: 'java.lang.Object java.lang.invoke.Invokers$Holder.linkToTargetMethod(java.lang.Object, long, java.lang.Object)'> (0x0000000787526280) thrown at [./src/hotspot/share/interpreter/linkResolver.cpp, line 773]
Event: 9.258 Thread 0x00007fd2969b7800 Exception <a 'java/lang/NoSuchMethodError'{0x0000000787000aa0}: 'long java.lang.invoke.DirectMethodHandle$Holder.invokeStatic(java.lang.Object, java.lang.Object)'> (0x0000000787000aa0) thrown at [./src/hotspot/share/interpreter/linkResolver.cpp, line 773]
Event: 10.539 Thread 0x00007fd2969b7800 Exception <a 'java/lang/NoSuchMethodError'{0x0000000787063e50}: 'java.lang.Object java.lang.invoke.DirectMethodHandle$Holder.invokeStatic(java.lang.Object, java.lang.Object, int, int, int, int, int, java.lang.Object)'> (0x0000000787063e50) thrown at [./src/hotspot/share/interpreter/linkResolver.cpp, line 773]
Event: 10.542 Thread 0x00007fd2969b7800 Exception <a 'java/lang/NoSuchMethodError'{0x00000007870746e8}: 'java.lang.Object java.lang.invoke.DirectMethodHandle$Holder.invokeStatic(java.lang.Object, java.lang.Object, java.lang.Object, int, int, int, int, int)'> (0x00000007870746e8) thrown at [./src/hotspot/share/interpreter/linkResolver.cpp, line 773]
Event: 10.543 Thread 0x00007fd2969b7800 Exception <a 'java/lang/NoSuchMethodError'{0x000000078707af58}: 'java.lang.Object java.lang.invoke.Invokers$Holder.linkToTargetMethod(java.lang.Object, java.lang.Object, int, int, int, int, int, java.lang.Object)'> (0x000000078707af58) thrown at [./src/hotspot/share/interpreter/linkResolver.cpp, line 773]
Event: 10.558 Thread 0x00007fd2969b7800 Exception <a 'java/lang/NoSuchMethodError'{0x00000007870ab910}: 'java.lang.Object java.lang.invoke.DirectMethodHandle$Holder.invokeStatic(java.lang.Object, java.lang.Object, long, int, int, int)'> (0x00000007870ab910) thrown at [./src/hotspot/share/interpreter/linkResolver.cpp, line 773]
Event: 10.564 Thread 0x00007fd2969b7800 Exception <a 'java/lang/NoSuchMethodError'{0x00000007870bf7c8}: 'java.lang.Object java.lang.invoke.DirectMethodHandle$Holder.invokeStatic(java.lang.Object, java.lang.Object, int, java.lang.Object, long, int, int, int, int)'> (0x00000007870bf7c8) thrown at [./src/hotspot/share/interpreter/linkResolver.cpp, line 773]
Event: 67.650 Thread 0x00007fd29820b000 Exception <a 'java/lang/NoSuchMethodError'{0x0000000787eb8dc0}: 'java.lang.Object java.lang.invoke.DirectMethodHandle$Holder.invokeStaticInit(java.lang.Object, int)'> (0x0000000787eb8dc0) thrown at [./src/hotspot/share/interpreter/linkResolver.cpp, line 773]
Event: 71.654 Thread 0x00007fd2969b7800 Exception <a 'java/lang/NoSuchMethodError'{0x000000078798b948}: 'java.lang.Object java.lang.invoke.DirectMethodHandle$Holder.invokeStatic(java.lang.Object, java.lang.Object, int, java.lang.Object, double, double, double, double, double, double, int, int, int, int, int, int, int, int)'> (0x000000078798b948) thrown at [./src/hotspot/share/interpreter/linkResolver.cpp, line 773]
Event: 76.035 Thread 0x00007fd2969b7800 Exception <a 'java/lang/NoSuchMethodError'{0x000000078782c220}: 'void java.lang.invoke.DirectMethodHandle$Holder.invokeVirtual(java.lang.Object, java.lang.Object)'> (0x000000078782c220) thrown at [./src/hotspot/share/interpreter/linkResolver.cpp, line 773]

Events (20 events):
Event: 67.661 loading class com/sun/scenario/effect/impl/prism/ps/PPSEffectPeer
Event: 67.661 loading class com/sun/scenario/effect/impl/prism/ps/PPSEffectPeer done
Event: 67.667 loading class com/sun/scenario/effect/impl/BufferUtil
Event: 67.667 loading class com/sun/scenario/effect/impl/BufferUtil done
Event: 71.653 loading class com/sun/glass/ui/View
Event: 71.653 loading class com/sun/glass/ui/View done
Event: 71.653 loading class com/sun/javafx/tk/quantum/GlassViewEventHandler
Event: 71.653 loading class com/sun/javafx/tk/quantum/GlassViewEventHandler done
Event: 71.655 loading class com/sun/glass/ui/View
Event: 71.655 loading class com/sun/glass/ui/View done
Event: 71.655 loading class com/sun/javafx/tk/quantum/GlassViewEventHandler
Event: 71.655 loading class com/sun/javafx/tk/quantum/GlassViewEventHandler done
Event: 71.655 loading class javafx/scene/input/ScrollEvent$HorizontalTextScrollUnits
Event: 71.655 loading class javafx/scene/input/ScrollEvent$HorizontalTextScrollUnits done
Event: 71.655 loading class javafx/scene/input/ScrollEvent$VerticalTextScrollUnits
Event: 71.655 loading class javafx/scene/input/ScrollEvent$VerticalTextScrollUnits done
Event: 75.484 loading class com/sun/javafx/scene/KeyboardShortcutsHandler$1
Event: 75.484 loading class com/sun/javafx/scene/KeyboardShortcutsHandler$1 done
Event: 76.036 loading class javafx/scene/control/ScrollBar
Event: 76.036 loading class javafx/scene/control/ScrollBar done


Dynamic libraries:
0x000000010b180000 	/Library/Java/JavaVirtualMachines/temurin-11.jdk/Contents/Home/lib/jli/libjli.dylib
0x00007ff828af0000 	/System/Library/Frameworks/Cocoa.framework/Versions/A/Cocoa
0x00007ff814759000 	/System/Library/Frameworks/AppKit.framework/Versions/C/AppKit
0x00007ff817c6c000 	/System/Library/Frameworks/CoreData.framework/Versions/A/CoreData
0x00007ff812b5d000 	/System/Library/Frameworks/Foundation.framework/Versions/C/Foundation
0x00007ff81ca85000 	/usr/lib/libSystem.B.dylib
0x00007ff8155e8000 	/System/Library/PrivateFrameworks/UIFoundation.framework/Versions/A/UIFoundation
0x00007ff8229f4000 	/System/Library/PrivateFrameworks/RemoteViewServices.framework/Versions/A/RemoteViewServices
0x00007ff81acda000 	/System/Library/PrivateFrameworks/XCTTargetBootstrap.framework/Versions/A/XCTTargetBootstrap
0x00007ff81e88c000 	/System/Library/PrivateFrameworks/InternationalSupport.framework/Versions/A/InternationalSupport
0x00007ff81e916000 	/System/Library/PrivateFrameworks/UserActivity.framework/Versions/A/UserActivity
0x00007ff81dc6c000 	/usr/lib/libspindump.dylib
0x00007ff815876000 	/System/Library/Frameworks/UniformTypeIdentifiers.framework/Versions/A/UniformTypeIdentifiers
0x00007ff819402000 	/usr/lib/libapp_launch_measurement.dylib
0x00007ff81863d000 	/System/Library/PrivateFrameworks/CoreAnalytics.framework/Versions/A/CoreAnalytics
0x00007ff819405000 	/System/Library/PrivateFrameworks/CoreAutoLayout.framework/Versions/A/CoreAutoLayout
0x00007ff81a634000 	/System/Library/Frameworks/Metal.framework/Versions/A/Metal
0x00007ff81b35f000 	/usr/lib/liblangid.dylib
0x00007ff81acdf000 	/System/Library/PrivateFrameworks/CoreSVG.framework/Versions/A/CoreSVG
0x00007ff816c61000 	/System/Library/PrivateFrameworks/SkyLight.framework/Versions/A/SkyLight
0x00007ff816fff000 	/System/Library/Frameworks/CoreGraphics.framework/Versions/A/CoreGraphics
0x00007ff8230b4000 	/System/Library/Frameworks/Accelerate.framework/Versions/A/Accelerate
0x00007ff81d6eb000 	/System/Library/PrivateFrameworks/IconServices.framework/Versions/A/IconServices
0x00007ff81a619000 	/System/Library/Frameworks/IOSurface.framework/Versions/A/IOSurface
0x00007ff81866b000 	/usr/lib/libDiagnosticMessagesClient.dylib
0x00007ff81c9a5000 	/usr/lib/libz.1.dylib
0x00007ff826794000 	/System/Library/Frameworks/ApplicationServices.framework/Versions/A/ApplicationServices
0x00007ff81acc6000 	/System/Library/PrivateFrameworks/DFRFoundation.framework/Versions/A/DFRFoundation
0x00007ff814041000 	/usr/lib/libicucore.A.dylib
0x00007ff81f681000 	/System/Library/Frameworks/AudioToolbox.framework/Versions/A/AudioToolbox
0x00007ff81e898000 	/System/Library/PrivateFrameworks/DataDetectorsCore.framework/Versions/A/DataDetectorsCore
0x00007ff91ad7f000 	/System/Library/PrivateFrameworks/TextInput.framework/Versions/A/TextInput
0x00007ff816be4000 	/usr/lib/libMobileGestalt.dylib
0x00007ff81a9d2000 	/System/Library/Frameworks/Carbon.framework/Versions/A/Frameworks/HIToolbox.framework/Versions/A/HIToolbox
0x00007ff818e08000 	/System/Library/Frameworks/QuartzCore.framework/Versions/A/QuartzCore
0x00007ff813ce6000 	/System/Library/Frameworks/Security.framework/Versions/A/Security
0x00007ff822a2c000 	/System/Library/Frameworks/Carbon.framework/Versions/A/Frameworks/SpeechRecognition.framework/Versions/A/SpeechRecognition
0x00007ff819162000 	/System/Library/PrivateFrameworks/CoreUI.framework/Versions/A/CoreUI
0x00007ff8135b1000 	/System/Library/Frameworks/CoreAudio.framework/Versions/A/CoreAudio
0x00007ff81875a000 	/System/Library/Frameworks/DiskArbitration.framework/Versions/A/DiskArbitration
0x00007ff81e05a000 	/System/Library/PrivateFrameworks/MultitouchSupport.framework/Versions/A/MultitouchSupport
0x00007ff816be3000 	/usr/lib/libenergytrace.dylib
0x00007ff814645000 	/System/Library/Frameworks/IOKit.framework/Versions/A/IOKit
0x00007ff822e1c000 	/System/Library/Frameworks/CoreServices.framework/Versions/A/CoreServices
0x00007ff81939c000 	/System/Library/PrivateFrameworks/PerformanceAnalysis.framework/Versions/A/PerformanceAnalysis
0x00007ffa2aa64000 	/System/Library/Frameworks/OpenGL.framework/Versions/A/OpenGL
0x00007ff81bfc1000 	/System/Library/PrivateFrameworks/MobileKeyBag.framework/Versions/A/MobileKeyBag
0x00007ff811b21000 	/usr/lib/libobjc.A.dylib
0x00007ff8176cb000 	/System/Library/Frameworks/ColorSync.framework/Versions/A/ColorSync
0x00007ff811cdb000 	/System/Library/Frameworks/CoreFoundation.framework/Versions/A/CoreFoundation
0x00007ff81af55000 	/System/Library/Frameworks/CoreImage.framework/Versions/A/CoreImage
0x00007ff8133c5000 	/System/Library/Frameworks/CoreText.framework/Versions/A/CoreText
0x00007ff81ad0f000 	/System/Library/Frameworks/ImageIO.framework/Versions/A/ImageIO
0x00007ff81ca8b000 	/System/Library/PrivateFrameworks/SoftLinking.framework/Versions/A/SoftLinking
0x00007ff81944d000 	/usr/lib/libxml2.2.dylib
0x00007ff811be7000 	/usr/lib/libc++.1.dylib
0x00007ff81cd0f000 	/usr/lib/libcompression.dylib
0x00007ff81e7bf000 	/System/Library/PrivateFrameworks/TextureIO.framework/Versions/A/TextureIO
0x00007ff81d3fd000 	/usr/lib/libate.dylib
0x00007ff81ca80000 	/usr/lib/system/libcache.dylib
0x00007ff81ca3c000 	/usr/lib/system/libcommonCrypto.dylib
0x00007ff81ca65000 	/usr/lib/system/libcompiler_rt.dylib
0x00007ff81ca5b000 	/usr/lib/system/libcopyfile.dylib
0x00007ff811a1c000 	/usr/lib/system/libcorecrypto.dylib
0x00007ff811ada000 	/usr/lib/system/libdispatch.dylib
0x00007ff811c9a000 	/usr/lib/system/libdyld.dylib
0x00007ff81ca77000 	/usr/lib/system/libkeymgr.dylib
0x00007ff81ca1a000 	/usr/lib/system/libmacho.dylib
0x00007ff81c09b000 	/usr/lib/system/libquarantine.dylib
0x00007ff81ca75000 	/usr/lib/system/libremovefile.dylib
0x00007ff816c31000 	/usr/lib/system/libsystem_asl.dylib
0x00007ff8119c5000 	/usr/lib/system/libsystem_blocks.dylib
0x00007ff811b5e000 	/usr/lib/system/libsystem_c.dylib
0x00007ff81ca6d000 	/usr/lib/system/libsystem_collections.dylib
0x00007ff81b34f000 	/usr/lib/system/libsystem_configuration.dylib
0x00007ff81a5fc000 	/usr/lib/system/libsystem_containermanager.dylib
0x00007ff81c752000 	/usr/lib/system/libsystem_coreservices.dylib
0x00007ff8142d5000 	/usr/lib/system/libsystem_darwin.dylib
0x00007ff81ca78000 	/usr/lib/system/libsystem_dnssd.dylib
0x00007ff811b5b000 	/usr/lib/system/libsystem_featureflags.dylib
0x00007ff811cb0000 	/usr/lib/system/libsystem_info.dylib
0x00007ff81c9b8000 	/usr/lib/system/libsystem_m.dylib
0x00007ff811aae000 	/usr/lib/system/libsystem_malloc.dylib
0x00007ff816bcc000 	/usr/lib/system/libsystem_networkextension.dylib
0x00007ff8146fb000 	/usr/lib/system/libsystem_notify.dylib
0x00007ff822cf1000 	/usr/lib/system/libsystem_product_info_filter.dylib
0x00007ff81b353000 	/usr/lib/system/libsystem_sandbox.dylib
0x00007ff81ca72000 	/usr/lib/system/libsystem_secinit.dylib
0x00007ff811c56000 	/usr/lib/system/libsystem_kernel.dylib
0x00007ff811ca6000 	/usr/lib/system/libsystem_platform.dylib
0x00007ff811c8e000 	/usr/lib/system/libsystem_pthread.dylib
0x00007ff81847d000 	/usr/lib/system/libsystem_symptoms.dylib
0x00007ff811a03000 	/usr/lib/system/libsystem_trace.dylib
0x00007ff81ca48000 	/usr/lib/system/libunwind.dylib
0x00007ff8119c7000 	/usr/lib/system/libxpc.dylib
0x00007ff811c40000 	/usr/lib/libc++abi.dylib
0x00007ff81ca53000 	/usr/lib/liboah.dylib
0x00007ff81d1d9000 	/usr/lib/liblzma.5.dylib
0x00007ff81286c000 	/System/Library/Frameworks/SystemConfiguration.framework/Versions/A/SystemConfiguration
0x00007ff81ca87000 	/usr/lib/libfakelink.dylib
0x00007ff81673d000 	/System/Library/Frameworks/CFNetwork.framework/Versions/A/CFNetwork
0x00007ff81cbc8000 	/usr/lib/libarchive.2.dylib
0x00007ff81b35b000 	/System/Library/PrivateFrameworks/AppleSystemInfo.framework/Versions/A/AppleSystemInfo
0x00007ff81c0c2000 	/usr/lib/libbsm.0.dylib
0x00007ff815d4c000 	/usr/lib/libnetwork.dylib
0x00007ff81ca20000 	/usr/lib/system/libkxld.dylib
0x00007ff81bcf5000 	/System/Library/PrivateFrameworks/IOMobileFramebuffer.framework/Versions/A/IOMobileFramebuffer
0x00007ffb29e38000 	/usr/lib/libCoreEntitlements.dylib
0x00007ff81c734000 	/System/Library/PrivateFrameworks/AppleFSCompression.framework/Versions/A/AppleFSCompression
0x00007ff81c0aa000 	/usr/lib/libcoretls.dylib
0x00007ff81d1f3000 	/usr/lib/libcoretls_cfhelpers.dylib
0x00007ff81cd0a000 	/usr/lib/libpam.2.dylib
0x00007ff81809d000 	/usr/lib/libsqlite3.dylib
0x00007ff81d262000 	/usr/lib/libxar.1.dylib
0x00007ff81c744000 	/usr/lib/libbz2.1.0.dylib
0x00007ff81ca8c000 	/usr/lib/libpcap.A.dylib
0x00007ff818475000 	/usr/lib/libdns_services.dylib
0x00007ff81ccda000 	/usr/lib/libapple_nghttp2.dylib
0x00007ff81cac6000 	/usr/lib/libiconv.2.dylib
0x00007ff81ca19000 	/usr/lib/libcharset.1.dylib
0x00007ff8193d0000 	/System/Library/Frameworks/CoreServices.framework/Versions/A/Frameworks/FSEvents.framework/Versions/A/FSEvents
0x00007ff8142df000 	/System/Library/Frameworks/CoreServices.framework/Versions/A/Frameworks/CarbonCore.framework/Versions/A/CarbonCore
0x00007ff8186be000 	/System/Library/Frameworks/CoreServices.framework/Versions/A/Frameworks/Metadata.framework/Versions/A/Metadata
0x00007ff81c757000 	/System/Library/Frameworks/CoreServices.framework/Versions/A/Frameworks/OSServices.framework/Versions/A/OSServices
0x00007ff81cc4f000 	/System/Library/Frameworks/CoreServices.framework/Versions/A/Frameworks/SearchKit.framework/Versions/A/SearchKit
0x00007ff818408000 	/System/Library/Frameworks/CoreServices.framework/Versions/A/Frameworks/AE.framework/Versions/A/AE
0x00007ff8121de000 	/System/Library/Frameworks/CoreServices.framework/Versions/A/Frameworks/LaunchServices.framework/Versions/A/LaunchServices
0x00007ff81d18a000 	/System/Library/Frameworks/CoreServices.framework/Versions/A/Frameworks/DictionaryServices.framework/Versions/A/DictionaryServices
0x00007ff8193dd000 	/System/Library/Frameworks/CoreServices.framework/Versions/A/Frameworks/SharedFileList.framework/Versions/A/SharedFileList
0x00007ff81c09e000 	/usr/lib/libCheckFix.dylib
0x00007ff816c48000 	/System/Library/PrivateFrameworks/TCC.framework/Versions/A/TCC
0x00007ff81b361000 	/System/Library/PrivateFrameworks/CoreNLP.framework/Versions/A/CoreNLP
0x00007ff81866e000 	/System/Library/PrivateFrameworks/MetadataUtilities.framework/Versions/A/MetadataUtilities
0x00007ff812920000 	/usr/lib/libmecabra.dylib
0x00007ff81c0d2000 	/usr/lib/libmecab.dylib
0x00007ff8128eb000 	/usr/lib/libCRFSuite.dylib
0x00007ff81c12c000 	/usr/lib/libgermantok.dylib
0x00007ff81ccb5000 	/usr/lib/libThaiTokenizer.dylib
0x00007ff818761000 	/System/Library/Frameworks/Accelerate.framework/Versions/A/Frameworks/vImage.framework/Versions/A/vImage
0x00007ff822df3000 	/System/Library/Frameworks/Accelerate.framework/Versions/A/Frameworks/vecLib.framework/Versions/A/vecLib
0x00007ff81d2a3000 	/System/Library/Frameworks/Accelerate.framework/Versions/A/Frameworks/vecLib.framework/Versions/A/libvMisc.dylib
0x00007ff81bb20000 	/System/Library/Frameworks/Accelerate.framework/Versions/A/Frameworks/vecLib.framework/Versions/A/libvDSP.dylib
0x00007ff81255c000 	/System/Library/Frameworks/Accelerate.framework/Versions/A/Frameworks/vecLib.framework/Versions/A/libBLAS.dylib
0x00007ff81cdec000 	/System/Library/Frameworks/Accelerate.framework/Versions/A/Frameworks/vecLib.framework/Versions/A/libLAPACK.dylib
0x00007ff81c12f000 	/System/Library/Frameworks/Accelerate.framework/Versions/A/Frameworks/vecLib.framework/Versions/A/libLinearAlgebra.dylib
0x00007ff81ccf2000 	/System/Library/Frameworks/Accelerate.framework/Versions/A/Frameworks/vecLib.framework/Versions/A/libSparseBLAS.dylib
0x00007ff81cde6000 	/System/Library/Frameworks/Accelerate.framework/Versions/A/Frameworks/vecLib.framework/Versions/A/libQuadrature.dylib
0x00007ff81b44c000 	/System/Library/Frameworks/Accelerate.framework/Versions/A/Frameworks/vecLib.framework/Versions/A/libBNNS.dylib
0x00007ff8127f6000 	/System/Library/Frameworks/Accelerate.framework/Versions/A/Frameworks/vecLib.framework/Versions/A/libSparse.dylib
0x00007ff81b445000 	/System/Library/PrivateFrameworks/LinguisticData.framework/Versions/A/LinguisticData
0x00007ff8127ac000 	/System/Library/PrivateFrameworks/Lexicon.framework/Versions/A/Lexicon
0x00007ff81d29c000 	/usr/lib/libChineseTokenizer.dylib
0x00007ff812f1a000 	/System/Library/PrivateFrameworks/LanguageModeling.framework/Versions/A/LanguageModeling
0x00007ff81ccb7000 	/System/Library/PrivateFrameworks/AppleSauce.framework/Versions/A/AppleSauce
0x00007ff81bce3000 	/System/Library/PrivateFrameworks/CoreEmoji.framework/Versions/A/CoreEmoji
0x00007ff81cbb7000 	/usr/lib/libcmph.dylib
0x00007ff8193b4000 	/System/Library/Frameworks/OpenDirectory.framework/Versions/A/Frameworks/CFOpenDirectory.framework/Versions/A/CFOpenDirectory
0x00007ff8193a8000 	/System/Library/Frameworks/OpenDirectory.framework/Versions/A/OpenDirectory
0x00007ff81d1f5000 	/System/Library/PrivateFrameworks/APFS.framework/Versions/A/APFS
0x00007ff81bff9000 	/System/Library/Frameworks/SecurityFoundation.framework/Versions/A/SecurityFoundation
0x00007ff81d270000 	/usr/lib/libutil.dylib
0x00007ff814609000 	/System/Library/PrivateFrameworks/CoreServicesStore.framework/Versions/A/CoreServicesStore
0x00007ff81d274000 	/usr/lib/libxslt.1.dylib
0x00007ff81c086000 	/System/Library/PrivateFrameworks/BackgroundTaskManagement.framework/Versions/A/BackgroundTaskManagement
0x00007ff81e6df000 	/System/Library/Frameworks/ImageIO.framework/Versions/A/Resources/libRadiance.dylib
0x00007ff81e6e8000 	/System/Library/Frameworks/ImageIO.framework/Versions/A/Resources/libJPEG.dylib
0x00007ff81e639000 	/System/Library/Frameworks/ImageIO.framework/Versions/A/Resources/libPng.dylib
0x00007ff81e65a000 	/System/Library/Frameworks/ImageIO.framework/Versions/A/Resources/libTIFF.dylib
0x00007ff81e748000 	/System/Library/Frameworks/ImageIO.framework/Versions/A/Resources/libGIF.dylib
0x00007ff81df74000 	/System/Library/Frameworks/ImageIO.framework/Versions/A/Resources/libJP2.dylib
0x00007ff81d6b2000 	/usr/lib/libexpat.1.dylib
0x00007ff81df29000 	/System/Library/PrivateFrameworks/AppleJPEG.framework/Versions/A/AppleJPEG
0x00007ff81a896000 	/System/Library/PrivateFrameworks/FontServices.framework/libFontParser.dylib
0x00007ff8183b2000 	/System/Library/PrivateFrameworks/RunningBoardServices.framework/Versions/A/RunningBoardServices
0x00007ff8290ab000 	/System/Library/PrivateFrameworks/IOSurfaceAccelerator.framework/Versions/A/IOSurfaceAccelerator
0x00007ff81e056000 	/System/Library/PrivateFrameworks/WatchdogClient.framework/Versions/A/WatchdogClient
0x00007ff813008000 	/System/Library/Frameworks/CoreDisplay.framework/Versions/A/CoreDisplay
0x00007ff81a794000 	/System/Library/Frameworks/CoreMedia.framework/Versions/A/CoreMedia
0x00007ff81a62b000 	/System/Library/PrivateFrameworks/IOAccelerator.framework/Versions/A/IOAccelerator
0x00007ff819531000 	/System/Library/Frameworks/CoreVideo.framework/Versions/A/CoreVideo
0x00007ff81cd08000 	/System/Library/Frameworks/MetalPerformanceShaders.framework/Versions/A/MetalPerformanceShaders
0x00007ff81e093000 	/System/Library/Frameworks/VideoToolbox.framework/Versions/A/VideoToolbox
0x00007ff8182fc000 	/System/Library/PrivateFrameworks/BaseBoard.framework/Versions/A/BaseBoard
0x00007ff818083000 	/System/Library/PrivateFrameworks/ProtocolBuffer.framework/Versions/A/ProtocolBuffer
0x00007ff81e6d8000 	/System/Library/PrivateFrameworks/GPUWrangler.framework/Versions/A/GPUWrangler
0x00007ff81e6bc000 	/System/Library/PrivateFrameworks/IOPresentment.framework/Versions/A/IOPresentment
0x00007ff81e6e2000 	/System/Library/PrivateFrameworks/DSExternalDisplay.framework/Versions/A/DSExternalDisplay
0x00007ffa2aa58000 	/System/Library/Frameworks/OpenGL.framework/Versions/A/Libraries/libCoreFSCache.dylib
0x00007ffb1755c000 	/System/Library/PrivateFrameworks/GPUCompiler.framework/Versions/31001/Libraries/libGPUCompilerUtils.dylib
0x00007ff81e74d000 	/System/Library/PrivateFrameworks/CMCaptureCore.framework/Versions/A/CMCaptureCore
0x00007ff81dc5a000 	/System/Library/PrivateFrameworks/AppServerSupport.framework/Versions/A/AppServerSupport
0x00007ff81ff19000 	/System/Library/PrivateFrameworks/perfdata.framework/Versions/A/perfdata
0x00007ff813134000 	/System/Library/PrivateFrameworks/AudioToolboxCore.framework/Versions/A/AudioToolboxCore
0x00007ff81a772000 	/System/Library/PrivateFrameworks/caulk.framework/Versions/A/caulk
0x00007ff81f82b000 	/usr/lib/libAudioStatistics.dylib
0x00007ff917522000 	/System/Library/PrivateFrameworks/SystemPolicy.framework/Versions/A/SystemPolicy
0x00007ff81fa86000 	/usr/lib/libSMC.dylib
0x00007ff8289a3000 	/System/Library/Frameworks/CoreMIDI.framework/Versions/A/CoreMIDI
0x00007ff81e608000 	/usr/lib/libAudioToolboxUtility.dylib
0x00007ff913757000 	/System/Library/PrivateFrameworks/OSAServicesClient.framework/Versions/A/OSAServicesClient
0x00007ff81ff26000 	/usr/lib/libperfcheck.dylib
0x00007ff917fcc000 	/usr/lib/libmis.dylib
0x00007ffa2aab3000 	/System/Library/Frameworks/OpenGL.framework/Versions/A/Libraries/libGLU.dylib
0x00007ffa2aa77000 	/System/Library/Frameworks/OpenGL.framework/Versions/A/Libraries/libGFXShared.dylib
0x00007ffa2ac80000 	/System/Library/Frameworks/OpenGL.framework/Versions/A/Libraries/libGL.dylib
0x00007ffa2aa80000 	/System/Library/Frameworks/OpenGL.framework/Versions/A/Libraries/libGLImage.dylib
0x00007ffa2aa74000 	/System/Library/Frameworks/OpenGL.framework/Versions/A/Libraries/libCVMSPluginSupport.dylib
0x00007ffa2aa5f000 	/System/Library/Frameworks/OpenGL.framework/Versions/A/Libraries/libCoreVMClient.dylib
0x00007ff81b2dd000 	/System/Library/Frameworks/MetalPerformanceShaders.framework/Versions/A/Frameworks/MPSCore.framework/Versions/A/MPSCore
0x00007ff81c69f000 	/System/Library/Frameworks/MetalPerformanceShaders.framework/Versions/A/Frameworks/MPSImage.framework/Versions/A/MPSImage
0x00007ff81c145000 	/System/Library/Frameworks/MetalPerformanceShaders.framework/Versions/A/Frameworks/MPSNeuralNetwork.framework/Versions/A/MPSNeuralNetwork
0x00007ff81c5b9000 	/System/Library/Frameworks/MetalPerformanceShaders.framework/Versions/A/Frameworks/MPSMatrix.framework/Versions/A/MPSMatrix
0x00007ff81c374000 	/System/Library/Frameworks/MetalPerformanceShaders.framework/Versions/A/Frameworks/MPSRayIntersector.framework/Versions/A/MPSRayIntersector
0x00007ff81c5f1000 	/System/Library/Frameworks/MetalPerformanceShaders.framework/Versions/A/Frameworks/MPSNDArray.framework/Versions/A/MPSNDArray
0x00007ffa2fc7a000 	/System/Library/Frameworks/MetalPerformanceShaders.framework/Versions/A/Frameworks/MPSFunctions.framework/Versions/A/MPSFunctions
0x00007ff812435000 	/System/Library/PrivateFrameworks/MetalTools.framework/Versions/A/MetalTools
0x00007ff81b359000 	/System/Library/PrivateFrameworks/AggregateDictionary.framework/Versions/A/AggregateDictionary
0x00007ff81d494000 	/usr/lib/libIOReport.dylib
0x00007ffa2c08f000 	/System/Library/Frameworks/OpenCL.framework/Versions/A/OpenCL
0x00007ff81d7f8000 	/System/Library/PrivateFrameworks/FaceCore.framework/Versions/A/FaceCore
0x00007ff81d7e9000 	/System/Library/PrivateFrameworks/GraphVisualizer.framework/Versions/A/GraphVisualizer
0x00007ffb17467000 	/System/Library/PrivateFrameworks/FontServices.framework/Versions/A/FontServices
0x00007ff81dc12000 	/System/Library/PrivateFrameworks/OTSVG.framework/Versions/A/OTSVG
0x00007ff819118000 	/System/Library/Frameworks/ApplicationServices.framework/Versions/A/Frameworks/ATS.framework/Versions/A/Resources/libFontRegistry.dylib
0x00007ff81dc62000 	/System/Library/PrivateFrameworks/FontServices.framework/libhvf.dylib
0x00007ffb17468000 	/System/Library/PrivateFrameworks/FontServices.framework/libXTFontStaticRegistryData.dylib
0x00007ff81d662000 	/System/Library/PrivateFrameworks/AppleVA.framework/Versions/A/AppleVA
0x00007ff81f84b000 	/System/Library/Frameworks/ApplicationServices.framework/Versions/A/Frameworks/ATS.framework/Versions/A/ATS
0x00007ff8177c9000 	/System/Library/Frameworks/ApplicationServices.framework/Versions/A/Frameworks/HIServices.framework/Versions/A/HIServices
0x00007ff81e757000 	/System/Library/Frameworks/ApplicationServices.framework/Versions/A/Frameworks/PrintCore.framework/Versions/A/PrintCore
0x00007ff81fbd9000 	/System/Library/Frameworks/ApplicationServices.framework/Versions/A/Frameworks/QD.framework/Versions/A/QD
0x00007ff81fbd1000 	/System/Library/Frameworks/ApplicationServices.framework/Versions/A/Frameworks/ColorSyncLegacy.framework/Versions/A/ColorSyncLegacy
0x00007ff81f83b000 	/System/Library/Frameworks/ApplicationServices.framework/Versions/A/Frameworks/SpeechSynthesis.framework/Versions/A/SpeechSynthesis
0x00007ff81e718000 	/System/Library/Frameworks/ApplicationServices.framework/Versions/A/Frameworks/ATSUI.framework/Versions/A/ATSUI
0x00007ff81fb66000 	/usr/lib/libcups.2.dylib
0x00007ff81ff35000 	/System/Library/Frameworks/Kerberos.framework/Versions/A/Kerberos
0x00007ff81ff44000 	/System/Library/Frameworks/GSS.framework/Versions/A/GSS
0x00007ff81f8b7000 	/usr/lib/libresolv.9.dylib
0x00007ff81dc71000 	/System/Library/PrivateFrameworks/Heimdal.framework/Versions/A/Heimdal
0x00007ff826b26000 	/System/Library/Frameworks/Kerberos.framework/Versions/A/Libraries/libHeimdalProxy.dylib
0x00007ff818485000 	/System/Library/Frameworks/Network.framework/Versions/A/Network
0x00007ff81d6cc000 	/usr/lib/libheimdal-asn1.dylib
0x00007ff81ff8f000 	/System/Library/PrivateFrameworks/CommonAuth.framework/Versions/A/CommonAuth
0x00007ff81f7bd000 	/System/Library/PrivateFrameworks/AudioSession.framework/Versions/A/AudioSession
0x00007ff81d75c000 	/System/Library/PrivateFrameworks/MediaExperience.framework/Versions/A/MediaExperience
0x00007ff81f650000 	/System/Library/PrivateFrameworks/AudioSession.framework/libSessionUtility.dylib
0x00007ff81fbe5000 	/System/Library/PrivateFrameworks/AudioResourceArbitration.framework/Versions/A/AudioResourceArbitration
0x00007ff823c66000 	/System/Library/PrivateFrameworks/PowerLog.framework/Versions/A/PowerLog
0x00007ff81d6d5000 	/System/Library/PrivateFrameworks/IconFoundation.framework/Versions/A/IconFoundation
0x00007ff822a1c000 	/System/Library/PrivateFrameworks/SpeechRecognitionCore.framework/Versions/A/SpeechRecognitionCore
0x000000010bf45000 	/Library/Java/JavaVirtualMachines/temurin-11.jdk/Contents/Home/lib/server/libjvm.dylib
0x000000010b1af000 	/Library/Java/JavaVirtualMachines/temurin-11.jdk/Contents/Home/lib/libverify.dylib
0x000000010b1ec000 	/Library/Java/JavaVirtualMachines/temurin-11.jdk/Contents/Home/lib/libjava.dylib
0x000000010b1c0000 	/Library/Java/JavaVirtualMachines/temurin-11.jdk/Contents/Home/lib/libjimage.dylib
0x000000010b1d8000 	/Library/Java/JavaVirtualMachines/temurin-11.jdk/Contents/Home/lib/libzip.dylib
0x000000010bc92000 	/Library/Java/JavaVirtualMachines/temurin-11.jdk/Contents/Home/lib/libnio.dylib
0x000000010bcbe000 	/Library/Java/JavaVirtualMachines/temurin-11.jdk/Contents/Home/lib/libnet.dylib
0x000000010bca5000 	/Users/janetan/.openjfx/cache/11/libprism_es2.dylib
0x00007ff8145cb000 	/System/Library/PrivateFrameworks/CoreServicesInternal.framework/Versions/A/CoreServicesInternal
0x00007ffa2ac8b000 	/System/Library/Frameworks/OpenGL.framework/Versions/A/Resources/GLEngine.bundle/GLEngine
0x00007ffa2aaf1000 	/System/Library/Frameworks/OpenGL.framework/Versions/A/Libraries/libGLProgrammability.dylib
0x00007ffa1fb13000 	/System/Library/Extensions/AppleIntelKBLGraphicsGLDriver.bundle/Contents/MacOS/AppleIntelKBLGraphicsGLDriver
0x00007ff922151000 	/System/Library/PrivateFrameworks/GPUSupport.framework/Versions/A/Libraries/libGPUSupportMercury.dylib
0x00007ffa2ae15000 	/System/Library/Frameworks/OpenGL.framework/Versions/A/Resources/GLRendererFloat.bundle/GLRendererFloat
0x000000010fb90000 	/Users/janetan/.openjfx/cache/11/libglass.dylib
0x00007ff824257000 	/System/Library/Frameworks/FileProvider.framework/Versions/A/FileProvider
0x00007ff818269000 	/System/Library/Frameworks/Accounts.framework/Versions/A/Accounts
0x00007ff8243d0000 	/System/Library/PrivateFrameworks/GenerationalStorage.framework/Versions/A/GenerationalStorage
0x00007ff824ee0000 	/System/Library/PrivateFrameworks/CoreSymbolication.framework/Versions/A/CoreSymbolication
0x00007ff823c5b000 	/System/Library/PrivateFrameworks/SymptomDiagnosticReporter.framework/Versions/A/SymptomDiagnosticReporter
0x00007ff81588a000 	/System/Library/PrivateFrameworks/DesktopServicesPriv.framework/Versions/A/DesktopServicesPriv
0x00007ff81470a000 	/usr/lib/libsandbox.1.dylib
0x00007ff8195b0000 	/System/Library/PrivateFrameworks/UserManagement.framework/Versions/A/UserManagement
0x00007ff824ea5000 	/System/Library/PrivateFrameworks/DebugSymbols.framework/Versions/A/DebugSymbols
0x00007ff81fbc6000 	/System/Library/PrivateFrameworks/NetAuth.framework/Versions/A/NetAuth
0x00007ff820ad5000 	/System/Library/PrivateFrameworks/Sharing.framework/Versions/A/Sharing
0x00007ff819583000 	/System/Library/PrivateFrameworks/login.framework/Versions/A/Frameworks/loginsupport.framework/Versions/A/loginsupport
0x00007ff826043000 	/System/Library/PrivateFrameworks/Apple80211.framework/Versions/A/Apple80211
0x00007ff81c784000 	/System/Library/PrivateFrameworks/AuthKit.framework/Versions/A/AuthKit
0x00007ff81bdd9000 	/System/Library/PrivateFrameworks/CoreUtils.framework/Versions/A/CoreUtils
0x00007ff81bd00000 	/System/Library/Frameworks/CoreWLAN.framework/Versions/A/CoreWLAN
0x00007ff820c34000 	/System/Library/Frameworks/IOBluetooth.framework/Versions/A/IOBluetooth
0x00007ff8260ab000 	/System/Library/PrivateFrameworks/CoreWiFi.framework/Versions/A/CoreWiFi
0x00007ff824a7a000 	/System/Library/PrivateFrameworks/FrontBoardServices.framework/Versions/A/FrontBoardServices
0x00007ff824b0b000 	/System/Library/PrivateFrameworks/BoardServices.framework/Versions/A/BoardServices
0x00007ff81bfe8000 	/System/Library/PrivateFrameworks/AssertionServices.framework/Versions/A/AssertionServices
0x00007ff82622e000 	/System/Library/PrivateFrameworks/BackBoardServices.framework/Versions/A/BackBoardServices
0x00007ff820020000 	/System/Library/PrivateFrameworks/CorePhoneNumbers.framework/Versions/A/CorePhoneNumbers
0x00007ff81f8e4000 	/System/Library/PrivateFrameworks/MultiverseSupport.framework/Versions/A/MultiverseSupport
0x00007ff8264a1000 	/System/Library/PrivateFrameworks/RemoteServiceDiscovery.framework/Versions/A/RemoteServiceDiscovery
0x00007ff823d78000 	/System/Library/PrivateFrameworks/DiskManagement.framework/Versions/A/DiskManagement
0x00007ff823c8c000 	/System/Library/PrivateFrameworks/AppleIDAuthSupport.framework/Versions/A/AppleIDAuthSupport
0x00007ffb11dfe000 	/System/Library/PrivateFrameworks/AAAFoundation.framework/Versions/A/AAAFoundation
0x00007ff820001000 	/System/Library/PrivateFrameworks/KeychainCircle.framework/Versions/A/KeychainCircle
0x00007ff8264b1000 	/System/Library/PrivateFrameworks/RemoteXPC.framework/Versions/A/RemoteXPC
0x00007ff823d44000 	/System/Library/PrivateFrameworks/MediaKit.framework/Versions/A/MediaKit
0x00007ff823c98000 	/System/Library/Frameworks/DiscRecording.framework/Versions/A/DiscRecording
0x00007ff81d5da000 	/usr/lib/libCoreStorage.dylib
0x00007ff82651c000 	/usr/lib/libcsfde.dylib
0x00007ff820d01000 	/System/Library/PrivateFrameworks/ProtectedCloudStorage.framework/Versions/A/ProtectedCloudStorage
0x00007ff826518000 	/System/Library/PrivateFrameworks/EFILogin.framework/Versions/A/EFILogin
0x00007ff8243f6000 	/System/Library/PrivateFrameworks/OctagonTrust.framework/Versions/A/OctagonTrust
0x00007ffb166ca000 	/System/Library/PrivateFrameworks/CoreUtilsExtras.framework/Versions/A/CoreUtilsExtras
0x00007ff823bbf000 	/System/Library/Frameworks/CoreBluetooth.framework/Versions/A/CoreBluetooth
0x00007ff826bab000 	/System/Library/Frameworks/AudioUnit.framework/Versions/A/AudioUnit
0x00007ff81d5d2000 	/usr/lib/libMatch.1.dylib
0x00007ff91c5de000 	/System/Library/Frameworks/Accelerate.framework/Versions/A/Frameworks/vImage.framework/Versions/A/Libraries/libCGInterfaces.dylib
0x000000012ec05000 	/usr/lib/libobjc-trampolines.dylib
0x00007ff8192a8000 	/System/Library/PrivateFrameworks/ViewBridge.framework/Versions/A/ViewBridge
0x00007ffb124c0000 	/System/Library/PrivateFrameworks/AccessibilityBundles.framework/Versions/A/AccessibilityBundles
0x00007ffb29f27000 	/usr/lib/libRosetta.dylib
0x0000000131db3000 	/Users/janetan/.openjfx/cache/11/libjavafx_iio.dylib
0x0000000131d7c000 	/Users/janetan/.openjfx/cache/11/libjavafx_font.dylib
0x00007ff81dd28000 	/System/Library/PrivateFrameworks/login.framework/Versions/A/login
0x00007ff823138000 	/System/Library/PrivateFrameworks/SystemAdministration.framework/Versions/A/SystemAdministration
0x00007ff81e981000 	/System/Library/Frameworks/MediaToolbox.framework/Versions/A/MediaToolbox
0x00007ff8229e8000 	/System/Library/Frameworks/DirectoryService.framework/Versions/A/DirectoryService
0x00007ff8263ba000 	/System/Library/PrivateFrameworks/DiskImages.framework/Versions/A/DiskImages
0x00007ff81c090000 	/System/Library/Frameworks/ServiceManagement.framework/Versions/A/ServiceManagement
0x00007ff826596000 	/System/Library/PrivateFrameworks/LoginUIKit.framework/Versions/A/Frameworks/LoginUICore.framework/Versions/A/LoginUICore
0x00007ff81ded1000 	/usr/lib/libodfde.dylib
0x00007ff824227000 	/System/Library/PrivateFrameworks/CoreAVCHD.framework/Versions/A/CoreAVCHD
0x00007ff8230fc000 	/System/Library/Frameworks/MediaAccessibility.framework/Versions/A/MediaAccessibility
0x00007ff824223000 	/System/Library/PrivateFrameworks/Mangrove.framework/Versions/A/Mangrove
0x00007ff823107000 	/System/Library/PrivateFrameworks/AlgosScoreFramework.framework/Versions/A/AlgosScoreFramework
0x00007ffb139be000 	/System/Library/PrivateFrameworks/CMPhoto.framework/Versions/A/CMPhoto
0x00007ff824d7b000 	/System/Library/PrivateFrameworks/AppleVPA.framework/Versions/A/AppleVPA
0x00007ff823e68000 	/System/Library/PrivateFrameworks/CoreAUC.framework/Versions/A/CoreAUC
0x00007ff826528000 	/usr/lib/libcurl.4.dylib
0x00007ffb2a393000 	/usr/lib/libcrypto.46.dylib
0x00007ffb2a888000 	/usr/lib/libssl.48.dylib
0x00007ff82624c000 	/System/Library/Frameworks/LDAP.framework/Versions/A/LDAP
0x00007ff826284000 	/System/Library/PrivateFrameworks/TrustEvaluationAgent.framework/Versions/A/TrustEvaluationAgent
0x00007ff81f8d0000 	/usr/lib/libsasl2.2.dylib
0x00007ff82312c000 	/System/Library/PrivateFrameworks/CoreDaemon.framework/Versions/B/CoreDaemon
0x00007ff823127000 	/System/Library/PrivateFrameworks/AppleSRP.framework/Versions/A/AppleSRP


VM Arguments:
jvm_args: -Dfile.encoding=UTF-8 -Duser.country=GB -Duser.language=en -Duser.variant 
java_command: jane.javafx.Launcher
java_class_path (initial): /Users/janetan/CS2103T/ip/build/classes/java/main:/Users/janetan/CS2103T/ip/build/resources/main:/Users/janetan/.gradle/caches/modules-2/files-2.1/org.openjfx/javafx-fxml/11/d5ff9262ef49d166db658d15f37e3ecff38fde4b/javafx-fxml-11-win.jar:/Users/janetan/.gradle/caches/modules-2/files-2.1/org.openjfx/javafx-fxml/11/e0f5bb81e21054b59f2ebfa727d40a90ee0260d3/javafx-fxml-11-mac.jar:/Users/janetan/.gradle/caches/modules-2/files-2.1/org.openjfx/javafx-fxml/11/e7a757b580fc3e2e1a121768606c7836eef418c/javafx-fxml-11-linux.jar:/Users/janetan/.gradle/caches/modules-2/files-2.1/org.openjfx/javafx-controls/11/af8d24de44e16a19ae959028eb23a48c145fb682/javafx-controls-11-win.jar:/Users/janetan/.gradle/caches/modules-2/files-2.1/org.openjfx/javafx-controls/11/e3a24a14e8732abc6dc173f15872dc63e2a32e16/javafx-controls-11-mac.jar:/Users/janetan/.gradle/caches/modules-2/files-2.1/org.openjfx/javafx-controls/11/794488e3b1f4635d9a1b842bdc872a5eb8fd54ca/javafx-controls-11-linux.jar:/Users/janetan/.gradle/caches/modules-2/files-2.1/org.openjfx/javafx-controls/11/58d961774262ec972bf304e16c154a8e18c2050b/javafx-controls-11.jar:/Users/janetan/.gradle/caches/modules-2/files-2.1/org.openjfx/javafx-graphics/11/9345c7ea43dbcc73a62eca5332717b4ce617e6c6/javafx-graphics-11-win.jar:/Users/janetan/.gradle/caches/modules-2/files-2.1/org.openjfx/javafx-graphics/11/af47a6d3668d3ce1c61e1fe13c44471b6f8d469/javafx-graphics-11-mac.jar:/Users/janetan/.gradle/caches/modules-2/files-2.1/org.openjfx/javafx-graphics/11/4ab9edd8d481a420044c473fdb5718ccdd35c836/javafx-graphics-11-linux.jar:/Users/janetan/.gradle/caches/modules-2/files-2.1/org.openjfx/javafx-graphics/11/a736dd079047ec0b72b8c4970842a5c5e0c19f2f/javafx-graphics-11.jar:/Users/janetan/.gradle/caches/modules-2/files-2.1/org.openjfx/javafx-base/11/ad3a4acfaa28b484d30c40c1f009445cc3f6e68b/javafx-base-11-win.jar:/Users/janetan/.gradle/caches/modules-2/files-2.1/org.openjfx/javafx-base/11/4b060dad0affd866df9d959e064faa8a1a2f4af0/java
Launcher Type: SUN_STANDARD

[Global flags]
     intx CICompilerCount                          = 3                                         {product} {ergonomic}
     uint ConcGCThreads                            = 1                                         {product} {ergonomic}
     uint G1ConcRefinementThreads                  = 4                                         {product} {ergonomic}
   size_t G1HeapRegionSize                         = 1048576                                   {product} {ergonomic}
    uintx GCDrainStackTargetSize                   = 64                                        {product} {ergonomic}
   size_t InitialHeapSize                          = 134217728                                 {product} {ergonomic}
   size_t MarkStackSize                            = 4194304                                   {product} {ergonomic}
   size_t MaxHeapSize                              = 2147483648                                {product} {ergonomic}
   size_t MaxNewSize                               = 1287651328                                {product} {ergonomic}
   size_t MinHeapDeltaBytes                        = 1048576                                   {product} {ergonomic}
    uintx NonNMethodCodeHeapSize                   = 5830732                                {pd product} {ergonomic}
    uintx NonProfiledCodeHeapSize                  = 122913754                              {pd product} {ergonomic}
    uintx ProfiledCodeHeapSize                     = 122913754                              {pd product} {ergonomic}
    uintx ReservedCodeCacheSize                    = 251658240                              {pd product} {ergonomic}
     bool SegmentedCodeCache                       = true                                      {product} {ergonomic}
     bool UseCompressedClassPointers               = true                                 {lp64_product} {ergonomic}
     bool UseCompressedOops                        = true                                 {lp64_product} {ergonomic}
     bool UseG1GC                                  = true                                      {product} {ergonomic}

Logging:
Log output configuration:
 #0: stdout all=warning uptime,level,tags
 #1: stderr all=off uptime,level,tags

Environment Variables:
PATH=/Users/janetan/opt/anaconda3/bin:/Users/janetan/opt/anaconda3/condabin:/Library/Frameworks/Python.framework/Versions/3.9/bin:/Library/Frameworks/Python.framework/Versions/3.9/bin:/usr/local/bin:/usr/bin:/bin:/usr/sbin:/sbin:/opt/X11/bin:/Library/Apple/usr/bin
SHELL=/bin/bash
DISPLAY=/private/tmp/com.apple.launchd.3pD0V2x5Ts/org.xquartz:0
LC_CTYPE=en_GB.UTF-8

Signal Handlers:
SIGSEGV: [libjvm.dylib+0x7c4d6c], sa_mask[0]=11111111011111110111111111111111, sa_flags=SA_ONSTACK|SA_RESTART|SA_SIGINFO
SIGBUS: [libjvm.dylib+0x7c4d6c], sa_mask[0]=11111111011111110111111111111111, sa_flags=SA_RESTART|SA_SIGINFO
SIGFPE: [libjvm.dylib+0x7c4d6c], sa_mask[0]=11111111011111110111111111111111, sa_flags=SA_RESTART|SA_SIGINFO
SIGPIPE: [libjvm.dylib+0x6298ca], sa_mask[0]=11111111011111110111111111111111, sa_flags=SA_RESTART|SA_SIGINFO
SIGXFSZ: [libjvm.dylib+0x6298ca], sa_mask[0]=11111111011111110111111111111111, sa_flags=SA_RESTART|SA_SIGINFO
SIGILL: [libjvm.dylib+0x7c4d6c], sa_mask[0]=11111111011111110111111111111111, sa_flags=SA_RESTART|SA_SIGINFO
SIGUSR2: [libjvm.dylib+0x629eb1], sa_mask[0]=00100000000000000000000000000000, sa_flags=SA_RESTART|SA_SIGINFO
SIGHUP: [libjvm.dylib+0x628a93], sa_mask[0]=11111111011111110111111111111111, sa_flags=SA_RESTART|SA_SIGINFO
SIGINT: [libjvm.dylib+0x628a93], sa_mask[0]=11111111011111110111111111111111, sa_flags=SA_RESTART|SA_SIGINFO
SIGTERM: [libjvm.dylib+0x628a93], sa_mask[0]=11111111011111110111111111111111, sa_flags=SA_RESTART|SA_SIGINFO
SIGQUIT: [libjvm.dylib+0x628a93], sa_mask[0]=11111111011111110111111111111111, sa_flags=SA_RESTART|SA_SIGINFO


---------------  S Y S T E M  ---------------

OS:uname:Darwin 21.5.0 Darwin Kernel Version 21.5.0: Tue Apr 26 21:08:22 PDT 2022; root:xnu-8020.121.3~4/RELEASE_X86_64 x86_64
OS uptime: 3 days 8:49 hours
rlimit (soft/hard): STACK 8192k/65532k , CORE 0k/infinity , NPROC 1392/2088 , NOFILE 10240/infinity , AS infinity/infinity , CPU infinity/infinity , DATA infinity/infinity , FSIZE infinity/infinity , MEMLOCK infinity/infinity , RSS infinity/infinity
load average:13.22 10.74 7.98

CPU:total 4 (initial active 4) (2 cores per cpu, 2 threads per core) family 6 model 142 stepping 9 microcode 0xf0, cmov, cx8, fxsr, mmx, sse, sse2, sse3, ssse3, sse4.1, sse4.2, popcnt, avx, avx2, aes, clmul, erms, 3dnowpref, lzcnt, ht, tsc, tscinvbit, bmi1, bmi2, adx, fma

Memory: 4k page, physical 8388608k(50372k free), swap 5242880k(967424k free)

vm_info: OpenJDK 64-Bit Server VM (11.0.13+8) for bsd-amd64 JRE (11.0.13+8), built on Oct 20 2021 01:56:05 by "jenkins" with clang 4.2.1 Compatible Apple LLVM 10.0.1 (clang-1001.0.46.4)

END.
