#
# A fatal error has been detected by the Java Runtime Environment:
#
#  Internal Error (safepoint.cpp:899), pid=88187, tid=36611
#  fatal error: Illegal threadstate encountered: 4
#
# JRE version: Java(TM) SE Runtime Environment (12.0.2+10) (build 12.0.2+10)
# Java VM: Java HotSpot(TM) 64-Bit Server VM (12.0.2+10, mixed mode, sharing, tiered, compressed oops, g1 gc, bsd-amd64)
# No core dump will be written. Core dumps have been disabled. To enable core dumping, try "ulimit -c unlimited" before starting Java again
#
# If you would like to submit a bug report, please visit:
#   http://bugreport.java.com/bugreport/crash.jsp
# The crash happened outside the Java Virtual Machine in native code.
# See problematic frame for where to report the bug.
#

---------------  S U M M A R Y ------------

Command Line: -Dfile.encoding=UTF-8 -Duser.country=GB -Duser.language=en -Duser.variant gui.Launcher

Host: MacBookAir8,1 x86_64 1600 MHz, 4 cores, 8G, Darwin 21.6.0
Time: Tue Jan 31 20:36:39 2023 +08 elapsed time: 169 seconds (0d 0h 2m 49s)

---------------  T H R E A D  ---------------

Current thread (0x00007fd2b4ab1000):  JavaThread "InvokeLaterDispatcher" daemon [_thread_in_native, id=36611, stack(0x000070000d461000,0x000070000d561000)]

Stack: [0x000070000d461000,0x000070000d561000],  sp=0x000070000d55f3e0,  free space=1016k
Native frames: (J=compiled Java code, A=aot compiled Java code, j=interpreted, Vv=VM code, C=native code)
V  [libjvm.dylib+0x734734]  _ZN7VMError14report_and_dieEiPKcS1_P13__va_list_tagP6ThreadPhPvS7_S1_im+0x5c0
V  [libjvm.dylib+0x734d4b]  _ZN7VMError14report_and_dieEP6ThreadPvPKciS4_S4_P13__va_list_tag+0x47
V  [libjvm.dylib+0x25b4b1]  _Z12report_fatalPKciS0_z+0xb5
V  [libjvm.dylib+0x649d97]  _ZN20SafepointSynchronize5blockEP10JavaThread+0x1d1
V  [libjvm.dylib+0x6e44a0]  _ZN10JavaThread44check_safepoint_and_suspend_for_native_transEPS_+0xa2
V  [libjvm.dylib+0x3c8a26]  jni_DeleteGlobalRef+0x8b
C  [libglass.dylib+0x8871]  -[GlassRunnable dealloc]+0x31
C  [Foundation+0x818be]  -[_NSThreadPerformInfo dealloc]+0x2a
C  [Foundation+0x4e446]  -[NSObject(NSThreadPerformAdditions) performSelectorOnMainThread:withObject:waitUntilDone:]+0x7c
J 2177  com.sun.glass.ui.mac.MacApplication._submitForLaterInvocation(Ljava/lang/Runnable;)V (0 bytes) @ 0x00000001195a798f [0x00000001195a78c0+0x00000000000000cf]
J 2176 c1 com.sun.glass.ui.mac.MacApplication.submitForLaterInvocation(Ljava/lang/Runnable;)V (6 bytes) @ 0x00000001123babd4 [0x00000001123bab40+0x0000000000000094]
j  com.sun.glass.ui.InvokeLaterDispatcher.run()V+82
v  ~StubRoutines::call_stub
V  [libjvm.dylib+0x392641]  _ZN9JavaCalls11call_helperEP9JavaValueRK12methodHandleP17JavaCallArgumentsP6Thread+0x285
V  [libjvm.dylib+0x391a20]  _ZN9JavaCalls12call_virtualEP9JavaValueP5KlassP6SymbolS5_P17JavaCallArgumentsP6Thread+0xee
V  [libjvm.dylib+0x391adc]  _ZN9JavaCalls12call_virtualEP9JavaValue6HandleP5KlassP6SymbolS6_P6Thread+0x62
V  [libjvm.dylib+0x4101e8]  _ZL12thread_entryP10JavaThreadP6Thread+0x78
V  [libjvm.dylib+0x6e2ecc]  _ZN10JavaThread17thread_main_innerEv+0x82
V  [libjvm.dylib+0x6e2d16]  _ZN10JavaThread3runEv+0x16c
V  [libjvm.dylib+0x6e0c1c]  _ZN6Thread8call_runEv+0x68
V  [libjvm.dylib+0x5db0df]  _ZL19thread_native_entryP6Thread+0x139
C  [libsystem_pthread.dylib+0x64e1]  _pthread_start+0x7d
C  [libsystem_pthread.dylib+0x1f6b]  thread_start+0xf

Java frames: (J=compiled Java code, j=interpreted, Vv=VM code)
J 2177  com.sun.glass.ui.mac.MacApplication._submitForLaterInvocation(Ljava/lang/Runnable;)V (0 bytes) @ 0x00000001195a791c [0x00000001195a78c0+0x000000000000005c]
J 2176 c1 com.sun.glass.ui.mac.MacApplication.submitForLaterInvocation(Ljava/lang/Runnable;)V (6 bytes) @ 0x00000001123babd4 [0x00000001123bab40+0x0000000000000094]
j  com.sun.glass.ui.InvokeLaterDispatcher.run()V+82
v  ~StubRoutines::call_stub

---------------  P R O C E S S  ---------------

Threads class SMR info:
_java_thread_list=0x00006000004ecae0, length=16, elements={
0x00007fd2b680a000, 0x00007fd2b482b800, 0x00007fd2b681b800, 0x00007fd2b482d000,
0x00007fd2b585b000, 0x00007fd2b482e000, 0x00007fd2b5859000, 0x00007fd2b4851800,
0x00007fd2b6014800, 0x00007fd2b592e800, 0x00007fd2b6211800, 0x00007fd2b4ab1000,
0x00007fd2b622f000, 0x00007fd2b5a2c800, 0x00007fd2b6258800, 0x00007fd2b5ae0000
}

Java Threads: ( => current thread )
  0x00007fd2b680a000 JavaThread "main" [_thread_blocked, id=5891, stack(0x000070000c125000,0x000070000c225000)]
  0x00007fd2b482b800 JavaThread "Reference Handler" daemon [_thread_blocked, id=17923, stack(0x000070000c83a000,0x000070000c93a000)]
  0x00007fd2b681b800 JavaThread "Finalizer" daemon [_thread_blocked, id=17411, stack(0x000070000c93d000,0x000070000ca3d000)]
  0x00007fd2b482d000 JavaThread "Signal Dispatcher" daemon [_thread_blocked, id=15107, stack(0x000070000cb46000,0x000070000cc46000)]
  0x00007fd2b585b000 JavaThread "C2 CompilerThread0" daemon [_thread_in_native, id=21763, stack(0x000070000cc49000,0x000070000cd49000)]
  0x00007fd2b482e000 JavaThread "C1 CompilerThread0" daemon [_thread_blocked, id=43011, stack(0x000070000cd4c000,0x000070000ce4c000)]
  0x00007fd2b5859000 JavaThread "Sweeper thread" daemon [_thread_blocked, id=22275, stack(0x000070000ce4f000,0x000070000cf4f000)]
  0x00007fd2b4851800 JavaThread "Service Thread" daemon [_thread_blocked, id=41987, stack(0x000070000cf52000,0x000070000d052000)]
  0x00007fd2b6014800 JavaThread "Common-Cleaner" daemon [_thread_blocked, id=23043, stack(0x000070000d158000,0x000070000d258000)]
  0x00007fd2b592e800 JavaThread "JavaFX-Launcher" [_thread_blocked, id=40963, stack(0x000070000d25b000,0x000070000d35b000)]
  0x00007fd2b6211800 JavaThread "QuantumRenderer-0" daemon [_thread_blocked, id=40451, stack(0x000070000d35e000,0x000070000d45e000)]
=>0x00007fd2b4ab1000 JavaThread "InvokeLaterDispatcher" daemon [_thread_in_native, id=36611, stack(0x000070000d461000,0x000070000d561000)]
  0x00007fd2b622f000 JavaThread "JavaFX Application Thread" [_thread_in_native_trans, id=259, stack(0x00007ff7bf5e3000,0x00007ff7bfde3000)]
  0x00007fd2b5a2c800 JavaThread "Thread-3" daemon [_thread_in_native, id=84999, stack(0x000070000d5e7000,0x000070000d667000)]
  0x00007fd2b6258800 JavaThread "Prism Font Disposer" daemon [_thread_blocked, id=55307, stack(0x000070000d9f6000,0x000070000daf6000)]
  0x00007fd2b5ae0000 JavaThread "Cleaner-0" daemon [_thread_blocked, id=71183, stack(0x000070000db7c000,0x000070000dc7c000)]

Other Threads:
  0x00007fd2b6818800 VMThread "VM Thread" [stack: 0x000070000c737000,0x000070000c837000] [id=18691]
  0x00007fd2b585d000 WatcherThread [stack: 0x000070000d055000,0x000070000d155000] [id=41475]
  0x00007fd2b6031000 GCTaskThread "GC Thread#0" [stack: 0x000070000c228000,0x000070000c328000] [id=20995]
  0x00007fd2b4b19000 GCTaskThread "GC Thread#1" [stack: 0x000070000d6ed000,0x000070000d7ed000] [id=81159]
  0x00007fd2b4b1b000 GCTaskThread "GC Thread#2" [stack: 0x000070000d7f0000,0x000070000d8f0000] [id=51975]
  0x00007fd2b4b1c000 GCTaskThread "GC Thread#3" [stack: 0x000070000d8f3000,0x000070000d9f3000] [id=52743]
  0x00007fd2b5808800 ConcurrentGCThread "G1 Main Marker" [stack: 0x000070000c32b000,0x000070000c42b000] [id=20483]
  0x00007fd2b5809800 ConcurrentGCThread "G1 Conc#0" [stack: 0x000070000c42e000,0x000070000c52e000] [id=12035]
  0x00007fd2b6044000 ConcurrentGCThread "G1 Refine#0" [stack: 0x000070000c531000,0x000070000c631000] [id=19971]
  0x00007fd2b5850800 ConcurrentGCThread "G1 Young RemSet Sampling" [stack: 0x000070000c634000,0x000070000c734000] [id=12547]

Threads with active compile tasks:
C2 CompilerThread0  2711 %     4       com.sun.marlin.DRenderer::_endRendering @ 763 (2473 bytes)

VM state:not at safepoint (normal execution)

VM Mutex/Monitor currently owned by a thread: None

Heap address: 0x0000000780000000, size: 2048 MB, Compressed Oops mode: Zero based, Oop shift amount: 3
Narrow klass base: 0x0000000800000000, Narrow klass shift: 3
Compressed class space size: 1073741824 Address: 0x0000000801101000

Heap:
 garbage-first heap   total 133120K, used 52207K [0x0000000780000000, 0x0000000800000000)
  region size 1024K, 48 young (49152K), 2 survivors (2048K)
 Metaspace       used 17071K, capacity 17878K, committed 18176K, reserved 1064960K
  class space    used 2448K, capacity 2782K, committed 2816K, reserved 1048576K
Heap Regions: E=young(eden), S=young(survivor), O=old, HS=humongous(starts), HC=humongous(continues), CS=collection set, F=free, A=archive, TAMS=top-at-mark-start (previous, next)
|   0|0x0000000780000000, 0x0000000780100000, 0x0000000780100000|100%| O|  |TAMS 0x0000000780000000, 0x0000000780000000| Untracked 
|   1|0x0000000780100000, 0x0000000780143e00, 0x0000000780200000| 26%| O|  |TAMS 0x0000000780100000, 0x0000000780100000| Untracked 
|   2|0x0000000780200000, 0x0000000780300000, 0x0000000780300000|100%|HS|  |TAMS 0x0000000780200000, 0x0000000780200000| Complete 
|   3|0x0000000780300000, 0x0000000780400000, 0x0000000780400000|100%|HC|  |TAMS 0x0000000780300000, 0x0000000780300000| Complete 
|   4|0x0000000780400000, 0x0000000780400000, 0x0000000780500000|  0%| F|  |TAMS 0x0000000780400000, 0x0000000780400000| Untracked 
|   5|0x0000000780500000, 0x0000000780500000, 0x0000000780600000|  0%| F|  |TAMS 0x0000000780500000, 0x0000000780500000| Untracked 
|   6|0x0000000780600000, 0x0000000780600000, 0x0000000780700000|  0%| F|  |TAMS 0x0000000780600000, 0x0000000780600000| Untracked 
|   7|0x0000000780700000, 0x0000000780700000, 0x0000000780800000|  0%| F|  |TAMS 0x0000000780700000, 0x0000000780700000| Untracked 
|   8|0x0000000780800000, 0x0000000780800000, 0x0000000780900000|  0%| F|  |TAMS 0x0000000780800000, 0x0000000780800000| Untracked 
|   9|0x0000000780900000, 0x0000000780900000, 0x0000000780a00000|  0%| F|  |TAMS 0x0000000780900000, 0x0000000780900000| Untracked 
|  10|0x0000000780a00000, 0x0000000780a00000, 0x0000000780b00000|  0%| F|  |TAMS 0x0000000780a00000, 0x0000000780a00000| Untracked 
|  11|0x0000000780b00000, 0x0000000780b00000, 0x0000000780c00000|  0%| F|  |TAMS 0x0000000780b00000, 0x0000000780b00000| Untracked 
|  12|0x0000000780c00000, 0x0000000780c00000, 0x0000000780d00000|  0%| F|  |TAMS 0x0000000780c00000, 0x0000000780c00000| Untracked 
|  13|0x0000000780d00000, 0x0000000780d00000, 0x0000000780e00000|  0%| F|  |TAMS 0x0000000780d00000, 0x0000000780d00000| Untracked 
|  14|0x0000000780e00000, 0x0000000780e00000, 0x0000000780f00000|  0%| F|  |TAMS 0x0000000780e00000, 0x0000000780e00000| Untracked 
|  15|0x0000000780f00000, 0x0000000780f00000, 0x0000000781000000|  0%| F|  |TAMS 0x0000000780f00000, 0x0000000780f00000| Untracked 
|  16|0x0000000781000000, 0x0000000781000000, 0x0000000781100000|  0%| F|  |TAMS 0x0000000781000000, 0x0000000781000000| Untracked 
|  17|0x0000000781100000, 0x0000000781100000, 0x0000000781200000|  0%| F|  |TAMS 0x0000000781100000, 0x0000000781100000| Untracked 
|  18|0x0000000781200000, 0x0000000781200000, 0x0000000781300000|  0%| F|  |TAMS 0x0000000781200000, 0x0000000781200000| Untracked 
|  19|0x0000000781300000, 0x0000000781300000, 0x0000000781400000|  0%| F|  |TAMS 0x0000000781300000, 0x0000000781300000| Untracked 
|  20|0x0000000781400000, 0x0000000781400000, 0x0000000781500000|  0%| F|  |TAMS 0x0000000781400000, 0x0000000781400000| Untracked 
|  21|0x0000000781500000, 0x0000000781500000, 0x0000000781600000|  0%| F|  |TAMS 0x0000000781500000, 0x0000000781500000| Untracked 
|  22|0x0000000781600000, 0x0000000781600000, 0x0000000781700000|  0%| F|  |TAMS 0x0000000781600000, 0x0000000781600000| Untracked 
|  23|0x0000000781700000, 0x0000000781700000, 0x0000000781800000|  0%| F|  |TAMS 0x0000000781700000, 0x0000000781700000| Untracked 
|  24|0x0000000781800000, 0x0000000781800000, 0x0000000781900000|  0%| F|  |TAMS 0x0000000781800000, 0x0000000781800000| Untracked 
|  25|0x0000000781900000, 0x0000000781900000, 0x0000000781a00000|  0%| F|  |TAMS 0x0000000781900000, 0x0000000781900000| Untracked 
|  26|0x0000000781a00000, 0x0000000781a00000, 0x0000000781b00000|  0%| F|  |TAMS 0x0000000781a00000, 0x0000000781a00000| Untracked 
|  27|0x0000000781b00000, 0x0000000781b00000, 0x0000000781c00000|  0%| F|  |TAMS 0x0000000781b00000, 0x0000000781b00000| Untracked 
|  28|0x0000000781c00000, 0x0000000781c00000, 0x0000000781d00000|  0%| F|  |TAMS 0x0000000781c00000, 0x0000000781c00000| Untracked 
|  29|0x0000000781d00000, 0x0000000781d00000, 0x0000000781e00000|  0%| F|  |TAMS 0x0000000781d00000, 0x0000000781d00000| Untracked 
|  30|0x0000000781e00000, 0x0000000781e00000, 0x0000000781f00000|  0%| F|  |TAMS 0x0000000781e00000, 0x0000000781e00000| Untracked 
|  31|0x0000000781f00000, 0x0000000781f00000, 0x0000000782000000|  0%| F|  |TAMS 0x0000000781f00000, 0x0000000781f00000| Untracked 
|  32|0x0000000782000000, 0x0000000782000000, 0x0000000782100000|  0%| F|  |TAMS 0x0000000782000000, 0x0000000782000000| Untracked 
|  33|0x0000000782100000, 0x0000000782100000, 0x0000000782200000|  0%| F|  |TAMS 0x0000000782100000, 0x0000000782100000| Untracked 
|  34|0x0000000782200000, 0x0000000782200000, 0x0000000782300000|  0%| F|  |TAMS 0x0000000782200000, 0x0000000782200000| Untracked 
|  35|0x0000000782300000, 0x0000000782300000, 0x0000000782400000|  0%| F|  |TAMS 0x0000000782300000, 0x0000000782300000| Untracked 
|  36|0x0000000782400000, 0x0000000782400000, 0x0000000782500000|  0%| F|  |TAMS 0x0000000782400000, 0x0000000782400000| Untracked 
|  37|0x0000000782500000, 0x0000000782500000, 0x0000000782600000|  0%| F|  |TAMS 0x0000000782500000, 0x0000000782500000| Untracked 
|  38|0x0000000782600000, 0x0000000782600000, 0x0000000782700000|  0%| F|  |TAMS 0x0000000782600000, 0x0000000782600000| Untracked 
|  39|0x0000000782700000, 0x0000000782700000, 0x0000000782800000|  0%| F|  |TAMS 0x0000000782700000, 0x0000000782700000| Untracked 
|  40|0x0000000782800000, 0x0000000782800000, 0x0000000782900000|  0%| F|  |TAMS 0x0000000782800000, 0x0000000782800000| Untracked 
|  41|0x0000000782900000, 0x0000000782900000, 0x0000000782a00000|  0%| F|  |TAMS 0x0000000782900000, 0x0000000782900000| Untracked 
|  42|0x0000000782a00000, 0x0000000782a00000, 0x0000000782b00000|  0%| F|  |TAMS 0x0000000782a00000, 0x0000000782a00000| Untracked 
|  43|0x0000000782b00000, 0x0000000782b00000, 0x0000000782c00000|  0%| F|  |TAMS 0x0000000782b00000, 0x0000000782b00000| Untracked 
|  44|0x0000000782c00000, 0x0000000782c00000, 0x0000000782d00000|  0%| F|  |TAMS 0x0000000782c00000, 0x0000000782c00000| Untracked 
|  45|0x0000000782d00000, 0x0000000782d00000, 0x0000000782e00000|  0%| F|  |TAMS 0x0000000782d00000, 0x0000000782d00000| Untracked 
|  46|0x0000000782e00000, 0x0000000782e00000, 0x0000000782f00000|  0%| F|  |TAMS 0x0000000782e00000, 0x0000000782e00000| Untracked 
|  47|0x0000000782f00000, 0x0000000782f00000, 0x0000000783000000|  0%| F|  |TAMS 0x0000000782f00000, 0x0000000782f00000| Untracked 
|  48|0x0000000783000000, 0x0000000783000000, 0x0000000783100000|  0%| F|  |TAMS 0x0000000783000000, 0x0000000783000000| Untracked 
|  49|0x0000000783100000, 0x0000000783100000, 0x0000000783200000|  0%| F|  |TAMS 0x0000000783100000, 0x0000000783100000| Untracked 
|  50|0x0000000783200000, 0x0000000783200000, 0x0000000783300000|  0%| F|  |TAMS 0x0000000783200000, 0x0000000783200000| Untracked 
|  51|0x0000000783300000, 0x0000000783300000, 0x0000000783400000|  0%| F|  |TAMS 0x0000000783300000, 0x0000000783300000| Untracked 
|  52|0x0000000783400000, 0x0000000783400000, 0x0000000783500000|  0%| F|  |TAMS 0x0000000783400000, 0x0000000783400000| Untracked 
|  53|0x0000000783500000, 0x0000000783500000, 0x0000000783600000|  0%| F|  |TAMS 0x0000000783500000, 0x0000000783500000| Untracked 
|  54|0x0000000783600000, 0x0000000783600000, 0x0000000783700000|  0%| F|  |TAMS 0x0000000783600000, 0x0000000783600000| Untracked 
|  55|0x0000000783700000, 0x0000000783700000, 0x0000000783800000|  0%| F|  |TAMS 0x0000000783700000, 0x0000000783700000| Untracked 
|  56|0x0000000783800000, 0x0000000783800000, 0x0000000783900000|  0%| F|  |TAMS 0x0000000783800000, 0x0000000783800000| Untracked 
|  57|0x0000000783900000, 0x0000000783900000, 0x0000000783a00000|  0%| F|  |TAMS 0x0000000783900000, 0x0000000783900000| Untracked 
|  58|0x0000000783a00000, 0x0000000783a00000, 0x0000000783b00000|  0%| F|  |TAMS 0x0000000783a00000, 0x0000000783a00000| Untracked 
|  59|0x0000000783b00000, 0x0000000783b00000, 0x0000000783c00000|  0%| F|  |TAMS 0x0000000783b00000, 0x0000000783b00000| Untracked 
|  60|0x0000000783c00000, 0x0000000783c00000, 0x0000000783d00000|  0%| F|  |TAMS 0x0000000783c00000, 0x0000000783c00000| Untracked 
|  61|0x0000000783d00000, 0x0000000783d00000, 0x0000000783e00000|  0%| F|  |TAMS 0x0000000783d00000, 0x0000000783d00000| Untracked 
|  62|0x0000000783e00000, 0x0000000783e00000, 0x0000000783f00000|  0%| F|  |TAMS 0x0000000783e00000, 0x0000000783e00000| Untracked 
|  63|0x0000000783f00000, 0x0000000783f00000, 0x0000000784000000|  0%| F|  |TAMS 0x0000000783f00000, 0x0000000783f00000| Untracked 
|  64|0x0000000784000000, 0x0000000784000000, 0x0000000784100000|  0%| F|  |TAMS 0x0000000784000000, 0x0000000784000000| Untracked 
|  65|0x0000000784100000, 0x0000000784100000, 0x0000000784200000|  0%| F|  |TAMS 0x0000000784100000, 0x0000000784100000| Untracked 
|  66|0x0000000784200000, 0x0000000784200000, 0x0000000784300000|  0%| F|  |TAMS 0x0000000784200000, 0x0000000784200000| Untracked 
|  67|0x0000000784300000, 0x0000000784300000, 0x0000000784400000|  0%| F|  |TAMS 0x0000000784300000, 0x0000000784300000| Untracked 
|  68|0x0000000784400000, 0x0000000784400000, 0x0000000784500000|  0%| F|  |TAMS 0x0000000784400000, 0x0000000784400000| Untracked 
|  69|0x0000000784500000, 0x0000000784500000, 0x0000000784600000|  0%| F|  |TAMS 0x0000000784500000, 0x0000000784500000| Untracked 
|  70|0x0000000784600000, 0x0000000784600000, 0x0000000784700000|  0%| F|  |TAMS 0x0000000784600000, 0x0000000784600000| Untracked 
|  71|0x0000000784700000, 0x0000000784700000, 0x0000000784800000|  0%| F|  |TAMS 0x0000000784700000, 0x0000000784700000| Untracked 
|  72|0x0000000784800000, 0x0000000784800000, 0x0000000784900000|  0%| F|  |TAMS 0x0000000784800000, 0x0000000784800000| Untracked 
|  73|0x0000000784900000, 0x0000000784900000, 0x0000000784a00000|  0%| F|  |TAMS 0x0000000784900000, 0x0000000784900000| Untracked 
|  74|0x0000000784a00000, 0x0000000784a00000, 0x0000000784b00000|  0%| F|  |TAMS 0x0000000784a00000, 0x0000000784a00000| Untracked 
|  75|0x0000000784b00000, 0x0000000784b00000, 0x0000000784c00000|  0%| F|  |TAMS 0x0000000784b00000, 0x0000000784b00000| Untracked 
|  76|0x0000000784c00000, 0x0000000784c00000, 0x0000000784d00000|  0%| F|  |TAMS 0x0000000784c00000, 0x0000000784c00000| Untracked 
|  77|0x0000000784d00000, 0x0000000784d00000, 0x0000000784e00000|  0%| F|  |TAMS 0x0000000784d00000, 0x0000000784d00000| Untracked 
|  78|0x0000000784e00000, 0x0000000784e00000, 0x0000000784f00000|  0%| F|  |TAMS 0x0000000784e00000, 0x0000000784e00000| Untracked 
|  79|0x0000000784f00000, 0x0000000784f00000, 0x0000000785000000|  0%| F|  |TAMS 0x0000000784f00000, 0x0000000784f00000| Untracked 
|  80|0x0000000785000000, 0x0000000785100000, 0x0000000785100000|100%| E|  |TAMS 0x0000000785000000, 0x0000000785000000| Complete 
|  81|0x0000000785100000, 0x0000000785200000, 0x0000000785200000|100%| E|CS|TAMS 0x0000000785100000, 0x0000000785100000| Complete 
|  82|0x0000000785200000, 0x0000000785300000, 0x0000000785300000|100%| E|CS|TAMS 0x0000000785200000, 0x0000000785200000| Complete 
|  83|0x0000000785300000, 0x0000000785400000, 0x0000000785400000|100%| E|CS|TAMS 0x0000000785300000, 0x0000000785300000| Complete 
|  84|0x0000000785400000, 0x0000000785500000, 0x0000000785500000|100%| E|CS|TAMS 0x0000000785400000, 0x0000000785400000| Complete 
|  85|0x0000000785500000, 0x0000000785600000, 0x0000000785600000|100%| E|CS|TAMS 0x0000000785500000, 0x0000000785500000| Complete 
|  86|0x0000000785600000, 0x0000000785700000, 0x0000000785700000|100%| E|CS|TAMS 0x0000000785600000, 0x0000000785600000| Complete 
|  87|0x0000000785700000, 0x0000000785800000, 0x0000000785800000|100%| E|CS|TAMS 0x0000000785700000, 0x0000000785700000| Complete 
|  88|0x0000000785800000, 0x0000000785900000, 0x0000000785900000|100%| E|CS|TAMS 0x0000000785800000, 0x0000000785800000| Complete 
|  89|0x0000000785900000, 0x0000000785a00000, 0x0000000785a00000|100%| E|CS|TAMS 0x0000000785900000, 0x0000000785900000| Complete 
|  90|0x0000000785a00000, 0x0000000785b00000, 0x0000000785b00000|100%| E|CS|TAMS 0x0000000785a00000, 0x0000000785a00000| Complete 
|  91|0x0000000785b00000, 0x0000000785c00000, 0x0000000785c00000|100%| E|CS|TAMS 0x0000000785b00000, 0x0000000785b00000| Complete 
|  92|0x0000000785c00000, 0x0000000785d00000, 0x0000000785d00000|100%| E|CS|TAMS 0x0000000785c00000, 0x0000000785c00000| Complete 
|  93|0x0000000785d00000, 0x0000000785e00000, 0x0000000785e00000|100%| E|CS|TAMS 0x0000000785d00000, 0x0000000785d00000| Complete 
|  94|0x0000000785e00000, 0x0000000785f00000, 0x0000000785f00000|100%| E|CS|TAMS 0x0000000785e00000, 0x0000000785e00000| Complete 
|  95|0x0000000785f00000, 0x0000000786000000, 0x0000000786000000|100%| E|CS|TAMS 0x0000000785f00000, 0x0000000785f00000| Complete 
|  96|0x0000000786000000, 0x0000000786100000, 0x0000000786100000|100%| E|CS|TAMS 0x0000000786000000, 0x0000000786000000| Complete 
|  97|0x0000000786100000, 0x0000000786200000, 0x0000000786200000|100%| E|CS|TAMS 0x0000000786100000, 0x0000000786100000| Complete 
|  98|0x0000000786200000, 0x0000000786300000, 0x0000000786300000|100%| E|CS|TAMS 0x0000000786200000, 0x0000000786200000| Complete 
|  99|0x0000000786300000, 0x0000000786400000, 0x0000000786400000|100%| E|CS|TAMS 0x0000000786300000, 0x0000000786300000| Complete 
| 100|0x0000000786400000, 0x0000000786500000, 0x0000000786500000|100%| E|CS|TAMS 0x0000000786400000, 0x0000000786400000| Complete 
| 101|0x0000000786500000, 0x0000000786600000, 0x0000000786600000|100%| E|CS|TAMS 0x0000000786500000, 0x0000000786500000| Complete 
| 102|0x0000000786600000, 0x0000000786700000, 0x0000000786700000|100%| E|CS|TAMS 0x0000000786600000, 0x0000000786600000| Complete 
| 103|0x0000000786700000, 0x0000000786800000, 0x0000000786800000|100%| E|CS|TAMS 0x0000000786700000, 0x0000000786700000| Complete 
| 104|0x0000000786800000, 0x0000000786900000, 0x0000000786900000|100%| E|CS|TAMS 0x0000000786800000, 0x0000000786800000| Complete 
| 105|0x0000000786900000, 0x0000000786a00000, 0x0000000786a00000|100%| E|CS|TAMS 0x0000000786900000, 0x0000000786900000| Complete 
| 106|0x0000000786a00000, 0x0000000786b00000, 0x0000000786b00000|100%| E|CS|TAMS 0x0000000786a00000, 0x0000000786a00000| Complete 
| 107|0x0000000786b00000, 0x0000000786c00000, 0x0000000786c00000|100%| E|CS|TAMS 0x0000000786b00000, 0x0000000786b00000| Complete 
| 108|0x0000000786c00000, 0x0000000786d00000, 0x0000000786d00000|100%| E|CS|TAMS 0x0000000786c00000, 0x0000000786c00000| Complete 
| 109|0x0000000786d00000, 0x0000000786e00000, 0x0000000786e00000|100%| E|CS|TAMS 0x0000000786d00000, 0x0000000786d00000| Complete 
| 110|0x0000000786e00000, 0x0000000786f00000, 0x0000000786f00000|100%| E|CS|TAMS 0x0000000786e00000, 0x0000000786e00000| Complete 
| 111|0x0000000786f00000, 0x0000000787000000, 0x0000000787000000|100%| E|CS|TAMS 0x0000000786f00000, 0x0000000786f00000| Complete 
| 112|0x0000000787000000, 0x0000000787100000, 0x0000000787100000|100%| S|CS|TAMS 0x0000000787000000, 0x0000000787000000| Complete 
| 113|0x0000000787100000, 0x0000000787200000, 0x0000000787200000|100%| S|CS|TAMS 0x0000000787100000, 0x0000000787100000| Complete 
| 114|0x0000000787200000, 0x0000000787300000, 0x0000000787300000|100%| E|CS|TAMS 0x0000000787200000, 0x0000000787200000| Complete 
| 115|0x0000000787300000, 0x0000000787400000, 0x0000000787400000|100%| E|CS|TAMS 0x0000000787300000, 0x0000000787300000| Complete 
| 116|0x0000000787400000, 0x0000000787500000, 0x0000000787500000|100%| E|CS|TAMS 0x0000000787400000, 0x0000000787400000| Complete 
| 117|0x0000000787500000, 0x0000000787600000, 0x0000000787600000|100%| E|CS|TAMS 0x0000000787500000, 0x0000000787500000| Complete 
| 118|0x0000000787600000, 0x0000000787700000, 0x0000000787700000|100%| E|CS|TAMS 0x0000000787600000, 0x0000000787600000| Complete 
| 119|0x0000000787700000, 0x0000000787800000, 0x0000000787800000|100%| E|CS|TAMS 0x0000000787700000, 0x0000000787700000| Complete 
| 120|0x0000000787800000, 0x0000000787900000, 0x0000000787900000|100%| E|CS|TAMS 0x0000000787800000, 0x0000000787800000| Complete 
| 121|0x0000000787900000, 0x0000000787a00000, 0x0000000787a00000|100%| E|CS|TAMS 0x0000000787900000, 0x0000000787900000| Complete 
| 122|0x0000000787a00000, 0x0000000787b00000, 0x0000000787b00000|100%| E|CS|TAMS 0x0000000787a00000, 0x0000000787a00000| Complete 
| 123|0x0000000787b00000, 0x0000000787c00000, 0x0000000787c00000|100%| E|CS|TAMS 0x0000000787b00000, 0x0000000787b00000| Complete 
| 124|0x0000000787c00000, 0x0000000787d00000, 0x0000000787d00000|100%| E|CS|TAMS 0x0000000787c00000, 0x0000000787c00000| Complete 
| 125|0x0000000787d00000, 0x0000000787e00000, 0x0000000787e00000|100%| E|CS|TAMS 0x0000000787d00000, 0x0000000787d00000| Complete 
| 126|0x0000000787e00000, 0x0000000787f00000, 0x0000000787f00000|100%| E|CS|TAMS 0x0000000787e00000, 0x0000000787e00000| Complete 
| 127|0x0000000787f00000, 0x0000000788000000, 0x0000000788000000|100%| E|CS|TAMS 0x0000000787f00000, 0x0000000787f00000| Complete 
|1022|0x00000007bfe00000, 0x00000007bfe48000, 0x00000007bff00000| 28%|OA|  |TAMS 0x00000007bfe00000, 0x00000007bfe00000| Untracked 
|1023|0x00000007bff00000, 0x00000007bff70000, 0x00000007c0000000| 43%|CA|  |TAMS 0x00000007bff00000, 0x00000007bff00000| Untracked 

Card table byte_map: [0x00000001008c6000,0x0000000100cc6000] _byte_map_base: 0x00000000fccc6000

Marking Bits (Prev, Next): (CMBitMap*) 0x00007fd2b680a818, (CMBitMap*) 0x00007fd2b680a858
 Prev Bits: [0x0000000102095000, 0x0000000104095000)
 Next Bits: [0x0000000104095000, 0x0000000106095000)

Polling page: 0x0000000100252000

Metaspace:

Usage:
  Non-class:     14.74 MB capacity,    14.28 MB ( 97%) used,   390.80 KB (  3%) free+waste,    81.94 KB ( <1%) overhead. 
      Class:      2.72 MB capacity,     2.39 MB ( 88%) used,   289.03 KB ( 10%) free+waste,    44.56 KB (  2%) overhead. 
       Both:     17.46 MB capacity,    16.67 MB ( 95%) used,   679.84 KB (  4%) free+waste,   126.50 KB ( <1%) overhead. 

Virtual space:
  Non-class space:       16.00 MB reserved,      15.00 MB ( 94%) committed 
      Class space:        1.00 GB reserved,       2.75 MB ( <1%) committed 
             Both:        1.02 GB reserved,      17.75 MB (  2%) committed 

Chunk freelists:
   Non-Class:  5.00 KB
       Class:  0 bytes
        Both:  5.00 KB

CodeHeap 'non-profiled nmethods': size=120032Kb used=968Kb max_used=968Kb free=119063Kb
 bounds [0x00000001194e4000, 0x0000000119754000, 0x0000000120a1c000]
CodeHeap 'profiled nmethods': size=120032Kb used=5427Kb max_used=5427Kb free=114604Kb
 bounds [0x0000000111fac000, 0x00000001124fc000, 0x00000001194e4000]
CodeHeap 'non-nmethods': size=5696Kb used=1362Kb max_used=1386Kb free=4333Kb
 bounds [0x0000000111a1c000, 0x0000000111c8c000, 0x0000000111fac000]
 total_blobs=3965 nmethods=2700 adapters=710
 compilation: enabled
              stopped_count=0, restarted_count=0
 full_count=0

Compilation events (10 events):
Event: 107.987 Thread 0x00007fd2b482e000 2702       3       javafx.scene.Node::syncPeer (43 bytes)
Event: 107.988 Thread 0x00007fd2b482e000 nmethod 2702 0x00000001124e7690 code [0x00000001124e78a0, 0x00000001124e7f78]
Event: 107.998 Thread 0x00007fd2b482e000 2707       3       com.sun.marlin.DRenderer::_endRendering (2473 bytes)
Event: 108.032 Thread 0x00007fd2b482e000 nmethod 2707 0x00000001124e8190 code [0x00000001124e8780, 0x00000001124ec9c8]
Event: 108.032 Thread 0x00007fd2b482e000 2706       3       com.sun.marlin.DHelpers::outcode (70 bytes)
Event: 108.046 Thread 0x00007fd2b482e000 nmethod 2706 0x00000001124f0310 code [0x00000001124f04e0, 0x00000001124f0890]
Event: 169.810 Thread 0x00007fd2b482e000 2708       3       com.sun.prism.impl.ps.BaseShaderContext::validatePaintOp (321 bytes)
Event: 169.850 Thread 0x00007fd2b482e000 nmethod 2708 0x00000001124f0a10 code [0x00000001124f0dc0, 0x00000001124f2d28]
Event: 169.850 Thread 0x00007fd2b482e000 2709       3       com.sun.prism.impl.ps.BaseShaderContext::getPaintShader (194 bytes)
Event: 169.876 Thread 0x00007fd2b585b000 2711 %     4       com.sun.marlin.DRenderer::_endRendering @ 763 (2473 bytes)

GC Heap History (2 events):
Event: 1.878 GC heap before
{Heap before GC invocations=0 (full 0):
 garbage-first heap   total 133120K, used 14048K [0x0000000780000000, 0x0000000800000000)
  region size 1024K, 14 young (14336K), 0 survivors (0K)
 Metaspace       used 4287K, capacity 7446K, committed 7552K, reserved 1056768K
  class space    used 503K, capacity 849K, committed 896K, reserved 1048576K
}
Event: 1.898 GC heap after
{Heap after GC invocations=1 (full 0):
 garbage-first heap   total 133120K, used 4079K [0x0000000780000000, 0x0000000800000000)
  region size 1024K, 2 young (2048K), 2 survivors (2048K)
 Metaspace       used 4287K, capacity 7446K, committed 7552K, reserved 1056768K
  class space    used 503K, capacity 849K, committed 896K, reserved 1048576K
}

Deoptimization events (10 events):
Event: 3.360 Thread 0x00007fd2b622f000 Uncommon trap: reason=unstable_if action=reinterpret pc=0x00000001195354e0 method=java.net.URL.<init>(Ljava/net/URL;Ljava/lang/String;Ljava/net/URLStreamHandler;)V @ 347 c2
Event: 3.987 Thread 0x00007fd2b622f000 Uncommon trap: reason=unstable_if action=reinterpret pc=0x0000000119512be4 method=java.lang.CharacterData.of(I)Ljava/lang/CharacterData; @ 4 c2
Event: 3.991 Thread 0x00007fd2b622f000 Uncommon trap: reason=unstable_if action=reinterpret pc=0x00000001194fa530 method=java.lang.String.isLatin1()Z @ 10 c2
Event: 3.991 Thread 0x00007fd2b622f000 Uncommon trap: reason=unstable_if action=reinterpret pc=0x00000001195405d8 method=java.lang.String.equals(Ljava/lang/Object;)Z @ 34 c2
Event: 4.306 Thread 0x00007fd2b622f000 Uncommon trap: reason=unstable_if action=reinterpret pc=0x000000011952e6f0 method=java.io.ByteArrayInputStream.read()I @ 8 c2
Event: 4.328 Thread 0x00007fd2b622f000 Uncommon trap: reason=unstable_if action=reinterpret pc=0x0000000119555b58 method=java.util.concurrent.ConcurrentHashMap.putVal(Ljava/lang/Object;Ljava/lang/Object;Z)Ljava/lang/Object; @ 148 c2
Event: 81.635 Thread 0x00007fd2b622f000 Uncommon trap: reason=class_check action=maybe_recompile pc=0x00000001195b1b08 method=javafx.scene.Node.updateLocalToParentTransform()V @ 11 c2
Event: 81.636 Thread 0x00007fd2b622f000 Uncommon trap: reason=class_check action=maybe_recompile pc=0x00000001195b1b08 method=javafx.scene.Node.updateLocalToParentTransform()V @ 11 c2
Event: 81.636 Thread 0x00007fd2b622f000 Uncommon trap: reason=class_check action=maybe_recompile pc=0x00000001195b1b08 method=javafx.scene.Node.updateLocalToParentTransform()V @ 11 c2
Event: 81.636 Thread 0x00007fd2b622f000 Uncommon trap: reason=class_check action=maybe_recompile pc=0x00000001195b1b08 method=javafx.scene.Node.updateLocalToParentTransform()V @ 11 c2

Classes redefined (0 events):
No events

Internal exceptions (10 events):
Event: 4.125 Thread 0x00007fd2b622f000 Exception <a 'java/lang/NoSuchMethodError'{0x000000078609bf68}: java.lang.invoke.DirectMethodHandle$Holder.invokeInterface(Ljava/lang/Object;Ljava/lang/Object;Ljava/lang/Object;)Ljava/lang/Object;> (0x000000078609bf68) thrown at [/scratch/mesos/slaves/ae2
Event: 4.126 Thread 0x00007fd2b622f000 Exception <a 'java/lang/IncompatibleClassChangeError'{0x000000078609edf8}: Found class java.lang.Object, but interface was expected> (0x000000078609edf8) thrown at [/scratch/mesos/slaves/ae206c0d-865c-4d69-a16b-c4e90bf2719f-S399/frameworks/1735e8a2-a1db-4
Event: 4.541 Thread 0x00007fd2b622f000 Exception <a 'java/lang/NoSuchMethodError'{0x0000000785bc5248}: java.lang.invoke.DirectMethodHandle$Holder.invokeStaticInit(Ljava/lang/Object;Ljava/lang/Object;Ljava/lang/Object;)J> (0x0000000785bc5248) thrown at [/scratch/mesos/slaves/ae206c0d-865c-4d69-
Event: 4.543 Thread 0x00007fd2b6211800 Exception <a 'java/lang/NoSuchMethodError'{0x0000000785a66f40}: java.lang.invoke.DirectMethodHandle$Holder.invokeStaticInit(Ljava/lang/Object;Ljava/lang/Object;)I> (0x0000000785a66f40) thrown at [/scratch/mesos/slaves/ae206c0d-865c-4d69-a16b-c4e90bf2719f-
Event: 4.544 Thread 0x00007fd2b622f000 Exception <a 'java/lang/NoSuchMethodError'{0x0000000785bd9760}: java.lang.invoke.Invokers$Holder.linkToTargetMethod(Ljava/lang/Object;JLjava/lang/Object;)Ljava/lang/Object;> (0x0000000785bd9760) thrown at [/scratch/mesos/slaves/ae206c0d-865c-4d69-a16b-c4e
Event: 5.070 Thread 0x00007fd2b622f000 Exception <a 'java/lang/NoSuchMethodError'{0x00000007855196c0}: java.lang.invoke.DirectMethodHandle$Holder.invokeStatic(Ljava/lang/Object;Ljava/lang/Object;)J> (0x00000007855196c0) thrown at [/scratch/mesos/slaves/ae206c0d-865c-4d69-a16b-c4e90bf2719f-S399
Event: 78.530 Thread 0x00007fd2b622f000 Exception <a 'java/lang/NoSuchMethodError'{0x00000007853b4b00}: java.lang.invoke.DirectMethodHandle$Holder.invokeStatic(Ljava/lang/Object;Ljava/lang/Object;IIIIILjava/lang/Object;)Ljava/lang/Object;> (0x00000007853b4b00) thrown at [/scratch/mesos/slaves/a
Event: 78.532 Thread 0x00007fd2b622f000 Exception <a 'java/lang/NoSuchMethodError'{0x00000007853c40f8}: java.lang.invoke.DirectMethodHandle$Holder.invokeStatic(Ljava/lang/Object;Ljava/lang/Object;Ljava/lang/Object;IIIII)Ljava/lang/Object;> (0x00000007853c40f8) thrown at [/scratch/mesos/slaves/a
Event: 78.533 Thread 0x00007fd2b622f000 Exception <a 'java/lang/NoSuchMethodError'{0x00000007853c9f78}: java.lang.invoke.Invokers$Holder.linkToTargetMethod(Ljava/lang/Object;Ljava/lang/Object;IIIIILjava/lang/Object;)Ljava/lang/Object;> (0x00000007853c9f78) thrown at [/scratch/mesos/slaves/ae206
Event: 81.648 Thread 0x00007fd2b6211800 Exception <a 'java/lang/NoSuchMethodError'{0x00000007856263c0}: java.lang.invoke.DirectMethodHandle$Holder.invokeStaticInit(Ljava/lang/Object;I)Ljava/lang/Object;> (0x00000007856263c0) thrown at [/scratch/mesos/slaves/ae206c0d-865c-4d69-a16b-c4e90bf2719f-

Events (10 events):
Event: 81.672 loading class com/sun/scenario/effect/impl/BufferUtil
Event: 81.672 loading class com/sun/scenario/effect/impl/BufferUtil done
Event: 81.729 Thread 0x00007fd2b6211800 DEOPT PACKING pc=0x00000001122e521e sp=0x000070000d45bc60
Event: 81.729 Thread 0x00007fd2b6211800 DEOPT UNPACKING pc=0x0000000111a451ba sp=0x000070000d45b038 mode 0
Event: 81.731 Thread 0x00007fd2b6211800 DEOPT PACKING pc=0x00000001122e70c6 sp=0x000070000d45bf80
Event: 81.731 Thread 0x00007fd2b6211800 DEOPT UNPACKING pc=0x0000000111a451ba sp=0x000070000d45b408 mode 0
Event: 81.733 Thread 0x00007fd2b6211800 DEOPT PACKING pc=0x00000001122e2edd sp=0x000070000d45bf40
Event: 81.733 Thread 0x00007fd2b6211800 DEOPT UNPACKING pc=0x0000000111a451ba sp=0x000070000d45b410 mode 0
Event: 81.739 Thread 0x00007fd2b6211800 DEOPT PACKING pc=0x00000001122e521e sp=0x000070000d45bc60
Event: 81.739 Thread 0x00007fd2b6211800 DEOPT UNPACKING pc=0x0000000111a451ba sp=0x000070000d45b038 mode 0


Dynamic libraries:
0x0000000100234000 	/Library/Java/JavaVirtualMachines/jdk-12.0.2.jdk/Contents/Home/lib/libjli.dylib
0x00007ff827b5c000 	/usr/lib/libz.1.dylib
0x00007ff827c3c000 	/usr/lib/libSystem.B.dylib
0x00007ff827c37000 	/usr/lib/system/libcache.dylib
0x00007ff827bf3000 	/usr/lib/system/libcommonCrypto.dylib
0x00007ff827c1c000 	/usr/lib/system/libcompiler_rt.dylib
0x00007ff827c12000 	/usr/lib/system/libcopyfile.dylib
0x00007ff81cbca000 	/usr/lib/system/libcorecrypto.dylib
0x00007ff81cc88000 	/usr/lib/system/libdispatch.dylib
0x00007ff81ce48000 	/usr/lib/system/libdyld.dylib
0x00007ff827c2e000 	/usr/lib/system/libkeymgr.dylib
0x00007ff827bd1000 	/usr/lib/system/libmacho.dylib
0x00007ff827252000 	/usr/lib/system/libquarantine.dylib
0x00007ff827c2c000 	/usr/lib/system/libremovefile.dylib
0x00007ff821ddd000 	/usr/lib/system/libsystem_asl.dylib
0x00007ff81cb73000 	/usr/lib/system/libsystem_blocks.dylib
0x00007ff81cd0c000 	/usr/lib/system/libsystem_c.dylib
0x00007ff827c24000 	/usr/lib/system/libsystem_collections.dylib
0x00007ff826506000 	/usr/lib/system/libsystem_configuration.dylib
0x00007ff8257af000 	/usr/lib/system/libsystem_containermanager.dylib
0x00007ff827909000 	/usr/lib/system/libsystem_coreservices.dylib
0x00007ff81f47e000 	/usr/lib/system/libsystem_darwin.dylib
0x00007ff827c2f000 	/usr/lib/system/libsystem_dnssd.dylib
0x00007ff81cd09000 	/usr/lib/system/libsystem_featureflags.dylib
0x00007ff81ce5e000 	/usr/lib/system/libsystem_info.dylib
0x00007ff827b6f000 	/usr/lib/system/libsystem_m.dylib
0x00007ff81cc5c000 	/usr/lib/system/libsystem_malloc.dylib
0x00007ff821d78000 	/usr/lib/system/libsystem_networkextension.dylib
0x00007ff81f8a4000 	/usr/lib/system/libsystem_notify.dylib
0x00007ff82deac000 	/usr/lib/system/libsystem_product_info_filter.dylib
0x00007ff82650a000 	/usr/lib/system/libsystem_sandbox.dylib
0x00007ff827c29000 	/usr/lib/system/libsystem_secinit.dylib
0x00007ff81ce04000 	/usr/lib/system/libsystem_kernel.dylib
0x00007ff81ce54000 	/usr/lib/system/libsystem_platform.dylib
0x00007ff81ce3c000 	/usr/lib/system/libsystem_pthread.dylib
0x00007ff82362b000 	/usr/lib/system/libsystem_symptoms.dylib
0x00007ff81cbb1000 	/usr/lib/system/libsystem_trace.dylib
0x00007ff827bff000 	/usr/lib/system/libunwind.dylib
0x00007ff81cb75000 	/usr/lib/system/libxpc.dylib
0x00007ff81cdee000 	/usr/lib/libc++abi.dylib
0x00007ff81cccf000 	/usr/lib/libobjc.A.dylib
0x00007ff827c0a000 	/usr/lib/liboah.dylib
0x00007ff81cd95000 	/usr/lib/libc++.1.dylib
0x00007ff833cae000 	/System/Library/Frameworks/Cocoa.framework/Versions/A/Cocoa
0x00007ff81f902000 	/System/Library/Frameworks/AppKit.framework/Versions/C/AppKit
0x00007ff822e19000 	/System/Library/Frameworks/CoreData.framework/Versions/A/CoreData
0x00007ff81dd05000 	/System/Library/Frameworks/Foundation.framework/Versions/C/Foundation
0x00007ff820792000 	/System/Library/PrivateFrameworks/UIFoundation.framework/Versions/A/UIFoundation
0x00007ff82dbaf000 	/System/Library/PrivateFrameworks/RemoteViewServices.framework/Versions/A/RemoteViewServices
0x00007ff825e90000 	/System/Library/PrivateFrameworks/XCTTargetBootstrap.framework/Versions/A/XCTTargetBootstrap
0x00007ff829a45000 	/System/Library/PrivateFrameworks/InternationalSupport.framework/Versions/A/InternationalSupport
0x00007ff829acf000 	/System/Library/PrivateFrameworks/UserActivity.framework/Versions/A/UserActivity
0x00007ff828e23000 	/usr/lib/libspindump.dylib
0x00007ff820a21000 	/System/Library/Frameworks/UniformTypeIdentifiers.framework/Versions/A/UniformTypeIdentifiers
0x00007ff8245b4000 	/usr/lib/libapp_launch_measurement.dylib
0x00007ff8237eb000 	/System/Library/PrivateFrameworks/CoreAnalytics.framework/Versions/A/CoreAnalytics
0x00007ff8245b7000 	/System/Library/PrivateFrameworks/CoreAutoLayout.framework/Versions/A/CoreAutoLayout
0x00007ff8257e7000 	/System/Library/Frameworks/Metal.framework/Versions/A/Metal
0x00007ff826516000 	/usr/lib/liblangid.dylib
0x00007ff825e95000 	/System/Library/PrivateFrameworks/CoreSVG.framework/Versions/A/CoreSVG
0x00007ff821e0d000 	/System/Library/PrivateFrameworks/SkyLight.framework/Versions/A/SkyLight
0x00007ff8221ac000 	/System/Library/Frameworks/CoreGraphics.framework/Versions/A/CoreGraphics
0x00007ff82e26f000 	/System/Library/Frameworks/Accelerate.framework/Versions/A/Accelerate
0x00007ff8288a2000 	/System/Library/PrivateFrameworks/IconServices.framework/Versions/A/IconServices
0x00007ff8257cc000 	/System/Library/Frameworks/IOSurface.framework/Versions/A/IOSurface
0x00007ff823819000 	/usr/lib/libDiagnosticMessagesClient.dylib
0x00007ff831952000 	/System/Library/Frameworks/ApplicationServices.framework/Versions/A/ApplicationServices
0x00007ff825e7c000 	/System/Library/PrivateFrameworks/DFRFoundation.framework/Versions/A/DFRFoundation
0x00007ff81f1ea000 	/usr/lib/libicucore.A.dylib
0x00007ff82a83b000 	/System/Library/Frameworks/AudioToolbox.framework/Versions/A/AudioToolbox
0x00007ff829a51000 	/System/Library/PrivateFrameworks/DataDetectorsCore.framework/Versions/A/DataDetectorsCore
0x00007ff925f4c000 	/System/Library/PrivateFrameworks/TextInput.framework/Versions/A/TextInput
0x00007ff821d90000 	/usr/lib/libMobileGestalt.dylib
0x00007ff825b88000 	/System/Library/Frameworks/Carbon.framework/Versions/A/Frameworks/HIToolbox.framework/Versions/A/HIToolbox
0x00007ff823fb6000 	/System/Library/Frameworks/QuartzCore.framework/Versions/A/QuartzCore
0x00007ff81ee8f000 	/System/Library/Frameworks/Security.framework/Versions/A/Security
0x00007ff82dbe7000 	/System/Library/Frameworks/Carbon.framework/Versions/A/Frameworks/SpeechRecognition.framework/Versions/A/SpeechRecognition
0x00007ff824314000 	/System/Library/PrivateFrameworks/CoreUI.framework/Versions/A/CoreUI
0x00007ff81e759000 	/System/Library/Frameworks/CoreAudio.framework/Versions/A/CoreAudio
0x00007ff823908000 	/System/Library/Frameworks/DiskArbitration.framework/Versions/A/DiskArbitration
0x00007ff829211000 	/System/Library/PrivateFrameworks/MultitouchSupport.framework/Versions/A/MultitouchSupport
0x00007ff821d8f000 	/usr/lib/libenergytrace.dylib
0x00007ff81f7ee000 	/System/Library/Frameworks/IOKit.framework/Versions/A/IOKit
0x00007ff82dfd7000 	/System/Library/Frameworks/CoreServices.framework/Versions/A/CoreServices
0x00007ff82454e000 	/System/Library/PrivateFrameworks/PerformanceAnalysis.framework/Versions/A/PerformanceAnalysis
0x00007ffa35c2e000 	/System/Library/Frameworks/OpenGL.framework/Versions/A/OpenGL
0x00007ff827178000 	/System/Library/PrivateFrameworks/MobileKeyBag.framework/Versions/A/MobileKeyBag
0x00007ff822878000 	/System/Library/Frameworks/ColorSync.framework/Versions/A/ColorSync
0x00007ff81ce89000 	/System/Library/Frameworks/CoreFoundation.framework/Versions/A/CoreFoundation
0x00007ff82610c000 	/System/Library/Frameworks/CoreImage.framework/Versions/A/CoreImage
0x00007ff81e56d000 	/System/Library/Frameworks/CoreText.framework/Versions/A/CoreText
0x00007ff825ec5000 	/System/Library/Frameworks/ImageIO.framework/Versions/A/ImageIO
0x00007ff827c42000 	/System/Library/PrivateFrameworks/SoftLinking.framework/Versions/A/SoftLinking
0x00007ff8245ff000 	/usr/lib/libxml2.2.dylib
0x00007ff827ec6000 	/usr/lib/libcompression.dylib
0x00007ff829978000 	/System/Library/PrivateFrameworks/TextureIO.framework/Versions/A/TextureIO
0x00007ff8285b4000 	/usr/lib/libate.dylib
0x00007ff828390000 	/usr/lib/liblzma.5.dylib
0x00007ff81da17000 	/System/Library/Frameworks/SystemConfiguration.framework/Versions/A/SystemConfiguration
0x00007ff827c3e000 	/usr/lib/libfakelink.dylib
0x00007ff8218e8000 	/System/Library/Frameworks/CFNetwork.framework/Versions/A/CFNetwork
0x00007ff827d7f000 	/usr/lib/libarchive.2.dylib
0x00007ff826512000 	/System/Library/PrivateFrameworks/AppleSystemInfo.framework/Versions/A/AppleSystemInfo
0x00007ff827279000 	/usr/lib/libbsm.0.dylib
0x00007ff820ef7000 	/usr/lib/libnetwork.dylib
0x00007ff827bd7000 	/usr/lib/system/libkxld.dylib
0x00007ff826eac000 	/System/Library/PrivateFrameworks/IOMobileFramebuffer.framework/Versions/A/IOMobileFramebuffer
0x00007ffb355fd000 	/usr/lib/libCoreEntitlements.dylib
0x00007ff8278eb000 	/System/Library/PrivateFrameworks/AppleFSCompression.framework/Versions/A/AppleFSCompression
0x00007ff827261000 	/usr/lib/libcoretls.dylib
0x00007ff8283aa000 	/usr/lib/libcoretls_cfhelpers.dylib
0x00007ff827ec1000 	/usr/lib/libpam.2.dylib
0x00007ff82324a000 	/usr/lib/libsqlite3.dylib
0x00007ff828419000 	/usr/lib/libxar.1.dylib
0x00007ff8278fb000 	/usr/lib/libbz2.1.0.dylib
0x00007ff827c43000 	/usr/lib/libpcap.A.dylib
0x00007ff823623000 	/usr/lib/libdns_services.dylib
0x00007ff827e91000 	/usr/lib/libapple_nghttp2.dylib
0x00007ff827c7d000 	/usr/lib/libiconv.2.dylib
0x00007ff827bd0000 	/usr/lib/libcharset.1.dylib
0x00007ff824582000 	/System/Library/Frameworks/CoreServices.framework/Versions/A/Frameworks/FSEvents.framework/Versions/A/FSEvents
0x00007ff81f488000 	/System/Library/Frameworks/CoreServices.framework/Versions/A/Frameworks/CarbonCore.framework/Versions/A/CarbonCore
0x00007ff82386c000 	/System/Library/Frameworks/CoreServices.framework/Versions/A/Frameworks/Metadata.framework/Versions/A/Metadata
0x00007ff82790e000 	/System/Library/Frameworks/CoreServices.framework/Versions/A/Frameworks/OSServices.framework/Versions/A/OSServices
0x00007ff827e06000 	/System/Library/Frameworks/CoreServices.framework/Versions/A/Frameworks/SearchKit.framework/Versions/A/SearchKit
0x00007ff8235b5000 	/System/Library/Frameworks/CoreServices.framework/Versions/A/Frameworks/AE.framework/Versions/A/AE
0x00007ff81d38c000 	/System/Library/Frameworks/CoreServices.framework/Versions/A/Frameworks/LaunchServices.framework/Versions/A/LaunchServices
0x00007ff828341000 	/System/Library/Frameworks/CoreServices.framework/Versions/A/Frameworks/DictionaryServices.framework/Versions/A/DictionaryServices
0x00007ff82458f000 	/System/Library/Frameworks/CoreServices.framework/Versions/A/Frameworks/SharedFileList.framework/Versions/A/SharedFileList
0x00007ff827255000 	/usr/lib/libCheckFix.dylib
0x00007ff821df4000 	/System/Library/PrivateFrameworks/TCC.framework/Versions/A/TCC
0x00007ff826518000 	/System/Library/PrivateFrameworks/CoreNLP.framework/Versions/A/CoreNLP
0x00007ff82381c000 	/System/Library/PrivateFrameworks/MetadataUtilities.framework/Versions/A/MetadataUtilities
0x00007ff81dac8000 	/usr/lib/libmecabra.dylib
0x00007ff827289000 	/usr/lib/libmecab.dylib
0x00007ff81da93000 	/usr/lib/libCRFSuite.dylib
0x00007ff8272e3000 	/usr/lib/libgermantok.dylib
0x00007ff827e6c000 	/usr/lib/libThaiTokenizer.dylib
0x00007ff82390f000 	/System/Library/Frameworks/Accelerate.framework/Versions/A/Frameworks/vImage.framework/Versions/A/vImage
0x00007ff82dfae000 	/System/Library/Frameworks/Accelerate.framework/Versions/A/Frameworks/vecLib.framework/Versions/A/vecLib
0x00007ff82845a000 	/System/Library/Frameworks/Accelerate.framework/Versions/A/Frameworks/vecLib.framework/Versions/A/libvMisc.dylib
0x00007ff826cd7000 	/System/Library/Frameworks/Accelerate.framework/Versions/A/Frameworks/vecLib.framework/Versions/A/libvDSP.dylib
0x00007ff81d707000 	/System/Library/Frameworks/Accelerate.framework/Versions/A/Frameworks/vecLib.framework/Versions/A/libBLAS.dylib
0x00007ff827fa3000 	/System/Library/Frameworks/Accelerate.framework/Versions/A/Frameworks/vecLib.framework/Versions/A/libLAPACK.dylib
0x00007ff8272e6000 	/System/Library/Frameworks/Accelerate.framework/Versions/A/Frameworks/vecLib.framework/Versions/A/libLinearAlgebra.dylib
0x00007ff827ea9000 	/System/Library/Frameworks/Accelerate.framework/Versions/A/Frameworks/vecLib.framework/Versions/A/libSparseBLAS.dylib
0x00007ff827f9d000 	/System/Library/Frameworks/Accelerate.framework/Versions/A/Frameworks/vecLib.framework/Versions/A/libQuadrature.dylib
0x00007ff826603000 	/System/Library/Frameworks/Accelerate.framework/Versions/A/Frameworks/vecLib.framework/Versions/A/libBNNS.dylib
0x00007ff81d9a1000 	/System/Library/Frameworks/Accelerate.framework/Versions/A/Frameworks/vecLib.framework/Versions/A/libSparse.dylib
0x00007ff8265fc000 	/System/Library/PrivateFrameworks/LinguisticData.framework/Versions/A/LinguisticData
0x00007ff81d957000 	/System/Library/PrivateFrameworks/Lexicon.framework/Versions/A/Lexicon
0x00007ff828453000 	/usr/lib/libChineseTokenizer.dylib
0x00007ff81e0c2000 	/System/Library/PrivateFrameworks/LanguageModeling.framework/Versions/A/LanguageModeling
0x00007ff827e6e000 	/System/Library/PrivateFrameworks/AppleSauce.framework/Versions/A/AppleSauce
0x00007ff826e9a000 	/System/Library/PrivateFrameworks/CoreEmoji.framework/Versions/A/CoreEmoji
0x00007ff827d6e000 	/usr/lib/libcmph.dylib
0x00007ff824566000 	/System/Library/Frameworks/OpenDirectory.framework/Versions/A/Frameworks/CFOpenDirectory.framework/Versions/A/CFOpenDirectory
0x00007ff82455a000 	/System/Library/Frameworks/OpenDirectory.framework/Versions/A/OpenDirectory
0x00007ff8283ac000 	/System/Library/PrivateFrameworks/APFS.framework/Versions/A/APFS
0x00007ff8271b0000 	/System/Library/Frameworks/SecurityFoundation.framework/Versions/A/SecurityFoundation
0x00007ff828427000 	/usr/lib/libutil.dylib
0x00007ff81f7b2000 	/System/Library/PrivateFrameworks/CoreServicesStore.framework/Versions/A/CoreServicesStore
0x00007ff82842b000 	/usr/lib/libxslt.1.dylib
0x00007ff82723d000 	/System/Library/PrivateFrameworks/BackgroundTaskManagement.framework/Versions/A/BackgroundTaskManagement
0x00007ff829898000 	/System/Library/Frameworks/ImageIO.framework/Versions/A/Resources/libRadiance.dylib
0x00007ff8298a1000 	/System/Library/Frameworks/ImageIO.framework/Versions/A/Resources/libJPEG.dylib
0x00007ff8297f0000 	/System/Library/Frameworks/ImageIO.framework/Versions/A/Resources/libPng.dylib
0x00007ff829811000 	/System/Library/Frameworks/ImageIO.framework/Versions/A/Resources/libTIFF.dylib
0x00007ff829901000 	/System/Library/Frameworks/ImageIO.framework/Versions/A/Resources/libGIF.dylib
0x00007ff82912b000 	/System/Library/Frameworks/ImageIO.framework/Versions/A/Resources/libJP2.dylib
0x00007ff828869000 	/usr/lib/libexpat.1.dylib
0x00007ff8290e0000 	/System/Library/PrivateFrameworks/AppleJPEG.framework/Versions/A/AppleJPEG
0x00007ff825a4c000 	/System/Library/PrivateFrameworks/FontServices.framework/libFontParser.dylib
0x00007ff82355f000 	/System/Library/PrivateFrameworks/RunningBoardServices.framework/Versions/A/RunningBoardServices
0x00007ff834269000 	/System/Library/PrivateFrameworks/IOSurfaceAccelerator.framework/Versions/A/IOSurfaceAccelerator
0x00007ff82920d000 	/System/Library/PrivateFrameworks/WatchdogClient.framework/Versions/A/WatchdogClient
0x00007ff81e1b0000 	/System/Library/Frameworks/CoreDisplay.framework/Versions/A/CoreDisplay
0x00007ff82594a000 	/System/Library/Frameworks/CoreMedia.framework/Versions/A/CoreMedia
0x00007ff8257de000 	/System/Library/PrivateFrameworks/IOAccelerator.framework/Versions/A/IOAccelerator
0x00007ff8246e3000 	/System/Library/Frameworks/CoreVideo.framework/Versions/A/CoreVideo
0x00007ff827ebf000 	/System/Library/Frameworks/MetalPerformanceShaders.framework/Versions/A/MetalPerformanceShaders
0x00007ff82924a000 	/System/Library/Frameworks/VideoToolbox.framework/Versions/A/VideoToolbox
0x00007ff8234a9000 	/System/Library/PrivateFrameworks/BaseBoard.framework/Versions/A/BaseBoard
0x00007ff823230000 	/System/Library/PrivateFrameworks/ProtocolBuffer.framework/Versions/A/ProtocolBuffer
0x00007ff829891000 	/System/Library/PrivateFrameworks/GPUWrangler.framework/Versions/A/GPUWrangler
0x00007ff829875000 	/System/Library/PrivateFrameworks/IOPresentment.framework/Versions/A/IOPresentment
0x00007ff82989b000 	/System/Library/PrivateFrameworks/DSExternalDisplay.framework/Versions/A/DSExternalDisplay
0x00007ffa35c22000 	/System/Library/Frameworks/OpenGL.framework/Versions/A/Libraries/libCoreFSCache.dylib
0x00007ffb22cf9000 	/System/Library/PrivateFrameworks/GPUCompiler.framework/Versions/31001/Libraries/libGPUCompilerUtils.dylib
0x00007ff829906000 	/System/Library/PrivateFrameworks/CMCaptureCore.framework/Versions/A/CMCaptureCore
0x00007ff828e11000 	/System/Library/PrivateFrameworks/AppServerSupport.framework/Versions/A/AppServerSupport
0x00007ff82b0d4000 	/System/Library/PrivateFrameworks/perfdata.framework/Versions/A/perfdata
0x00007ff81e2dc000 	/System/Library/PrivateFrameworks/AudioToolboxCore.framework/Versions/A/AudioToolboxCore
0x00007ff825928000 	/System/Library/PrivateFrameworks/caulk.framework/Versions/A/caulk
0x00007ff82a9e6000 	/usr/lib/libAudioStatistics.dylib
0x00007ff9226da000 	/System/Library/PrivateFrameworks/SystemPolicy.framework/Versions/A/SystemPolicy
0x00007ff82ac41000 	/usr/lib/libSMC.dylib
0x00007ff833b61000 	/System/Library/Frameworks/CoreMIDI.framework/Versions/A/CoreMIDI
0x00007ff8297bf000 	/usr/lib/libAudioToolboxUtility.dylib
0x00007ff91e906000 	/System/Library/PrivateFrameworks/OSAServicesClient.framework/Versions/A/OSAServicesClient
0x00007ff82b0e1000 	/usr/lib/libperfcheck.dylib
0x00007ff923187000 	/usr/lib/libmis.dylib
0x00007ffa35c7d000 	/System/Library/Frameworks/OpenGL.framework/Versions/A/Libraries/libGLU.dylib
0x00007ffa35c41000 	/System/Library/Frameworks/OpenGL.framework/Versions/A/Libraries/libGFXShared.dylib
0x00007ffa35e4a000 	/System/Library/Frameworks/OpenGL.framework/Versions/A/Libraries/libGL.dylib
0x00007ffa35c4a000 	/System/Library/Frameworks/OpenGL.framework/Versions/A/Libraries/libGLImage.dylib
0x00007ffa35c3e000 	/System/Library/Frameworks/OpenGL.framework/Versions/A/Libraries/libCVMSPluginSupport.dylib
0x00007ffa35c29000 	/System/Library/Frameworks/OpenGL.framework/Versions/A/Libraries/libCoreVMClient.dylib
0x00007ff826494000 	/System/Library/Frameworks/MetalPerformanceShaders.framework/Versions/A/Frameworks/MPSCore.framework/Versions/A/MPSCore
0x00007ff827856000 	/System/Library/Frameworks/MetalPerformanceShaders.framework/Versions/A/Frameworks/MPSImage.framework/Versions/A/MPSImage
0x00007ff8272fc000 	/System/Library/Frameworks/MetalPerformanceShaders.framework/Versions/A/Frameworks/MPSNeuralNetwork.framework/Versions/A/MPSNeuralNetwork
0x00007ff827770000 	/System/Library/Frameworks/MetalPerformanceShaders.framework/Versions/A/Frameworks/MPSMatrix.framework/Versions/A/MPSMatrix
0x00007ff82752b000 	/System/Library/Frameworks/MetalPerformanceShaders.framework/Versions/A/Frameworks/MPSRayIntersector.framework/Versions/A/MPSRayIntersector
0x00007ff8277a8000 	/System/Library/Frameworks/MetalPerformanceShaders.framework/Versions/A/Frameworks/MPSNDArray.framework/Versions/A/MPSNDArray
0x00007ffa3b702000 	/System/Library/Frameworks/MetalPerformanceShaders.framework/Versions/A/Frameworks/MPSFunctions.framework/Versions/A/MPSFunctions
0x00007ff81d5e3000 	/System/Library/PrivateFrameworks/MetalTools.framework/Versions/A/MetalTools
0x00007ff826510000 	/System/Library/PrivateFrameworks/AggregateDictionary.framework/Versions/A/AggregateDictionary
0x00007ff82864b000 	/usr/lib/libIOReport.dylib
0x00007ffa37259000 	/System/Library/Frameworks/OpenCL.framework/Versions/A/OpenCL
0x00007ff8289af000 	/System/Library/PrivateFrameworks/FaceCore.framework/Versions/A/FaceCore
0x00007ff8289a0000 	/System/Library/PrivateFrameworks/GraphVisualizer.framework/Versions/A/GraphVisualizer
0x00007ffb22c04000 	/System/Library/PrivateFrameworks/FontServices.framework/Versions/A/FontServices
0x00007ff828dc9000 	/System/Library/PrivateFrameworks/OTSVG.framework/Versions/A/OTSVG
0x00007ff8242c9000 	/System/Library/Frameworks/ApplicationServices.framework/Versions/A/Frameworks/ATS.framework/Versions/A/Resources/libFontRegistry.dylib
0x00007ff828e19000 	/System/Library/PrivateFrameworks/FontServices.framework/libhvf.dylib
0x00007ffb22c05000 	/System/Library/PrivateFrameworks/FontServices.framework/libXTFontStaticRegistryData.dylib
0x00007ff828819000 	/System/Library/PrivateFrameworks/AppleVA.framework/Versions/A/AppleVA
0x00007ff82aa06000 	/System/Library/Frameworks/ApplicationServices.framework/Versions/A/Frameworks/ATS.framework/Versions/A/ATS
0x00007ff822976000 	/System/Library/Frameworks/ApplicationServices.framework/Versions/A/Frameworks/HIServices.framework/Versions/A/HIServices
0x00007ff829910000 	/System/Library/Frameworks/ApplicationServices.framework/Versions/A/Frameworks/PrintCore.framework/Versions/A/PrintCore
0x00007ff82ad94000 	/System/Library/Frameworks/ApplicationServices.framework/Versions/A/Frameworks/QD.framework/Versions/A/QD
0x00007ff82ad8c000 	/System/Library/Frameworks/ApplicationServices.framework/Versions/A/Frameworks/ColorSyncLegacy.framework/Versions/A/ColorSyncLegacy
0x00007ff82a9f6000 	/System/Library/Frameworks/ApplicationServices.framework/Versions/A/Frameworks/SpeechSynthesis.framework/Versions/A/SpeechSynthesis
0x00007ff8298d1000 	/System/Library/Frameworks/ApplicationServices.framework/Versions/A/Frameworks/ATSUI.framework/Versions/A/ATSUI
0x00007ff82ad21000 	/usr/lib/libcups.2.dylib
0x00007ff82b0f0000 	/System/Library/Frameworks/Kerberos.framework/Versions/A/Kerberos
0x00007ff82b0ff000 	/System/Library/Frameworks/GSS.framework/Versions/A/GSS
0x00007ff82aa72000 	/usr/lib/libresolv.9.dylib
0x00007ff828e28000 	/System/Library/PrivateFrameworks/Heimdal.framework/Versions/A/Heimdal
0x00007ff831ce4000 	/System/Library/Frameworks/Kerberos.framework/Versions/A/Libraries/libHeimdalProxy.dylib
0x00007ff823633000 	/System/Library/Frameworks/Network.framework/Versions/A/Network
0x00007ff828883000 	/usr/lib/libheimdal-asn1.dylib
0x00007ff82b14a000 	/System/Library/PrivateFrameworks/CommonAuth.framework/Versions/A/CommonAuth
0x00007ff82a978000 	/System/Library/PrivateFrameworks/AudioSession.framework/Versions/A/AudioSession
0x00007ff828913000 	/System/Library/PrivateFrameworks/MediaExperience.framework/Versions/A/MediaExperience
0x00007ff82a80a000 	/System/Library/PrivateFrameworks/AudioSession.framework/libSessionUtility.dylib
0x00007ff82ada0000 	/System/Library/PrivateFrameworks/AudioResourceArbitration.framework/Versions/A/AudioResourceArbitration
0x00007ff82ee21000 	/System/Library/PrivateFrameworks/PowerLog.framework/Versions/A/PowerLog
0x00007ff82888c000 	/System/Library/PrivateFrameworks/IconFoundation.framework/Versions/A/IconFoundation
0x00007ff82dbd7000 	/System/Library/PrivateFrameworks/SpeechRecognitionCore.framework/Versions/A/SpeechRecognitionCore
0x0000000100f38000 	/Library/Java/JavaVirtualMachines/jdk-12.0.2.jdk/Contents/Home/lib/server/libjvm.dylib
0x000000010025c000 	/Library/Java/JavaVirtualMachines/jdk-12.0.2.jdk/Contents/Home/lib/libverify.dylib
0x000000010028c000 	/Library/Java/JavaVirtualMachines/jdk-12.0.2.jdk/Contents/Home/lib/libjava.dylib
0x0000000100270000 	/Library/Java/JavaVirtualMachines/jdk-12.0.2.jdk/Contents/Home/lib/libzip.dylib
0x0000000100278000 	/Library/Java/JavaVirtualMachines/jdk-12.0.2.jdk/Contents/Home/lib/libjimage.dylib
0x0000000100d25000 	/Library/Java/JavaVirtualMachines/jdk-12.0.2.jdk/Contents/Home/lib/libnio.dylib
0x0000000100d46000 	/Library/Java/JavaVirtualMachines/jdk-12.0.2.jdk/Contents/Home/lib/libnet.dylib
0x0000000100d33000 	/Users/izzhafeez/.openjfx/cache/11/libprism_es2.dylib
0x00007ff81f774000 	/System/Library/PrivateFrameworks/CoreServicesInternal.framework/Versions/A/CoreServicesInternal
0x00007ffa35e55000 	/System/Library/Frameworks/OpenGL.framework/Versions/A/Resources/GLEngine.bundle/GLEngine
0x00007ffa35cbb000 	/System/Library/Frameworks/OpenGL.framework/Versions/A/Libraries/libGLProgrammability.dylib
0x00007ffa2acd1000 	/System/Library/Extensions/AppleIntelKBLGraphicsGLDriver.bundle/Contents/MacOS/AppleIntelKBLGraphicsGLDriver
0x00007ff92d322000 	/System/Library/PrivateFrameworks/GPUSupport.framework/Versions/A/Libraries/libGPUSupportMercury.dylib
0x00007ffa35fdf000 	/System/Library/Frameworks/OpenGL.framework/Versions/A/Resources/GLRendererFloat.bundle/GLRendererFloat
0x00000001094ec000 	/Users/izzhafeez/.openjfx/cache/11/libglass.dylib
0x00007ff82f412000 	/System/Library/Frameworks/FileProvider.framework/Versions/A/FileProvider
0x00007ff823416000 	/System/Library/Frameworks/Accounts.framework/Versions/A/Accounts
0x00007ff82f58b000 	/System/Library/PrivateFrameworks/GenerationalStorage.framework/Versions/A/GenerationalStorage
0x00007ff83009b000 	/System/Library/PrivateFrameworks/CoreSymbolication.framework/Versions/A/CoreSymbolication
0x00007ff82ee16000 	/System/Library/PrivateFrameworks/SymptomDiagnosticReporter.framework/Versions/A/SymptomDiagnosticReporter
0x00007ff820a35000 	/System/Library/PrivateFrameworks/DesktopServicesPriv.framework/Versions/A/DesktopServicesPriv
0x00007ff81f8b3000 	/usr/lib/libsandbox.1.dylib
0x00007ff824762000 	/System/Library/PrivateFrameworks/UserManagement.framework/Versions/A/UserManagement
0x00007ff830060000 	/System/Library/PrivateFrameworks/DebugSymbols.framework/Versions/A/DebugSymbols
0x00007ff82ad81000 	/System/Library/PrivateFrameworks/NetAuth.framework/Versions/A/NetAuth
0x00007ff82bc90000 	/System/Library/PrivateFrameworks/Sharing.framework/Versions/A/Sharing
0x00007ff824735000 	/System/Library/PrivateFrameworks/login.framework/Versions/A/Frameworks/loginsupport.framework/Versions/A/loginsupport
0x00007ff8311fe000 	/System/Library/PrivateFrameworks/Apple80211.framework/Versions/A/Apple80211
0x00007ff82793b000 	/System/Library/PrivateFrameworks/AuthKit.framework/Versions/A/AuthKit
0x00007ff826f90000 	/System/Library/PrivateFrameworks/CoreUtils.framework/Versions/A/CoreUtils
0x00007ff826eb7000 	/System/Library/Frameworks/CoreWLAN.framework/Versions/A/CoreWLAN
0x00007ff82bdef000 	/System/Library/Frameworks/IOBluetooth.framework/Versions/A/IOBluetooth
0x00007ff831266000 	/System/Library/PrivateFrameworks/CoreWiFi.framework/Versions/A/CoreWiFi
0x00007ff82fc35000 	/System/Library/PrivateFrameworks/FrontBoardServices.framework/Versions/A/FrontBoardServices
0x00007ff82fcc6000 	/System/Library/PrivateFrameworks/BoardServices.framework/Versions/A/BoardServices
0x00007ff82719f000 	/System/Library/PrivateFrameworks/AssertionServices.framework/Versions/A/AssertionServices
0x00007ff8313e9000 	/System/Library/PrivateFrameworks/BackBoardServices.framework/Versions/A/BackBoardServices
0x00007ff82b1db000 	/System/Library/PrivateFrameworks/CorePhoneNumbers.framework/Versions/A/CorePhoneNumbers
0x00007ff82aa9f000 	/System/Library/PrivateFrameworks/MultiverseSupport.framework/Versions/A/MultiverseSupport
0x00007ff83165d000 	/System/Library/PrivateFrameworks/RemoteServiceDiscovery.framework/Versions/A/RemoteServiceDiscovery
0x00007ff82ef33000 	/System/Library/PrivateFrameworks/DiskManagement.framework/Versions/A/DiskManagement
0x00007ff82ee47000 	/System/Library/PrivateFrameworks/AppleIDAuthSupport.framework/Versions/A/AppleIDAuthSupport
0x00007ffb1d57f000 	/System/Library/PrivateFrameworks/AAAFoundation.framework/Versions/A/AAAFoundation
0x00007ff82b1bc000 	/System/Library/PrivateFrameworks/KeychainCircle.framework/Versions/A/KeychainCircle
0x00007ff83166d000 	/System/Library/PrivateFrameworks/RemoteXPC.framework/Versions/A/RemoteXPC
0x00007ff82eeff000 	/System/Library/PrivateFrameworks/MediaKit.framework/Versions/A/MediaKit
0x00007ff82ee53000 	/System/Library/Frameworks/DiscRecording.framework/Versions/A/DiscRecording
0x00007ff828791000 	/usr/lib/libCoreStorage.dylib
0x00007ff8316d8000 	/usr/lib/libcsfde.dylib
0x00007ff82bebc000 	/System/Library/PrivateFrameworks/ProtectedCloudStorage.framework/Versions/A/ProtectedCloudStorage
0x00007ff8316d4000 	/System/Library/PrivateFrameworks/EFILogin.framework/Versions/A/EFILogin
0x00007ff82f5b1000 	/System/Library/PrivateFrameworks/OctagonTrust.framework/Versions/A/OctagonTrust
0x00007ffb21e67000 	/System/Library/PrivateFrameworks/CoreUtilsExtras.framework/Versions/A/CoreUtilsExtras
0x00007ff82ed7a000 	/System/Library/Frameworks/CoreBluetooth.framework/Versions/A/CoreBluetooth
0x00007ff831d69000 	/System/Library/Frameworks/AudioUnit.framework/Versions/A/AudioUnit
0x00007ff828789000 	/usr/lib/libMatch.1.dylib
0x00007ff9277ab000 	/System/Library/Frameworks/Accelerate.framework/Versions/A/Frameworks/vImage.framework/Versions/A/Libraries/libCGInterfaces.dylib
0x0000000123f3f000 	/usr/lib/libobjc-trampolines.dylib
0x00007ff82445a000 	/System/Library/PrivateFrameworks/ViewBridge.framework/Versions/A/ViewBridge
0x00007ffb1dc41000 	/System/Library/PrivateFrameworks/AccessibilityBundles.framework/Versions/A/AccessibilityBundles
0x00000001256d1000 	/Users/izzhafeez/.openjfx/cache/11/libjavafx_font.dylib
0x000000012591e000 	/Users/izzhafeez/.openjfx/cache/11/libjavafx_iio.dylib
0x00007ff828edf000 	/System/Library/PrivateFrameworks/login.framework/Versions/A/login
0x00007ffb356ec000 	/usr/lib/libRosetta.dylib
0x00007ff82e2f3000 	/System/Library/PrivateFrameworks/SystemAdministration.framework/Versions/A/SystemAdministration
0x00007ff829b3a000 	/System/Library/Frameworks/MediaToolbox.framework/Versions/A/MediaToolbox
0x00007ff82dba3000 	/System/Library/Frameworks/DirectoryService.framework/Versions/A/DirectoryService
0x00007ff831575000 	/System/Library/PrivateFrameworks/DiskImages.framework/Versions/A/DiskImages
0x00007ff827247000 	/System/Library/Frameworks/ServiceManagement.framework/Versions/A/ServiceManagement
0x00007ff831752000 	/System/Library/PrivateFrameworks/LoginUIKit.framework/Versions/A/Frameworks/LoginUICore.framework/Versions/A/LoginUICore
0x00007ff829088000 	/usr/lib/libodfde.dylib
0x00007ff82f3e2000 	/System/Library/PrivateFrameworks/CoreAVCHD.framework/Versions/A/CoreAVCHD
0x00007ff82e2b7000 	/System/Library/Frameworks/MediaAccessibility.framework/Versions/A/MediaAccessibility
0x00007ff82f3de000 	/System/Library/PrivateFrameworks/Mangrove.framework/Versions/A/Mangrove
0x00007ff82e2c2000 	/System/Library/PrivateFrameworks/AlgosScoreFramework.framework/Versions/A/AlgosScoreFramework
0x00007ffb1f15b000 	/System/Library/PrivateFrameworks/CMPhoto.framework/Versions/A/CMPhoto
0x00007ff82ff36000 	/System/Library/PrivateFrameworks/AppleVPA.framework/Versions/A/AppleVPA
0x00007ff82f023000 	/System/Library/PrivateFrameworks/CoreAUC.framework/Versions/A/CoreAUC
0x00007ff8316e4000 	/usr/lib/libcurl.4.dylib
0x00007ffb35b58000 	/usr/lib/libcrypto.46.dylib
0x00007ffb3604d000 	/usr/lib/libssl.48.dylib
0x00007ff831407000 	/System/Library/Frameworks/LDAP.framework/Versions/A/LDAP
0x00007ff83143f000 	/System/Library/PrivateFrameworks/TrustEvaluationAgent.framework/Versions/A/TrustEvaluationAgent
0x00007ff82aa8b000 	/usr/lib/libsasl2.2.dylib
0x00007ff82e2e7000 	/System/Library/PrivateFrameworks/CoreDaemon.framework/Versions/B/CoreDaemon
0x00007ff82e2e2000 	/System/Library/PrivateFrameworks/AppleSRP.framework/Versions/A/AppleSRP


VM Arguments:
jvm_args: -Dfile.encoding=UTF-8 -Duser.country=GB -Duser.language=en -Duser.variant 
java_command: gui.Launcher
java_class_path (initial): /Users/izzhafeez/Documents/School/CS2103T/ip/build/classes/java/main:/Users/izzhafeez/Documents/School/CS2103T/ip/build/resources/main:/Users/izzhafeez/.gradle/caches/modules-2/files-2.1/org.openjfx/javafx-fxml/11/d5ff9262ef49d166db658d15f37e3ecff38fde4b/javafx-fxml-11-win.jar:/Users/izzhafeez/.gradle/caches/modules-2/files-2.1/org.openjfx/javafx-fxml/11/e0f5bb81e21054b59f2ebfa727d40a90ee0260d3/javafx-fxml-11-mac.jar:/Users/izzhafeez/.gradle/caches/modules-2/files-2.1/org.openjfx/javafx-fxml/11/e7a757b580fc3e2e1a121768606c7836eef418c/javafx-fxml-11-linux.jar:/Users/izzhafeez/.gradle/caches/modules-2/files-2.1/org.openjfx/javafx-controls/11/af8d24de44e16a19ae959028eb23a48c145fb682/javafx-controls-11-win.jar:/Users/izzhafeez/.gradle/caches/modules-2/files-2.1/org.openjfx/javafx-controls/11/e3a24a14e8732abc6dc173f15872dc63e2a32e16/javafx-controls-11-mac.jar:/Users/izzhafeez/.gradle/caches/modules-2/files-2.1/org.openjfx/javafx-controls/11/794488e3b1f4635d9a1b842bdc872a5eb8fd54ca/javafx-controls-11-linux.jar:/Users/izzhafeez/.gradle/caches/modules-2/files-2.1/org.openjfx/javafx-controls/11/58d961774262ec972bf304e16c154a8e18c2050b/javafx-controls-11.jar:/Users/izzhafeez/.gradle/caches/modules-2/files-2.1/org.openjfx/javafx-graphics/11/9345c7ea43dbcc73a62eca5332717b4ce617e6c6/javafx-graphics-11-win.jar:/Users/izzhafeez/.gradle/caches/modules-2/files-2.1/org.openjfx/javafx-graphics/11/af47a6d3668d3ce1c61e1fe13c44471b6f8d469/javafx-graphics-11-mac.jar:/Users/izzhafeez/.gradle/caches/modules-2/files-2.1/org.openjfx/javafx-graphics/11/4ab9edd8d481a420044c473fdb5718ccdd35c836/javafx-graphics-11-linux.jar:/Users/izzhafeez/.gradle/caches/modules-2/files-2.1/org.openjfx/javafx-graphics/11/a736dd079047ec0b72b8c4970842a5c5e0c19f2f/javafx-graphics-11.jar:/Users/izzhafeez/.gradle/caches/modules-2/files-2.1/org.openjfx/javafx-base/11/ad3a4acfaa28b484d30c40c1f009445cc3f6e68b/javafx-base-11-win.jar:/Users/izzhafeez/.gradle/caches/modules-2/files-2.1/org.open
Launcher Type: SUN_STANDARD

[Global flags]
     intx CICompilerCount                          = 3                                         {product} {ergonomic}
     uint ConcGCThreads                            = 1                                         {product} {ergonomic}
     uint G1ConcRefinementThreads                  = 4                                         {product} {ergonomic}
   size_t G1HeapRegionSize                         = 1048576                                   {product} {ergonomic}
    uintx GCDrainStackTargetSize                   = 64                                        {product} {ergonomic}
   size_t InitialHeapSize                          = 134217728                                 {product} {ergonomic}
   size_t MarkStackSize                            = 4194304                                   {product} {ergonomic}
   size_t MaxHeapSize                              = 2147483648                                {product} {ergonomic}
   size_t MaxNewSize                               = 1287651328                                {product} {ergonomic}
   size_t MinHeapDeltaBytes                        = 1048576                                   {product} {ergonomic}
    uintx NonNMethodCodeHeapSize                   = 5830732                                {pd product} {ergonomic}
    uintx NonProfiledCodeHeapSize                  = 122913754                              {pd product} {ergonomic}
    uintx ProfiledCodeHeapSize                     = 122913754                              {pd product} {ergonomic}
    uintx ReservedCodeCacheSize                    = 251658240                              {pd product} {ergonomic}
     bool SegmentedCodeCache                       = true                                      {product} {ergonomic}
     bool UseCompressedClassPointers               = true                                 {lp64_product} {ergonomic}
     bool UseCompressedOops                        = true                                 {lp64_product} {ergonomic}
     bool UseG1GC                                  = true                                      {product} {ergonomic}

Logging:
Log output configuration:
 #0: stdout all=warning uptime,level,tags
 #1: stderr all=off uptime,level,tags

Environment Variables:
PATH=/Users/izzhafeez/.cargo/bin:/Users/izzhafeez/opt/anaconda3/bin:/Users/izzhafeez/opt/anaconda3/condabin:/Library/Frameworks/Python.framework/Versions/3.8/bin:/anaconda3/bin:/Library/Frameworks/Python.framework/Versions/3.7/bin:/usr/local/bin:/usr/bin:/bin:/usr/sbin:/sbin:/Library/PostgreSQL/14/bin:/Library/TeX/texbin:/Library/Apple/usr/bin
SHELL=/bin/bash

Signal Handlers:
SIGSEGV: [libjvm.dylib+0x735418], sa_mask[0]=11111111011111110111111111111111, sa_flags=SA_ONSTACK|SA_RESTART|SA_SIGINFO
SIGBUS: [libjvm.dylib+0x735418], sa_mask[0]=11111111011111110111111111111111, sa_flags=SA_RESTART|SA_SIGINFO
SIGFPE: [libjvm.dylib+0x735418], sa_mask[0]=11111111011111110111111111111111, sa_flags=SA_RESTART|SA_SIGINFO
SIGPIPE: [libjvm.dylib+0x5dce9e], sa_mask[0]=11111111011111110111111111111111, sa_flags=SA_RESTART|SA_SIGINFO
SIGXFSZ: [libjvm.dylib+0x5dce9e], sa_mask[0]=11111111011111110111111111111111, sa_flags=SA_RESTART|SA_SIGINFO
SIGILL: [libjvm.dylib+0x735418], sa_mask[0]=11111111011111110111111111111111, sa_flags=SA_RESTART|SA_SIGINFO
SIGUSR2: [libjvm.dylib+0x5dd483], sa_mask[0]=00100000000000000000000000000000, sa_flags=SA_RESTART|SA_SIGINFO
SIGHUP: [libjvm.dylib+0x5dc143], sa_mask[0]=11111111011111110111111111111111, sa_flags=SA_RESTART|SA_SIGINFO
SIGINT: [libjvm.dylib+0x5dc143], sa_mask[0]=11111111011111110111111111111111, sa_flags=SA_RESTART|SA_SIGINFO
SIGTERM: [libjvm.dylib+0x5dc143], sa_mask[0]=11111111011111110111111111111111, sa_flags=SA_RESTART|SA_SIGINFO
SIGQUIT: [libjvm.dylib+0x5dc143], sa_mask[0]=11111111011111110111111111111111, sa_flags=SA_RESTART|SA_SIGINFO


---------------  S Y S T E M  ---------------

OS:uname:Darwin 21.6.0 Darwin Kernel Version 21.6.0: Mon Aug 22 20:17:10 PDT 2022; root:xnu-8020.140.49~2/RELEASE_X86_64 x86_64
rlimit: STACK 8192k, CORE 0k, NPROC 1392, NOFILE 10240, AS infinity, DATA infinity, FSIZE infinity
load average:3.24 21.96 25.87

CPU:total 4 (initial active 4) (2 cores per cpu, 2 threads per core) family 6 model 142 stepping 9, cmov, cx8, fxsr, mmx, sse, sse2, sse3, ssse3, sse4.1, sse4.2, popcnt, avx, avx2, aes, clmul, erms, 3dnowpref, lzcnt, ht, tsc, tscinvbit, bmi1, bmi2, adx, fma

Memory: 4k page, physical 8388608k(29592k free)

vm_info: Java HotSpot(TM) 64-Bit Server VM (12.0.2+10) for bsd-amd64 JRE (12.0.2+10), built on Jul 16 2019 00:56:38 by "mach5one" with gcc 4.2.1 Compatible Apple LLVM 9.1.0 (clang-902.0.39.2)

END.
