#
# A fatal error has been detected by the Java Runtime Environment:
#
#  SIGSEGV (0xb) at pc=0x00007f142595af1a, pid=13013, tid=13067
#
# JRE version: OpenJDK Runtime Environment (11.0.17+8) (build 11.0.17+8-post-Ubuntu-1ubuntu222.04)
# Java VM: OpenJDK 64-Bit Server VM (11.0.17+8-post-Ubuntu-1ubuntu222.04, mixed mode, sharing, tiered, compressed oops, g1 gc, linux-amd64)
# Problematic frame:
# C  [libnvwgf2umx.so+0x286bf1a]
#
# No core dump will be written. Core dumps have been disabled. To enable core dumping, try "ulimit -c unlimited" before starting Java again
#
# If you would like to submit a bug report, please visit:
#   https://bugs.launchpad.net/ubuntu/+source/openjdk-lts
#

---------------  S U M M A R Y ------------

Command Line: -Dfile.encoding=UTF-8 -Duser.country -Duser.language=en -Duser.variant duke.Launcher

Host: Intel(R) Core(TM) i7-10750H CPU @ 2.60GHz, 12 cores, 7G, Ubuntu 22.04.1 LTS
Time: Fri Feb 17 12:20:40 2023 +08 elapsed time: 1.729576 seconds (0d 0h 0m 1s)

---------------  T H R E A D  ---------------

Current thread is native thread

Stack: [0x00007f1470118000,0x00007f1470917000],  sp=0x00007f1470915d90,  free space=8183k
Native frames: (J=compiled Java code, A=aot compiled Java code, j=interpreted, Vv=VM code, C=native code)
C  [libnvwgf2umx.so+0x286bf1a]

[error occurred during error reporting (printing native stack), id 0xb, SIGSEGV (0xb) at pc=0x00007f14a037aa17]


siginfo: si_signo: 11 (SIGSEGV), si_code: 1 (SEGV_MAPERR), si_addr: 0x00007f1471139000

Register to memory mapping:

RAX=
[error occurred during error reporting (printing register info), id 0xb, SIGSEGV (0xb) at pc=0x00007f14a05d44fc]

Registers:
RAX=0x0000000000000010, RBX=0x0000000000000000, RCX=0x00007f1470915d98, RDX=0x0000000000000000
RSP=0x00007f1470915d90, RBP=0x0000000000000000, RSI=0x00007f143424fdf0, RDI=0x00007f14341d2a00
R8 =0x00007f141c000b70, R9 =0x00007ffd54bbc080, R10=0x00000000001e3a1e, R11=0x606ee2ca9928fa54
R12=0x00007f143424fd01, R13=0x00007f1471139000, R14=0x00007f14341d2b08, R15=0x00007f1470915e06
RIP=0x00007f142595af1a, EFLAGS=0x0000000000010246, CSGSFS=0x002b000000000033, ERR=0x0000000000000004
  TRAPNO=0x000000000000000e

Top of Stack: (sp=0x00007f1470915d90)
0x00007f1470915d90:   0000000063ef0098 00000000000aaecd
0x00007f1470915da0:   00007f14341d2a00 00007f14341d2b08
0x00007f1470915db0:   00007f143424fdf0 00007f1470915d98
0x00007f1470915dc0:   00007f1470915e07 00007f14341d2a00 

Instructions: (pc=0x00007f142595af1a)
0x00007f142595ae1a:   60 48 83 ec 08 4c 8d 64 24 10 4c 89 e7 4c 89 fe
0x00007f142595ae2a:   48 89 da 48 8b 4c 24 28 44 8b 44 24 20 44 8b 4c
0x00007f142595ae3a:   24 24 41 55 41 56 50 e8 ba fa ff ff 48 83 c4 20
0x00007f142595ae4a:   48 89 ef 4c 89 e6 e8 bb ad a5 fe 4c 89 e7 e8 13
0x00007f142595ae5a:   a2 a5 fe 48 89 e8 48 83 c4 28 5b 41 5c 41 5d 41
0x00007f142595ae6a:   5e 41 5f 5d c3 eb 0a eb 19 eb 06 eb 15 eb 02 eb
0x00007f142595ae7a:   11 48 89 c3 48 8d 7c 24 08 e8 e8 a1 a5 fe eb 05
0x00007f142595ae8a:   eb 00 48 89 c3 48 8b 7c 24 10 e8 d7 a1 a5 fe 48
0x00007f142595ae9a:   89 df e8 cf 0a 90 fe cc cc cc cc cc cc cc cc cc
0x00007f142595aeaa:   cc cc cc cc cc cc 55 41 57 41 56 41 55 41 54 53
0x00007f142595aeba:   48 83 ec 38 48 89 54 24 30 48 89 7c 24 10 f6 47
0x00007f142595aeca:   28 10 0f 84 41 01 00 00 8b 46 10 85 c0 0f 84 36
0x00007f142595aeda:   01 00 00 4c 8b 6e 28 41 b4 01 31 db 48 8d 4c 24
0x00007f142595aeea:   08 48 89 4c 24 28 31 d2 48 89 74 24 20 eb 21 90
0x00007f142595aefa:   90 90 90 90 90 90 8b 46 10 48 8b 54 24 18 48 83
0x00007f142595af0a:   c2 01 89 c1 83 c3 01 48 39 ca 0f 83 f9 00 00 00
0x00007f142595af1a:   41 8b 4c 95 00 0f b7 c9 3b 8c 96 4c 04 00 00 74
0x00007f142595af2a:   dd 89 8c 96 4c 04 00 00 8b 4e 0c 85 c9 74 cf 48
0x00007f142595af3a:   89 54 24 18 31 ed eb 18 90 90 90 90 90 90 90 90
0x00007f142595af4a:   90 90 90 90 90 90 83 c5 01 8b 4e 0c 39 cd 73 a6
0x00007f142595af5a:   0f af cb 01 e9 41 0f b6 84 0d 80 90 00 00 24 7f
0x00007f142595af6a:   8d 50 e0 80 fa 14 77 de 48 8b 96 50 08 00 00 3a
0x00007f142595af7a:   04 0a 74 d2 88 04 0a 48 8b 44 24 30 c6 00 01 41
0x00007f142595af8a:   f6 c4 01 75 0d 48 8b 44 24 10 f6 40 28 20 75 b6
0x00007f142595af9a:   eb 33 4c 8d 7c 24 08 4c 89 ff 31 d2 31 c9 45 31
0x00007f142595afaa:   c0 e8 a0 06 00 00 48 8b 7c 24 10 4c 89 fe e8 b3
0x00007f142595afba:   e1 ff ff 48 8d 7c 24 08 e8 a9 a0 a5 fe 45 31 e4
0x00007f142595afca:   48 8b 74 24 20 8b 56 04 4c 8b 7c 24 10 45 0f b6
0x00007f142595afda:   4f 2c 4c 8d 74 24 08 4c 89 f7 4c 89 fe 48 8b 4c
0x00007f142595afea:   24 18 41 89 e8 e8 0c fe 02 00 4c 89 ff 4c 89 f6
0x00007f142595affa:   e8 71 e1 ff ff 48 8d 7c 24 08 e8 67 a0 a5 fe 48
0x00007f142595b00a:   8b 74 24 20 e9 3d ff ff ff 48 83 c4 38 5b 41 5c 


Stack slot to memory mapping:
stack at sp + 0 slots: 
[error occurred during error reporting (inspecting top of stack), id 0xb, SIGSEGV (0xb) at pc=0x00007f14a05d44fc]


---------------  P R O C E S S  ---------------

VM state:at safepoint (shutting down)

VM Mutex/Monitor currently owned by a thread:  ([mutex/lock_event])
[0x00007f1498013f40] Threads_lock - owner thread: 0x00007f1498128000

Heap address: 0x0000000085c00000, size: 1956 MB, Compressed Oops mode: 32-bit
Narrow klass base: 0x0000000800000000, Narrow klass shift: 3
Compressed class space size: 1073741824 Address: 0x0000000840000000

Heap:
 garbage-first heap   total 129024K, used 10956K [0x0000000085c00000, 0x0000000100000000)
  region size 1024K, 12 young (12288K), 0 survivors (0K)
 Metaspace       used 2969K, capacity 6145K, committed 6400K, reserved 1056768K
  class space    used 339K, capacity 694K, committed 768K, reserved 1048576K
Heap Regions: E=young(eden), S=young(survivor), O=old, HS=humongous(starts), HC=humongous(continues), CS=collection set, F=free, A=archive, TAMS=top-at-mark-start (previous, next)
|   0|0x0000000085c00000, 0x0000000085c00000, 0x0000000085d00000|  0%| F|  |TAMS 0x0000000085c00000, 0x0000000085c00000| Untracked 
|   1|0x0000000085d00000, 0x0000000085d00000, 0x0000000085e00000|  0%| F|  |TAMS 0x0000000085d00000, 0x0000000085d00000| Untracked 
|   2|0x0000000085e00000, 0x0000000085e00000, 0x0000000085f00000|  0%| F|  |TAMS 0x0000000085e00000, 0x0000000085e00000| Untracked 
|   3|0x0000000085f00000, 0x0000000085f00000, 0x0000000086000000|  0%| F|  |TAMS 0x0000000085f00000, 0x0000000085f00000| Untracked 
|   4|0x0000000086000000, 0x0000000086000000, 0x0000000086100000|  0%| F|  |TAMS 0x0000000086000000, 0x0000000086000000| Untracked 
|   5|0x0000000086100000, 0x0000000086100000, 0x0000000086200000|  0%| F|  |TAMS 0x0000000086100000, 0x0000000086100000| Untracked 
|   6|0x0000000086200000, 0x0000000086200000, 0x0000000086300000|  0%| F|  |TAMS 0x0000000086200000, 0x0000000086200000| Untracked 
|   7|0x0000000086300000, 0x0000000086300000, 0x0000000086400000|  0%| F|  |TAMS 0x0000000086300000, 0x0000000086300000| Untracked 
|   8|0x0000000086400000, 0x0000000086400000, 0x0000000086500000|  0%| F|  |TAMS 0x0000000086400000, 0x0000000086400000| Untracked 
|   9|0x0000000086500000, 0x0000000086500000, 0x0000000086600000|  0%| F|  |TAMS 0x0000000086500000, 0x0000000086500000| Untracked 
|  10|0x0000000086600000, 0x0000000086600000, 0x0000000086700000|  0%| F|  |TAMS 0x0000000086600000, 0x0000000086600000| Untracked 
|  11|0x0000000086700000, 0x0000000086700000, 0x0000000086800000|  0%| F|  |TAMS 0x0000000086700000, 0x0000000086700000| Untracked 
|  12|0x0000000086800000, 0x0000000086800000, 0x0000000086900000|  0%| F|  |TAMS 0x0000000086800000, 0x0000000086800000| Untracked 
|  13|0x0000000086900000, 0x0000000086900000, 0x0000000086a00000|  0%| F|  |TAMS 0x0000000086900000, 0x0000000086900000| Untracked 
|  14|0x0000000086a00000, 0x0000000086a00000, 0x0000000086b00000|  0%| F|  |TAMS 0x0000000086a00000, 0x0000000086a00000| Untracked 
|  15|0x0000000086b00000, 0x0000000086b00000, 0x0000000086c00000|  0%| F|  |TAMS 0x0000000086b00000, 0x0000000086b00000| Untracked 
|  16|0x0000000086c00000, 0x0000000086c00000, 0x0000000086d00000|  0%| F|  |TAMS 0x0000000086c00000, 0x0000000086c00000| Untracked 
|  17|0x0000000086d00000, 0x0000000086d00000, 0x0000000086e00000|  0%| F|  |TAMS 0x0000000086d00000, 0x0000000086d00000| Untracked 
|  18|0x0000000086e00000, 0x0000000086e00000, 0x0000000086f00000|  0%| F|  |TAMS 0x0000000086e00000, 0x0000000086e00000| Untracked 
|  19|0x0000000086f00000, 0x0000000086f00000, 0x0000000087000000|  0%| F|  |TAMS 0x0000000086f00000, 0x0000000086f00000| Untracked 
|  20|0x0000000087000000, 0x0000000087000000, 0x0000000087100000|  0%| F|  |TAMS 0x0000000087000000, 0x0000000087000000| Untracked 
|  21|0x0000000087100000, 0x0000000087100000, 0x0000000087200000|  0%| F|  |TAMS 0x0000000087100000, 0x0000000087100000| Untracked 
|  22|0x0000000087200000, 0x0000000087200000, 0x0000000087300000|  0%| F|  |TAMS 0x0000000087200000, 0x0000000087200000| Untracked 
|  23|0x0000000087300000, 0x0000000087300000, 0x0000000087400000|  0%| F|  |TAMS 0x0000000087300000, 0x0000000087300000| Untracked 
|  24|0x0000000087400000, 0x0000000087400000, 0x0000000087500000|  0%| F|  |TAMS 0x0000000087400000, 0x0000000087400000| Untracked 
|  25|0x0000000087500000, 0x0000000087500000, 0x0000000087600000|  0%| F|  |TAMS 0x0000000087500000, 0x0000000087500000| Untracked 
|  26|0x0000000087600000, 0x0000000087600000, 0x0000000087700000|  0%| F|  |TAMS 0x0000000087600000, 0x0000000087600000| Untracked 
|  27|0x0000000087700000, 0x0000000087700000, 0x0000000087800000|  0%| F|  |TAMS 0x0000000087700000, 0x0000000087700000| Untracked 
|  28|0x0000000087800000, 0x0000000087800000, 0x0000000087900000|  0%| F|  |TAMS 0x0000000087800000, 0x0000000087800000| Untracked 
|  29|0x0000000087900000, 0x0000000087900000, 0x0000000087a00000|  0%| F|  |TAMS 0x0000000087900000, 0x0000000087900000| Untracked 
|  30|0x0000000087a00000, 0x0000000087a00000, 0x0000000087b00000|  0%| F|  |TAMS 0x0000000087a00000, 0x0000000087a00000| Untracked 
|  31|0x0000000087b00000, 0x0000000087b00000, 0x0000000087c00000|  0%| F|  |TAMS 0x0000000087b00000, 0x0000000087b00000| Untracked 
|  32|0x0000000087c00000, 0x0000000087c00000, 0x0000000087d00000|  0%| F|  |TAMS 0x0000000087c00000, 0x0000000087c00000| Untracked 
|  33|0x0000000087d00000, 0x0000000087d00000, 0x0000000087e00000|  0%| F|  |TAMS 0x0000000087d00000, 0x0000000087d00000| Untracked 
|  34|0x0000000087e00000, 0x0000000087e00000, 0x0000000087f00000|  0%| F|  |TAMS 0x0000000087e00000, 0x0000000087e00000| Untracked 
|  35|0x0000000087f00000, 0x0000000087f00000, 0x0000000088000000|  0%| F|  |TAMS 0x0000000087f00000, 0x0000000087f00000| Untracked 
|  36|0x0000000088000000, 0x0000000088000000, 0x0000000088100000|  0%| F|  |TAMS 0x0000000088000000, 0x0000000088000000| Untracked 
|  37|0x0000000088100000, 0x0000000088100000, 0x0000000088200000|  0%| F|  |TAMS 0x0000000088100000, 0x0000000088100000| Untracked 
|  38|0x0000000088200000, 0x0000000088200000, 0x0000000088300000|  0%| F|  |TAMS 0x0000000088200000, 0x0000000088200000| Untracked 
|  39|0x0000000088300000, 0x0000000088300000, 0x0000000088400000|  0%| F|  |TAMS 0x0000000088300000, 0x0000000088300000| Untracked 
|  40|0x0000000088400000, 0x0000000088400000, 0x0000000088500000|  0%| F|  |TAMS 0x0000000088400000, 0x0000000088400000| Untracked 
|  41|0x0000000088500000, 0x0000000088500000, 0x0000000088600000|  0%| F|  |TAMS 0x0000000088500000, 0x0000000088500000| Untracked 
|  42|0x0000000088600000, 0x0000000088600000, 0x0000000088700000|  0%| F|  |TAMS 0x0000000088600000, 0x0000000088600000| Untracked 
|  43|0x0000000088700000, 0x0000000088700000, 0x0000000088800000|  0%| F|  |TAMS 0x0000000088700000, 0x0000000088700000| Untracked 
|  44|0x0000000088800000, 0x0000000088800000, 0x0000000088900000|  0%| F|  |TAMS 0x0000000088800000, 0x0000000088800000| Untracked 
|  45|0x0000000088900000, 0x0000000088900000, 0x0000000088a00000|  0%| F|  |TAMS 0x0000000088900000, 0x0000000088900000| Untracked 
|  46|0x0000000088a00000, 0x0000000088a00000, 0x0000000088b00000|  0%| F|  |TAMS 0x0000000088a00000, 0x0000000088a00000| Untracked 
|  47|0x0000000088b00000, 0x0000000088b00000, 0x0000000088c00000|  0%| F|  |TAMS 0x0000000088b00000, 0x0000000088b00000| Untracked 
|  48|0x0000000088c00000, 0x0000000088c00000, 0x0000000088d00000|  0%| F|  |TAMS 0x0000000088c00000, 0x0000000088c00000| Untracked 
|  49|0x0000000088d00000, 0x0000000088d00000, 0x0000000088e00000|  0%| F|  |TAMS 0x0000000088d00000, 0x0000000088d00000| Untracked 
|  50|0x0000000088e00000, 0x0000000088e00000, 0x0000000088f00000|  0%| F|  |TAMS 0x0000000088e00000, 0x0000000088e00000| Untracked 
|  51|0x0000000088f00000, 0x0000000088f00000, 0x0000000089000000|  0%| F|  |TAMS 0x0000000088f00000, 0x0000000088f00000| Untracked 
|  52|0x0000000089000000, 0x0000000089000000, 0x0000000089100000|  0%| F|  |TAMS 0x0000000089000000, 0x0000000089000000| Untracked 
|  53|0x0000000089100000, 0x0000000089100000, 0x0000000089200000|  0%| F|  |TAMS 0x0000000089100000, 0x0000000089100000| Untracked 
|  54|0x0000000089200000, 0x0000000089200000, 0x0000000089300000|  0%| F|  |TAMS 0x0000000089200000, 0x0000000089200000| Untracked 
|  55|0x0000000089300000, 0x0000000089300000, 0x0000000089400000|  0%| F|  |TAMS 0x0000000089300000, 0x0000000089300000| Untracked 
|  56|0x0000000089400000, 0x0000000089400000, 0x0000000089500000|  0%| F|  |TAMS 0x0000000089400000, 0x0000000089400000| Untracked 
|  57|0x0000000089500000, 0x0000000089500000, 0x0000000089600000|  0%| F|  |TAMS 0x0000000089500000, 0x0000000089500000| Untracked 
|  58|0x0000000089600000, 0x0000000089600000, 0x0000000089700000|  0%| F|  |TAMS 0x0000000089600000, 0x0000000089600000| Untracked 
|  59|0x0000000089700000, 0x0000000089700000, 0x0000000089800000|  0%| F|  |TAMS 0x0000000089700000, 0x0000000089700000| Untracked 
|  60|0x0000000089800000, 0x0000000089800000, 0x0000000089900000|  0%| F|  |TAMS 0x0000000089800000, 0x0000000089800000| Untracked 
|  61|0x0000000089900000, 0x0000000089900000, 0x0000000089a00000|  0%| F|  |TAMS 0x0000000089900000, 0x0000000089900000| Untracked 
|  62|0x0000000089a00000, 0x0000000089a00000, 0x0000000089b00000|  0%| F|  |TAMS 0x0000000089a00000, 0x0000000089a00000| Untracked 
|  63|0x0000000089b00000, 0x0000000089b00000, 0x0000000089c00000|  0%| F|  |TAMS 0x0000000089b00000, 0x0000000089b00000| Untracked 
|  64|0x0000000089c00000, 0x0000000089c00000, 0x0000000089d00000|  0%| F|  |TAMS 0x0000000089c00000, 0x0000000089c00000| Untracked 
|  65|0x0000000089d00000, 0x0000000089d00000, 0x0000000089e00000|  0%| F|  |TAMS 0x0000000089d00000, 0x0000000089d00000| Untracked 
|  66|0x0000000089e00000, 0x0000000089e00000, 0x0000000089f00000|  0%| F|  |TAMS 0x0000000089e00000, 0x0000000089e00000| Untracked 
|  67|0x0000000089f00000, 0x0000000089f00000, 0x000000008a000000|  0%| F|  |TAMS 0x0000000089f00000, 0x0000000089f00000| Untracked 
|  68|0x000000008a000000, 0x000000008a000000, 0x000000008a100000|  0%| F|  |TAMS 0x000000008a000000, 0x000000008a000000| Untracked 
|  69|0x000000008a100000, 0x000000008a100000, 0x000000008a200000|  0%| F|  |TAMS 0x000000008a100000, 0x000000008a100000| Untracked 
|  70|0x000000008a200000, 0x000000008a200000, 0x000000008a300000|  0%| F|  |TAMS 0x000000008a200000, 0x000000008a200000| Untracked 
|  71|0x000000008a300000, 0x000000008a300000, 0x000000008a400000|  0%| F|  |TAMS 0x000000008a300000, 0x000000008a300000| Untracked 
|  72|0x000000008a400000, 0x000000008a400000, 0x000000008a500000|  0%| F|  |TAMS 0x000000008a400000, 0x000000008a400000| Untracked 
|  73|0x000000008a500000, 0x000000008a500000, 0x000000008a600000|  0%| F|  |TAMS 0x000000008a500000, 0x000000008a500000| Untracked 
|  74|0x000000008a600000, 0x000000008a600000, 0x000000008a700000|  0%| F|  |TAMS 0x000000008a600000, 0x000000008a600000| Untracked 
|  75|0x000000008a700000, 0x000000008a700000, 0x000000008a800000|  0%| F|  |TAMS 0x000000008a700000, 0x000000008a700000| Untracked 
|  76|0x000000008a800000, 0x000000008a800000, 0x000000008a900000|  0%| F|  |TAMS 0x000000008a800000, 0x000000008a800000| Untracked 
|  77|0x000000008a900000, 0x000000008a900000, 0x000000008aa00000|  0%| F|  |TAMS 0x000000008a900000, 0x000000008a900000| Untracked 
|  78|0x000000008aa00000, 0x000000008aa00000, 0x000000008ab00000|  0%| F|  |TAMS 0x000000008aa00000, 0x000000008aa00000| Untracked 
|  79|0x000000008ab00000, 0x000000008ab00000, 0x000000008ac00000|  0%| F|  |TAMS 0x000000008ab00000, 0x000000008ab00000| Untracked 
|  80|0x000000008ac00000, 0x000000008ac00000, 0x000000008ad00000|  0%| F|  |TAMS 0x000000008ac00000, 0x000000008ac00000| Untracked 
|  81|0x000000008ad00000, 0x000000008ad00000, 0x000000008ae00000|  0%| F|  |TAMS 0x000000008ad00000, 0x000000008ad00000| Untracked 
|  82|0x000000008ae00000, 0x000000008ae00000, 0x000000008af00000|  0%| F|  |TAMS 0x000000008ae00000, 0x000000008ae00000| Untracked 
|  83|0x000000008af00000, 0x000000008af00000, 0x000000008b000000|  0%| F|  |TAMS 0x000000008af00000, 0x000000008af00000| Untracked 
|  84|0x000000008b000000, 0x000000008b000000, 0x000000008b100000|  0%| F|  |TAMS 0x000000008b000000, 0x000000008b000000| Untracked 
|  85|0x000000008b100000, 0x000000008b100000, 0x000000008b200000|  0%| F|  |TAMS 0x000000008b100000, 0x000000008b100000| Untracked 
|  86|0x000000008b200000, 0x000000008b200000, 0x000000008b300000|  0%| F|  |TAMS 0x000000008b200000, 0x000000008b200000| Untracked 
|  87|0x000000008b300000, 0x000000008b300000, 0x000000008b400000|  0%| F|  |TAMS 0x000000008b300000, 0x000000008b300000| Untracked 
|  88|0x000000008b400000, 0x000000008b400000, 0x000000008b500000|  0%| F|  |TAMS 0x000000008b400000, 0x000000008b400000| Untracked 
|  89|0x000000008b500000, 0x000000008b500000, 0x000000008b600000|  0%| F|  |TAMS 0x000000008b500000, 0x000000008b500000| Untracked 
|  90|0x000000008b600000, 0x000000008b600000, 0x000000008b700000|  0%| F|  |TAMS 0x000000008b600000, 0x000000008b600000| Untracked 
|  91|0x000000008b700000, 0x000000008b700000, 0x000000008b800000|  0%| F|  |TAMS 0x000000008b700000, 0x000000008b700000| Untracked 
|  92|0x000000008b800000, 0x000000008b800000, 0x000000008b900000|  0%| F|  |TAMS 0x000000008b800000, 0x000000008b800000| Untracked 
|  93|0x000000008b900000, 0x000000008b900000, 0x000000008ba00000|  0%| F|  |TAMS 0x000000008b900000, 0x000000008b900000| Untracked 
|  94|0x000000008ba00000, 0x000000008ba00000, 0x000000008bb00000|  0%| F|  |TAMS 0x000000008ba00000, 0x000000008ba00000| Untracked 
|  95|0x000000008bb00000, 0x000000008bb00000, 0x000000008bc00000|  0%| F|  |TAMS 0x000000008bb00000, 0x000000008bb00000| Untracked 
|  96|0x000000008bc00000, 0x000000008bc00000, 0x000000008bd00000|  0%| F|  |TAMS 0x000000008bc00000, 0x000000008bc00000| Untracked 
|  97|0x000000008bd00000, 0x000000008bd00000, 0x000000008be00000|  0%| F|  |TAMS 0x000000008bd00000, 0x000000008bd00000| Untracked 
|  98|0x000000008be00000, 0x000000008be00000, 0x000000008bf00000|  0%| F|  |TAMS 0x000000008be00000, 0x000000008be00000| Untracked 
|  99|0x000000008bf00000, 0x000000008bf00000, 0x000000008c000000|  0%| F|  |TAMS 0x000000008bf00000, 0x000000008bf00000| Untracked 
| 100|0x000000008c000000, 0x000000008c000000, 0x000000008c100000|  0%| F|  |TAMS 0x000000008c000000, 0x000000008c000000| Untracked 
| 101|0x000000008c100000, 0x000000008c100000, 0x000000008c200000|  0%| F|  |TAMS 0x000000008c100000, 0x000000008c100000| Untracked 
| 102|0x000000008c200000, 0x000000008c200000, 0x000000008c300000|  0%| F|  |TAMS 0x000000008c200000, 0x000000008c200000| Untracked 
| 103|0x000000008c300000, 0x000000008c300000, 0x000000008c400000|  0%| F|  |TAMS 0x000000008c300000, 0x000000008c300000| Untracked 
| 104|0x000000008c400000, 0x000000008c400000, 0x000000008c500000|  0%| F|  |TAMS 0x000000008c400000, 0x000000008c400000| Untracked 
| 105|0x000000008c500000, 0x000000008c500000, 0x000000008c600000|  0%| F|  |TAMS 0x000000008c500000, 0x000000008c500000| Untracked 
| 106|0x000000008c600000, 0x000000008c600000, 0x000000008c700000|  0%| F|  |TAMS 0x000000008c600000, 0x000000008c600000| Untracked 
| 107|0x000000008c700000, 0x000000008c700000, 0x000000008c800000|  0%| F|  |TAMS 0x000000008c700000, 0x000000008c700000| Untracked 
| 108|0x000000008c800000, 0x000000008c800000, 0x000000008c900000|  0%| F|  |TAMS 0x000000008c800000, 0x000000008c800000| Untracked 
| 109|0x000000008c900000, 0x000000008c900000, 0x000000008ca00000|  0%| F|  |TAMS 0x000000008c900000, 0x000000008c900000| Untracked 
| 110|0x000000008ca00000, 0x000000008ca00000, 0x000000008cb00000|  0%| F|  |TAMS 0x000000008ca00000, 0x000000008ca00000| Untracked 
| 111|0x000000008cb00000, 0x000000008cb00000, 0x000000008cc00000|  0%| F|  |TAMS 0x000000008cb00000, 0x000000008cb00000| Untracked 
| 112|0x000000008cc00000, 0x000000008cc00800, 0x000000008cd00000|  0%| E|  |TAMS 0x000000008cc00000, 0x000000008cc00000| Complete 
| 113|0x000000008cd00000, 0x000000008ce00000, 0x000000008ce00000|100%| E|CS|TAMS 0x000000008cd00000, 0x000000008cd00000| Complete 
| 114|0x000000008ce00000, 0x000000008cf00000, 0x000000008cf00000|100%| E|CS|TAMS 0x000000008ce00000, 0x000000008ce00000| Complete 
| 115|0x000000008cf00000, 0x000000008d000000, 0x000000008d000000|100%| E|CS|TAMS 0x000000008cf00000, 0x000000008cf00000| Complete 
| 116|0x000000008d000000, 0x000000008d100000, 0x000000008d100000|100%| E|CS|TAMS 0x000000008d000000, 0x000000008d000000| Complete 
| 117|0x000000008d100000, 0x000000008d200000, 0x000000008d200000|100%| E|CS|TAMS 0x000000008d100000, 0x000000008d100000| Complete 
| 118|0x000000008d200000, 0x000000008d300000, 0x000000008d300000|100%| E|CS|TAMS 0x000000008d200000, 0x000000008d200000| Complete 
| 119|0x000000008d300000, 0x000000008d400000, 0x000000008d400000|100%| E|CS|TAMS 0x000000008d300000, 0x000000008d300000| Complete 
| 120|0x000000008d400000, 0x000000008d500000, 0x000000008d500000|100%| E|CS|TAMS 0x000000008d400000, 0x000000008d400000| Complete 
| 121|0x000000008d500000, 0x000000008d600000, 0x000000008d600000|100%| E|  |TAMS 0x000000008d500000, 0x000000008d500000| Complete 
| 122|0x000000008d600000, 0x000000008d700000, 0x000000008d700000|100%| E|CS|TAMS 0x000000008d600000, 0x000000008d600000| Complete 
| 123|0x000000008d700000, 0x000000008d800000, 0x000000008d800000|100%| E|CS|TAMS 0x000000008d700000, 0x000000008d700000| Complete 
|1954|0x00000000ffe00000, 0x00000000ffe48000, 0x00000000fff00000| 28%|OA|  |TAMS 0x00000000ffe00000, 0x00000000ffe00000| Untracked 
|1955|0x00000000fff00000, 0x00000000fff6b000, 0x0000000100000000| 41%|CA|  |TAMS 0x00000000fff00000, 0x00000000fff00000| Untracked 

Card table byte_map: [0x00007f149de75000,0x00007f149e247000] _byte_map_base: 0x00007f149da47000

Marking Bits (Prev, Next): (CMBitMap*) 0x00007f1498058758, (CMBitMap*) 0x00007f1498058790
 Prev Bits: [0x00007f147a170000, 0x00007f147c000000)
 Next Bits: [0x00007f14782e0000, 0x00007f147a170000)

Polling page: 0x00007f14a0ca6000

Metaspace:

Usage:
  Non-class:      5.32 MB capacity,     2.57 MB ( 48%) used,     2.73 MB ( 51%) free+waste,    21.19 KB ( <1%) overhead. 
      Class:    694.00 KB capacity,   339.70 KB ( 49%) used,   342.86 KB ( 49%) free+waste,    11.44 KB (  2%) overhead. 
       Both:      6.00 MB capacity,     2.90 MB ( 48%) used,     3.07 MB ( 51%) free+waste,    32.62 KB ( <1%) overhead. 

Virtual space:
  Non-class space:        8.00 MB reserved,       5.50 MB ( 69%) committed 
      Class space:        1.00 GB reserved,     768.00 KB ( <1%) committed 
             Both:        1.01 GB reserved,       6.25 MB ( <1%) committed 

Chunk freelists:
   Non-Class:  0 bytes
       Class:  10.00 KB
        Both:  10.00 KB

MaxMetaspaceSize: unlimited
CompressedClassSpaceSize: 1.00 GB
Initial GC threshold: 20.80 MB
Current GC threshold: 20.80 MB
CDS: on

CodeHeap 'non-profiled nmethods': size=120032Kb used=259Kb max_used=259Kb free=119772Kb
 bounds [0x00007f14882c5000, 0x00007f1488535000, 0x00007f148f7fd000]
CodeHeap 'profiled nmethods': size=120028Kb used=1114Kb max_used=1114Kb free=118913Kb
 bounds [0x00007f1480d8e000, 0x00007f1480ffe000, 0x00007f14882c5000]
CodeHeap 'non-nmethods': size=5700Kb used=1146Kb max_used=1171Kb free=4553Kb
 bounds [0x00007f14807fd000, 0x00007f1480a6d000, 0x00007f1480d8e000]
 total_blobs=1112 nmethods=705 adapters=321
 compilation: enabled
              stopped_count=0, restarted_count=0
 full_count=0

Compilation events (20 events):
Event: 1.656 Thread 0x00007f149813b800  697   !   3       java.util.zip.ZipFile$Source::readFullyAt (74 bytes)
Event: 1.657 Thread 0x00007f149813b800 nmethod 697 0x00007f1480ea0590 code [0x00007f1480ea07a0, 0x00007f1480ea0e60]
Event: 1.660 Thread 0x00007f149813b800  698       3       java.io.File::exists (43 bytes)
Event: 1.661 Thread 0x00007f149813b800 nmethod 698 0x00007f1480ea1210 code [0x00007f1480ea1400, 0x00007f1480ea17e0]
Event: 1.663 Thread 0x00007f149813b800  699       3       jdk.internal.jimage.ImageStringsReader::hashCode (31 bytes)
Event: 1.664 Thread 0x00007f149813b800 nmethod 699 0x00007f1480ea1910 code [0x00007f1480ea1b00, 0x00007f1480ea1cb0]
Event: 1.664 Thread 0x00007f1498139000  700       4       java.util.Objects::requireNonNull (14 bytes)
Event: 1.665 Thread 0x00007f149813b800  701   !   3       java.nio.DirectIntBufferU::get (29 bytes)
Event: 1.665 Thread 0x00007f1498139000 nmethod 700 0x00007f1488305a90 code [0x00007f1488305c20, 0x00007f1488305c78]
Event: 1.665 Thread 0x00007f149813b800 nmethod 701 0x00007f1480ea1d90 code [0x00007f1480ea1f60, 0x00007f1480ea2270]
Event: 1.665 Thread 0x00007f149813b800  704       3       jdk.internal.jimage.ImageLocation::decompress (153 bytes)
Event: 1.669 Thread 0x00007f149813b800 nmethod 704 0x00007f1480ea2490 code [0x00007f1480ea27a0, 0x00007f1480ea3930]
Event: 1.669 Thread 0x00007f149813b800  702       3       java.nio.DirectIntBufferU::ix (10 bytes)
Event: 1.669 Thread 0x00007f149813b800 nmethod 702 0x00007f1480ea3f10 code [0x00007f1480ea40c0, 0x00007f1480ea41f0]
Event: 1.669 Thread 0x00007f149813b800  703       3       jdk.internal.misc.Unsafe::getInt (7 bytes)
Event: 1.669 Thread 0x00007f149813b800 nmethod 703 0x00007f1480ea4290 code [0x00007f1480ea4440, 0x00007f1480ea4570]
Event: 1.670 Thread 0x00007f149813b800  705       3       sun.net.www.protocol.file.Handler::parseURL (18 bytes)
Event: 1.670 Thread 0x00007f149813b800 nmethod 705 0x00007f1480ea4610 code [0x00007f1480ea47e0, 0x00007f1480ea4990]
Event: 1.671 Thread 0x00007f149813b800  706       3       java.net.URLStreamHandler::parseURL (1201 bytes)
Event: 1.672 Thread 0x00007f1498139000  707       4       jdk.internal.org.objectweb.asm.ByteVector::put12 (64 bytes)

GC Heap History (0 events):
No events

Deoptimization events (20 events):
Event: 0.633 Thread 0x00007f14300a7000 DEOPT PACKING pc=0x00007f14882e9b08 sp=0x00007f1471efc330
Event: 0.633 Thread 0x00007f14300a7000 DEOPT UNPACKING pc=0x00007f1480846ea5 sp=0x00007f1471efc2b0 mode 2
Event: 0.633 Thread 0x00007f14300a7000 Uncommon trap: trap_request=0xffffffbe fr.pc=0x00007f14882e9b08 relative=0x00000000000003c8
Event: 0.633 Thread 0x00007f14300a7000 Uncommon trap: reason=profile_predicate action=maybe_recompile pc=0x00007f14882e9b08 method=java.lang.StringLatin1.indexOf([BI[BII)I @ 18 c2
Event: 0.633 Thread 0x00007f14300a7000 DEOPT PACKING pc=0x00007f14882e9b08 sp=0x00007f1471efc270
Event: 0.633 Thread 0x00007f14300a7000 DEOPT UNPACKING pc=0x00007f1480846ea5 sp=0x00007f1471efc218 mode 2
Event: 0.633 Thread 0x00007f14300a7000 Uncommon trap: trap_request=0xffffffbe fr.pc=0x00007f14882e9b08 relative=0x00000000000003c8
Event: 0.633 Thread 0x00007f14300a7000 Uncommon trap: reason=profile_predicate action=maybe_recompile pc=0x00007f14882e9b08 method=java.lang.StringLatin1.indexOf([BI[BII)I @ 18 c2
Event: 0.633 Thread 0x00007f14300a7000 DEOPT PACKING pc=0x00007f14882e9b08 sp=0x00007f1471efc270
Event: 0.633 Thread 0x00007f14300a7000 DEOPT UNPACKING pc=0x00007f1480846ea5 sp=0x00007f1471efc218 mode 2
Event: 0.633 Thread 0x00007f14300a7000 Uncommon trap: trap_request=0xffffffbe fr.pc=0x00007f14882e9b08 relative=0x00000000000003c8
Event: 0.633 Thread 0x00007f14300a7000 Uncommon trap: reason=profile_predicate action=maybe_recompile pc=0x00007f14882e9b08 method=java.lang.StringLatin1.indexOf([BI[BII)I @ 18 c2
Event: 0.633 Thread 0x00007f14300a7000 DEOPT PACKING pc=0x00007f14882e9b08 sp=0x00007f1471efc270
Event: 0.633 Thread 0x00007f14300a7000 DEOPT UNPACKING pc=0x00007f1480846ea5 sp=0x00007f1471efc218 mode 2
Event: 0.772 Thread 0x00007f14300a7000 Uncommon trap: trap_request=0xffffff4d fr.pc=0x00007f14882e8770 relative=0x00000000000001d0
Event: 0.772 Thread 0x00007f14300a7000 Uncommon trap: reason=unstable_if action=reinterpret pc=0x00007f14882e8770 method=java.lang.String.startsWith(Ljava/lang/String;I)Z @ 1 c2
Event: 0.772 Thread 0x00007f14300a7000 DEOPT PACKING pc=0x00007f14882e8770 sp=0x00007f1471efa2d0
Event: 0.773 Thread 0x00007f14300a7000 DEOPT UNPACKING pc=0x00007f1480846ea5 sp=0x00007f1471efa260 mode 2
Event: 1.620 Thread 0x00007f14300a7000 DEOPT PACKING pc=0x00007f1480db78cf sp=0x00007f1471efda50
Event: 1.620 Thread 0x00007f14300a7000 DEOPT UNPACKING pc=0x00007f148084764a sp=0x00007f1471efcef8 mode 0

Classes redefined (0 events):
No events

Internal exceptions (12 events):
Event: 0.115 Thread 0x00007f1498016000 Exception <a 'java/security/PrivilegedActionException'{0x000000008d755780}> (0x000000008d755780) thrown at [./src/hotspot/share/prims/jvm.cpp, line 1304]
Event: 0.115 Thread 0x00007f1498016000 Exception <a 'java/security/PrivilegedActionException'{0x000000008d755a50}> (0x000000008d755a50) thrown at [./src/hotspot/share/prims/jvm.cpp, line 1304]
Event: 0.377 Thread 0x00007f14981e2000 Exception <a 'java/lang/NoSuchMethodError'{0x000000008d395388}: 'java.lang.Object java.lang.invoke.DirectMethodHandle$Holder.invokeStatic(java.lang.Object, java.lang.Object, java.lang.Object, java.lang.Object, java.lang.Object, java.lang.Object, java.lang.Object, java.lang.Object, int)'> (0x000000008d395388) thrown at [./src/hotspot/share/interpreter/linkResolver.cpp, line 772]
Event: 0.386 Thread 0x00007f14981e2000 Exception <a 'java/lang/NoSuchMethodError'{0x000000008d3b0700}: 'java.lang.Object java.lang.invoke.DirectMethodHandle$Holder.invokeStatic(java.lang.Object, java.lang.Object, java.lang.Object, java.lang.Object, java.lang.Object, java.lang.Object, java.lang.Object, java.lang.Object, int, int)'> (0x000000008d3b0700) thrown at [./src/hotspot/share/interpreter/linkResolver.cpp, line 772]
Event: 0.393 Thread 0x00007f14981e2000 Exception <a 'java/lang/NoSuchMethodError'{0x000000008d3cbc10}: 'java.lang.Object java.lang.invoke.DirectMethodHandle$Holder.invokeStatic(java.lang.Object, java.lang.Object, java.lang.Object, java.lang.Object, java.lang.Object, java.lang.Object, java.lang.Object, java.lang.Object, int, int, java.lang.Object)'> (0x000000008d3cbc10) thrown at [./src/hotspot/share/interpreter/linkResolver.cpp, line 772]
Event: 0.729 Thread 0x00007f14300a7000 Exception <a 'java/lang/NoSuchMethodError'{0x000000008cfb4ca8}: 'java.lang.Object java.lang.invoke.DirectMethodHandle$Holder.invokeStatic(java.lang.Object, java.lang.Object, java.lang.Object, java.lang.Object, java.lang.Object, java.lang.Object, java.lang.Object, java.lang.Object, java.lang.Object, java.lang.Object, java.lang.Object, int)'> (0x000000008cfb4ca8) thrown at [./src/hotspot/share/interpreter/linkResolver.cpp, line 772]
Event: 0.735 Thread 0x00007f14300a7000 Exception <a 'java/lang/NoSuchMethodError'{0x000000008cfd2ba8}: 'java.lang.Object java.lang.invoke.DirectMethodHandle$Holder.invokeStatic(java.lang.Object, java.lang.Object, java.lang.Object, java.lang.Object, java.lang.Object, java.lang.Object, java.lang.Object, java.lang.Object, java.lang.Object, java.lang.Object, java.lang.Object, int, int)'> (0x000000008cfd2ba8) thrown at [./src/hotspot/share/interpreter/linkResolver.cpp, line 772]
Event: 0.740 Thread 0x00007f14300a7000 Exception <a 'java/lang/NoSuchMethodError'{0x000000008cff1938}: 'java.lang.Object java.lang.invoke.DirectMethodHandle$Holder.invokeStatic(java.lang.Object, java.lang.Object, java.lang.Object, java.lang.Object, java.lang.Object, java.lang.Object, java.lang.Object, java.lang.Object, java.lang.Object, java.lang.Object, java.lang.Object, int, int, java.lang.Object)'> (0x000000008cff1938) thrown at [./src/hotspot/share/interpreter/linkResolver.cpp, line 772]
Event: 0.744 Thread 0x00007f14300a7000 Exception <a 'java/lang/NoSuchMethodError'{0x000000008ce12438}: 'java.lang.Object java.lang.invoke.DirectMethodHandle$Holder.invokeStatic(java.lang.Object, java.lang.Object, java.lang.Object, java.lang.Object, java.lang.Object, java.lang.Object, java.lang.Object, java.lang.Object, java.lang.Object, java.lang.Object, java.lang.Object, int, int, java.lang.Object, java.lang.Object)'> (0x000000008ce12438) thrown at [./src/hotspot/share/interpreter/linkResolver.cpp, line 772]
Event: 1.627 Thread 0x00007f14981e2000 Exception <a 'java/lang/NoSuchMethodError'{0x000000008d19ff38}: 'int java.lang.invoke.DirectMethodHandle$Holder.invokeStaticInit(java.lang.Object, java.lang.Object, java.lang.Object)'> (0x000000008d19ff38) thrown at [./src/hotspot/share/interpreter/linkResolver.cpp, line 772]
Event: 1.630 Thread 0x00007f14981e2000 Exception <a 'java/lang/NoSuchMethodError'{0x000000008d1ab658}: 'void java.lang.invoke.DirectMethodHandle$Holder.invokeSpecial(java.lang.Object, java.lang.Object)'> (0x000000008d1ab658) thrown at [./src/hotspot/share/interpreter/linkResolver.cpp, line 772]
Event: 1.679 Thread 0x00007f14981e2000 Exception <a 'java/lang/UnsupportedOperationException'{0x000000008cdf2530}> (0x000000008cdf2530) thrown at [./src/hotspot/share/prims/jvm.cpp, line 1310]

Events (20 events):
Event: 1.679 Executing VM operation: RevokeBias
Event: 1.679 loading class java/lang/Throwable$PrintStreamOrWriter
Event: 1.679 loading class java/lang/Throwable$PrintStreamOrWriter done
Event: 1.679 loading class java/lang/Throwable$WrappedPrintStream done
Event: 1.680 Executing VM operation: RevokeBias done
Event: 1.680 Thread 0x00007f14981e2000 Thread exited: 0x00007f14981e2000
Event: 1.680 Executing VM operation: RevokeBias
Event: 1.680 Executing VM operation: RevokeBias done
Event: 1.681 loading class java/lang/StackTraceElement$HashedModules
Event: 1.681 loading class java/lang/StackTraceElement$HashedModules done
Event: 1.683 Thread 0x00007f1498016000 Thread exited: 0x00007f1498016000
Event: 1.683 Protecting memory [0x00007f149f366000,0x00007f149f36a000] with protection modes 0
Event: 1.683 Thread 0x00007f1498016000 Thread added: 0x00007f1498016000
Event: 1.683 Executing VM operation: RevokeBias
Event: 1.683 Executing VM operation: RevokeBias done
Event: 1.684 Thread 0x00007f14981e2000 Thread added: 0x00007f14981e2000
Event: 1.684 Protecting memory [0x00007f1471f00000,0x00007f1471f04000] with protection modes 0
Event: 1.685 Thread 0x00007f14981e2000 Thread exited: 0x00007f14981e2000
Event: 1.686 Thread 0x00007f1498016000 Thread exited: 0x00007f1498016000
Event: 1.686 Thread 0x00007f1498135000 Thread exited: 0x00007f1498135000


Dynamic libraries:
85c00000-8d800000 rw-p 00000000 00:00 0 
8d800000-ffe00000 ---p 00000000 00:00 0 
ffe00000-ffe48000 rw-p 00b0a000 08:20 353163                             /usr/lib/jvm/java-11-openjdk-amd64/lib/server/classes.jsa
ffe48000-fff00000 rw-p 00000000 00:00 0 
fff00000-fff6b000 rw-p 00a9f000 08:20 353163                             /usr/lib/jvm/java-11-openjdk-amd64/lib/server/classes.jsa
fff6b000-100000000 rw-p 00000000 00:00 0 
800000000-800002000 rwxp 00001000 08:20 353163                           /usr/lib/jvm/java-11-openjdk-amd64/lib/server/classes.jsa
800002000-8003cc000 rw-p 00003000 08:20 353163                           /usr/lib/jvm/java-11-openjdk-amd64/lib/server/classes.jsa
8003cc000-800a9d000 r--p 003cd000 08:20 353163                           /usr/lib/jvm/java-11-openjdk-amd64/lib/server/classes.jsa
800a9d000-800a9e000 rw-p 00a9e000 08:20 353163                           /usr/lib/jvm/java-11-openjdk-amd64/lib/server/classes.jsa
840000000-8400c0000 rw-p 00000000 00:00 0 
8400c0000-880000000 ---p 00000000 00:00 0 
55e21bc88000-55e21bc89000 r--p 00000000 08:20 353215                     /usr/lib/jvm/java-11-openjdk-amd64/bin/java
55e21bc89000-55e21bc8a000 r-xp 00001000 08:20 353215                     /usr/lib/jvm/java-11-openjdk-amd64/bin/java
55e21bc8a000-55e21bc8b000 r--p 00002000 08:20 353215                     /usr/lib/jvm/java-11-openjdk-amd64/bin/java
55e21bc8b000-55e21bc8c000 r--p 00002000 08:20 353215                     /usr/lib/jvm/java-11-openjdk-amd64/bin/java
55e21bc8c000-55e21bc8d000 rw-p 00003000 08:20 353215                     /usr/lib/jvm/java-11-openjdk-amd64/bin/java
55e21c902000-55e21c923000 rw-p 00000000 00:00 0                          [heap]
7f1410000000-7f1410021000 rw-p 00000000 00:00 0 
7f1410021000-7f1414000000 ---p 00000000 00:00 0 
7f1414000000-7f1414021000 rw-p 00000000 00:00 0 
7f1414021000-7f1418000000 ---p 00000000 00:00 0 
7f141ac00000-7f141ac01000 r-xp 00000000 08:20 371133                     /home/owenyap/.openjfx/cache/11/libglass.so
7f141ac01000-7f141ae01000 ---p 00001000 08:20 371133                     /home/owenyap/.openjfx/cache/11/libglass.so
7f141ae01000-7f141ae02000 r--p 00001000 08:20 371133                     /home/owenyap/.openjfx/cache/11/libglass.so
7f141ae02000-7f141ae03000 rw-p 00002000 08:20 371133                     /home/owenyap/.openjfx/cache/11/libglass.so
7f141b000000-7f141b00f000 r-xp 00000000 08:20 371132                     /home/owenyap/.openjfx/cache/11/libprism_sw.so
7f141b00f000-7f141b20e000 ---p 0000f000 08:20 371132                     /home/owenyap/.openjfx/cache/11/libprism_sw.so
7f141b20e000-7f141b20f000 r--p 0000e000 08:20 371132                     /home/owenyap/.openjfx/cache/11/libprism_sw.so
7f141b20f000-7f141b210000 rw-p 0000f000 08:20 371132                     /home/owenyap/.openjfx/cache/11/libprism_sw.so
7f141b2ff000-7f141b300000 ---p 00000000 00:00 0 
7f141b300000-7f141bb00000 rw-p 00000000 00:00 0 
7f141c000000-7f141c02a000 rw-p 00000000 00:00 0 
7f141c02a000-7f1420000000 ---p 00000000 00:00 0 
7f1420078000-7f1420079000 rw-s 00000000 00:01 196619                     /SYSV00000000 (deleted)
7f1420079000-7f142007a000 rwxp 00000000 00:00 0 
7f1420bcb000-7f1420bcc000 ---p 00000000 00:00 0 
7f1420bcc000-7f14213cc000 rw-p 00000000 00:00 0 
7f14213cc000-7f14213cd000 ---p 00000000 00:00 0 
7f14213cd000-7f1421bcd000 rw-p 00000000 00:00 0 
7f1421bcd000-7f1421bce000 ---p 00000000 00:00 0 
7f1421bce000-7f14223ce000 rw-p 00000000 00:00 0 
7f14223ce000-7f14223cf000 ---p 00000000 00:00 0 
7f14223cf000-7f1422bcf000 rw-p 00000000 00:00 0 
7f14230ef000-7f142425a000 r--p 00000000 00:1d 1407374883818579           /usr/lib/wsl/drivers/nvdmi.inf_amd64_b5a59c8b6c2a9964/libnvwgf2umx.so
7f142425a000-7f1425ced000 r-xp 0116b000 00:1d 1407374883818579           /usr/lib/wsl/drivers/nvdmi.inf_amd64_b5a59c8b6c2a9964/libnvwgf2umx.so
7f1425ced000-7f1425def000 r--p 02bfe000 00:1d 1407374883818579           /usr/lib/wsl/drivers/nvdmi.inf_amd64_b5a59c8b6c2a9964/libnvwgf2umx.so
7f1425def000-7f1426a57000 rw-p 02d00000 00:1d 1407374883818579           /usr/lib/wsl/drivers/nvdmi.inf_amd64_b5a59c8b6c2a9964/libnvwgf2umx.so
7f1426a57000-7f1426aa6000 rw-p 00000000 00:00 0 
7f1426aa6000-7f1426aa7000 r--p 00000000 08:20 6537                       /usr/lib/x86_64-linux-gnu/libicudata.so.70.1
7f1426aa7000-7f1426aa8000 r-xp 00001000 08:20 6537                       /usr/lib/x86_64-linux-gnu/libicudata.so.70.1
7f1426aa8000-7f14286c2000 r--p 00002000 08:20 6537                       /usr/lib/x86_64-linux-gnu/libicudata.so.70.1
7f14286c2000-7f14286c3000 r--p 01c1b000 08:20 6537                       /usr/lib/x86_64-linux-gnu/libicudata.so.70.1
7f14286c3000-7f14286c4000 rw-p 01c1c000 08:20 6537                       /usr/lib/x86_64-linux-gnu/libicudata.so.70.1
7f14286c4000-7f142df5b000 r-xp 00000000 08:20 353716                     /usr/lib/x86_64-linux-gnu/libLLVM-13.so.1
7f142df5b000-7f142e5ed000 r--p 05896000 08:20 353716                     /usr/lib/x86_64-linux-gnu/libLLVM-13.so.1
7f142e5ed000-7f142e5f6000 rw-p 05f28000 08:20 353716                     /usr/lib/x86_64-linux-gnu/libLLVM-13.so.1
7f142e5f6000-7f142e668000 rw-p 00000000 00:00 0 
7f142e668000-7f142e6f8000 r--p 00000000 08:20 353763                     /usr/lib/x86_64-linux-gnu/dri/swrast_dri.so
7f142e6f8000-7f142f73e000 r-xp 00090000 08:20 353763                     /usr/lib/x86_64-linux-gnu/dri/swrast_dri.so
7f142f73e000-7f142fdc1000 r--p 010d6000 08:20 353763                     /usr/lib/x86_64-linux-gnu/dri/swrast_dri.so
7f142fdc1000-7f142fe36000 r--p 01758000 08:20 353763                     /usr/lib/x86_64-linux-gnu/dri/swrast_dri.so
7f142fe36000-7f142fe43000 rw-p 017cd000 08:20 353763                     /usr/lib/x86_64-linux-gnu/dri/swrast_dri.so
7f142fe43000-7f1430000000 rw-p 00000000 00:00 0 
7f1430000000-7f14300f2000 rw-p 00000000 00:00 0 
7f14300f2000-7f1434000000 ---p 00000000 00:00 0 
7f1434000000-7f143459e000 rw-p 00000000 00:00 0 
7f143459e000-7f1438000000 ---p 00000000 00:00 0 
7f1438000000-7f1438021000 rw-p 00000000 00:00 0 
7f1438021000-7f143c000000 ---p 00000000 00:00 0 
7f143c000000-7f143c21c000 rw-p 00000000 00:00 0 
7f143c21c000-7f1440000000 ---p 00000000 00:00 0 
7f1440000000-7f1440021000 rw-p 00000000 00:00 0 
7f1440021000-7f1444000000 ---p 00000000 00:00 0 
7f1444000000-7f1444021000 rw-p 00000000 00:00 0 
7f1444021000-7f1448000000 ---p 00000000 00:00 0 
7f1448000000-7f144879e000 rw-p 00000000 00:00 0 
7f144879e000-7f144c000000 ---p 00000000 00:00 0 
7f144c000000-7f144c1d0000 rw-p 00000000 00:00 0 
7f144c1d0000-7f1450000000 ---p 00000000 00:00 0 
7f1450000000-7f1450021000 rw-p 00000000 00:00 0 
7f1450021000-7f1454000000 ---p 00000000 00:00 0 
7f1454000000-7f1454021000 rw-p 00000000 00:00 0 
7f1454021000-7f1458000000 ---p 00000000 00:00 0 
7f1458000000-7f1458021000 rw-p 00000000 00:00 0 
7f1458021000-7f145c000000 ---p 00000000 00:00 0 
7f145c000000-7f145c021000 rw-p 00000000 00:00 0 
7f145c021000-7f1460000000 ---p 00000000 00:00 0 
7f1460000000-7f1460021000 rw-p 00000000 00:00 0 
7f1460021000-7f1464000000 ---p 00000000 00:00 0 
7f1464000000-7f1464021000 rw-p 00000000 00:00 0 
7f1464021000-7f1468000000 ---p 00000000 00:00 0 
7f1468000000-7f1468021000 rw-p 00000000 00:00 0 
7f1468021000-7f146c000000 ---p 00000000 00:00 0 
7f146c000000-7f146c021000 rw-p 00000000 00:00 0 
7f146c021000-7f1470000000 ---p 00000000 00:00 0 
7f1470116000-7f1470117000 ---p 00000000 00:00 0 
7f1470117000-7f1470917000 rw-p 00000000 00:00 0 
7f1471013000-7f1471014000 r--p 00000000 08:20 6456                       /usr/lib/x86_64-linux-gnu/libdl.so.2
7f1471014000-7f1471015000 r-xp 00001000 08:20 6456                       /usr/lib/x86_64-linux-gnu/libdl.so.2
7f1471015000-7f1471016000 r--p 00002000 08:20 6456                       /usr/lib/x86_64-linux-gnu/libdl.so.2
7f1471016000-7f1471017000 r--p 00002000 08:20 6456                       /usr/lib/x86_64-linux-gnu/libdl.so.2
7f1471017000-7f1471018000 rw-p 00003000 08:20 6456                       /usr/lib/x86_64-linux-gnu/libdl.so.2
7f1471018000-7f1471019000 r--p 00000000 08:20 6701                       /usr/lib/x86_64-linux-gnu/libpthread.so.0
7f1471019000-7f147101a000 r-xp 00001000 08:20 6701                       /usr/lib/x86_64-linux-gnu/libpthread.so.0
7f147101a000-7f147101b000 r--p 00002000 08:20 6701                       /usr/lib/x86_64-linux-gnu/libpthread.so.0
7f147101b000-7f147101c000 r--p 00002000 08:20 6701                       /usr/lib/x86_64-linux-gnu/libpthread.so.0
7f147101c000-7f147101d000 rw-p 00003000 08:20 6701                       /usr/lib/x86_64-linux-gnu/libpthread.so.0
7f147101d000-7f1471060000 r--p 00000000 00:1f 1407374883613437           /usr/lib/wsl/lib/libdxcore.so
7f1471060000-7f14710e1000 r-xp 00042000 00:1f 1407374883613437           /usr/lib/wsl/lib/libdxcore.so
7f14710e1000-7f14710e9000 r--p 000c2000 00:1f 1407374883613437           /usr/lib/wsl/lib/libdxcore.so
7f14710e9000-7f14710eb000 rw-p 000c9000 00:1f 1407374883613437           /usr/lib/wsl/lib/libdxcore.so
7f14710eb000-7f14710ee000 rw-p 00000000 00:00 0 
7f1471272000-7f14712b6000 r--p 00000000 00:1f 1407374883613435           /usr/lib/wsl/lib/libd3d12.so
7f14712b6000-7f147132f000 r-xp 00043000 00:1f 1407374883613435           /usr/lib/wsl/lib/libd3d12.so
7f147132f000-7f1471337000 r--p 000bb000 00:1f 1407374883613435           /usr/lib/wsl/lib/libd3d12.so
7f1471337000-7f1471339000 rw-p 000c2000 00:1f 1407374883613435           /usr/lib/wsl/lib/libd3d12.so
7f1471339000-7f147133c000 rw-p 00000000 00:00 0 
7f147133c000-7f147133f000 r--p 00000000 08:20 6585                       /usr/lib/x86_64-linux-gnu/liblzma.so.5.2.5
7f147133f000-7f147135a000 r-xp 00003000 08:20 6585                       /usr/lib/x86_64-linux-gnu/liblzma.so.5.2.5
7f147135a000-7f1471365000 r--p 0001e000 08:20 6585                       /usr/lib/x86_64-linux-gnu/liblzma.so.5.2.5
7f1471365000-7f1471366000 r--p 00028000 08:20 6585                       /usr/lib/x86_64-linux-gnu/liblzma.so.5.2.5
7f1471366000-7f1471367000 rw-p 00029000 08:20 6585                       /usr/lib/x86_64-linux-gnu/liblzma.so.5.2.5
7f1471367000-7f14713cd000 r--p 00000000 08:20 6547                       /usr/lib/x86_64-linux-gnu/libicuuc.so.70.1
7f14713cd000-7f14714c0000 r-xp 00066000 08:20 6547                       /usr/lib/x86_64-linux-gnu/libicuuc.so.70.1
7f14714c0000-7f147154c000 r--p 00159000 08:20 6547                       /usr/lib/x86_64-linux-gnu/libicuuc.so.70.1
7f147154c000-7f147155f000 r--p 001e4000 08:20 6547                       /usr/lib/x86_64-linux-gnu/libicuuc.so.70.1
7f147155f000-7f1471560000 rw-p 001f7000 08:20 6547                       /usr/lib/x86_64-linux-gnu/libicuuc.so.70.1
7f1471560000-7f1471562000 rw-p 00000000 00:00 0 
7f1471562000-7f1471591000 r--p 00000000 08:20 6772                       /usr/lib/x86_64-linux-gnu/libxml2.so.2.9.13
7f1471591000-7f14716e4000 r-xp 0002f000 08:20 6772                       /usr/lib/x86_64-linux-gnu/libxml2.so.2.9.13
7f14716e4000-7f1471738000 r--p 00182000 08:20 6772                       /usr/lib/x86_64-linux-gnu/libxml2.so.2.9.13
7f1471738000-7f1471739000 ---p 001d6000 08:20 6772                       /usr/lib/x86_64-linux-gnu/libxml2.so.2.9.13
7f1471739000-7f1471742000 r--p 001d6000 08:20 6772                       /usr/lib/x86_64-linux-gnu/libxml2.so.2.9.13
7f1471742000-7f1471743000 rw-p 001df000 08:20 6772                       /usr/lib/x86_64-linux-gnu/libxml2.so.2.9.13
7f1471743000-7f1471744000 rw-p 00000000 00:00 0 
7f1471744000-7f1471752000 r--p 00000000 08:20 6743                       /usr/lib/x86_64-linux-gnu/libtinfo.so.6.3
7f1471752000-7f1471763000 r-xp 0000e000 08:20 6743                       /usr/lib/x86_64-linux-gnu/libtinfo.so.6.3
7f1471763000-7f1471771000 r--p 0001f000 08:20 6743                       /usr/lib/x86_64-linux-gnu/libtinfo.so.6.3
7f1471771000-7f1471775000 r--p 0002c000 08:20 6743                       /usr/lib/x86_64-linux-gnu/libtinfo.so.6.3
7f1471775000-7f1471776000 rw-p 00030000 08:20 6743                       /usr/lib/x86_64-linux-gnu/libtinfo.so.6.3
7f1471776000-7f147177e000 r--p 00000000 08:20 6467                       /usr/lib/x86_64-linux-gnu/libedit.so.2.0.68
7f147177e000-7f147179c000 r-xp 00008000 08:20 6467                       /usr/lib/x86_64-linux-gnu/libedit.so.2.0.68
7f147179c000-7f14717a9000 r--p 00026000 08:20 6467                       /usr/lib/x86_64-linux-gnu/libedit.so.2.0.68
7f14717a9000-7f14717ab000 r--p 00032000 08:20 6467                       /usr/lib/x86_64-linux-gnu/libedit.so.2.0.68
7f14717ab000-7f14717ac000 rw-p 00034000 08:20 6467                       /usr/lib/x86_64-linux-gnu/libedit.so.2.0.68
7f14717ac000-7f14717b0000 rw-p 00000000 00:00 0 
7f14717b0000-7f14717b2000 r--p 00000000 08:20 6483                       /usr/lib/x86_64-linux-gnu/libffi.so.8.1.0
7f14717b2000-7f14717b9000 r-xp 00002000 08:20 6483                       /usr/lib/x86_64-linux-gnu/libffi.so.8.1.0
7f14717b9000-7f14717ba000 r--p 00009000 08:20 6483                       /usr/lib/x86_64-linux-gnu/libffi.so.8.1.0
7f14717ba000-7f14717bb000 ---p 0000a000 08:20 6483                       /usr/lib/x86_64-linux-gnu/libffi.so.8.1.0
7f14717bb000-7f14717bc000 r--p 0000a000 08:20 6483                       /usr/lib/x86_64-linux-gnu/libffi.so.8.1.0
7f14717bc000-7f14717bd000 rw-p 0000b000 08:20 6483                       /usr/lib/x86_64-linux-gnu/libffi.so.8.1.0
7f14717bd000-7f14717cc000 r--p 00000000 08:20 353751                     /usr/lib/x86_64-linux-gnu/libvulkan.so.1.3.204
7f14717cc000-7f1471809000 r-xp 0000f000 08:20 353751                     /usr/lib/x86_64-linux-gnu/libvulkan.so.1.3.204
7f1471809000-7f1471829000 r--p 0004c000 08:20 353751                     /usr/lib/x86_64-linux-gnu/libvulkan.so.1.3.204
7f1471829000-7f147182a000 r--p 0006b000 08:20 353751                     /usr/lib/x86_64-linux-gnu/libvulkan.so.1.3.204
7f147182a000-7f147182b000 rw-p 0006c000 08:20 353751                     /usr/lib/x86_64-linux-gnu/libvulkan.so.1.3.204
7f147182b000-7f147182d000 r--p 00000000 08:20 353697                     /usr/lib/x86_64-linux-gnu/libdrm_nouveau.so.2.0.0
7f147182d000-7f1471832000 r-xp 00002000 08:20 353697                     /usr/lib/x86_64-linux-gnu/libdrm_nouveau.so.2.0.0
7f1471832000-7f1471834000 r--p 00007000 08:20 353697                     /usr/lib/x86_64-linux-gnu/libdrm_nouveau.so.2.0.0
7f1471834000-7f1471835000 r--p 00008000 08:20 353697                     /usr/lib/x86_64-linux-gnu/libdrm_nouveau.so.2.0.0
7f1471835000-7f1471836000 rw-p 00009000 08:20 353697                     /usr/lib/x86_64-linux-gnu/libdrm_nouveau.so.2.0.0
7f1471836000-7f1471839000 r--p 00000000 08:20 353687                     /usr/lib/x86_64-linux-gnu/libdrm_amdgpu.so.1.0.0
7f1471839000-7f147183e000 r-xp 00003000 08:20 353687                     /usr/lib/x86_64-linux-gnu/libdrm_amdgpu.so.1.0.0
7f147183e000-7f1471840000 r--p 00008000 08:20 353687                     /usr/lib/x86_64-linux-gnu/libdrm_amdgpu.so.1.0.0
7f1471840000-7f1471841000 r--p 00009000 08:20 353687                     /usr/lib/x86_64-linux-gnu/libdrm_amdgpu.so.1.0.0
7f1471841000-7f1471842000 rw-p 0000a000 08:20 353687                     /usr/lib/x86_64-linux-gnu/libdrm_amdgpu.so.1.0.0
7f1471842000-7f1471845000 r--p 00000000 08:20 6468                       /usr/lib/x86_64-linux-gnu/libelf-0.186.so
7f1471845000-7f1471859000 r-xp 00003000 08:20 6468                       /usr/lib/x86_64-linux-gnu/libelf-0.186.so
7f1471859000-7f147185d000 r--p 00017000 08:20 6468                       /usr/lib/x86_64-linux-gnu/libelf-0.186.so
7f147185d000-7f147185e000 ---p 0001b000 08:20 6468                       /usr/lib/x86_64-linux-gnu/libelf-0.186.so
7f147185e000-7f147185f000 r--p 0001b000 08:20 6468                       /usr/lib/x86_64-linux-gnu/libelf-0.186.so
7f147185f000-7f1471860000 rw-p 0001c000 08:20 6468                       /usr/lib/x86_64-linux-gnu/libelf-0.186.so
7f1471860000-7f1471862000 r--p 00000000 08:20 353707                     /usr/lib/x86_64-linux-gnu/libdrm_radeon.so.1.0.1
7f1471862000-7f1471869000 r-xp 00002000 08:20 353707                     /usr/lib/x86_64-linux-gnu/libdrm_radeon.so.1.0.1
7f1471869000-7f147186d000 r--p 00009000 08:20 353707                     /usr/lib/x86_64-linux-gnu/libdrm_radeon.so.1.0.1
7f147186d000-7f147186e000 r--p 0000c000 08:20 353707                     /usr/lib/x86_64-linux-gnu/libdrm_radeon.so.1.0.1
7f147186e000-7f147186f000 rw-p 0000d000 08:20 353707                     /usr/lib/x86_64-linux-gnu/libdrm_radeon.so.1.0.1
7f147186f000-7f1471871000 r--p 00000000 08:20 12231                      /usr/lib/x86_64-linux-gnu/libsensors.so.5.0.0
7f1471871000-7f1471878000 r-xp 00002000 08:20 12231                      /usr/lib/x86_64-linux-gnu/libsensors.so.5.0.0
7f1471878000-7f147187c000 r--p 00009000 08:20 12231                      /usr/lib/x86_64-linux-gnu/libsensors.so.5.0.0
7f147187c000-7f147187d000 ---p 0000d000 08:20 12231                      /usr/lib/x86_64-linux-gnu/libsensors.so.5.0.0
7f147187d000-7f147187e000 r--p 0000d000 08:20 12231                      /usr/lib/x86_64-linux-gnu/libsensors.so.5.0.0
7f147187e000-7f147187f000 rw-p 0000e000 08:20 12231                      /usr/lib/x86_64-linux-gnu/libsensors.so.5.0.0
7f147187f000-7f1471889000 r--p 00000000 08:20 6784                       /usr/lib/x86_64-linux-gnu/libzstd.so.1.4.8
7f1471889000-7f147193b000 r-xp 0000a000 08:20 6784                       /usr/lib/x86_64-linux-gnu/libzstd.so.1.4.8
7f147193b000-7f147194c000 r--p 000bc000 08:20 6784                       /usr/lib/x86_64-linux-gnu/libzstd.so.1.4.8
7f147194c000-7f147194d000 r--p 000cc000 08:20 6784                       /usr/lib/x86_64-linux-gnu/libzstd.so.1.4.8
7f147194d000-7f147194e000 rw-p 000cd000 08:20 6784                       /usr/lib/x86_64-linux-gnu/libzstd.so.1.4.8
7f147194e000-7f1471951000 r--p 00000000 08:20 353658                     /usr/lib/x86_64-linux-gnu/libxcb-xfixes.so.0.0.0
7f1471951000-7f1471954000 r-xp 00003000 08:20 353658                     /usr/lib/x86_64-linux-gnu/libxcb-xfixes.so.0.0.0
7f1471954000-7f1471955000 r--p 00006000 08:20 353658                     /usr/lib/x86_64-linux-gnu/libxcb-xfixes.so.0.0.0
7f1471955000-7f1471956000 ---p 00007000 08:20 353658                     /usr/lib/x86_64-linux-gnu/libxcb-xfixes.so.0.0.0
7f1471956000-7f1471957000 r--p 00007000 08:20 353658                     /usr/lib/x86_64-linux-gnu/libxcb-xfixes.so.0.0.0
7f1471957000-7f1471958000 rw-p 00008000 08:20 353658                     /usr/lib/x86_64-linux-gnu/libxcb-xfixes.so.0.0.0
7f1471958000-7f1471959000 r--p 00000000 08:20 353668                     /usr/lib/x86_64-linux-gnu/libxshmfence.so.1.0.0
7f1471959000-7f147195a000 r-xp 00001000 08:20 353668                     /usr/lib/x86_64-linux-gnu/libxshmfence.so.1.0.0
7f147195a000-7f147195b000 r--p 00002000 08:20 353668                     /usr/lib/x86_64-linux-gnu/libxshmfence.so.1.0.0
7f147195b000-7f147195c000 r--p 00002000 08:20 353668                     /usr/lib/x86_64-linux-gnu/libxshmfence.so.1.0.0
7f147195c000-7f147195d000 rw-p 00003000 08:20 353668                     /usr/lib/x86_64-linux-gnu/libxshmfence.so.1.0.0
7f147195d000-7f1471960000 r--p 00000000 08:20 353648                     /usr/lib/x86_64-linux-gnu/libxcb-sync.so.1.0.0
7f1471960000-7f1471963000 r-xp 00003000 08:20 353648                     /usr/lib/x86_64-linux-gnu/libxcb-sync.so.1.0.0
7f1471963000-7f1471964000 r--p 00006000 08:20 353648                     /usr/lib/x86_64-linux-gnu/libxcb-sync.so.1.0.0
7f1471964000-7f1471965000 ---p 00007000 08:20 353648                     /usr/lib/x86_64-linux-gnu/libxcb-sync.so.1.0.0
7f1471965000-7f1471966000 r--p 00007000 08:20 353648                     /usr/lib/x86_64-linux-gnu/libxcb-sync.so.1.0.0
7f1471966000-7f1471967000 rw-p 00008000 08:20 353648                     /usr/lib/x86_64-linux-gnu/libxcb-sync.so.1.0.0
7f1471967000-7f1471968000 r--p 00000000 08:20 353628                     /usr/lib/x86_64-linux-gnu/libxcb-present.so.0.0.0
7f1471968000-7f1471969000 r-xp 00001000 08:20 353628                     /usr/lib/x86_64-linux-gnu/libxcb-present.so.0.0.0
7f1471969000-7f147196a000 r--p 00002000 08:20 353628                     /usr/lib/x86_64-linux-gnu/libxcb-present.so.0.0.0
7f147196a000-7f147196b000 r--p 00002000 08:20 353628                     /usr/lib/x86_64-linux-gnu/libxcb-present.so.0.0.0
7f147196b000-7f147196c000 rw-p 00003000 08:20 353628                     /usr/lib/x86_64-linux-gnu/libxcb-present.so.0.0.0
7f147196c000-7f147196e000 r--p 00000000 08:20 353608                     /usr/lib/x86_64-linux-gnu/libxcb-dri3.so.0.0.0
7f147196e000-7f1471970000 r-xp 00002000 08:20 353608                     /usr/lib/x86_64-linux-gnu/libxcb-dri3.so.0.0.0
7f1471970000-7f1471971000 r--p 00004000 08:20 353608                     /usr/lib/x86_64-linux-gnu/libxcb-dri3.so.0.0.0
7f1471971000-7f1471972000 r--p 00004000 08:20 353608                     /usr/lib/x86_64-linux-gnu/libxcb-dri3.so.0.0.0
7f1471972000-7f1471973000 rw-p 00005000 08:20 353608                     /usr/lib/x86_64-linux-gnu/libxcb-dri3.so.0.0.0
7f1471973000-7f1471977000 r--p 00000000 08:20 6475                       /usr/lib/x86_64-linux-gnu/libexpat.so.1.8.7
7f1471977000-7f1471996000 r-xp 00004000 08:20 6475                       /usr/lib/x86_64-linux-gnu/libexpat.so.1.8.7
7f1471996000-7f14719a0000 r--p 00023000 08:20 6475                       /usr/lib/x86_64-linux-gnu/libexpat.so.1.8.7
7f14719a0000-7f14719a1000 ---p 0002d000 08:20 6475                       /usr/lib/x86_64-linux-gnu/libexpat.so.1.8.7
7f14719a1000-7f14719a3000 r--p 0002d000 08:20 6475                       /usr/lib/x86_64-linux-gnu/libexpat.so.1.8.7
7f14719a3000-7f14719a4000 rw-p 0002f000 08:20 6475                       /usr/lib/x86_64-linux-gnu/libexpat.so.1.8.7
7f14719a4000-7f14719a5000 r--p 00000000 08:20 353638                     /usr/lib/x86_64-linux-gnu/libxcb-shm.so.0.0.0
7f14719a5000-7f14719a6000 r-xp 00001000 08:20 353638                     /usr/lib/x86_64-linux-gnu/libxcb-shm.so.0.0.0
7f14719a6000-7f14719a7000 r--p 00002000 08:20 353638                     /usr/lib/x86_64-linux-gnu/libxcb-shm.so.0.0.0
7f14719a7000-7f14719a8000 r--p 00002000 08:20 353638                     /usr/lib/x86_64-linux-gnu/libxcb-shm.so.0.0.0
7f14719a8000-7f14719a9000 rw-p 00003000 08:20 353638                     /usr/lib/x86_64-linux-gnu/libxcb-shm.so.0.0.0
7f14719a9000-7f14719aa000 r--p 00000000 08:20 353677                     /usr/lib/x86_64-linux-gnu/libXxf86vm.so.1.0.0
7f14719aa000-7f14719ad000 r-xp 00001000 08:20 353677                     /usr/lib/x86_64-linux-gnu/libXxf86vm.so.1.0.0
7f14719ad000-7f14719ae000 r--p 00004000 08:20 353677                     /usr/lib/x86_64-linux-gnu/libXxf86vm.so.1.0.0
7f14719ae000-7f14719af000 r--p 00004000 08:20 353677                     /usr/lib/x86_64-linux-gnu/libXxf86vm.so.1.0.0
7f14719af000-7f14719b0000 rw-p 00005000 08:20 353677                     /usr/lib/x86_64-linux-gnu/libXxf86vm.so.1.0.0
7f14719b0000-7f14719b2000 r--p 00000000 08:20 351763                     /usr/lib/x86_64-linux-gnu/libXfixes.so.3.1.0
7f14719b2000-7f14719b5000 r-xp 00002000 08:20 351763                     /usr/lib/x86_64-linux-gnu/libXfixes.so.3.1.0
7f14719b5000-7f14719b6000 r--p 00005000 08:20 351763                     /usr/lib/x86_64-linux-gnu/libXfixes.so.3.1.0
7f14719b6000-7f14719b7000 r--p 00006000 08:20 351763                     /usr/lib/x86_64-linux-gnu/libXfixes.so.3.1.0
7f14719b7000-7f14719b8000 rw-p 00007000 08:20 351763                     /usr/lib/x86_64-linux-gnu/libXfixes.so.3.1.0
7f14719b8000-7f14719bc000 r--p 00000000 08:20 6386                       /usr/lib/x86_64-linux-gnu/libXext.so.6.4.0
7f14719bc000-7f14719c7000 r-xp 00004000 08:20 6386                       /usr/lib/x86_64-linux-gnu/libXext.so.6.4.0
7f14719c7000-7f14719cb000 r--p 0000f000 08:20 6386                       /usr/lib/x86_64-linux-gnu/libXext.so.6.4.0
7f14719cb000-7f14719cc000 r--p 00012000 08:20 6386                       /usr/lib/x86_64-linux-gnu/libXext.so.6.4.0
7f14719cc000-7f14719cd000 rw-p 00013000 08:20 6386                       /usr/lib/x86_64-linux-gnu/libXext.so.6.4.0
7f14719cd000-7f14719d8000 r--p 00000000 08:20 353618                     /usr/lib/x86_64-linux-gnu/libxcb-glx.so.0.0.0
7f14719d8000-7f14719e1000 r-xp 0000b000 08:20 353618                     /usr/lib/x86_64-linux-gnu/libxcb-glx.so.0.0.0
7f14719e1000-7f14719e6000 r--p 00014000 08:20 353618                     /usr/lib/x86_64-linux-gnu/libxcb-glx.so.0.0.0
7f14719e6000-7f14719e7000 ---p 00019000 08:20 353618                     /usr/lib/x86_64-linux-gnu/libxcb-glx.so.0.0.0
7f14719e7000-7f14719e9000 r--p 00019000 08:20 353618                     /usr/lib/x86_64-linux-gnu/libxcb-glx.so.0.0.0
7f14719e9000-7f14719ea000 rw-p 0001b000 08:20 353618                     /usr/lib/x86_64-linux-gnu/libxcb-glx.so.0.0.0
7f14719ea000-7f14719ef000 r--p 00000000 08:20 6461                       /usr/lib/x86_64-linux-gnu/libdrm.so.2.4.0
7f14719ef000-7f14719fa000 r-xp 00005000 08:20 6461                       /usr/lib/x86_64-linux-gnu/libdrm.so.2.4.0
7f14719fa000-7f14719fe000 r--p 00010000 08:20 6461                       /usr/lib/x86_64-linux-gnu/libdrm.so.2.4.0
7f14719fe000-7f14719ff000 r--p 00013000 08:20 6461                       /usr/lib/x86_64-linux-gnu/libdrm.so.2.4.0
7f14719ff000-7f1471a00000 rw-p 00014000 08:20 6461                       /usr/lib/x86_64-linux-gnu/libdrm.so.2.4.0
7f1471a00000-7f1471a0c000 r-xp 00000000 08:20 371130                     /home/owenyap/.openjfx/cache/11/libprism_es2.so
7f1471a0c000-7f1471c0b000 ---p 0000c000 08:20 371130                     /home/owenyap/.openjfx/cache/11/libprism_es2.so
7f1471c0b000-7f1471c0c000 r--p 0000b000 08:20 371130                     /home/owenyap/.openjfx/cache/11/libprism_es2.so
7f1471c0c000-7f1471c0d000 rw-p 0000c000 08:20 371130                     /home/owenyap/.openjfx/cache/11/libprism_es2.so
7f1471c0d000-7f1471c0f000 r--p 00000000 08:20 353598                     /usr/lib/x86_64-linux-gnu/libxcb-dri2.so.0.0.0
7f1471c0f000-7f1471c11000 r-xp 00002000 08:20 353598                     /usr/lib/x86_64-linux-gnu/libxcb-dri2.so.0.0.0
7f1471c11000-7f1471c12000 r--p 00004000 08:20 353598                     /usr/lib/x86_64-linux-gnu/libxcb-dri2.so.0.0.0
7f1471c12000-7f1471c13000 r--p 00004000 08:20 353598                     /usr/lib/x86_64-linux-gnu/libxcb-dri2.so.0.0.0
7f1471c13000-7f1471c14000 rw-p 00005000 08:20 353598                     /usr/lib/x86_64-linux-gnu/libxcb-dri2.so.0.0.0
7f1471c14000-7f1471c21000 r--p 00000000 08:20 353576                     /usr/lib/x86_64-linux-gnu/libglapi.so.0.0.0
7f1471c21000-7f1471c2f000 r-xp 0000d000 08:20 353576                     /usr/lib/x86_64-linux-gnu/libglapi.so.0.0.0
7f1471c2f000-7f1471c48000 r--p 0001b000 08:20 353576                     /usr/lib/x86_64-linux-gnu/libglapi.so.0.0.0
7f1471c48000-7f1471c49000 ---p 00034000 08:20 353576                     /usr/lib/x86_64-linux-gnu/libglapi.so.0.0.0
7f1471c49000-7f1471c4d000 r--p 00034000 08:20 353576                     /usr/lib/x86_64-linux-gnu/libglapi.so.0.0.0
7f1471c4d000-7f1471c4e000 rw-p 00038000 08:20 353576                     /usr/lib/x86_64-linux-gnu/libglapi.so.0.0.0
7f1471c4e000-7f1471c4f000 rw-p 00000000 00:00 0 
7f1471c4f000-7f1471c68000 r--p 00000000 08:20 353777                     /usr/lib/x86_64-linux-gnu/libGLX_mesa.so.0.0.0
7f1471c68000-7f1471ca6000 r-xp 00019000 08:20 353777                     /usr/lib/x86_64-linux-gnu/libGLX_mesa.so.0.0.0
7f1471ca6000-7f1471cbb000 r--p 00057000 08:20 353777                     /usr/lib/x86_64-linux-gnu/libGLX_mesa.so.0.0.0
7f1471cbb000-7f1471cbc000 ---p 0006c000 08:20 353777                     /usr/lib/x86_64-linux-gnu/libGLX_mesa.so.0.0.0
7f1471cbc000-7f1471cbe000 r--p 0006c000 08:20 353777                     /usr/lib/x86_64-linux-gnu/libGLX_mesa.so.0.0.0
7f1471cbe000-7f1471cbf000 rw-p 0006e000 08:20 353777                     /usr/lib/x86_64-linux-gnu/libGLX_mesa.so.0.0.0
7f1471cbf000-7f1471cc0000 rw-p 00000000 00:00 0 
7f1471cc0000-7f1471cd9000 r--p 00000000 08:20 6380                       /usr/lib/x86_64-linux-gnu/libX11.so.6.4.0
7f1471cd9000-7f1471d65000 r-xp 00019000 08:20 6380                       /usr/lib/x86_64-linux-gnu/libX11.so.6.4.0
7f1471d65000-7f1471dfa000 r--p 000a5000 08:20 6380                       /usr/lib/x86_64-linux-gnu/libX11.so.6.4.0
7f1471dfa000-7f1471dfb000 ---p 0013a000 08:20 6380                       /usr/lib/x86_64-linux-gnu/libX11.so.6.4.0
7f1471dfb000-7f1471dfc000 r--p 0013a000 08:20 6380                       /usr/lib/x86_64-linux-gnu/libX11.so.6.4.0
7f1471dfc000-7f1471e00000 rw-p 0013b000 08:20 6380                       /usr/lib/x86_64-linux-gnu/libX11.so.6.4.0
7f1471e00000-7f1471e04000 ---p 00000000 00:00 0 
7f1471e04000-7f1471f00000 rw-p 00000000 00:00 0 
7f1471f00000-7f1471f04000 ---p 00000000 00:00 0 
7f1471f04000-7f1474000000 rw-p 00000000 00:00 0 
7f1474000000-7f1474021000 rw-p 00000000 00:00 0 
7f1474021000-7f1478000000 ---p 00000000 00:00 0 
7f1478003000-7f1478005000 r--p 00000000 08:20 6594                       /usr/lib/x86_64-linux-gnu/libmd.so.0.0.5
7f1478005000-7f147800c000 r-xp 00002000 08:20 6594                       /usr/lib/x86_64-linux-gnu/libmd.so.0.0.5
7f147800c000-7f147800e000 r--p 00009000 08:20 6594                       /usr/lib/x86_64-linux-gnu/libmd.so.0.0.5
7f147800e000-7f147800f000 r--p 0000a000 08:20 6594                       /usr/lib/x86_64-linux-gnu/libmd.so.0.0.5
7f147800f000-7f1478010000 rw-p 0000b000 08:20 6594                       /usr/lib/x86_64-linux-gnu/libmd.so.0.0.5
7f1478010000-7f1478014000 r--p 00000000 08:20 6422                       /usr/lib/x86_64-linux-gnu/libbsd.so.0.11.5
7f1478014000-7f1478021000 r-xp 00004000 08:20 6422                       /usr/lib/x86_64-linux-gnu/libbsd.so.0.11.5
7f1478021000-7f1478024000 r--p 00011000 08:20 6422                       /usr/lib/x86_64-linux-gnu/libbsd.so.0.11.5
7f1478024000-7f1478025000 ---p 00014000 08:20 6422                       /usr/lib/x86_64-linux-gnu/libbsd.so.0.11.5
7f1478025000-7f1478026000 r--p 00014000 08:20 6422                       /usr/lib/x86_64-linux-gnu/libbsd.so.0.11.5
7f1478026000-7f1478027000 rw-p 00015000 08:20 6422                       /usr/lib/x86_64-linux-gnu/libbsd.so.0.11.5
7f1478027000-7f1478028000 rw-p 00000000 00:00 0 
7f1478028000-7f1478068000 r--p 00000000 08:20 353565                     /usr/lib/x86_64-linux-gnu/libGLdispatch.so.0.0.0
7f1478068000-7f14780a7000 r-xp 00040000 08:20 353565                     /usr/lib/x86_64-linux-gnu/libGLdispatch.so.0.0.0
7f14780a7000-7f14780ba000 r--p 0007f000 08:20 353565                     /usr/lib/x86_64-linux-gnu/libGLdispatch.so.0.0.0
7f14780ba000-7f14780bb000 ---p 00092000 08:20 353565                     /usr/lib/x86_64-linux-gnu/libGLdispatch.so.0.0.0
7f14780bb000-7f14780d7000 r--p 00092000 08:20 353565                     /usr/lib/x86_64-linux-gnu/libGLdispatch.so.0.0.0
7f14780d7000-7f14780d8000 rw-p 000ae000 08:20 353565                     /usr/lib/x86_64-linux-gnu/libGLdispatch.so.0.0.0
7f14780d8000-7f14780e0000 rw-p 00000000 00:00 0 
7f14780e0000-7f14780e4000 ---p 00000000 00:00 0 
7f14780e4000-7f14781e0000 rw-p 00000000 00:00 0 
7f14781e0000-7f14781e4000 ---p 00000000 00:00 0 
7f14781e4000-7f14784d0000 rw-p 00000000 00:00 0 
7f14784d0000-7f147a168000 ---p 00000000 00:00 0 
7f147a168000-7f147a360000 rw-p 00000000 00:00 0 
7f147a360000-7f147bff8000 ---p 00000000 00:00 0 
7f147bff8000-7f147c000000 rw-p 00000000 00:00 0 
7f147c000000-7f147c021000 rw-p 00000000 00:00 0 
7f147c021000-7f1480000000 ---p 00000000 00:00 0 
7f1480003000-7f1480004000 r--p 00000000 08:20 353588                     /usr/lib/x86_64-linux-gnu/libX11-xcb.so.1.0.0
7f1480004000-7f1480005000 r-xp 00001000 08:20 353588                     /usr/lib/x86_64-linux-gnu/libX11-xcb.so.1.0.0
7f1480005000-7f1480006000 r--p 00002000 08:20 353588                     /usr/lib/x86_64-linux-gnu/libX11-xcb.so.1.0.0
7f1480006000-7f1480007000 r--p 00002000 08:20 353588                     /usr/lib/x86_64-linux-gnu/libX11-xcb.so.1.0.0
7f1480007000-7f1480008000 rw-p 00003000 08:20 353588                     /usr/lib/x86_64-linux-gnu/libX11-xcb.so.1.0.0
7f1480008000-7f148000a000 r--p 00000000 08:20 6384                       /usr/lib/x86_64-linux-gnu/libXdmcp.so.6.0.0
7f148000a000-7f148000c000 r-xp 00002000 08:20 6384                       /usr/lib/x86_64-linux-gnu/libXdmcp.so.6.0.0
7f148000c000-7f148000e000 r--p 00004000 08:20 6384                       /usr/lib/x86_64-linux-gnu/libXdmcp.so.6.0.0
7f148000e000-7f148000f000 r--p 00005000 08:20 6384                       /usr/lib/x86_64-linux-gnu/libXdmcp.so.6.0.0
7f148000f000-7f1480010000 rw-p 00006000 08:20 6384                       /usr/lib/x86_64-linux-gnu/libXdmcp.so.6.0.0
7f1480010000-7f1480011000 r--p 00000000 08:20 6382                       /usr/lib/x86_64-linux-gnu/libXau.so.6.0.0
7f1480011000-7f1480013000 r-xp 00001000 08:20 6382                       /usr/lib/x86_64-linux-gnu/libXau.so.6.0.0
7f1480013000-7f1480014000 r--p 00003000 08:20 6382                       /usr/lib/x86_64-linux-gnu/libXau.so.6.0.0
7f1480014000-7f1480015000 r--p 00003000 08:20 6382                       /usr/lib/x86_64-linux-gnu/libXau.so.6.0.0
7f1480015000-7f1480016000 rw-p 00004000 08:20 6382                       /usr/lib/x86_64-linux-gnu/libXau.so.6.0.0
7f1480016000-7f1480019000 r--p 00000000 08:20 353791                     /usr/lib/x86_64-linux-gnu/libGLX.so.0.0.0
7f1480019000-7f1480034000 r-xp 00003000 08:20 353791                     /usr/lib/x86_64-linux-gnu/libGLX.so.0.0.0
7f1480034000-7f1480037000 r--p 0001e000 08:20 353791                     /usr/lib/x86_64-linux-gnu/libGLX.so.0.0.0
7f1480037000-7f1480038000 ---p 00021000 08:20 353791                     /usr/lib/x86_64-linux-gnu/libGLX.so.0.0.0
7f1480038000-7f1480039000 r--p 00021000 08:20 353791                     /usr/lib/x86_64-linux-gnu/libGLX.so.0.0.0
7f1480039000-7f148003a000 rw-p 00022000 08:20 353791                     /usr/lib/x86_64-linux-gnu/libGLX.so.0.0.0
7f148003a000-7f148004a000 rw-p 00000000 00:00 0 
7f148004a000-7f1480055000 r--p 00000000 08:20 6770                       /usr/lib/x86_64-linux-gnu/libxcb.so.1.1.0
7f1480055000-7f1480069000 r-xp 0000b000 08:20 6770                       /usr/lib/x86_64-linux-gnu/libxcb.so.1.1.0
7f1480069000-7f1480072000 r--p 0001f000 08:20 6770                       /usr/lib/x86_64-linux-gnu/libxcb.so.1.1.0
7f1480072000-7f1480073000 r--p 00027000 08:20 6770                       /usr/lib/x86_64-linux-gnu/libxcb.so.1.1.0
7f1480073000-7f1480074000 rw-p 00028000 08:20 6770                       /usr/lib/x86_64-linux-gnu/libxcb.so.1.1.0
7f1480074000-7f14800b7000 r--p 00000000 08:20 353803                     /usr/lib/x86_64-linux-gnu/libGL.so.1.7.0
7f14800b7000-7f14800d6000 r-xp 00043000 08:20 353803                     /usr/lib/x86_64-linux-gnu/libGL.so.1.7.0
7f14800d6000-7f14800eb000 r--p 00062000 08:20 353803                     /usr/lib/x86_64-linux-gnu/libGL.so.1.7.0
7f14800eb000-7f14800f9000 r--p 00076000 08:20 353803                     /usr/lib/x86_64-linux-gnu/libGL.so.1.7.0
7f14800f9000-7f14800fa000 rw-p 00084000 08:20 353803                     /usr/lib/x86_64-linux-gnu/libGL.so.1.7.0
7f14800fa000-7f14800fb000 rw-p 00000000 00:00 0 
7f14800fb000-7f14800fc000 ---p 00000000 00:00 0 
7f14800fc000-7f14801fd000 rw-p 00000000 00:00 0 
7f14801fd000-7f1480201000 ---p 00000000 00:00 0 
7f1480201000-7f14802fd000 rw-p 00000000 00:00 0 
7f14802fd000-7f1480301000 ---p 00000000 00:00 0 
7f1480301000-7f14803fd000 rw-p 00000000 00:00 0 
7f14803fd000-7f1480401000 ---p 00000000 00:00 0 
7f1480401000-7f14804fd000 rw-p 00000000 00:00 0 
7f14804fd000-7f1480501000 ---p 00000000 00:00 0 
7f1480501000-7f14805fd000 rw-p 00000000 00:00 0 
7f14805fd000-7f1480601000 ---p 00000000 00:00 0 
7f1480601000-7f14806fd000 rw-p 00000000 00:00 0 
7f14806fd000-7f1480701000 ---p 00000000 00:00 0 
7f1480701000-7f14807fd000 rw-p 00000000 00:00 0 
7f14807fd000-7f1480a6d000 rwxp 00000000 00:00 0 
7f1480a6d000-7f1480d8e000 ---p 00000000 00:00 0 
7f1480d8e000-7f1480ffe000 rwxp 00000000 00:00 0 
7f1480ffe000-7f14882c5000 ---p 00000000 00:00 0 
7f14882c5000-7f1488535000 rwxp 00000000 00:00 0 
7f1488535000-7f148f7fd000 ---p 00000000 00:00 0 
7f148f7fd000-7f1498000000 r--s 00000000 08:20 353374                     /usr/lib/jvm/java-11-openjdk-amd64/lib/modules
7f1498000000-7f14981e6000 rw-p 00000000 00:00 0 
7f14981e6000-7f149c000000 ---p 00000000 00:00 0 
7f149c007000-7f149c038000 rw-p 00000000 00:00 0 
7f149c038000-7f149c03c000 r--p 00000000 08:20 353364                     /usr/lib/jvm/java-11-openjdk-amd64/lib/libnet.so
7f149c03c000-7f149c04a000 r-xp 00004000 08:20 353364                     /usr/lib/jvm/java-11-openjdk-amd64/lib/libnet.so
7f149c04a000-7f149c04e000 r--p 00012000 08:20 353364                     /usr/lib/jvm/java-11-openjdk-amd64/lib/libnet.so
7f149c04e000-7f149c04f000 r--p 00015000 08:20 353364                     /usr/lib/jvm/java-11-openjdk-amd64/lib/libnet.so
7f149c04f000-7f149c050000 rw-p 00016000 08:20 353364                     /usr/lib/jvm/java-11-openjdk-amd64/lib/libnet.so
7f149c050000-7f149c057000 r--p 00000000 08:20 353365                     /usr/lib/jvm/java-11-openjdk-amd64/lib/libnio.so
7f149c057000-7f149c05f000 r-xp 00007000 08:20 353365                     /usr/lib/jvm/java-11-openjdk-amd64/lib/libnio.so
7f149c05f000-7f149c062000 r--p 0000f000 08:20 353365                     /usr/lib/jvm/java-11-openjdk-amd64/lib/libnio.so
7f149c062000-7f149c063000 r--p 00011000 08:20 353365                     /usr/lib/jvm/java-11-openjdk-amd64/lib/libnio.so
7f149c063000-7f149c064000 rw-p 00012000 08:20 353365                     /usr/lib/jvm/java-11-openjdk-amd64/lib/libnio.so
7f149c064000-7f149c0bb000 r--p 00000000 08:20 2336                       /usr/lib/locale/C.utf8/LC_CTYPE
7f149c0bb000-7f149c0bc000 r--p 00000000 08:20 2343                       /usr/lib/locale/C.utf8/LC_NUMERIC
7f149c0bc000-7f149c0bd000 r--p 00000000 08:20 2346                       /usr/lib/locale/C.utf8/LC_TIME
7f149c0bd000-7f149c0be000 r--p 00000000 08:20 2335                       /usr/lib/locale/C.utf8/LC_COLLATE
7f149c0be000-7f149c0bf000 r--p 00000000 08:20 2341                       /usr/lib/locale/C.utf8/LC_MONETARY
7f149c0bf000-7f149c0c0000 r--p 00000000 08:20 2340                       /usr/lib/locale/C.utf8/LC_MESSAGES/SYS_LC_MESSAGES
7f149c0c0000-7f149c0c1000 r--p 00000000 08:20 2344                       /usr/lib/locale/C.utf8/LC_PAPER
7f149c0c1000-7f149c0c2000 r--p 00000000 08:20 2342                       /usr/lib/locale/C.utf8/LC_NAME
7f149c0c2000-7f149c0c3000 r--p 00000000 08:20 2334                       /usr/lib/locale/C.utf8/LC_ADDRESS
7f149c0c3000-7f149c0ca000 r--s 00000000 08:20 6197                       /usr/lib/x86_64-linux-gnu/gconv/gconv-modules.cache
7f149c0ca000-7f149c0ce000 ---p 00000000 00:00 0 
7f149c0ce000-7f149c1ca000 rw-p 00000000 00:00 0 
7f149c1ca000-7f149c1cb000 ---p 00000000 00:00 0 
7f149c1cb000-7f149c950000 rw-p 00000000 00:00 0 
7f149c950000-7f149cbd0000 ---p 00000000 00:00 0 
7f149cbd0000-7f149cc12000 rw-p 00000000 00:00 0 
7f149cc12000-7f149cc13000 ---p 00000000 00:00 0 
7f149cc13000-7f149cd14000 rw-p 00000000 00:00 0 
7f149cd14000-7f149cd15000 ---p 00000000 00:00 0 
7f149cd15000-7f149d820000 rw-p 00000000 00:00 0 
7f149d820000-7f149d821000 ---p 00000000 00:00 0 
7f149d821000-7f149d922000 rw-p 00000000 00:00 0 
7f149d922000-7f149d923000 ---p 00000000 00:00 0 
7f149d923000-7f149dae1000 rw-p 00000000 00:00 0 
7f149dae1000-7f149de74000 ---p 00000000 00:00 0 
7f149de74000-7f149deb3000 rw-p 00000000 00:00 0 
7f149deb3000-7f149e246000 ---p 00000000 00:00 0 
7f149e246000-7f149e285000 rw-p 00000000 00:00 0 
7f149e285000-7f149e618000 ---p 00000000 00:00 0 
7f149e618000-7f149f023000 rw-p 00000000 00:00 0 
7f149f023000-7f149f024000 ---p 00000000 00:00 0 
7f149f024000-7f149f12a000 rw-p 00000000 00:00 0 
7f149f12a000-7f149f210000 ---p 00000000 00:00 0 
7f149f210000-7f149f215000 rw-p 00000000 00:00 0 
7f149f215000-7f149f2fb000 ---p 00000000 00:00 0 
7f149f2fb000-7f149f300000 rw-p 00000000 00:00 0 
7f149f300000-7f149f307000 ---p 00000000 00:00 0 
7f149f307000-7f149f309000 r--p 00000000 08:20 353373                     /usr/lib/jvm/java-11-openjdk-amd64/lib/libzip.so
7f149f309000-7f149f30e000 r-xp 00002000 08:20 353373                     /usr/lib/jvm/java-11-openjdk-amd64/lib/libzip.so
7f149f30e000-7f149f310000 r--p 00007000 08:20 353373                     /usr/lib/jvm/java-11-openjdk-amd64/lib/libzip.so
7f149f310000-7f149f311000 r--p 00008000 08:20 353373                     /usr/lib/jvm/java-11-openjdk-amd64/lib/libzip.so
7f149f311000-7f149f312000 rw-p 00009000 08:20 353373                     /usr/lib/jvm/java-11-openjdk-amd64/lib/libzip.so
7f149f312000-7f149f31a000 rw-s 00000000 08:20 372130                     /tmp/hsperfdata_owenyap/13013 (deleted)
7f149f31a000-7f149f31c000 r--p 00000000 08:20 353356                     /usr/lib/jvm/java-11-openjdk-amd64/lib/libjimage.so
7f149f31c000-7f149f31f000 r-xp 00002000 08:20 353356                     /usr/lib/jvm/java-11-openjdk-amd64/lib/libjimage.so
7f149f31f000-7f149f320000 r--p 00005000 08:20 353356                     /usr/lib/jvm/java-11-openjdk-amd64/lib/libjimage.so
7f149f320000-7f149f321000 ---p 00006000 08:20 353356                     /usr/lib/jvm/java-11-openjdk-amd64/lib/libjimage.so
7f149f321000-7f149f322000 r--p 00006000 08:20 353356                     /usr/lib/jvm/java-11-openjdk-amd64/lib/libjimage.so
7f149f322000-7f149f323000 rw-p 00007000 08:20 353356                     /usr/lib/jvm/java-11-openjdk-amd64/lib/libjimage.so
7f149f323000-7f149f330000 r--p 00000000 08:20 353353                     /usr/lib/jvm/java-11-openjdk-amd64/lib/libjava.so
7f149f330000-7f149f346000 r-xp 0000d000 08:20 353353                     /usr/lib/jvm/java-11-openjdk-amd64/lib/libjava.so
7f149f346000-7f149f34d000 r--p 00023000 08:20 353353                     /usr/lib/jvm/java-11-openjdk-amd64/lib/libjava.so
7f149f34d000-7f149f34e000 r--p 00029000 08:20 353353                     /usr/lib/jvm/java-11-openjdk-amd64/lib/libjava.so
7f149f34e000-7f149f34f000 rw-p 0002a000 08:20 353353                     /usr/lib/jvm/java-11-openjdk-amd64/lib/libjava.so
7f149f34f000-7f149f350000 rw-p 00000000 00:00 0 
7f149f350000-7f149f355000 r--p 00000000 08:20 353372                     /usr/lib/jvm/java-11-openjdk-amd64/lib/libverify.so
7f149f355000-7f149f35c000 r-xp 00005000 08:20 353372                     /usr/lib/jvm/java-11-openjdk-amd64/lib/libverify.so
7f149f35c000-7f149f35e000 r--p 0000c000 08:20 353372                     /usr/lib/jvm/java-11-openjdk-amd64/lib/libverify.so
7f149f35e000-7f149f360000 r--p 0000d000 08:20 353372                     /usr/lib/jvm/java-11-openjdk-amd64/lib/libverify.so
7f149f360000-7f149f361000 rw-p 0000f000 08:20 353372                     /usr/lib/jvm/java-11-openjdk-amd64/lib/libverify.so
7f149f361000-7f149f362000 r--p 00000000 08:20 6707                       /usr/lib/x86_64-linux-gnu/librt.so.1
7f149f362000-7f149f363000 r-xp 00001000 08:20 6707                       /usr/lib/x86_64-linux-gnu/librt.so.1
7f149f363000-7f149f364000 r--p 00002000 08:20 6707                       /usr/lib/x86_64-linux-gnu/librt.so.1
7f149f364000-7f149f365000 r--p 00002000 08:20 6707                       /usr/lib/x86_64-linux-gnu/librt.so.1
7f149f365000-7f149f366000 rw-p 00003000 08:20 6707                       /usr/lib/x86_64-linux-gnu/librt.so.1
7f149f366000-7f149f36a000 ---p 00000000 00:00 0 
7f149f36a000-7f149f466000 rw-p 00000000 00:00 0 
7f149f466000-7f149f469000 r--p 00000000 08:20 6494                       /usr/lib/x86_64-linux-gnu/libgcc_s.so.1
7f149f469000-7f149f480000 r-xp 00003000 08:20 6494                       /usr/lib/x86_64-linux-gnu/libgcc_s.so.1
7f149f480000-7f149f484000 r--p 0001a000 08:20 6494                       /usr/lib/x86_64-linux-gnu/libgcc_s.so.1
7f149f484000-7f149f485000 r--p 0001d000 08:20 6494                       /usr/lib/x86_64-linux-gnu/libgcc_s.so.1
7f149f485000-7f149f486000 rw-p 0001e000 08:20 6494                       /usr/lib/x86_64-linux-gnu/libgcc_s.so.1
7f149f486000-7f149f494000 r--p 00000000 08:20 6588                       /usr/lib/x86_64-linux-gnu/libm.so.6
7f149f494000-7f149f510000 r-xp 0000e000 08:20 6588                       /usr/lib/x86_64-linux-gnu/libm.so.6
7f149f510000-7f149f56b000 r--p 0008a000 08:20 6588                       /usr/lib/x86_64-linux-gnu/libm.so.6
7f149f56b000-7f149f56c000 r--p 000e4000 08:20 6588                       /usr/lib/x86_64-linux-gnu/libm.so.6
7f149f56c000-7f149f56d000 rw-p 000e5000 08:20 6588                       /usr/lib/x86_64-linux-gnu/libm.so.6
7f149f56d000-7f149f607000 r--p 00000000 08:20 6732                       /usr/lib/x86_64-linux-gnu/libstdc++.so.6.0.30
7f149f607000-7f149f717000 r-xp 0009a000 08:20 6732                       /usr/lib/x86_64-linux-gnu/libstdc++.so.6.0.30
7f149f717000-7f149f786000 r--p 001aa000 08:20 6732                       /usr/lib/x86_64-linux-gnu/libstdc++.so.6.0.30
7f149f786000-7f149f791000 r--p 00218000 08:20 6732                       /usr/lib/x86_64-linux-gnu/libstdc++.so.6.0.30
7f149f791000-7f149f794000 rw-p 00223000 08:20 6732                       /usr/lib/x86_64-linux-gnu/libstdc++.so.6.0.30
7f149f794000-7f149f797000 rw-p 00000000 00:00 0 
7f149f797000-7f149fa19000 r--p 00000000 08:20 353379                     /usr/lib/jvm/java-11-openjdk-amd64/lib/server/libjvm.so
7f149fa19000-7f14a06ac000 r-xp 00282000 08:20 353379                     /usr/lib/jvm/java-11-openjdk-amd64/lib/server/libjvm.so
7f14a06ac000-7f14a0906000 r--p 00f15000 08:20 353379                     /usr/lib/jvm/java-11-openjdk-amd64/lib/server/libjvm.so
7f14a0906000-7f14a09ca000 r--p 0116e000 08:20 353379                     /usr/lib/jvm/java-11-openjdk-amd64/lib/server/libjvm.so
7f14a09ca000-7f14a0a05000 rw-p 01232000 08:20 353379                     /usr/lib/jvm/java-11-openjdk-amd64/lib/server/libjvm.so
7f14a0a05000-7f14a0a5e000 rw-p 00000000 00:00 0 
7f14a0a5e000-7f14a0a60000 r--p 00000000 08:20 6782                       /usr/lib/x86_64-linux-gnu/libz.so.1.2.11
7f14a0a60000-7f14a0a71000 r-xp 00002000 08:20 6782                       /usr/lib/x86_64-linux-gnu/libz.so.1.2.11
7f14a0a71000-7f14a0a77000 r--p 00013000 08:20 6782                       /usr/lib/x86_64-linux-gnu/libz.so.1.2.11
7f14a0a77000-7f14a0a78000 ---p 00019000 08:20 6782                       /usr/lib/x86_64-linux-gnu/libz.so.1.2.11
7f14a0a78000-7f14a0a79000 r--p 00019000 08:20 6782                       /usr/lib/x86_64-linux-gnu/libz.so.1.2.11
7f14a0a79000-7f14a0a7a000 rw-p 0001a000 08:20 6782                       /usr/lib/x86_64-linux-gnu/libz.so.1.2.11
7f14a0a7a000-7f14a0aa2000 r--p 00000000 08:20 6426                       /usr/lib/x86_64-linux-gnu/libc.so.6
7f14a0aa2000-7f14a0c37000 r-xp 00028000 08:20 6426                       /usr/lib/x86_64-linux-gnu/libc.so.6
7f14a0c37000-7f14a0c8f000 r--p 001bd000 08:20 6426                       /usr/lib/x86_64-linux-gnu/libc.so.6
7f14a0c8f000-7f14a0c93000 r--p 00214000 08:20 6426                       /usr/lib/x86_64-linux-gnu/libc.so.6
7f14a0c93000-7f14a0c95000 rw-p 00218000 08:20 6426                       /usr/lib/x86_64-linux-gnu/libc.so.6
7f14a0c95000-7f14a0ca2000 rw-p 00000000 00:00 0 
7f14a0ca2000-7f14a0ca3000 r--p 00000000 08:20 2345                       /usr/lib/locale/C.utf8/LC_TELEPHONE
7f14a0ca3000-7f14a0ca4000 r--p 00000000 08:20 2338                       /usr/lib/locale/C.utf8/LC_MEASUREMENT
7f14a0ca4000-7f14a0ca6000 r--s 0000c000 08:20 33573563                   /usr/share/java/java-atk-wrapper.jar
7f14a0ca6000-7f14a0ca7000 ---p 00000000 00:00 0 
7f14a0ca7000-7f14a0ca8000 r--p 00000000 00:00 0 
7f14a0ca8000-7f14a0cab000 r--p 00000000 08:20 353338                     /usr/lib/jvm/java-11-openjdk-amd64/lib/jli/libjli.so
7f14a0cab000-7f14a0cb5000 r-xp 00003000 08:20 353338                     /usr/lib/jvm/java-11-openjdk-amd64/lib/jli/libjli.so
7f14a0cb5000-7f14a0cb8000 r--p 0000d000 08:20 353338                     /usr/lib/jvm/java-11-openjdk-amd64/lib/jli/libjli.so
7f14a0cb8000-7f14a0cb9000 ---p 00010000 08:20 353338                     /usr/lib/jvm/java-11-openjdk-amd64/lib/jli/libjli.so
7f14a0cb9000-7f14a0cba000 r--p 00010000 08:20 353338                     /usr/lib/jvm/java-11-openjdk-amd64/lib/jli/libjli.so
7f14a0cba000-7f14a0cbb000 rw-p 00011000 08:20 353338                     /usr/lib/jvm/java-11-openjdk-amd64/lib/jli/libjli.so
7f14a0cbb000-7f14a0cbd000 rw-p 00000000 00:00 0 
7f14a0cbd000-7f14a0cbf000 r--p 00000000 08:20 6230                       /usr/lib/x86_64-linux-gnu/ld-linux-x86-64.so.2
7f14a0cbf000-7f14a0ce9000 r-xp 00002000 08:20 6230                       /usr/lib/x86_64-linux-gnu/ld-linux-x86-64.so.2
7f14a0ce9000-7f14a0cf4000 r--p 0002c000 08:20 6230                       /usr/lib/x86_64-linux-gnu/ld-linux-x86-64.so.2
7f14a0cf4000-7f14a0cf5000 r--p 00000000 08:20 2337                       /usr/lib/locale/C.utf8/LC_IDENTIFICATION
7f14a0cf5000-7f14a0cf7000 r--p 00037000 08:20 6230                       /usr/lib/x86_64-linux-gnu/ld-linux-x86-64.so.2
7f14a0cf7000-7f14a0cf9000 rw-p 00039000 08:20 6230                       /usr/lib/x86_64-linux-gnu/ld-linux-x86-64.so.2
7ffd54b4a000-7ffd54b6c000 rw-p 00000000 00:00 0                          [stack]
7ffd54bbc000-7ffd54bc0000 r--p 00000000 00:00 0                          [vvar]
7ffd54bc0000-7ffd54bc1000 r-xp 00000000 00:00 0                          [vdso]


VM Arguments:
jvm_args: -Dfile.encoding=UTF-8 -Duser.country -Duser.language=en -Duser.variant 
java_command: duke.Launcher
java_class_path (initial): /home/owenyap/course-work/cs2103/ip/build/classes/java/main:/home/owenyap/course-work/cs2103/ip/build/resources/main:/home/owenyap/.gradle/caches/modules-2/files-2.1/org.openjfx/javafx-fxml/11/d5ff9262ef49d166db658d15f37e3ecff38fde4b/javafx-fxml-11-win.jar:/home/owenyap/.gradle/caches/modules-2/files-2.1/org.openjfx/javafx-fxml/11/e0f5bb81e21054b59f2ebfa727d40a90ee0260d3/javafx-fxml-11-mac.jar:/home/owenyap/.gradle/caches/modules-2/files-2.1/org.openjfx/javafx-fxml/11/e7a757b580fc3e2e1a121768606c7836eef418c/javafx-fxml-11-linux.jar:/home/owenyap/.gradle/caches/modules-2/files-2.1/org.openjfx/javafx-controls/11/af8d24de44e16a19ae959028eb23a48c145fb682/javafx-controls-11-win.jar:/home/owenyap/.gradle/caches/modules-2/files-2.1/org.openjfx/javafx-controls/11/e3a24a14e8732abc6dc173f15872dc63e2a32e16/javafx-controls-11-mac.jar:/home/owenyap/.gradle/caches/modules-2/files-2.1/org.openjfx/javafx-controls/11/794488e3b1f4635d9a1b842bdc872a5eb8fd54ca/javafx-controls-11-linux.jar:/home/owenyap/.gradle/caches/modules-2/files-2.1/org.openjfx/javafx-controls/11/58d961774262ec972bf304e16c154a8e18c2050b/javafx-controls-11.jar:/home/owenyap/.gradle/caches/modules-2/files-2.1/org.openjfx/javafx-graphics/11/9345c7ea43dbcc73a62eca5332717b4ce617e6c6/javafx-graphics-11-win.jar:/home/owenyap/.gradle/caches/modules-2/files-2.1/org.openjfx/javafx-graphics/11/af47a6d3668d3ce1c61e1fe13c44471b6f8d469/javafx-graphics-11-mac.jar:/home/owenyap/.gradle/caches/modules-2/files-2.1/org.openjfx/javafx-graphics/11/4ab9edd8d481a420044c473fdb5718ccdd35c836/javafx-graphics-11-linux.jar:/home/owenyap/.gradle/caches/modules-2/files-2.1/org.openjfx/javafx-graphics/11/a736dd079047ec0b72b8c4970842a5c5e0c19f2f/javafx-graphics-11.jar:/home/owenyap/.gradle/caches/modules-2/files-2.1/org.openjfx/javafx-base/11/ad3a4acfaa28b484d30c40c1f009445cc3f6e68b/javafx-base-11-win.jar:/home/owenyap/.gradle/caches/modules-2/files-2.1/org.openjfx/javafx-base/11/4b060dad0affd866df9d959e064faa8a1a2f4a
Launcher Type: SUN_STANDARD

[Global flags]
     intx CICompilerCount                          = 4                                         {product} {ergonomic}
     uint ConcGCThreads                            = 3                                         {product} {ergonomic}
     uint G1ConcRefinementThreads                  = 10                                        {product} {ergonomic}
   size_t G1HeapRegionSize                         = 1048576                                   {product} {ergonomic}
    uintx GCDrainStackTargetSize                   = 64                                        {product} {ergonomic}
   size_t InitialHeapSize                          = 130023424                                 {product} {ergonomic}
   size_t MarkStackSize                            = 4194304                                   {product} {ergonomic}
   size_t MaxHeapSize                              = 2051014656                                {product} {ergonomic}
   size_t MaxNewSize                               = 1229979648                                {product} {ergonomic}
   size_t MinHeapDeltaBytes                        = 1048576                                   {product} {ergonomic}
    uintx NonNMethodCodeHeapSize                   = 5836300                                {pd product} {ergonomic}
    uintx NonProfiledCodeHeapSize                  = 122910970                              {pd product} {ergonomic}
    uintx ProfiledCodeHeapSize                     = 122910970                              {pd product} {ergonomic}
    uintx ReservedCodeCacheSize                    = 251658240                              {pd product} {ergonomic}
     bool SegmentedCodeCache                       = true                                      {product} {ergonomic}
     bool UseCompressedClassPointers               = true                                 {lp64_product} {ergonomic}
     bool UseCompressedOops                        = true                                 {lp64_product} {ergonomic}
     bool UseG1GC                                  = true                                      {product} {ergonomic}

Logging:
Log output configuration:
 #0: 
[error occurred during error reporting (printing log configuration), id 0xb, SIGSEGV (0xb) at pc=0x00007f14a020530e]

Environment Variables:
JAVA_HOME=/usr/bin/java
PATH=/home/owenyap/Downloads/idea-IC-223.8214.52/bin:/home/owenyap/anaconda3/bin:/home/owenyap/anaconda3/condabin:/home/owenyap/.nvm/versions/node/v19.2.0/bin:/usr/local/sbin:/usr/local/bin:/usr/sbin:/usr/bin:/sbin:/bin:/usr/games:/usr/local/games:/usr/lib/wsl/lib:/mnt/c/WINDOWS/system32:/mnt/c/WINDOWS:/mnt/c/WINDOWS/System32/Wbem:/mnt/c/WINDOWS/System32/WindowsPowerShell/v1.0:/mnt/c/WINDOWS/System32/OpenSSH:/mnt/c/Program Files/dotnet:/mnt/c/Program Files/NVIDIA Corporation/NVIDIA NvDLISR:/mnt/c/Program Files (x86)/NVIDIA Corporation/PhysX/Common:/mnt/c/Program Files/Git/cmd:/mnt/c/ProgramData/chocolatey/bin:/mnt/c/Users/oweny/AppData/Local/Microsoft/WindowsApps:/mnt/c/Users/oweny/AppData/Local/Programs/Microsoft VS Code/bin
SHELL=/usr/bin/zsh
DISPLAY=:0
HOSTTYPE=x86_64
LANG=C.UTF-8
TERM=xterm-256color

Signal Handlers:
SIGSEGV: [libjvm.so+0xea2e90], sa_mask[0]=11111111011111111101111111111110, sa_flags=SA_RESTART|SA_SIGINFO
SIGBUS: [libjvm.so+0xea2e90], sa_mask[0]=11111111011111111101111111111110, sa_flags=SA_RESTART|SA_SIGINFO
SIGFPE: [libjvm.so+0xea2e90], sa_mask[0]=11111111011111111101111111111110, sa_flags=SA_RESTART|SA_SIGINFO
SIGPIPE: [libjvm.so+0xbe6fe0], sa_mask[0]=11111111011111111101111111111110, sa_flags=SA_RESTART|SA_SIGINFO
SIGXFSZ: [libjvm.so+0xbe6fe0], sa_mask[0]=11111111011111111101111111111110, sa_flags=SA_RESTART|SA_SIGINFO
SIGILL: [libjvm.so+0xea2e90], sa_mask[0]=11111111011111111101111111111110, sa_flags=SA_RESTART|SA_SIGINFO
SIGUSR2: [libjvm.so+0xbe6e80], sa_mask[0]=00100000000000000000000000000000, sa_flags=SA_RESTART|SA_SIGINFO
SIGHUP: [libjvm.so+0xbe7260], sa_mask[0]=11111111011111111101111111111110, sa_flags=SA_RESTART|SA_SIGINFO
SIGINT: [libjvm.so+0xbe7260], sa_mask[0]=11111111011111111101111111111110, sa_flags=SA_RESTART|SA_SIGINFO
SIGTERM: [libjvm.so+0xbe7260], sa_mask[0]=11111111011111111101111111111110, sa_flags=SA_RESTART|SA_SIGINFO
SIGQUIT: [libjvm.so+0xbe7260], sa_mask[0]=11111111011111111101111111111110, sa_flags=SA_RESTART|SA_SIGINFO


---------------  S Y S T E M  ---------------

OS:DISTRIB_ID=Ubuntu
DISTRIB_RELEASE=22.04
DISTRIB_CODENAME=jammy
DISTRIB_DESCRIPTION="Ubuntu 22.04.1 LTS"
uname:Linux 5.15.79.1-microsoft-standard-WSL2 #1 SMP Wed Nov 23 01:01:46 UTC 2022 x86_64
OS uptime: 0 days 2:55 hours
libc:glibc 2.35 NPTL 2.35 
rlimit (soft/hard): STACK 8192k/infinity , CORE 0k/infinity , NPROC 31251/31251 , NOFILE 1048576/1048576 , AS infinity/infinity , CPU infinity/infinity , DATA infinity/infinity , FSIZE infinity/infinity , MEMLOCK 65536k/65536k
load average:0.38 0.45 0.38

/proc/meminfo:
MemTotal:        8006800 kB
MemFree:          809240 kB
MemAvailable:    2495916 kB
Buffers:           81504 kB
Cached:          1845336 kB
SwapCached:            0 kB
Active:          1177212 kB
Inactive:        5582904 kB
Active(anon):       2048 kB
Inactive(anon):  4902340 kB
Active(file):    1175164 kB
Inactive(file):   680564 kB
Unevictable:           0 kB
Mlocked:               0 kB
SwapTotal:       2097152 kB
SwapFree:        2097152 kB
Dirty:               228 kB
Writeback:             0 kB
AnonPages:       4831532 kB
Mapped:           709068 kB
Shmem:             71112 kB
KReclaimable:      93520 kB
Slab:             151764 kB
SReclaimable:      93520 kB
SUnreclaim:        58244 kB
KernelStack:       12952 kB
PageTables:        19764 kB
NFS_Unstable:          0 kB
Bounce:                0 kB
WritebackTmp:          0 kB
CommitLimit:     6100552 kB
Committed_AS:    6033272 kB
VmallocTotal:   34359738367 kB
VmallocUsed:       32964 kB
VmallocChunk:          0 kB
Percpu:             4352 kB
AnonHugePages:   3827712 kB
ShmemHugePages:        0 kB
ShmemPmdMapped:        0 kB
FileHugePages:         0 kB
FilePmdMapped:         0 kB
HugePages_Total:       0
HugePages_Free:        0
HugePages_Rsvd:        0
HugePages_Surp:        0
Hugepagesize:       2048 kB
Hugetlb:               0 kB
DirectMap4k:       21504 kB
DirectMap2M:     4040704 kB
DirectMap1G:    14680064 kB

/sys/kernel/mm/transparent_hugepage/enabled:
[always] madvise never
/sys/kernel/mm/transparent_hugepage/defrag (defrag/compaction efforts parameter):
always defer defer+madvise [madvise] never

Process Memory:
Virtual Size: 5354928K (peak: 13439944K)
Resident Set Size: 147252K (peak: 149532K) (anon: 60864K, file: 86388K, shmem: 0K)
Swapped out: 0K
C-Heap outstanding allocations: 37434K, retained: 7405K
glibc malloc tunables: (default)

/proc/sys/kernel/threads-max (system-wide limit on the number of threads):
62502
/proc/sys/vm/max_map_count (maximum number of memory map areas a process may have):
65530
/proc/sys/kernel/pid_max (system-wide limit on number of process identifiers):
32768

container (cgroup) information:
container_type: cgroupv1
cpu_cpuset_cpus: 0-11
cpu_memory_nodes: 0
active_processor_count: 12
cpu_quota: no quota
cpu_period: 100000
cpu_shares: no shares
memory_limit_in_bytes: unlimited
memory_and_swap_limit_in_bytes: unlimited
memory_soft_limit_in_bytes: unlimited
memory_usage_in_bytes: 6758952 k
memory_max_usage_in_bytes: unlimited
maximum number of tasks: not supported
current number of tasks: not supported

Hyper-V virtualization detected
Steal ticks since vm start: 0
Steal ticks percentage since vm start:  0.000

CPU:total 12 (initial active 12) (8 cores per cpu, 2 threads per core) family 6 model 165 stepping 2 microcode 0xffffffff, cmov, cx8, fxsr, mmx, sse, sse2, sse3, ssse3, sse4.1, sse4.2, popcnt, avx, avx2, aes, clmul, erms, 3dnowpref, lzcnt, ht, tsc, bmi1, bmi2, adx, fma
CPU Model and flags from /proc/cpuinfo:
model name	: Intel(R) Core(TM) i7-10750H CPU @ 2.60GHz
flags		: fpu vme de pse tsc msr pae mce cx8 apic sep mtrr pge mca cmov pat pse36 clflush mmx fxsr sse sse2 ss ht syscall nx pdpe1gb rdtscp lm constant_tsc arch_perfmon rep_good nopl xtopology cpuid pni pclmulqdq vmx ssse3 fma cx16 pdcm pcid sse4_1 sse4_2 x2apic movbe popcnt aes xsave avx f16c rdrand hypervisor lahf_lm abm 3dnowprefetch invpcid_single ssbd ibrs ibpb stibp ibrs_enhanced tpr_shadow vnmi ept vpid ept_ad fsgsbase bmi1 avx2 smep bmi2 erms invpcid rdseed adx smap clflushopt xsaveopt xsavec xgetbv1 xsaves flush_l1d arch_capabilities
Online cpus:
0-11
Offline cpus:

BIOS frequency limitation:
<Not Available>
Frequency switch latency (ns):
<Not Available>
Available cpu frequencies:
<Not Available>
Current governor:
<Not Available>
Core performance/turbo boost:
<Not Available>

Memory: 4k page, physical 8006800k(809240k free), swap 2097152k(2097152k free)

vm_info: OpenJDK 64-Bit Server VM (11.0.17+8-post-Ubuntu-1ubuntu222.04) for linux-amd64 JRE (11.0.17+8-post-Ubuntu-1ubuntu222.04), built on Oct 24 2022 16:41:58 by "unknown" with gcc 11.2.0

END.
