#
# A fatal error has been detected by the Java Runtime Environment:
#
#  Internal Error (safepoint.cpp:919), pid=1792, tid=28935
#  fatal error: Illegal threadstate encountered: 4
#
# JRE version: OpenJDK Runtime Environment Temurin-11.0.13+8 (11.0.13+8) (build 11.0.13+8)
# Java VM: OpenJDK 64-Bit Server VM Temurin-11.0.13+8 (11.0.13+8, mixed mode, tiered, compressed oops, g1 gc, bsd-amd64)
# No core dump will be written. Core dumps have been disabled. To enable core dumping, try "ulimit -c unlimited" before starting Java again
#
# If you would like to submit a bug report, please visit:
#   https://github.com/adoptium/adoptium-support/issues
# The crash happened outside the Java Virtual Machine in native code.
# See problematic frame for where to report the bug.
#

---------------  S U M M A R Y ------------

Command Line: -Dfile.encoding=UTF-8 -Duser.country=GB -Duser.language=en -Duser.variant jane.javafx.Launcher

Host: MacBookAir8,1 x86_64 1600 MHz, 4 cores, 8G, Darwin 21.5.0
Time: Sun Feb 12 23:36:51 2023 +08 elapsed time: 16.987518 seconds (0d 0h 0m 16s)

---------------  T H R E A D  ---------------

Current thread (0x00007fb8c394b000):  JavaThread "InvokeLaterDispatcher" daemon [_thread_in_native, id=28935, stack(0x00007000051c2000,0x00007000052c2000)]

Stack: [0x00007000051c2000,0x00007000052c2000],  sp=0x00007000052c0320,  free space=1016k
Native frames: (J=compiled Java code, A=aot compiled Java code, j=interpreted, Vv=VM code, C=native code)
V  [libjvm.dylib+0x7c3ee8]  _ZN7VMError14report_and_dieEiPKcS1_P13__va_list_tagP6ThreadPhPvS7_S1_im+0x652
V  [libjvm.dylib+0x276925]  _Z12report_fatal11VMErrorTypePKciS1_z+0xc0
V  [libjvm.dylib+0x69a191]  _ZN20SafepointSynchronize5blockEP10JavaThread+0x1d9
V  [libjvm.dylib+0x69b6ff]  _ZN18SafepointMechanism23block_if_requested_slowEP10JavaThread+0x1d
V  [libjvm.dylib+0x77c95a]  _ZN10JavaThread44check_safepoint_and_suspend_for_native_transEPS_+0x9c
V  [libjvm.dylib+0x3f186a]  jni_DeleteGlobalRef+0x93
C  [libglass.dylib+0x8871]  -[GlassRunnable dealloc]+0x31
C  [Foundation+0x818ee]  -[_NSThreadPerformInfo dealloc]+0x2a
C  [Foundation+0x4e466]  -[NSObject(NSThreadPerformAdditions) performSelectorOnMainThread:withObject:waitUntilDone:]+0x7c
J 2407  com.sun.glass.ui.mac.MacApplication._submitForLaterInvocation(Ljava/lang/Runnable;)V (0 bytes) @ 0x0000000123d8640f [0x0000000123d86340+0x00000000000000cf]
J 2349 c1 com.sun.glass.ui.mac.MacApplication.submitForLaterInvocation(Ljava/lang/Runnable;)V (6 bytes) @ 0x000000011cb7f534 [0x000000011cb7f4c0+0x0000000000000074]
j  com.sun.glass.ui.InvokeLaterDispatcher.run()V+82
v  ~StubRoutines::call_stub
V  [libjvm.dylib+0x3b5a80]  _ZN9JavaCalls11call_helperEP9JavaValueRK12methodHandleP17JavaCallArgumentsP6Thread+0x1fe
V  [libjvm.dylib+0x3b4ee6]  _ZN9JavaCalls12call_virtualEP9JavaValueP5KlassP6SymbolS5_P17JavaCallArgumentsP6Thread+0xee
V  [libjvm.dylib+0x3b4fa2]  _ZN9JavaCalls12call_virtualEP9JavaValue6HandleP5KlassP6SymbolS6_P6Thread+0x62
V  [libjvm.dylib+0x43c182]  _ZL12thread_entryP10JavaThreadP6Thread+0x78
V  [libjvm.dylib+0x77b3e4]  _ZN10JavaThread17thread_main_innerEv+0x82
V  [libjvm.dylib+0x77b22e]  _ZN10JavaThread3runEv+0x122
V  [libjvm.dylib+0x779148]  _ZN6Thread8call_runEv+0x68
V  [libjvm.dylib+0x6277ed]  _ZL19thread_native_entryP6Thread+0x139
C  [libsystem_pthread.dylib+0x64e1]  _pthread_start+0x7d
C  [libsystem_pthread.dylib+0x1f6b]  thread_start+0xf

Java frames: (J=compiled Java code, j=interpreted, Vv=VM code)
J 2407  com.sun.glass.ui.mac.MacApplication._submitForLaterInvocation(Ljava/lang/Runnable;)V (0 bytes) @ 0x0000000123d8639c [0x0000000123d86340+0x000000000000005c]
J 2349 c1 com.sun.glass.ui.mac.MacApplication.submitForLaterInvocation(Ljava/lang/Runnable;)V (6 bytes) @ 0x000000011cb7f534 [0x000000011cb7f4c0+0x0000000000000074]
j  com.sun.glass.ui.InvokeLaterDispatcher.run()V+82
v  ~StubRoutines::call_stub

---------------  P R O C E S S  ---------------

Threads class SMR info:
_java_thread_list=0x0000600000f01e00, length=16, elements={
0x00007fb8c480f800, 0x00007fb8c4842000, 0x00007fb8c4847000, 0x00007fb8c5025000,
0x00007fb8c4843800, 0x00007fb8c5011000, 0x00007fb8c4844000, 0x00007fb8c384c000,
0x00007fb8c38a8000, 0x00007fb8c38d3000, 0x00007fb8c48b7000, 0x00007fb8c394b000,
0x00007fb8c4aea800, 0x00007fb8c626c000, 0x00007fb8c3b6c000, 0x00007fb8c4b4a000
}

Java Threads: ( => current thread )
  0x00007fb8c480f800 JavaThread "main" [_thread_blocked, id=5891, stack(0x0000700003e86000,0x0000700003f86000)]
  0x00007fb8c4842000 JavaThread "Reference Handler" daemon [_thread_blocked, id=14339, stack(0x000070000459b000,0x000070000469b000)]
  0x00007fb8c4847000 JavaThread "Finalizer" daemon [_thread_blocked, id=15107, stack(0x000070000469e000,0x000070000479e000)]
  0x00007fb8c5025000 JavaThread "Signal Dispatcher" daemon [_thread_blocked, id=16643, stack(0x00007000048a7000,0x00007000049a7000)]
  0x00007fb8c4843800 JavaThread "Service Thread" daemon [_thread_blocked, id=43267, stack(0x00007000049aa000,0x0000700004aaa000)]
  0x00007fb8c5011000 JavaThread "C2 CompilerThread0" daemon [_thread_in_native, id=22019, stack(0x0000700004aad000,0x0000700004bad000)]
  0x00007fb8c4844000 JavaThread "C1 CompilerThread0" daemon [_thread_blocked, id=42243, stack(0x0000700004bb0000,0x0000700004cb0000)]
  0x00007fb8c384c000 JavaThread "Sweeper thread" daemon [_thread_blocked, id=41731, stack(0x0000700004cb3000,0x0000700004db3000)]
  0x00007fb8c38a8000 JavaThread "Common-Cleaner" daemon [_thread_blocked, id=41219, stack(0x0000700004eb9000,0x0000700004fb9000)]
  0x00007fb8c38d3000 JavaThread "JavaFX-Launcher" [_thread_blocked, id=23811, stack(0x0000700004fbc000,0x00007000050bc000)]
  0x00007fb8c48b7000 JavaThread "QuantumRenderer-0" daemon [_thread_blocked, id=40451, stack(0x00007000050bf000,0x00007000051bf000)]
=>0x00007fb8c394b000 JavaThread "InvokeLaterDispatcher" daemon [_thread_in_native, id=28935, stack(0x00007000051c2000,0x00007000052c2000)]
  0x00007fb8c4aea800 JavaThread "JavaFX Application Thread" [_thread_in_native, id=259, stack(0x00007ff7b0181000,0x00007ff7b0981000)]
  0x00007fb8c626c000 JavaThread "Thread-3" daemon [_thread_in_native, id=83719, stack(0x00007000052c5000,0x0000700005345000)]
  0x00007fb8c3b6c000 JavaThread "Prism Font Disposer" daemon [_thread_blocked, id=55819, stack(0x00007000057da000,0x00007000058da000)]
  0x00007fb8c4b4a000 JavaThread "Cleaner-0" daemon [_thread_blocked, id=68127, stack(0x00007000058dd000,0x00007000059dd000)]

Other Threads:
  0x00007fb8c6066000 VMThread "VM Thread" [stack: 0x0000700004498000,0x0000700004598000] [id=14083]
  0x00007fb8c4852000 WatcherThread [stack: 0x0000700004db6000,0x0000700004eb6000] [id=23043]
  0x00007fb8c381f800 GCTaskThread "GC Thread#0" [stack: 0x0000700003f89000,0x0000700004089000] [id=20995]
  0x00007fb8c51ff800 GCTaskThread "GC Thread#1" [stack: 0x00007000054d1000,0x00007000055d1000] [id=80131]
  0x00007fb8c521f800 GCTaskThread "GC Thread#2" [stack: 0x00007000055d4000,0x00007000056d4000] [id=79875]
  0x00007fb8c6239000 GCTaskThread "GC Thread#3" [stack: 0x00007000056d7000,0x00007000057d7000] [id=79619]
  0x00007fb8c482f800 ConcurrentGCThread "G1 Main Marker" [stack: 0x000070000408c000,0x000070000418c000] [id=11779]
  0x00007fb8c4830800 ConcurrentGCThread "G1 Conc#0" [stack: 0x000070000418f000,0x000070000428f000] [id=20227]
  0x00007fb8c6048800 ConcurrentGCThread "G1 Refine#0" [stack: 0x0000700004292000,0x0000700004392000] [id=12803]
  0x00007fb8c6049000 ConcurrentGCThread "G1 Young RemSet Sampling" [stack: 0x0000700004395000,0x0000700004495000] [id=13315]

Threads with active compile tasks:
C2 CompilerThread0  17207 2478       4       java.util.HashMap::resize (356 bytes)

VM state:not at safepoint (normal execution)

VM Mutex/Monitor currently owned by a thread: None

Heap address: 0x0000000780000000, size: 2048 MB, Compressed Oops mode: Zero based, Oop shift amount: 3
Narrow klass base: 0x0000000800000000, Narrow klass shift: 0
Compressed class space size: 1073741824 Address: 0x0000000800000000

Heap:
 garbage-first heap   total 131072K, used 26035K [0x0000000780000000, 0x0000000800000000)
  region size 1024K, 21 young (21504K), 5 survivors (5120K)
 Metaspace       used 24522K, capacity 25435K, committed 25600K, reserved 1071104K
  class space    used 3124K, capacity 3537K, committed 3584K, reserved 1048576K
Heap Regions: E=young(eden), S=young(survivor), O=old, HS=humongous(starts), HC=humongous(continues), CS=collection set, F=free, A=archive, TAMS=top-at-mark-start (previous, next)
|   0|0x0000000780000000, 0x0000000780100000, 0x0000000780100000|100%| O|  |TAMS 0x0000000780100000, 0x0000000780000000| Untracked 
|   1|0x0000000780100000, 0x0000000780200000, 0x0000000780200000|100%| O|  |TAMS 0x0000000780200000, 0x0000000780100000| Untracked 
|   2|0x0000000780200000, 0x0000000780300000, 0x0000000780300000|100%|HS|  |TAMS 0x0000000780300000, 0x0000000780200000| Complete 
|   3|0x0000000780300000, 0x0000000780400000, 0x0000000780400000|100%| O|  |TAMS 0x0000000780400000, 0x0000000780300000| Untracked 
|   4|0x0000000780400000, 0x00000007804cec00, 0x0000000780500000| 80%| O|  |TAMS 0x00000007804cec00, 0x0000000780400000| Untracked 
|   5|0x0000000780500000, 0x0000000780600000, 0x0000000780600000|100%|HS|  |TAMS 0x0000000780500000, 0x0000000780500000| Complete 
|   6|0x0000000780600000, 0x0000000780700000, 0x0000000780700000|100%|HC|  |TAMS 0x0000000780600000, 0x0000000780600000| Complete 
|   7|0x0000000780700000, 0x0000000780700000, 0x0000000780800000|  0%| F|  |TAMS 0x0000000780700000, 0x0000000780700000| Untracked 
|   8|0x0000000780800000, 0x0000000780800000, 0x0000000780900000|  0%| F|  |TAMS 0x0000000780800000, 0x0000000780800000| Untracked 
|   9|0x0000000780900000, 0x0000000780900000, 0x0000000780a00000|  0%| F|  |TAMS 0x0000000780900000, 0x0000000780900000| Untracked 
|  10|0x0000000780a00000, 0x0000000780a00000, 0x0000000780b00000|  0%| F|  |TAMS 0x0000000780a00000, 0x0000000780a00000| Untracked 
|  11|0x0000000780b00000, 0x0000000780b00000, 0x0000000780c00000|  0%| F|  |TAMS 0x0000000780b00000, 0x0000000780b00000| Untracked 
|  12|0x0000000780c00000, 0x0000000780c00000, 0x0000000780d00000|  0%| F|  |TAMS 0x0000000780c00000, 0x0000000780c00000| Untracked 
|  13|0x0000000780d00000, 0x0000000780d00000, 0x0000000780e00000|  0%| F|  |TAMS 0x0000000780d00000, 0x0000000780d00000| Untracked 
|  14|0x0000000780e00000, 0x0000000780e00000, 0x0000000780f00000|  0%| F|  |TAMS 0x0000000780e00000, 0x0000000780e00000| Untracked 
|  15|0x0000000780f00000, 0x0000000780f00000, 0x0000000781000000|  0%| F|  |TAMS 0x0000000780f00000, 0x0000000780f00000| Untracked 
|  16|0x0000000781000000, 0x0000000781000000, 0x0000000781100000|  0%| F|  |TAMS 0x0000000781000000, 0x0000000781000000| Untracked 
|  17|0x0000000781100000, 0x0000000781100000, 0x0000000781200000|  0%| F|  |TAMS 0x0000000781100000, 0x0000000781100000| Untracked 
|  18|0x0000000781200000, 0x0000000781200000, 0x0000000781300000|  0%| F|  |TAMS 0x0000000781200000, 0x0000000781200000| Untracked 
|  19|0x0000000781300000, 0x0000000781300000, 0x0000000781400000|  0%| F|  |TAMS 0x0000000781300000, 0x0000000781300000| Untracked 
|  20|0x0000000781400000, 0x0000000781400000, 0x0000000781500000|  0%| F|  |TAMS 0x0000000781400000, 0x0000000781400000| Untracked 
|  21|0x0000000781500000, 0x0000000781500000, 0x0000000781600000|  0%| F|  |TAMS 0x0000000781500000, 0x0000000781500000| Untracked 
|  22|0x0000000781600000, 0x0000000781600000, 0x0000000781700000|  0%| F|  |TAMS 0x0000000781600000, 0x0000000781600000| Untracked 
|  23|0x0000000781700000, 0x0000000781700000, 0x0000000781800000|  0%| F|  |TAMS 0x0000000781700000, 0x0000000781700000| Untracked 
|  24|0x0000000781800000, 0x0000000781800000, 0x0000000781900000|  0%| F|  |TAMS 0x0000000781800000, 0x0000000781800000| Untracked 
|  25|0x0000000781900000, 0x0000000781900000, 0x0000000781a00000|  0%| F|  |TAMS 0x0000000781900000, 0x0000000781900000| Untracked 
|  26|0x0000000781a00000, 0x0000000781a00000, 0x0000000781b00000|  0%| F|  |TAMS 0x0000000781a00000, 0x0000000781a00000| Untracked 
|  27|0x0000000781b00000, 0x0000000781b00000, 0x0000000781c00000|  0%| F|  |TAMS 0x0000000781b00000, 0x0000000781b00000| Untracked 
|  28|0x0000000781c00000, 0x0000000781c00000, 0x0000000781d00000|  0%| F|  |TAMS 0x0000000781c00000, 0x0000000781c00000| Untracked 
|  29|0x0000000781d00000, 0x0000000781d00000, 0x0000000781e00000|  0%| F|  |TAMS 0x0000000781d00000, 0x0000000781d00000| Untracked 
|  30|0x0000000781e00000, 0x0000000781e00000, 0x0000000781f00000|  0%| F|  |TAMS 0x0000000781e00000, 0x0000000781e00000| Untracked 
|  31|0x0000000781f00000, 0x0000000781f00000, 0x0000000782000000|  0%| F|  |TAMS 0x0000000781f00000, 0x0000000781f00000| Untracked 
|  32|0x0000000782000000, 0x0000000782000000, 0x0000000782100000|  0%| F|  |TAMS 0x0000000782000000, 0x0000000782000000| Untracked 
|  33|0x0000000782100000, 0x0000000782100000, 0x0000000782200000|  0%| F|  |TAMS 0x0000000782100000, 0x0000000782100000| Untracked 
|  34|0x0000000782200000, 0x0000000782200000, 0x0000000782300000|  0%| F|  |TAMS 0x0000000782200000, 0x0000000782200000| Untracked 
|  35|0x0000000782300000, 0x0000000782300000, 0x0000000782400000|  0%| F|  |TAMS 0x0000000782300000, 0x0000000782300000| Untracked 
|  36|0x0000000782400000, 0x0000000782400000, 0x0000000782500000|  0%| F|  |TAMS 0x0000000782400000, 0x0000000782400000| Untracked 
|  37|0x0000000782500000, 0x0000000782500000, 0x0000000782600000|  0%| F|  |TAMS 0x0000000782500000, 0x0000000782500000| Untracked 
|  38|0x0000000782600000, 0x0000000782600000, 0x0000000782700000|  0%| F|  |TAMS 0x0000000782600000, 0x0000000782600000| Untracked 
|  39|0x0000000782700000, 0x0000000782700000, 0x0000000782800000|  0%| F|  |TAMS 0x0000000782700000, 0x0000000782700000| Untracked 
|  40|0x0000000782800000, 0x0000000782800000, 0x0000000782900000|  0%| F|  |TAMS 0x0000000782800000, 0x0000000782800000| Untracked 
|  41|0x0000000782900000, 0x0000000782900000, 0x0000000782a00000|  0%| F|  |TAMS 0x0000000782900000, 0x0000000782900000| Untracked 
|  42|0x0000000782a00000, 0x0000000782a00000, 0x0000000782b00000|  0%| F|  |TAMS 0x0000000782a00000, 0x0000000782a00000| Untracked 
|  43|0x0000000782b00000, 0x0000000782b00000, 0x0000000782c00000|  0%| F|  |TAMS 0x0000000782b00000, 0x0000000782b00000| Untracked 
|  44|0x0000000782c00000, 0x0000000782c00000, 0x0000000782d00000|  0%| F|  |TAMS 0x0000000782c00000, 0x0000000782c00000| Untracked 
|  45|0x0000000782d00000, 0x0000000782d00000, 0x0000000782e00000|  0%| F|  |TAMS 0x0000000782d00000, 0x0000000782d00000| Untracked 
|  46|0x0000000782e00000, 0x0000000782e00000, 0x0000000782f00000|  0%| F|  |TAMS 0x0000000782e00000, 0x0000000782e00000| Untracked 
|  47|0x0000000782f00000, 0x0000000782f00000, 0x0000000783000000|  0%| F|  |TAMS 0x0000000782f00000, 0x0000000782f00000| Untracked 
|  48|0x0000000783000000, 0x0000000783000000, 0x0000000783100000|  0%| F|  |TAMS 0x0000000783000000, 0x0000000783000000| Untracked 
|  49|0x0000000783100000, 0x0000000783100000, 0x0000000783200000|  0%| F|  |TAMS 0x0000000783100000, 0x0000000783100000| Untracked 
|  50|0x0000000783200000, 0x0000000783200000, 0x0000000783300000|  0%| F|  |TAMS 0x0000000783200000, 0x0000000783200000| Untracked 
|  51|0x0000000783300000, 0x0000000783300000, 0x0000000783400000|  0%| F|  |TAMS 0x0000000783300000, 0x0000000783300000| Untracked 
|  52|0x0000000783400000, 0x0000000783400000, 0x0000000783500000|  0%| F|  |TAMS 0x0000000783400000, 0x0000000783400000| Untracked 
|  53|0x0000000783500000, 0x0000000783500000, 0x0000000783600000|  0%| F|  |TAMS 0x0000000783500000, 0x0000000783500000| Untracked 
|  54|0x0000000783600000, 0x0000000783600000, 0x0000000783700000|  0%| F|  |TAMS 0x0000000783600000, 0x0000000783600000| Untracked 
|  55|0x0000000783700000, 0x0000000783700000, 0x0000000783800000|  0%| F|  |TAMS 0x0000000783700000, 0x0000000783700000| Untracked 
|  56|0x0000000783800000, 0x0000000783800000, 0x0000000783900000|  0%| F|  |TAMS 0x0000000783800000, 0x0000000783800000| Untracked 
|  57|0x0000000783900000, 0x0000000783900000, 0x0000000783a00000|  0%| F|  |TAMS 0x0000000783900000, 0x0000000783900000| Untracked 
|  58|0x0000000783a00000, 0x0000000783a00000, 0x0000000783b00000|  0%| F|  |TAMS 0x0000000783a00000, 0x0000000783a00000| Untracked 
|  59|0x0000000783b00000, 0x0000000783b00000, 0x0000000783c00000|  0%| F|  |TAMS 0x0000000783b00000, 0x0000000783b00000| Untracked 
|  60|0x0000000783c00000, 0x0000000783c00000, 0x0000000783d00000|  0%| F|  |TAMS 0x0000000783c00000, 0x0000000783c00000| Untracked 
|  61|0x0000000783d00000, 0x0000000783d00000, 0x0000000783e00000|  0%| F|  |TAMS 0x0000000783d00000, 0x0000000783d00000| Untracked 
|  62|0x0000000783e00000, 0x0000000783e00000, 0x0000000783f00000|  0%| F|  |TAMS 0x0000000783e00000, 0x0000000783e00000| Untracked 
|  63|0x0000000783f00000, 0x0000000783f00000, 0x0000000784000000|  0%| F|  |TAMS 0x0000000783f00000, 0x0000000783f00000| Untracked 
|  64|0x0000000784000000, 0x0000000784000000, 0x0000000784100000|  0%| F|  |TAMS 0x0000000784000000, 0x0000000784000000| Untracked 
|  65|0x0000000784100000, 0x0000000784100000, 0x0000000784200000|  0%| F|  |TAMS 0x0000000784100000, 0x0000000784100000| Untracked 
|  66|0x0000000784200000, 0x0000000784200000, 0x0000000784300000|  0%| F|  |TAMS 0x0000000784200000, 0x0000000784200000| Untracked 
|  67|0x0000000784300000, 0x0000000784300000, 0x0000000784400000|  0%| F|  |TAMS 0x0000000784300000, 0x0000000784300000| Untracked 
|  68|0x0000000784400000, 0x0000000784400000, 0x0000000784500000|  0%| F|  |TAMS 0x0000000784400000, 0x0000000784400000| Untracked 
|  69|0x0000000784500000, 0x0000000784500000, 0x0000000784600000|  0%| F|  |TAMS 0x0000000784500000, 0x0000000784500000| Untracked 
|  70|0x0000000784600000, 0x0000000784600000, 0x0000000784700000|  0%| F|  |TAMS 0x0000000784600000, 0x0000000784600000| Untracked 
|  71|0x0000000784700000, 0x0000000784700000, 0x0000000784800000|  0%| F|  |TAMS 0x0000000784700000, 0x0000000784700000| Untracked 
|  72|0x0000000784800000, 0x0000000784800000, 0x0000000784900000|  0%| F|  |TAMS 0x0000000784800000, 0x0000000784800000| Untracked 
|  73|0x0000000784900000, 0x0000000784900000, 0x0000000784a00000|  0%| F|  |TAMS 0x0000000784900000, 0x0000000784900000| Untracked 
|  74|0x0000000784a00000, 0x0000000784a00000, 0x0000000784b00000|  0%| F|  |TAMS 0x0000000784a00000, 0x0000000784a00000| Untracked 
|  75|0x0000000784b00000, 0x0000000784b00000, 0x0000000784c00000|  0%| F|  |TAMS 0x0000000784b00000, 0x0000000784b00000| Untracked 
|  76|0x0000000784c00000, 0x0000000784c00000, 0x0000000784d00000|  0%| F|  |TAMS 0x0000000784c00000, 0x0000000784c00000| Untracked 
|  77|0x0000000784d00000, 0x0000000784d00000, 0x0000000784e00000|  0%| F|  |TAMS 0x0000000784d00000, 0x0000000784d00000| Untracked 
|  78|0x0000000784e00000, 0x0000000784e00000, 0x0000000784f00000|  0%| F|  |TAMS 0x0000000784e00000, 0x0000000784e00000| Untracked 
|  79|0x0000000784f00000, 0x0000000784f00000, 0x0000000785000000|  0%| F|  |TAMS 0x0000000784f00000, 0x0000000784f00000| Untracked 
|  80|0x0000000785000000, 0x0000000785000000, 0x0000000785100000|  0%| F|  |TAMS 0x0000000785000000, 0x0000000785000000| Untracked 
|  81|0x0000000785100000, 0x0000000785100000, 0x0000000785200000|  0%| F|  |TAMS 0x0000000785100000, 0x0000000785100000| Untracked 
|  82|0x0000000785200000, 0x0000000785200000, 0x0000000785300000|  0%| F|  |TAMS 0x0000000785200000, 0x0000000785200000| Untracked 
|  83|0x0000000785300000, 0x0000000785300000, 0x0000000785400000|  0%| F|  |TAMS 0x0000000785300000, 0x0000000785300000| Untracked 
|  84|0x0000000785400000, 0x0000000785400000, 0x0000000785500000|  0%| F|  |TAMS 0x0000000785400000, 0x0000000785400000| Untracked 
|  85|0x0000000785500000, 0x0000000785500000, 0x0000000785600000|  0%| F|  |TAMS 0x0000000785500000, 0x0000000785500000| Untracked 
|  86|0x0000000785600000, 0x0000000785600000, 0x0000000785700000|  0%| F|  |TAMS 0x0000000785600000, 0x0000000785600000| Untracked 
|  87|0x0000000785700000, 0x0000000785700000, 0x0000000785800000|  0%| F|  |TAMS 0x0000000785700000, 0x0000000785700000| Untracked 
|  88|0x0000000785800000, 0x0000000785800000, 0x0000000785900000|  0%| F|  |TAMS 0x0000000785800000, 0x0000000785800000| Untracked 
|  89|0x0000000785900000, 0x0000000785900000, 0x0000000785a00000|  0%| F|  |TAMS 0x0000000785900000, 0x0000000785900000| Untracked 
|  90|0x0000000785a00000, 0x0000000785a00000, 0x0000000785b00000|  0%| F|  |TAMS 0x0000000785a00000, 0x0000000785a00000| Untracked 
|  91|0x0000000785b00000, 0x0000000785b00000, 0x0000000785c00000|  0%| F|  |TAMS 0x0000000785b00000, 0x0000000785b00000| Untracked 
|  92|0x0000000785c00000, 0x0000000785c00000, 0x0000000785d00000|  0%| F|  |TAMS 0x0000000785c00000, 0x0000000785c00000| Untracked 
|  93|0x0000000785d00000, 0x0000000785d00000, 0x0000000785e00000|  0%| F|  |TAMS 0x0000000785d00000, 0x0000000785d00000| Untracked 
|  94|0x0000000785e00000, 0x0000000785e00000, 0x0000000785f00000|  0%| F|  |TAMS 0x0000000785e00000, 0x0000000785e00000| Untracked 
|  95|0x0000000785f00000, 0x0000000785f00000, 0x0000000786000000|  0%| F|  |TAMS 0x0000000785f00000, 0x0000000785f00000| Untracked 
|  96|0x0000000786000000, 0x0000000786000000, 0x0000000786100000|  0%| F|  |TAMS 0x0000000786000000, 0x0000000786000000| Untracked 
|  97|0x0000000786100000, 0x0000000786100000, 0x0000000786200000|  0%| F|  |TAMS 0x0000000786100000, 0x0000000786100000| Untracked 
|  98|0x0000000786200000, 0x000000078629e070, 0x0000000786300000| 61%| S|CS|TAMS 0x0000000786200000, 0x0000000786200000| Complete 
|  99|0x0000000786300000, 0x0000000786400000, 0x0000000786400000|100%| S|CS|TAMS 0x0000000786300000, 0x0000000786300000| Complete 
| 100|0x0000000786400000, 0x0000000786500000, 0x0000000786500000|100%| S|CS|TAMS 0x0000000786400000, 0x0000000786400000| Complete 
| 101|0x0000000786500000, 0x0000000786600000, 0x0000000786600000|100%| S|CS|TAMS 0x0000000786500000, 0x0000000786500000| Complete 
| 102|0x0000000786600000, 0x0000000786700000, 0x0000000786700000|100%| S|CS|TAMS 0x0000000786600000, 0x0000000786600000| Complete 
| 103|0x0000000786700000, 0x0000000786700000, 0x0000000786800000|  0%| F|  |TAMS 0x0000000786700000, 0x0000000786700000| Untracked 
| 104|0x0000000786800000, 0x0000000786800000, 0x0000000786900000|  0%| F|  |TAMS 0x0000000786800000, 0x0000000786800000| Untracked 
| 105|0x0000000786900000, 0x0000000786900000, 0x0000000786a00000|  0%| F|  |TAMS 0x0000000786900000, 0x0000000786900000| Untracked 
| 106|0x0000000786a00000, 0x0000000786a00000, 0x0000000786b00000|  0%| F|  |TAMS 0x0000000786a00000, 0x0000000786a00000| Untracked 
| 107|0x0000000786b00000, 0x0000000786b00000, 0x0000000786c00000|  0%| F|  |TAMS 0x0000000786b00000, 0x0000000786b00000| Untracked 
| 108|0x0000000786c00000, 0x0000000786c00000, 0x0000000786d00000|  0%| F|  |TAMS 0x0000000786c00000, 0x0000000786c00000| Untracked 
| 109|0x0000000786d00000, 0x0000000786d00000, 0x0000000786e00000|  0%| F|  |TAMS 0x0000000786d00000, 0x0000000786d00000| Untracked 
| 110|0x0000000786e00000, 0x0000000786e00000, 0x0000000786f00000|  0%| F|  |TAMS 0x0000000786e00000, 0x0000000786e00000| Untracked 
| 111|0x0000000786f00000, 0x0000000786f00000, 0x0000000787000000|  0%| F|  |TAMS 0x0000000786f00000, 0x0000000786f00000| Untracked 
| 112|0x0000000787000000, 0x000000078707e778, 0x0000000787100000| 49%| E|  |TAMS 0x0000000787000000, 0x0000000787000000| Complete 
| 113|0x0000000787100000, 0x0000000787200000, 0x0000000787200000|100%| E|CS|TAMS 0x0000000787100000, 0x0000000787100000| Complete 
| 114|0x0000000787200000, 0x0000000787300000, 0x0000000787300000|100%| E|CS|TAMS 0x0000000787200000, 0x0000000787200000| Complete 
| 115|0x0000000787300000, 0x0000000787400000, 0x0000000787400000|100%| E|CS|TAMS 0x0000000787300000, 0x0000000787300000| Complete 
| 116|0x0000000787400000, 0x0000000787500000, 0x0000000787500000|100%| E|CS|TAMS 0x0000000787400000, 0x0000000787400000| Complete 
| 117|0x0000000787500000, 0x0000000787600000, 0x0000000787600000|100%| E|CS|TAMS 0x0000000787500000, 0x0000000787500000| Complete 
| 118|0x0000000787600000, 0x0000000787700000, 0x0000000787700000|100%| E|CS|TAMS 0x0000000787600000, 0x0000000787600000| Complete 
| 119|0x0000000787700000, 0x0000000787800000, 0x0000000787800000|100%| E|CS|TAMS 0x0000000787700000, 0x0000000787700000| Complete 
| 120|0x0000000787800000, 0x0000000787900000, 0x0000000787900000|100%| E|CS|TAMS 0x0000000787800000, 0x0000000787800000| Complete 
| 121|0x0000000787900000, 0x0000000787a00000, 0x0000000787a00000|100%| E|CS|TAMS 0x0000000787900000, 0x0000000787900000| Complete 
| 122|0x0000000787a00000, 0x0000000787b00000, 0x0000000787b00000|100%| E|CS|TAMS 0x0000000787a00000, 0x0000000787a00000| Complete 
| 123|0x0000000787b00000, 0x0000000787c00000, 0x0000000787c00000|100%| E|CS|TAMS 0x0000000787b00000, 0x0000000787b00000| Complete 
| 124|0x0000000787c00000, 0x0000000787d00000, 0x0000000787d00000|100%| E|  |TAMS 0x0000000787c00000, 0x0000000787c00000| Complete 
| 125|0x0000000787d00000, 0x0000000787e00000, 0x0000000787e00000|100%| E|CS|TAMS 0x0000000787d00000, 0x0000000787d00000| Complete 
| 126|0x0000000787e00000, 0x0000000787f00000, 0x0000000787f00000|100%| E|CS|TAMS 0x0000000787e00000, 0x0000000787e00000| Complete 
| 127|0x0000000787f00000, 0x0000000788000000, 0x0000000788000000|100%| E|CS|TAMS 0x0000000787f00000, 0x0000000787f00000| Complete 

Card table byte_map: [0x000000010fd4d000,0x000000011014d000] _byte_map_base: 0x000000010c14d000

Marking Bits (Prev, Next): (CMBitMap*) 0x00007fb8c4826e50, (CMBitMap*) 0x00007fb8c4826e18
 Prev Bits: [0x000000012b1ba000, 0x000000012d1ba000)
 Next Bits: [0x0000000119d65000, 0x000000011bd65000)

Polling page: 0x000000010f6be000

Metaspace:

Usage:
  Non-class:     21.38 MB capacity,    20.90 MB ( 98%) used,   398.16 KB (  2%) free+waste,   101.88 KB ( <1%) overhead. 
      Class:      3.45 MB capacity,     3.05 MB ( 88%) used,   359.68 KB ( 10%) free+waste,    53.06 KB (  2%) overhead. 
       Both:     24.84 MB capacity,    23.95 MB ( 96%) used,   757.84 KB (  3%) free+waste,   154.94 KB ( <1%) overhead. 

Virtual space:
  Non-class space:       22.00 MB reserved,      21.50 MB ( 98%) committed 
      Class space:        1.00 GB reserved,       3.50 MB ( <1%) committed 
             Both:        1.02 GB reserved,      25.00 MB (  2%) committed 

Chunk freelists:
   Non-Class:  10.00 KB
       Class:  15.00 KB
        Both:  25.00 KB

MaxMetaspaceSize: unlimited
CompressedClassSpaceSize: 1.00 GB
Initial GC threshold: 20.80 MB
Current GC threshold: 34.79 MB
CDS: off

CodeHeap 'non-profiled nmethods': size=120032Kb used=1067Kb max_used=1067Kb free=118964Kb
 bounds [0x0000000123c82000, 0x0000000123ef2000, 0x000000012b1ba000]
CodeHeap 'profiled nmethods': size=120032Kb used=4603Kb max_used=4603Kb free=115428Kb
 bounds [0x000000011c74a000, 0x000000011cbca000, 0x0000000123c82000]
CodeHeap 'non-nmethods': size=5696Kb used=1448Kb max_used=1477Kb free=4247Kb
 bounds [0x000000011c1ba000, 0x000000011c42a000, 0x000000011c74a000]
 total_blobs=3269 nmethods=2476 adapters=706
 compilation: enabled
              stopped_count=0, restarted_count=0
 full_count=0

Compilation events (20 events):
Event: 16.510 Thread 0x00007fb8c4844000 2468       1       com.sun.javafx.geom.RectBounds::setMaxY (6 bytes)
Event: 16.510 Thread 0x00007fb8c4844000 nmethod 2468 0x0000000123d89b90 code [0x0000000123d89d40, 0x0000000123d89df0]
Event: 16.704 Thread 0x00007fb8c5011000 2469       4       java.util.ArrayList$Itr::hasNext (20 bytes)
Event: 16.711 Thread 0x00007fb8c5011000 nmethod 2469 0x0000000123d89e90 code [0x0000000123d8a020, 0x0000000123d8a0b8]
Event: 16.711 Thread 0x00007fb8c4844000 2474       3       javafx.scene.layout.Region::getSnapScaleX (8 bytes)
Event: 16.713 Thread 0x00007fb8c4844000 nmethod 2474 0x000000011cbc4a10 code [0x000000011cbc4c60, 0x000000011cbc5580]
Event: 16.717 Thread 0x00007fb8c4844000 2470       3       com.sun.javafx.scene.NodeHelper::markDirtyImpl (11 bytes)
Event: 16.719 Thread 0x00007fb8c4844000 nmethod 2470 0x000000011cbc5810 code [0x000000011cbc5a00, 0x000000011cbc5de0]
Event: 16.719 Thread 0x00007fb8c4844000 2471       3       javafx.scene.Node$1::doMarkDirty (6 bytes)
Event: 16.721 Thread 0x00007fb8c4844000 nmethod 2471 0x000000011cbc5f90 code [0x000000011cbc6160, 0x000000011cbc64a0]
Event: 16.721 Thread 0x00007fb8c4844000 2472       3       javafx.scene.Node::access$100 (6 bytes)
Event: 16.722 Thread 0x00007fb8c4844000 nmethod 2472 0x000000011cbc6610 code [0x000000011cbc6820, 0x000000011cbc6f60]
Event: 16.722 Thread 0x00007fb8c4844000 2473       3       javafx.scene.Node::doMarkDirty (27 bytes)
Event: 16.725 Thread 0x00007fb8c4844000 nmethod 2473 0x000000011cbc7210 code [0x000000011cbc7420, 0x000000011cbc7b00]
Event: 16.725 Thread 0x00007fb8c4844000 2475       1       com.sun.javafx.geom.transform.Translate2D::isTranslateOrIdentity (2 bytes)
Event: 16.725 Thread 0x00007fb8c4844000 nmethod 2475 0x0000000123d8a190 code [0x0000000123d8a340, 0x0000000123d8a3f0]
Event: 16.725 Thread 0x00007fb8c4844000 2477       1       com.sun.prism.impl.BaseGraphics::setHasPreCullingBits (6 bytes)
Event: 16.725 Thread 0x00007fb8c4844000 nmethod 2477 0x0000000123d8a490 code [0x0000000123d8a640, 0x0000000123d8a6f0]
Event: 16.725 Thread 0x00007fb8c4844000 2476       1       java.util.Collections$EmptyList::size (2 bytes)
Event: 16.725 Thread 0x00007fb8c4844000 nmethod 2476 0x0000000123d8a790 code [0x0000000123d8a940, 0x0000000123d8a9f0]

GC Heap History (6 events):
Event: 1.284 GC heap before
{Heap before GC invocations=0 (full 0):
 garbage-first heap   total 131072K, used 13312K [0x0000000780000000, 0x0000000800000000)
  region size 1024K, 14 young (14336K), 0 survivors (0K)
 Metaspace       used 9481K, capacity 9753K, committed 9984K, reserved 1058816K
  class space    used 906K, capacity 1002K, committed 1024K, reserved 1048576K
}
Event: 1.302 GC heap after
{Heap after GC invocations=1 (full 0):
 garbage-first heap   total 131072K, used 3908K [0x0000000780000000, 0x0000000800000000)
  region size 1024K, 2 young (2048K), 2 survivors (2048K)
 Metaspace       used 9481K, capacity 9753K, committed 9984K, reserved 1058816K
  class space    used 906K, capacity 1002K, committed 1024K, reserved 1048576K
}
Event: 2.351 GC heap before
{Heap before GC invocations=1 (full 0):
 garbage-first heap   total 131072K, used 15172K [0x0000000780000000, 0x0000000800000000)
  region size 1024K, 12 young (12288K), 2 survivors (2048K)
 Metaspace       used 14633K, capacity 15039K, committed 15360K, reserved 1062912K
  class space    used 1536K, capacity 1701K, committed 1792K, reserved 1048576K
}
Event: 2.357 GC heap after
{Heap after GC invocations=2 (full 0):
 garbage-first heap   total 131072K, used 6640K [0x0000000780000000, 0x0000000800000000)
  region size 1024K, 2 young (2048K), 2 survivors (2048K)
 Metaspace       used 14633K, capacity 15039K, committed 15360K, reserved 1062912K
  class space    used 1536K, capacity 1701K, committed 1792K, reserved 1048576K
}
Event: 4.009 GC heap before
{Heap before GC invocations=2 (full 0):
 garbage-first heap   total 131072K, used 29168K [0x0000000780000000, 0x0000000800000000)
  region size 1024K, 25 young (25600K), 2 survivors (2048K)
 Metaspace       used 20477K, capacity 21076K, committed 21248K, reserved 1067008K
  class space    used 2574K, capacity 2806K, committed 2816K, reserved 1048576K
}
Event: 4.020 GC heap after
{Heap after GC invocations=3 (full 0):
 garbage-first heap   total 131072K, used 9651K [0x0000000780000000, 0x0000000800000000)
  region size 1024K, 5 young (5120K), 5 survivors (5120K)
 Metaspace       used 20477K, capacity 21076K, committed 21248K, reserved 1067008K
  class space    used 2574K, capacity 2806K, committed 2816K, reserved 1048576K
}

Deoptimization events (20 events):
Event: 4.542 Thread 0x00007fb8c48b7000 DEOPT PACKING pc=0x0000000123d10e6c sp=0x00007000051bc7b0
Event: 4.542 Thread 0x00007fb8c48b7000 DEOPT UNPACKING pc=0x000000011c203ea5 sp=0x00007000051bc758 mode 2
Event: 4.909 Thread 0x00007fb8c48b7000 DEOPT PACKING pc=0x000000011ca7ccb2 sp=0x00007000051bd650
Event: 4.909 Thread 0x00007fb8c48b7000 DEOPT UNPACKING pc=0x000000011c20464a sp=0x00007000051bcad0 mode 0
Event: 9.636 Thread 0x00007fb8c48b7000 DEOPT PACKING pc=0x000000011caba3b0 sp=0x00007000051bd9d0
Event: 9.636 Thread 0x00007fb8c48b7000 DEOPT UNPACKING pc=0x000000011c20464a sp=0x00007000051bce10 mode 0
Event: 9.642 Thread 0x00007fb8c48b7000 DEOPT PACKING pc=0x000000011cab99c6 sp=0x00007000051bd980
Event: 9.642 Thread 0x00007fb8c48b7000 DEOPT UNPACKING pc=0x000000011c20464a sp=0x00007000051bce08 mode 0
Event: 10.708 Thread 0x00007fb8c48b7000 DEOPT PACKING pc=0x000000011ca847dd sp=0x00007000051bd990
Event: 10.708 Thread 0x00007fb8c48b7000 DEOPT UNPACKING pc=0x000000011c20464a sp=0x00007000051bce40 mode 0
Event: 11.125 Thread 0x00007fb8c48b7000 DEOPT PACKING pc=0x000000011ca85829 sp=0x00007000051bcd10
Event: 11.125 Thread 0x00007fb8c48b7000 DEOPT UNPACKING pc=0x000000011c20464a sp=0x00007000051bc0f8 mode 0
Event: 11.736 Thread 0x00007fb8c4aea800 Uncommon trap: trap_request=0xffffff4d fr.pc=0x0000000123d63b78 relative=0x0000000000000058
Event: 11.736 Thread 0x00007fb8c4aea800 Uncommon trap: reason=unstable_if action=reinterpret pc=0x0000000123d63b78 method=javafx.scene.Node.updateLocalToParentTransform()V @ 4 c2
Event: 11.736 Thread 0x00007fb8c4aea800 DEOPT PACKING pc=0x0000000123d63b78 sp=0x00007ff7b097a480
Event: 11.736 Thread 0x00007fb8c4aea800 DEOPT UNPACKING pc=0x000000011c203ea5 sp=0x00007ff7b097a3f0 mode 2
Event: 11.785 Thread 0x00007fb8c48b7000 DEOPT PACKING pc=0x000000011caec379 sp=0x00007000051bcf70
Event: 11.785 Thread 0x00007fb8c48b7000 DEOPT UNPACKING pc=0x000000011c20464a sp=0x00007000051bc3c8 mode 0
Event: 15.189 Thread 0x00007fb8c48b7000 DEOPT PACKING pc=0x000000011caebdf4 sp=0x00007000051bd830
Event: 15.189 Thread 0x00007fb8c48b7000 DEOPT UNPACKING pc=0x000000011c20464a sp=0x00007000051bcc88 mode 0

Classes redefined (0 events):
No events

Internal exceptions (20 events):
Event: 2.315 Thread 0x00007fb8c4aea800 Exception <a 'java/lang/ClassNotFoundException'{0x000000078767e788}: sun/util/logging/resources/spi/loggingProvider> (0x000000078767e788) thrown at [./src/hotspot/share/classfile/systemDictionary.cpp, line 231]
Event: 2.396 Thread 0x00007fb8c4aea800 Exception <a 'java/lang/NoSuchMethodError'{0x0000000787e3fc50}: 'java.lang.Object java.lang.invoke.DirectMethodHandle$Holder.invokeSpecial(java.lang.Object, java.lang.Object, java.lang.Object, int, java.lang.Object)'> (0x0000000787e3fc50) thrown at [./src/hotspot/share/interpreter/linkResolver.cpp, line 773]
Event: 2.397 Thread 0x00007fb8c4aea800 Exception <a 'java/lang/NoSuchMethodError'{0x0000000787e49bf8}: 'java.lang.Object java.lang.invoke.Invokers$Holder.linkToTargetMethod(java.lang.Object, int, java.lang.Object, java.lang.Object)'> (0x0000000787e49bf8) thrown at [./src/hotspot/share/interpreter/linkResolver.cpp, line 773]
Event: 2.860 Thread 0x00007fb8c4aea800 Exception <a 'java/lang/NoSuchMethodError'{0x00000007879ecc80}: 'void java.lang.invoke.DirectMethodHandle$Holder.invokeStaticInit(java.lang.Object, java.lang.Object)'> (0x00000007879ecc80) thrown at [./src/hotspot/share/interpreter/linkResolver.cpp, line 773]
Event: 2.876 Thread 0x00007fb8c4aea800 Exception <a 'java/lang/NoSuchMethodError'{0x0000000787864f18}: 'void java.lang.invoke.DirectMethodHandle$Holder.invokeSpecial(java.lang.Object, java.lang.Object, java.lang.Object, java.lang.Object)'> (0x0000000787864f18) thrown at [./src/hotspot/share/interpreter/linkResolver.cpp, line 773]
Event: 3.072 Thread 0x00007fb8c4aea800 Implicit null exception at 0x0000000123cee095 to 0x0000000123cee4a4
Event: 3.927 Thread 0x00007fb8c4aea800 Exception <a 'java/lang/NoSuchMethodError'{0x0000000786917100}: 'java.lang.Object java.lang.invoke.Invokers$Holder.linkToTargetMethod(java.lang.Object, int, java.lang.Object)'> (0x0000000786917100) thrown at [./src/hotspot/share/interpreter/linkResolver.cpp, line 773]
Event: 4.048 Thread 0x00007fb8c4aea800 Exception <a 'java/lang/NoSuchMethodError'{0x0000000787f5ebe8}: 'java.lang.Object java.lang.invoke.DirectMethodHandle$Holder.invokeInterface(java.lang.Object, java.lang.Object, java.lang.Object)'> (0x0000000787f5ebe8) thrown at [./src/hotspot/share/interpreter/linkResolver.cpp, line 773]
Event: 4.049 Thread 0x00007fb8c4aea800 Exception <a 'java/lang/IncompatibleClassChangeError'{0x0000000787f61da0}: Found class java.lang.Object, but interface was expected> (0x0000000787f61da0) thrown at [./src/hotspot/share/interpreter/linkResolver.cpp, line 839]
Event: 4.436 Thread 0x00007fb8c48b7000 Exception <a 'java/lang/NoSuchMethodError'{0x000000078791beb8}: 'int java.lang.invoke.DirectMethodHandle$Holder.invokeStaticInit(java.lang.Object, java.lang.Object)'> (0x000000078791beb8) thrown at [./src/hotspot/share/interpreter/linkResolver.cpp, line 773]
Event: 4.462 Thread 0x00007fb8c4aea800 Exception <a 'java/lang/NoSuchMethodError'{0x0000000787a7a998}: 'java.lang.Object java.lang.invoke.DirectMethodHandle$Holder.invokeStatic(java.lang.Object, java.lang.Object, long, int, int, int)'> (0x0000000787a7a998) thrown at [./src/hotspot/share/interpreter/linkResolver.cpp, line 773]
Event: 4.467 Thread 0x00007fb8c4aea800 Exception <a 'java/lang/NoSuchMethodError'{0x000000078797a4c0}: 'java.lang.Object java.lang.invoke.DirectMethodHandle$Holder.invokeStatic(java.lang.Object, java.lang.Object, int, java.lang.Object, long, int, int, int, int)'> (0x000000078797a4c0) thrown at [./src/hotspot/share/interpreter/linkResolver.cpp, line 773]
Event: 4.480 Thread 0x00007fb8c4aea800 Exception <a 'java/lang/NoSuchMethodError'{0x00000007879aad90}: 'long java.lang.invoke.DirectMethodHandle$Holder.invokeStaticInit(java.lang.Object, java.lang.Object, java.lang.Object)'> (0x00000007879aad90) thrown at [./src/hotspot/share/interpreter/linkResolver.cpp, line 773]
Event: 4.486 Thread 0x00007fb8c4aea800 Exception <a 'java/lang/NoSuchMethodError'{0x00000007879c33d8}: 'java.lang.Object java.lang.invoke.DirectMethodHandle$Holder.invokeStatic(java.lang.Object, java.lang.Object, long)'> (0x00000007879c33d8) thrown at [./src/hotspot/share/interpreter/linkResolver.cpp, line 773]
Event: 4.495 Thread 0x00007fb8c4aea800 Exception <a 'java/lang/NoSuchMethodError'{0x00000007879c9550}: 'java.lang.Object java.lang.invoke.Invokers$Holder.linkToTargetMethod(java.lang.Object, long, java.lang.Object)'> (0x00000007879c9550) thrown at [./src/hotspot/share/interpreter/linkResolver.cpp, line 773]
Event: 5.130 Thread 0x00007fb8c4aea800 Exception <a 'java/lang/NoSuchMethodError'{0x00000007879d7598}: 'java.lang.Object java.lang.invoke.DirectMethodHandle$Holder.invokeStatic(java.lang.Object, java.lang.Object, int, java.lang.Object, double, double, double, double, double, double, int, int, int, int, int, int, int, int)'> (0x00000007879d7598) thrown at [./src/hotspot/share/interpreter/linkResolver.cpp, line 773]
Event: 5.458 Thread 0x00007fb8c4aea800 Exception <a 'java/lang/NoSuchMethodError'{0x000000078743d708}: 'long java.lang.invoke.DirectMethodHandle$Holder.invokeStatic(java.lang.Object, java.lang.Object)'> (0x000000078743d708) thrown at [./src/hotspot/share/interpreter/linkResolver.cpp, line 773]
Event: 9.652 Thread 0x00007fb8c4aea800 Exception <a 'java/lang/NoSuchMethodError'{0x0000000787378d70}: 'java.lang.Object java.lang.invoke.DirectMethodHandle$Holder.invokeStatic(java.lang.Object, java.lang.Object, int, int, int, int, int, java.lang.Object)'> (0x0000000787378d70) thrown at [./src/hotspot/share/interpreter/linkResolver.cpp, line 773]
Event: 9.656 Thread 0x00007fb8c4aea800 Exception <a 'java/lang/NoSuchMethodError'{0x0000000787389848}: 'java.lang.Object java.lang.invoke.DirectMethodHandle$Holder.invokeStatic(java.lang.Object, java.lang.Object, java.lang.Object, int, int, int, int, int)'> (0x0000000787389848) thrown at [./src/hotspot/share/interpreter/linkResolver.cpp, line 773]
Event: 9.657 Thread 0x00007fb8c4aea800 Exception <a 'java/lang/NoSuchMethodError'{0x00000007873900b8}: 'java.lang.Object java.lang.invoke.Invokers$Holder.linkToTargetMethod(java.lang.Object, java.lang.Object, int, int, int, int, int, java.lang.Object)'> (0x00000007873900b8) thrown at [./src/hotspot/share/interpreter/linkResolver.cpp, line 773]

Events (20 events):
Event: 11.680 loading class javafx/scene/layout/HBox$StyleableProperties$2
Event: 11.680 loading class javafx/scene/layout/HBox$StyleableProperties$2 done
Event: 11.680 loading class javafx/scene/layout/HBox$StyleableProperties$3
Event: 11.680 loading class javafx/scene/layout/HBox$StyleableProperties$3 done
Event: 11.688 loading class javafx/scene/control/skin/LabelSkin
Event: 11.688 loading class javafx/scene/control/skin/LabelSkin done
Event: 11.693 loading class javafx/beans/value/ObservableValue
Event: 11.693 loading class javafx/beans/value/ObservableValue done
Event: 11.693 loading class javafx/beans/value/ObservableValue
Event: 11.693 loading class javafx/beans/value/ObservableValue done
Event: 11.693 loading class javafx/scene/control/skin/LabelSkin
Event: 11.693 loading class javafx/scene/control/skin/LabelSkin done
Event: 11.741 loading class com/sun/prism/image/CompoundImage
Event: 11.741 loading class com/sun/prism/image/CompoundImage done
Event: 11.743 loading class com/sun/prism/image/CachingCompoundImage
Event: 11.743 loading class com/sun/prism/image/CachingCompoundImage done
Event: 11.746 Executing VM operation: RevokeBias
Event: 11.746 Executing VM operation: RevokeBias done
Event: 11.747 Executing VM operation: RevokeBias
Event: 11.747 Executing VM operation: RevokeBias done


Dynamic libraries:
0x000000010f69f000 	/Library/Java/JavaVirtualMachines/temurin-11.jdk/Contents/Home/lib/jli/libjli.dylib
0x00007ff82b756000 	/System/Library/Frameworks/Cocoa.framework/Versions/A/Cocoa
0x00007ff8173bf000 	/System/Library/Frameworks/AppKit.framework/Versions/C/AppKit
0x00007ff81a8d2000 	/System/Library/Frameworks/CoreData.framework/Versions/A/CoreData
0x00007ff8157c3000 	/System/Library/Frameworks/Foundation.framework/Versions/C/Foundation
0x00007ff81f6eb000 	/usr/lib/libSystem.B.dylib
0x00007ff81824e000 	/System/Library/PrivateFrameworks/UIFoundation.framework/Versions/A/UIFoundation
0x00007ff82565a000 	/System/Library/PrivateFrameworks/RemoteViewServices.framework/Versions/A/RemoteViewServices
0x00007ff81d940000 	/System/Library/PrivateFrameworks/XCTTargetBootstrap.framework/Versions/A/XCTTargetBootstrap
0x00007ff8214f2000 	/System/Library/PrivateFrameworks/InternationalSupport.framework/Versions/A/InternationalSupport
0x00007ff82157c000 	/System/Library/PrivateFrameworks/UserActivity.framework/Versions/A/UserActivity
0x00007ff8208d2000 	/usr/lib/libspindump.dylib
0x00007ff8184dc000 	/System/Library/Frameworks/UniformTypeIdentifiers.framework/Versions/A/UniformTypeIdentifiers
0x00007ff81c068000 	/usr/lib/libapp_launch_measurement.dylib
0x00007ff81b2a3000 	/System/Library/PrivateFrameworks/CoreAnalytics.framework/Versions/A/CoreAnalytics
0x00007ff81c06b000 	/System/Library/PrivateFrameworks/CoreAutoLayout.framework/Versions/A/CoreAutoLayout
0x00007ff81d29a000 	/System/Library/Frameworks/Metal.framework/Versions/A/Metal
0x00007ff81dfc5000 	/usr/lib/liblangid.dylib
0x00007ff81d945000 	/System/Library/PrivateFrameworks/CoreSVG.framework/Versions/A/CoreSVG
0x00007ff8198c7000 	/System/Library/PrivateFrameworks/SkyLight.framework/Versions/A/SkyLight
0x00007ff819c65000 	/System/Library/Frameworks/CoreGraphics.framework/Versions/A/CoreGraphics
0x00007ff825d1a000 	/System/Library/Frameworks/Accelerate.framework/Versions/A/Accelerate
0x00007ff820351000 	/System/Library/PrivateFrameworks/IconServices.framework/Versions/A/IconServices
0x00007ff81d27f000 	/System/Library/Frameworks/IOSurface.framework/Versions/A/IOSurface
0x00007ff81b2d1000 	/usr/lib/libDiagnosticMessagesClient.dylib
0x00007ff81f60b000 	/usr/lib/libz.1.dylib
0x00007ff8293fa000 	/System/Library/Frameworks/ApplicationServices.framework/Versions/A/ApplicationServices
0x00007ff81d92c000 	/System/Library/PrivateFrameworks/DFRFoundation.framework/Versions/A/DFRFoundation
0x00007ff816ca7000 	/usr/lib/libicucore.A.dylib
0x00007ff8222e7000 	/System/Library/Frameworks/AudioToolbox.framework/Versions/A/AudioToolbox
0x00007ff8214fe000 	/System/Library/PrivateFrameworks/DataDetectorsCore.framework/Versions/A/DataDetectorsCore
0x00007ff91d9e5000 	/System/Library/PrivateFrameworks/TextInput.framework/Versions/A/TextInput
0x00007ff81984a000 	/usr/lib/libMobileGestalt.dylib
0x00007ff81d638000 	/System/Library/Frameworks/Carbon.framework/Versions/A/Frameworks/HIToolbox.framework/Versions/A/HIToolbox
0x00007ff81ba6e000 	/System/Library/Frameworks/QuartzCore.framework/Versions/A/QuartzCore
0x00007ff81694c000 	/System/Library/Frameworks/Security.framework/Versions/A/Security
0x00007ff825692000 	/System/Library/Frameworks/Carbon.framework/Versions/A/Frameworks/SpeechRecognition.framework/Versions/A/SpeechRecognition
0x00007ff81bdc8000 	/System/Library/PrivateFrameworks/CoreUI.framework/Versions/A/CoreUI
0x00007ff816217000 	/System/Library/Frameworks/CoreAudio.framework/Versions/A/CoreAudio
0x00007ff81b3c0000 	/System/Library/Frameworks/DiskArbitration.framework/Versions/A/DiskArbitration
0x00007ff820cc0000 	/System/Library/PrivateFrameworks/MultitouchSupport.framework/Versions/A/MultitouchSupport
0x00007ff819849000 	/usr/lib/libenergytrace.dylib
0x00007ff8172ab000 	/System/Library/Frameworks/IOKit.framework/Versions/A/IOKit
0x00007ff825a82000 	/System/Library/Frameworks/CoreServices.framework/Versions/A/CoreServices
0x00007ff81c002000 	/System/Library/PrivateFrameworks/PerformanceAnalysis.framework/Versions/A/PerformanceAnalysis
0x00007ffa2d6ca000 	/System/Library/Frameworks/OpenGL.framework/Versions/A/OpenGL
0x00007ff81ec27000 	/System/Library/PrivateFrameworks/MobileKeyBag.framework/Versions/A/MobileKeyBag
0x00007ff814787000 	/usr/lib/libobjc.A.dylib
0x00007ff81a331000 	/System/Library/Frameworks/ColorSync.framework/Versions/A/ColorSync
0x00007ff814941000 	/System/Library/Frameworks/CoreFoundation.framework/Versions/A/CoreFoundation
0x00007ff81dbbb000 	/System/Library/Frameworks/CoreImage.framework/Versions/A/CoreImage
0x00007ff81602b000 	/System/Library/Frameworks/CoreText.framework/Versions/A/CoreText
0x00007ff81d975000 	/System/Library/Frameworks/ImageIO.framework/Versions/A/ImageIO
0x00007ff81f6f1000 	/System/Library/PrivateFrameworks/SoftLinking.framework/Versions/A/SoftLinking
0x00007ff81c0b3000 	/usr/lib/libxml2.2.dylib
0x00007ff81484d000 	/usr/lib/libc++.1.dylib
0x00007ff81f975000 	/usr/lib/libcompression.dylib
0x00007ff821425000 	/System/Library/PrivateFrameworks/TextureIO.framework/Versions/A/TextureIO
0x00007ff820063000 	/usr/lib/libate.dylib
0x00007ff81f6e6000 	/usr/lib/system/libcache.dylib
0x00007ff81f6a2000 	/usr/lib/system/libcommonCrypto.dylib
0x00007ff81f6cb000 	/usr/lib/system/libcompiler_rt.dylib
0x00007ff81f6c1000 	/usr/lib/system/libcopyfile.dylib
0x00007ff814682000 	/usr/lib/system/libcorecrypto.dylib
0x00007ff814740000 	/usr/lib/system/libdispatch.dylib
0x00007ff814900000 	/usr/lib/system/libdyld.dylib
0x00007ff81f6dd000 	/usr/lib/system/libkeymgr.dylib
0x00007ff81f680000 	/usr/lib/system/libmacho.dylib
0x00007ff81ed01000 	/usr/lib/system/libquarantine.dylib
0x00007ff81f6db000 	/usr/lib/system/libremovefile.dylib
0x00007ff819897000 	/usr/lib/system/libsystem_asl.dylib
0x00007ff81462b000 	/usr/lib/system/libsystem_blocks.dylib
0x00007ff8147c4000 	/usr/lib/system/libsystem_c.dylib
0x00007ff81f6d3000 	/usr/lib/system/libsystem_collections.dylib
0x00007ff81dfb5000 	/usr/lib/system/libsystem_configuration.dylib
0x00007ff81d262000 	/usr/lib/system/libsystem_containermanager.dylib
0x00007ff81f3b8000 	/usr/lib/system/libsystem_coreservices.dylib
0x00007ff816f3b000 	/usr/lib/system/libsystem_darwin.dylib
0x00007ff81f6de000 	/usr/lib/system/libsystem_dnssd.dylib
0x00007ff8147c1000 	/usr/lib/system/libsystem_featureflags.dylib
0x00007ff814916000 	/usr/lib/system/libsystem_info.dylib
0x00007ff81f61e000 	/usr/lib/system/libsystem_m.dylib
0x00007ff814714000 	/usr/lib/system/libsystem_malloc.dylib
0x00007ff819832000 	/usr/lib/system/libsystem_networkextension.dylib
0x00007ff817361000 	/usr/lib/system/libsystem_notify.dylib
0x00007ff825957000 	/usr/lib/system/libsystem_product_info_filter.dylib
0x00007ff81dfb9000 	/usr/lib/system/libsystem_sandbox.dylib
0x00007ff81f6d8000 	/usr/lib/system/libsystem_secinit.dylib
0x00007ff8148bc000 	/usr/lib/system/libsystem_kernel.dylib
0x00007ff81490c000 	/usr/lib/system/libsystem_platform.dylib
0x00007ff8148f4000 	/usr/lib/system/libsystem_pthread.dylib
0x00007ff81b0e3000 	/usr/lib/system/libsystem_symptoms.dylib
0x00007ff814669000 	/usr/lib/system/libsystem_trace.dylib
0x00007ff81f6ae000 	/usr/lib/system/libunwind.dylib
0x00007ff81462d000 	/usr/lib/system/libxpc.dylib
0x00007ff8148a6000 	/usr/lib/libc++abi.dylib
0x00007ff81f6b9000 	/usr/lib/liboah.dylib
0x00007ff81fe3f000 	/usr/lib/liblzma.5.dylib
0x00007ff8154d2000 	/System/Library/Frameworks/SystemConfiguration.framework/Versions/A/SystemConfiguration
0x00007ff81f6ed000 	/usr/lib/libfakelink.dylib
0x00007ff8193a3000 	/System/Library/Frameworks/CFNetwork.framework/Versions/A/CFNetwork
0x00007ff81f82e000 	/usr/lib/libarchive.2.dylib
0x00007ff81dfc1000 	/System/Library/PrivateFrameworks/AppleSystemInfo.framework/Versions/A/AppleSystemInfo
0x00007ff81ed28000 	/usr/lib/libbsm.0.dylib
0x00007ff8189b2000 	/usr/lib/libnetwork.dylib
0x00007ff81f686000 	/usr/lib/system/libkxld.dylib
0x00007ff81e95b000 	/System/Library/PrivateFrameworks/IOMobileFramebuffer.framework/Versions/A/IOMobileFramebuffer
0x00007ffb2ca9e000 	/usr/lib/libCoreEntitlements.dylib
0x00007ff81f39a000 	/System/Library/PrivateFrameworks/AppleFSCompression.framework/Versions/A/AppleFSCompression
0x00007ff81ed10000 	/usr/lib/libcoretls.dylib
0x00007ff81fe59000 	/usr/lib/libcoretls_cfhelpers.dylib
0x00007ff81f970000 	/usr/lib/libpam.2.dylib
0x00007ff81ad03000 	/usr/lib/libsqlite3.dylib
0x00007ff81fec8000 	/usr/lib/libxar.1.dylib
0x00007ff81f3aa000 	/usr/lib/libbz2.1.0.dylib
0x00007ff81f6f2000 	/usr/lib/libpcap.A.dylib
0x00007ff81b0db000 	/usr/lib/libdns_services.dylib
0x00007ff81f940000 	/usr/lib/libapple_nghttp2.dylib
0x00007ff81f72c000 	/usr/lib/libiconv.2.dylib
0x00007ff81f67f000 	/usr/lib/libcharset.1.dylib
0x00007ff81c036000 	/System/Library/Frameworks/CoreServices.framework/Versions/A/Frameworks/FSEvents.framework/Versions/A/FSEvents
0x00007ff816f45000 	/System/Library/Frameworks/CoreServices.framework/Versions/A/Frameworks/CarbonCore.framework/Versions/A/CarbonCore
0x00007ff81b324000 	/System/Library/Frameworks/CoreServices.framework/Versions/A/Frameworks/Metadata.framework/Versions/A/Metadata
0x00007ff81f3bd000 	/System/Library/Frameworks/CoreServices.framework/Versions/A/Frameworks/OSServices.framework/Versions/A/OSServices
0x00007ff81f8b5000 	/System/Library/Frameworks/CoreServices.framework/Versions/A/Frameworks/SearchKit.framework/Versions/A/SearchKit
0x00007ff81b06e000 	/System/Library/Frameworks/CoreServices.framework/Versions/A/Frameworks/AE.framework/Versions/A/AE
0x00007ff814e44000 	/System/Library/Frameworks/CoreServices.framework/Versions/A/Frameworks/LaunchServices.framework/Versions/A/LaunchServices
0x00007ff81fdf0000 	/System/Library/Frameworks/CoreServices.framework/Versions/A/Frameworks/DictionaryServices.framework/Versions/A/DictionaryServices
0x00007ff81c043000 	/System/Library/Frameworks/CoreServices.framework/Versions/A/Frameworks/SharedFileList.framework/Versions/A/SharedFileList
0x00007ff81ed04000 	/usr/lib/libCheckFix.dylib
0x00007ff8198ae000 	/System/Library/PrivateFrameworks/TCC.framework/Versions/A/TCC
0x00007ff81dfc7000 	/System/Library/PrivateFrameworks/CoreNLP.framework/Versions/A/CoreNLP
0x00007ff81b2d4000 	/System/Library/PrivateFrameworks/MetadataUtilities.framework/Versions/A/MetadataUtilities
0x00007ff815586000 	/usr/lib/libmecabra.dylib
0x00007ff81ed38000 	/usr/lib/libmecab.dylib
0x00007ff815551000 	/usr/lib/libCRFSuite.dylib
0x00007ff81ed92000 	/usr/lib/libgermantok.dylib
0x00007ff81f91b000 	/usr/lib/libThaiTokenizer.dylib
0x00007ff81b3c7000 	/System/Library/Frameworks/Accelerate.framework/Versions/A/Frameworks/vImage.framework/Versions/A/vImage
0x00007ff825a59000 	/System/Library/Frameworks/Accelerate.framework/Versions/A/Frameworks/vecLib.framework/Versions/A/vecLib
0x00007ff81ff09000 	/System/Library/Frameworks/Accelerate.framework/Versions/A/Frameworks/vecLib.framework/Versions/A/libvMisc.dylib
0x00007ff81e786000 	/System/Library/Frameworks/Accelerate.framework/Versions/A/Frameworks/vecLib.framework/Versions/A/libvDSP.dylib
0x00007ff8151c2000 	/System/Library/Frameworks/Accelerate.framework/Versions/A/Frameworks/vecLib.framework/Versions/A/libBLAS.dylib
0x00007ff81fa52000 	/System/Library/Frameworks/Accelerate.framework/Versions/A/Frameworks/vecLib.framework/Versions/A/libLAPACK.dylib
0x00007ff81ed95000 	/System/Library/Frameworks/Accelerate.framework/Versions/A/Frameworks/vecLib.framework/Versions/A/libLinearAlgebra.dylib
0x00007ff81f958000 	/System/Library/Frameworks/Accelerate.framework/Versions/A/Frameworks/vecLib.framework/Versions/A/libSparseBLAS.dylib
0x00007ff81fa4c000 	/System/Library/Frameworks/Accelerate.framework/Versions/A/Frameworks/vecLib.framework/Versions/A/libQuadrature.dylib
0x00007ff81e0b2000 	/System/Library/Frameworks/Accelerate.framework/Versions/A/Frameworks/vecLib.framework/Versions/A/libBNNS.dylib
0x00007ff81545c000 	/System/Library/Frameworks/Accelerate.framework/Versions/A/Frameworks/vecLib.framework/Versions/A/libSparse.dylib
0x00007ff81e0ab000 	/System/Library/PrivateFrameworks/LinguisticData.framework/Versions/A/LinguisticData
0x00007ff815412000 	/System/Library/PrivateFrameworks/Lexicon.framework/Versions/A/Lexicon
0x00007ff81ff02000 	/usr/lib/libChineseTokenizer.dylib
0x00007ff815b80000 	/System/Library/PrivateFrameworks/LanguageModeling.framework/Versions/A/LanguageModeling
0x00007ff81f91d000 	/System/Library/PrivateFrameworks/AppleSauce.framework/Versions/A/AppleSauce
0x00007ff81e949000 	/System/Library/PrivateFrameworks/CoreEmoji.framework/Versions/A/CoreEmoji
0x00007ff81f81d000 	/usr/lib/libcmph.dylib
0x00007ff81c01a000 	/System/Library/Frameworks/OpenDirectory.framework/Versions/A/Frameworks/CFOpenDirectory.framework/Versions/A/CFOpenDirectory
0x00007ff81c00e000 	/System/Library/Frameworks/OpenDirectory.framework/Versions/A/OpenDirectory
0x00007ff81fe5b000 	/System/Library/PrivateFrameworks/APFS.framework/Versions/A/APFS
0x00007ff81ec5f000 	/System/Library/Frameworks/SecurityFoundation.framework/Versions/A/SecurityFoundation
0x00007ff81fed6000 	/usr/lib/libutil.dylib
0x00007ff81726f000 	/System/Library/PrivateFrameworks/CoreServicesStore.framework/Versions/A/CoreServicesStore
0x00007ff81feda000 	/usr/lib/libxslt.1.dylib
0x00007ff81ecec000 	/System/Library/PrivateFrameworks/BackgroundTaskManagement.framework/Versions/A/BackgroundTaskManagement
0x00007ff821345000 	/System/Library/Frameworks/ImageIO.framework/Versions/A/Resources/libRadiance.dylib
0x00007ff82134e000 	/System/Library/Frameworks/ImageIO.framework/Versions/A/Resources/libJPEG.dylib
0x00007ff82129f000 	/System/Library/Frameworks/ImageIO.framework/Versions/A/Resources/libPng.dylib
0x00007ff8212c0000 	/System/Library/Frameworks/ImageIO.framework/Versions/A/Resources/libTIFF.dylib
0x00007ff8213ae000 	/System/Library/Frameworks/ImageIO.framework/Versions/A/Resources/libGIF.dylib
0x00007ff820bda000 	/System/Library/Frameworks/ImageIO.framework/Versions/A/Resources/libJP2.dylib
0x00007ff820318000 	/usr/lib/libexpat.1.dylib
0x00007ff820b8f000 	/System/Library/PrivateFrameworks/AppleJPEG.framework/Versions/A/AppleJPEG
0x00007ff81d4fc000 	/System/Library/PrivateFrameworks/FontServices.framework/libFontParser.dylib
0x00007ff81b018000 	/System/Library/PrivateFrameworks/RunningBoardServices.framework/Versions/A/RunningBoardServices
0x00007ff82bd11000 	/System/Library/PrivateFrameworks/IOSurfaceAccelerator.framework/Versions/A/IOSurfaceAccelerator
0x00007ff820cbc000 	/System/Library/PrivateFrameworks/WatchdogClient.framework/Versions/A/WatchdogClient
0x00007ff815c6e000 	/System/Library/Frameworks/CoreDisplay.framework/Versions/A/CoreDisplay
0x00007ff81d3fa000 	/System/Library/Frameworks/CoreMedia.framework/Versions/A/CoreMedia
0x00007ff81d291000 	/System/Library/PrivateFrameworks/IOAccelerator.framework/Versions/A/IOAccelerator
0x00007ff81c197000 	/System/Library/Frameworks/CoreVideo.framework/Versions/A/CoreVideo
0x00007ff81f96e000 	/System/Library/Frameworks/MetalPerformanceShaders.framework/Versions/A/MetalPerformanceShaders
0x00007ff820cf9000 	/System/Library/Frameworks/VideoToolbox.framework/Versions/A/VideoToolbox
0x00007ff81af62000 	/System/Library/PrivateFrameworks/BaseBoard.framework/Versions/A/BaseBoard
0x00007ff81ace9000 	/System/Library/PrivateFrameworks/ProtocolBuffer.framework/Versions/A/ProtocolBuffer
0x00007ff82133e000 	/System/Library/PrivateFrameworks/GPUWrangler.framework/Versions/A/GPUWrangler
0x00007ff821322000 	/System/Library/PrivateFrameworks/IOPresentment.framework/Versions/A/IOPresentment
0x00007ff821348000 	/System/Library/PrivateFrameworks/DSExternalDisplay.framework/Versions/A/DSExternalDisplay
0x00007ffa2d6be000 	/System/Library/Frameworks/OpenGL.framework/Versions/A/Libraries/libCoreFSCache.dylib
0x00007ffb1a1c2000 	/System/Library/PrivateFrameworks/GPUCompiler.framework/Versions/31001/Libraries/libGPUCompilerUtils.dylib
0x00007ff8213b3000 	/System/Library/PrivateFrameworks/CMCaptureCore.framework/Versions/A/CMCaptureCore
0x00007ff8208c0000 	/System/Library/PrivateFrameworks/AppServerSupport.framework/Versions/A/AppServerSupport
0x00007ff822b7f000 	/System/Library/PrivateFrameworks/perfdata.framework/Versions/A/perfdata
0x00007ff815d9a000 	/System/Library/PrivateFrameworks/AudioToolboxCore.framework/Versions/A/AudioToolboxCore
0x00007ff81d3d8000 	/System/Library/PrivateFrameworks/caulk.framework/Versions/A/caulk
0x00007ff822491000 	/usr/lib/libAudioStatistics.dylib
0x00007ff91a188000 	/System/Library/PrivateFrameworks/SystemPolicy.framework/Versions/A/SystemPolicy
0x00007ff8226ec000 	/usr/lib/libSMC.dylib
0x00007ff82b609000 	/System/Library/Frameworks/CoreMIDI.framework/Versions/A/CoreMIDI
0x00007ff82126e000 	/usr/lib/libAudioToolboxUtility.dylib
0x00007ff9163bd000 	/System/Library/PrivateFrameworks/OSAServicesClient.framework/Versions/A/OSAServicesClient
0x00007ff822b8c000 	/usr/lib/libperfcheck.dylib
0x00007ff91ac32000 	/usr/lib/libmis.dylib
0x00007ffa2d719000 	/System/Library/Frameworks/OpenGL.framework/Versions/A/Libraries/libGLU.dylib
0x00007ffa2d6dd000 	/System/Library/Frameworks/OpenGL.framework/Versions/A/Libraries/libGFXShared.dylib
0x00007ffa2d8e6000 	/System/Library/Frameworks/OpenGL.framework/Versions/A/Libraries/libGL.dylib
0x00007ffa2d6e6000 	/System/Library/Frameworks/OpenGL.framework/Versions/A/Libraries/libGLImage.dylib
0x00007ffa2d6da000 	/System/Library/Frameworks/OpenGL.framework/Versions/A/Libraries/libCVMSPluginSupport.dylib
0x00007ffa2d6c5000 	/System/Library/Frameworks/OpenGL.framework/Versions/A/Libraries/libCoreVMClient.dylib
0x00007ff81df43000 	/System/Library/Frameworks/MetalPerformanceShaders.framework/Versions/A/Frameworks/MPSCore.framework/Versions/A/MPSCore
0x00007ff81f305000 	/System/Library/Frameworks/MetalPerformanceShaders.framework/Versions/A/Frameworks/MPSImage.framework/Versions/A/MPSImage
0x00007ff81edab000 	/System/Library/Frameworks/MetalPerformanceShaders.framework/Versions/A/Frameworks/MPSNeuralNetwork.framework/Versions/A/MPSNeuralNetwork
0x00007ff81f21f000 	/System/Library/Frameworks/MetalPerformanceShaders.framework/Versions/A/Frameworks/MPSMatrix.framework/Versions/A/MPSMatrix
0x00007ff81efda000 	/System/Library/Frameworks/MetalPerformanceShaders.framework/Versions/A/Frameworks/MPSRayIntersector.framework/Versions/A/MPSRayIntersector
0x00007ff81f257000 	/System/Library/Frameworks/MetalPerformanceShaders.framework/Versions/A/Frameworks/MPSNDArray.framework/Versions/A/MPSNDArray
0x00007ffa328e0000 	/System/Library/Frameworks/MetalPerformanceShaders.framework/Versions/A/Frameworks/MPSFunctions.framework/Versions/A/MPSFunctions
0x00007ff81509b000 	/System/Library/PrivateFrameworks/MetalTools.framework/Versions/A/MetalTools
0x00007ff81dfbf000 	/System/Library/PrivateFrameworks/AggregateDictionary.framework/Versions/A/AggregateDictionary
0x00007ff8200fa000 	/usr/lib/libIOReport.dylib
0x00007ffa2ecf5000 	/System/Library/Frameworks/OpenCL.framework/Versions/A/OpenCL
0x00007ff82045e000 	/System/Library/PrivateFrameworks/FaceCore.framework/Versions/A/FaceCore
0x00007ff82044f000 	/System/Library/PrivateFrameworks/GraphVisualizer.framework/Versions/A/GraphVisualizer
0x00007ffb1a0cd000 	/System/Library/PrivateFrameworks/FontServices.framework/Versions/A/FontServices
0x00007ff820878000 	/System/Library/PrivateFrameworks/OTSVG.framework/Versions/A/OTSVG
0x00007ff81bd7e000 	/System/Library/Frameworks/ApplicationServices.framework/Versions/A/Frameworks/ATS.framework/Versions/A/Resources/libFontRegistry.dylib
0x00007ff8208c8000 	/System/Library/PrivateFrameworks/FontServices.framework/libhvf.dylib
0x00007ffb1a0ce000 	/System/Library/PrivateFrameworks/FontServices.framework/libXTFontStaticRegistryData.dylib
0x00007ff8202c8000 	/System/Library/PrivateFrameworks/AppleVA.framework/Versions/A/AppleVA
0x00007ff8224b1000 	/System/Library/Frameworks/ApplicationServices.framework/Versions/A/Frameworks/ATS.framework/Versions/A/ATS
0x00007ff81a42f000 	/System/Library/Frameworks/ApplicationServices.framework/Versions/A/Frameworks/HIServices.framework/Versions/A/HIServices
0x00007ff8213bd000 	/System/Library/Frameworks/ApplicationServices.framework/Versions/A/Frameworks/PrintCore.framework/Versions/A/PrintCore
0x00007ff82283f000 	/System/Library/Frameworks/ApplicationServices.framework/Versions/A/Frameworks/QD.framework/Versions/A/QD
0x00007ff822837000 	/System/Library/Frameworks/ApplicationServices.framework/Versions/A/Frameworks/ColorSyncLegacy.framework/Versions/A/ColorSyncLegacy
0x00007ff8224a1000 	/System/Library/Frameworks/ApplicationServices.framework/Versions/A/Frameworks/SpeechSynthesis.framework/Versions/A/SpeechSynthesis
0x00007ff82137e000 	/System/Library/Frameworks/ApplicationServices.framework/Versions/A/Frameworks/ATSUI.framework/Versions/A/ATSUI
0x00007ff8227cc000 	/usr/lib/libcups.2.dylib
0x00007ff822b9b000 	/System/Library/Frameworks/Kerberos.framework/Versions/A/Kerberos
0x00007ff822baa000 	/System/Library/Frameworks/GSS.framework/Versions/A/GSS
0x00007ff82251d000 	/usr/lib/libresolv.9.dylib
0x00007ff8208d7000 	/System/Library/PrivateFrameworks/Heimdal.framework/Versions/A/Heimdal
0x00007ff82978c000 	/System/Library/Frameworks/Kerberos.framework/Versions/A/Libraries/libHeimdalProxy.dylib
0x00007ff81b0eb000 	/System/Library/Frameworks/Network.framework/Versions/A/Network
0x00007ff820332000 	/usr/lib/libheimdal-asn1.dylib
0x00007ff822bf5000 	/System/Library/PrivateFrameworks/CommonAuth.framework/Versions/A/CommonAuth
0x00007ff822423000 	/System/Library/PrivateFrameworks/AudioSession.framework/Versions/A/AudioSession
0x00007ff8203c2000 	/System/Library/PrivateFrameworks/MediaExperience.framework/Versions/A/MediaExperience
0x00007ff8222b6000 	/System/Library/PrivateFrameworks/AudioSession.framework/libSessionUtility.dylib
0x00007ff82284b000 	/System/Library/PrivateFrameworks/AudioResourceArbitration.framework/Versions/A/AudioResourceArbitration
0x00007ff8268cc000 	/System/Library/PrivateFrameworks/PowerLog.framework/Versions/A/PowerLog
0x00007ff82033b000 	/System/Library/PrivateFrameworks/IconFoundation.framework/Versions/A/IconFoundation
0x00007ff825682000 	/System/Library/PrivateFrameworks/SpeechRecognitionCore.framework/Versions/A/SpeechRecognitionCore
0x0000000110464000 	/Library/Java/JavaVirtualMachines/temurin-11.jdk/Contents/Home/lib/server/libjvm.dylib
0x000000010f6ce000 	/Library/Java/JavaVirtualMachines/temurin-11.jdk/Contents/Home/lib/libverify.dylib
0x000000010f70b000 	/Library/Java/JavaVirtualMachines/temurin-11.jdk/Contents/Home/lib/libjava.dylib
0x000000010f6df000 	/Library/Java/JavaVirtualMachines/temurin-11.jdk/Contents/Home/lib/libjimage.dylib
0x000000010f6f7000 	/Library/Java/JavaVirtualMachines/temurin-11.jdk/Contents/Home/lib/libzip.dylib
0x00000001101b1000 	/Library/Java/JavaVirtualMachines/temurin-11.jdk/Contents/Home/lib/libnio.dylib
0x00000001101dd000 	/Library/Java/JavaVirtualMachines/temurin-11.jdk/Contents/Home/lib/libnet.dylib
0x00000001101c4000 	/Users/janetan/.openjfx/cache/11/libprism_es2.dylib
0x00007ff817231000 	/System/Library/PrivateFrameworks/CoreServicesInternal.framework/Versions/A/CoreServicesInternal
0x00007ffa2d8f1000 	/System/Library/Frameworks/OpenGL.framework/Versions/A/Resources/GLEngine.bundle/GLEngine
0x00007ffa2d757000 	/System/Library/Frameworks/OpenGL.framework/Versions/A/Libraries/libGLProgrammability.dylib
0x00007ffa22779000 	/System/Library/Extensions/AppleIntelKBLGraphicsGLDriver.bundle/Contents/MacOS/AppleIntelKBLGraphicsGLDriver
0x00007ff924db7000 	/System/Library/PrivateFrameworks/GPUSupport.framework/Versions/A/Libraries/libGPUSupportMercury.dylib
0x00007ffa2da7b000 	/System/Library/Frameworks/OpenGL.framework/Versions/A/Resources/GLRendererFloat.bundle/GLRendererFloat
0x000000011bfdc000 	/Users/janetan/.openjfx/cache/11/libglass.dylib
0x00007ff826ebd000 	/System/Library/Frameworks/FileProvider.framework/Versions/A/FileProvider
0x00007ff81aecf000 	/System/Library/Frameworks/Accounts.framework/Versions/A/Accounts
0x00007ff827036000 	/System/Library/PrivateFrameworks/GenerationalStorage.framework/Versions/A/GenerationalStorage
0x00007ff827b46000 	/System/Library/PrivateFrameworks/CoreSymbolication.framework/Versions/A/CoreSymbolication
0x00007ff8268c1000 	/System/Library/PrivateFrameworks/SymptomDiagnosticReporter.framework/Versions/A/SymptomDiagnosticReporter
0x00007ff8184f0000 	/System/Library/PrivateFrameworks/DesktopServicesPriv.framework/Versions/A/DesktopServicesPriv
0x00007ff817370000 	/usr/lib/libsandbox.1.dylib
0x00007ff81c216000 	/System/Library/PrivateFrameworks/UserManagement.framework/Versions/A/UserManagement
0x00007ff827b0b000 	/System/Library/PrivateFrameworks/DebugSymbols.framework/Versions/A/DebugSymbols
0x00007ff82282c000 	/System/Library/PrivateFrameworks/NetAuth.framework/Versions/A/NetAuth
0x00007ff82373b000 	/System/Library/PrivateFrameworks/Sharing.framework/Versions/A/Sharing
0x00007ff81c1e9000 	/System/Library/PrivateFrameworks/login.framework/Versions/A/Frameworks/loginsupport.framework/Versions/A/loginsupport
0x00007ff828ca9000 	/System/Library/PrivateFrameworks/Apple80211.framework/Versions/A/Apple80211
0x00007ff81f3ea000 	/System/Library/PrivateFrameworks/AuthKit.framework/Versions/A/AuthKit
0x00007ff81ea3f000 	/System/Library/PrivateFrameworks/CoreUtils.framework/Versions/A/CoreUtils
0x00007ff81e966000 	/System/Library/Frameworks/CoreWLAN.framework/Versions/A/CoreWLAN
0x00007ff82389a000 	/System/Library/Frameworks/IOBluetooth.framework/Versions/A/IOBluetooth
0x00007ff828d11000 	/System/Library/PrivateFrameworks/CoreWiFi.framework/Versions/A/CoreWiFi
0x00007ff8276e0000 	/System/Library/PrivateFrameworks/FrontBoardServices.framework/Versions/A/FrontBoardServices
0x00007ff827771000 	/System/Library/PrivateFrameworks/BoardServices.framework/Versions/A/BoardServices
0x00007ff81ec4e000 	/System/Library/PrivateFrameworks/AssertionServices.framework/Versions/A/AssertionServices
0x00007ff828e94000 	/System/Library/PrivateFrameworks/BackBoardServices.framework/Versions/A/BackBoardServices
0x00007ff822c86000 	/System/Library/PrivateFrameworks/CorePhoneNumbers.framework/Versions/A/CorePhoneNumbers
0x00007ff82254a000 	/System/Library/PrivateFrameworks/MultiverseSupport.framework/Versions/A/MultiverseSupport
0x00007ff829107000 	/System/Library/PrivateFrameworks/RemoteServiceDiscovery.framework/Versions/A/RemoteServiceDiscovery
0x00007ff8269de000 	/System/Library/PrivateFrameworks/DiskManagement.framework/Versions/A/DiskManagement
0x00007ff8268f2000 	/System/Library/PrivateFrameworks/AppleIDAuthSupport.framework/Versions/A/AppleIDAuthSupport
0x00007ffb14a64000 	/System/Library/PrivateFrameworks/AAAFoundation.framework/Versions/A/AAAFoundation
0x00007ff822c67000 	/System/Library/PrivateFrameworks/KeychainCircle.framework/Versions/A/KeychainCircle
0x00007ff829117000 	/System/Library/PrivateFrameworks/RemoteXPC.framework/Versions/A/RemoteXPC
0x00007ff8269aa000 	/System/Library/PrivateFrameworks/MediaKit.framework/Versions/A/MediaKit
0x00007ff8268fe000 	/System/Library/Frameworks/DiscRecording.framework/Versions/A/DiscRecording
0x00007ff820240000 	/usr/lib/libCoreStorage.dylib
0x00007ff829182000 	/usr/lib/libcsfde.dylib
0x00007ff823967000 	/System/Library/PrivateFrameworks/ProtectedCloudStorage.framework/Versions/A/ProtectedCloudStorage
0x00007ff82917e000 	/System/Library/PrivateFrameworks/EFILogin.framework/Versions/A/EFILogin
0x00007ff82705c000 	/System/Library/PrivateFrameworks/OctagonTrust.framework/Versions/A/OctagonTrust
0x00007ffb19330000 	/System/Library/PrivateFrameworks/CoreUtilsExtras.framework/Versions/A/CoreUtilsExtras
0x00007ff826825000 	/System/Library/Frameworks/CoreBluetooth.framework/Versions/A/CoreBluetooth
0x00007ff829811000 	/System/Library/Frameworks/AudioUnit.framework/Versions/A/AudioUnit
0x00007ff820238000 	/usr/lib/libMatch.1.dylib
0x00007ff91f244000 	/System/Library/Frameworks/Accelerate.framework/Versions/A/Frameworks/vImage.framework/Versions/A/Libraries/libCGInterfaces.dylib
0x00000001330d3000 	/usr/lib/libobjc-trampolines.dylib
0x00007ff81bf0e000 	/System/Library/PrivateFrameworks/ViewBridge.framework/Versions/A/ViewBridge
0x00007ffb15126000 	/System/Library/PrivateFrameworks/AccessibilityBundles.framework/Versions/A/AccessibilityBundles
0x0000000136275000 	/Users/janetan/.openjfx/cache/11/libjavafx_iio.dylib
0x000000013623c000 	/Users/janetan/.openjfx/cache/11/libjavafx_font.dylib
0x00007ff82098e000 	/System/Library/PrivateFrameworks/login.framework/Versions/A/login
0x00007ffb2cb8d000 	/usr/lib/libRosetta.dylib
0x00007ff825d9e000 	/System/Library/PrivateFrameworks/SystemAdministration.framework/Versions/A/SystemAdministration
0x00007ff8215e7000 	/System/Library/Frameworks/MediaToolbox.framework/Versions/A/MediaToolbox
0x00007ff82564e000 	/System/Library/Frameworks/DirectoryService.framework/Versions/A/DirectoryService
0x00007ff829020000 	/System/Library/PrivateFrameworks/DiskImages.framework/Versions/A/DiskImages
0x00007ff81ecf6000 	/System/Library/Frameworks/ServiceManagement.framework/Versions/A/ServiceManagement
0x00007ff8291fc000 	/System/Library/PrivateFrameworks/LoginUIKit.framework/Versions/A/Frameworks/LoginUICore.framework/Versions/A/LoginUICore
0x00007ff820b37000 	/usr/lib/libodfde.dylib
0x00007ff826e8d000 	/System/Library/PrivateFrameworks/CoreAVCHD.framework/Versions/A/CoreAVCHD
0x00007ff825d62000 	/System/Library/Frameworks/MediaAccessibility.framework/Versions/A/MediaAccessibility
0x00007ff826e89000 	/System/Library/PrivateFrameworks/Mangrove.framework/Versions/A/Mangrove
0x00007ff825d6d000 	/System/Library/PrivateFrameworks/AlgosScoreFramework.framework/Versions/A/AlgosScoreFramework
0x00007ffb16624000 	/System/Library/PrivateFrameworks/CMPhoto.framework/Versions/A/CMPhoto
0x00007ff8279e1000 	/System/Library/PrivateFrameworks/AppleVPA.framework/Versions/A/AppleVPA
0x00007ff826ace000 	/System/Library/PrivateFrameworks/CoreAUC.framework/Versions/A/CoreAUC
0x00007ff82918e000 	/usr/lib/libcurl.4.dylib
0x00007ffb2cff9000 	/usr/lib/libcrypto.46.dylib
0x00007ffb2d4ee000 	/usr/lib/libssl.48.dylib
0x00007ff828eb2000 	/System/Library/Frameworks/LDAP.framework/Versions/A/LDAP
0x00007ff828eea000 	/System/Library/PrivateFrameworks/TrustEvaluationAgent.framework/Versions/A/TrustEvaluationAgent
0x00007ff822536000 	/usr/lib/libsasl2.2.dylib
0x00007ff825d92000 	/System/Library/PrivateFrameworks/CoreDaemon.framework/Versions/B/CoreDaemon
0x00007ff825d8d000 	/System/Library/PrivateFrameworks/AppleSRP.framework/Versions/A/AppleSRP


VM Arguments:
jvm_args: -Dfile.encoding=UTF-8 -Duser.country=GB -Duser.language=en -Duser.variant 
java_command: jane.javafx.Launcher
java_class_path (initial): /Users/janetan/CS2103T/ip/build/classes/java/main:/Users/janetan/CS2103T/ip/build/resources/main:/Users/janetan/.gradle/caches/modules-2/files-2.1/org.openjfx/javafx-fxml/11/d5ff9262ef49d166db658d15f37e3ecff38fde4b/javafx-fxml-11-win.jar:/Users/janetan/.gradle/caches/modules-2/files-2.1/org.openjfx/javafx-fxml/11/e0f5bb81e21054b59f2ebfa727d40a90ee0260d3/javafx-fxml-11-mac.jar:/Users/janetan/.gradle/caches/modules-2/files-2.1/org.openjfx/javafx-fxml/11/e7a757b580fc3e2e1a121768606c7836eef418c/javafx-fxml-11-linux.jar:/Users/janetan/.gradle/caches/modules-2/files-2.1/org.openjfx/javafx-controls/11/af8d24de44e16a19ae959028eb23a48c145fb682/javafx-controls-11-win.jar:/Users/janetan/.gradle/caches/modules-2/files-2.1/org.openjfx/javafx-controls/11/e3a24a14e8732abc6dc173f15872dc63e2a32e16/javafx-controls-11-mac.jar:/Users/janetan/.gradle/caches/modules-2/files-2.1/org.openjfx/javafx-controls/11/794488e3b1f4635d9a1b842bdc872a5eb8fd54ca/javafx-controls-11-linux.jar:/Users/janetan/.gradle/caches/modules-2/files-2.1/org.openjfx/javafx-controls/11/58d961774262ec972bf304e16c154a8e18c2050b/javafx-controls-11.jar:/Users/janetan/.gradle/caches/modules-2/files-2.1/org.openjfx/javafx-graphics/11/9345c7ea43dbcc73a62eca5332717b4ce617e6c6/javafx-graphics-11-win.jar:/Users/janetan/.gradle/caches/modules-2/files-2.1/org.openjfx/javafx-graphics/11/af47a6d3668d3ce1c61e1fe13c44471b6f8d469/javafx-graphics-11-mac.jar:/Users/janetan/.gradle/caches/modules-2/files-2.1/org.openjfx/javafx-graphics/11/4ab9edd8d481a420044c473fdb5718ccdd35c836/javafx-graphics-11-linux.jar:/Users/janetan/.gradle/caches/modules-2/files-2.1/org.openjfx/javafx-graphics/11/a736dd079047ec0b72b8c4970842a5c5e0c19f2f/javafx-graphics-11.jar:/Users/janetan/.gradle/caches/modules-2/files-2.1/org.openjfx/javafx-base/11/ad3a4acfaa28b484d30c40c1f009445cc3f6e68b/javafx-base-11-win.jar:/Users/janetan/.gradle/caches/modules-2/files-2.1/org.openjfx/javafx-base/11/4b060dad0affd866df9d959e064faa8a1a2f4af0/java
Launcher Type: SUN_STANDARD

[Global flags]
     intx CICompilerCount                          = 3                                         {product} {ergonomic}
     uint ConcGCThreads                            = 1                                         {product} {ergonomic}
     uint G1ConcRefinementThreads                  = 4                                         {product} {ergonomic}
   size_t G1HeapRegionSize                         = 1048576                                   {product} {ergonomic}
    uintx GCDrainStackTargetSize                   = 64                                        {product} {ergonomic}
   size_t InitialHeapSize                          = 134217728                                 {product} {ergonomic}
   size_t MarkStackSize                            = 4194304                                   {product} {ergonomic}
   size_t MaxHeapSize                              = 2147483648                                {product} {ergonomic}
   size_t MaxNewSize                               = 1287651328                                {product} {ergonomic}
   size_t MinHeapDeltaBytes                        = 1048576                                   {product} {ergonomic}
    uintx NonNMethodCodeHeapSize                   = 5830732                                {pd product} {ergonomic}
    uintx NonProfiledCodeHeapSize                  = 122913754                              {pd product} {ergonomic}
    uintx ProfiledCodeHeapSize                     = 122913754                              {pd product} {ergonomic}
    uintx ReservedCodeCacheSize                    = 251658240                              {pd product} {ergonomic}
     bool SegmentedCodeCache                       = true                                      {product} {ergonomic}
     bool UseCompressedClassPointers               = true                                 {lp64_product} {ergonomic}
     bool UseCompressedOops                        = true                                 {lp64_product} {ergonomic}
     bool UseG1GC                                  = true                                      {product} {ergonomic}

Logging:
Log output configuration:
 #0: stdout all=warning uptime,level,tags
 #1: stderr all=off uptime,level,tags

Environment Variables:
PATH=/Users/janetan/opt/anaconda3/bin:/Users/janetan/opt/anaconda3/condabin:/Library/Frameworks/Python.framework/Versions/3.9/bin:/Library/Frameworks/Python.framework/Versions/3.9/bin:/usr/local/bin:/usr/bin:/bin:/usr/sbin:/sbin:/opt/X11/bin:/Library/Apple/usr/bin
SHELL=/bin/bash
DISPLAY=/private/tmp/com.apple.launchd.xclY1HPkG2/org.xquartz:0
LC_CTYPE=en_GB.UTF-8

Signal Handlers:
SIGSEGV: [libjvm.dylib+0x7c4d6c], sa_mask[0]=11111111011111110111111111111111, sa_flags=SA_ONSTACK|SA_RESTART|SA_SIGINFO
SIGBUS: [libjvm.dylib+0x7c4d6c], sa_mask[0]=11111111011111110111111111111111, sa_flags=SA_RESTART|SA_SIGINFO
SIGFPE: [libjvm.dylib+0x7c4d6c], sa_mask[0]=11111111011111110111111111111111, sa_flags=SA_RESTART|SA_SIGINFO
SIGPIPE: [libjvm.dylib+0x6298ca], sa_mask[0]=11111111011111110111111111111111, sa_flags=SA_RESTART|SA_SIGINFO
SIGXFSZ: [libjvm.dylib+0x6298ca], sa_mask[0]=11111111011111110111111111111111, sa_flags=SA_RESTART|SA_SIGINFO
SIGILL: [libjvm.dylib+0x7c4d6c], sa_mask[0]=11111111011111110111111111111111, sa_flags=SA_RESTART|SA_SIGINFO
SIGUSR2: [libjvm.dylib+0x629eb1], sa_mask[0]=00100000000000000000000000000000, sa_flags=SA_RESTART|SA_SIGINFO
SIGHUP: [libjvm.dylib+0x628a93], sa_mask[0]=11111111011111110111111111111111, sa_flags=SA_RESTART|SA_SIGINFO
SIGINT: [libjvm.dylib+0x628a93], sa_mask[0]=11111111011111110111111111111111, sa_flags=SA_RESTART|SA_SIGINFO
SIGTERM: [libjvm.dylib+0x628a93], sa_mask[0]=11111111011111110111111111111111, sa_flags=SA_RESTART|SA_SIGINFO
SIGQUIT: [libjvm.dylib+0x628a93], sa_mask[0]=11111111011111110111111111111111, sa_flags=SA_RESTART|SA_SIGINFO


---------------  S Y S T E M  ---------------

OS:uname:Darwin 21.5.0 Darwin Kernel Version 21.5.0: Tue Apr 26 21:08:22 PDT 2022; root:xnu-8020.121.3~4/RELEASE_X86_64 x86_64
OS uptime: 0 days 0:57 hours
rlimit (soft/hard): STACK 8192k/65532k , CORE 0k/infinity , NPROC 1392/2088 , NOFILE 10240/infinity , AS infinity/infinity , CPU infinity/infinity , DATA infinity/infinity , FSIZE infinity/infinity , MEMLOCK infinity/infinity , RSS infinity/infinity
load average:16.53 12.12 58.68

CPU:total 4 (initial active 4) (2 cores per cpu, 2 threads per core) family 6 model 142 stepping 9 microcode 0xf0, cmov, cx8, fxsr, mmx, sse, sse2, sse3, ssse3, sse4.1, sse4.2, popcnt, avx, avx2, aes, clmul, erms, 3dnowpref, lzcnt, ht, tsc, tscinvbit, bmi1, bmi2, adx, fma

Memory: 4k page, physical 8388608k(43000k free), swap 2097152k(690688k free)

vm_info: OpenJDK 64-Bit Server VM (11.0.13+8) for bsd-amd64 JRE (11.0.13+8), built on Oct 20 2021 01:56:05 by "jenkins" with clang 4.2.1 Compatible Apple LLVM 10.0.1 (clang-1001.0.46.4)

END.
